<?xml version="1.0" encoding="UTF-8"?>
<coverage generated="1546453152045" clover="3.2.0">
  <project timestamp="1546453152046" name="All files">
    <metrics statements="2478" coveredstatements="1243" conditionals="1245" coveredconditionals="468" methods="454" coveredmethods="261" elements="4177" coveredelements="1972" complexity="0" loc="2478" ncloc="2478" packages="11" files="62" classes="62">
      <package name="dist.visualizations">
        <metrics statements="315" coveredstatements="5" conditionals="56" coveredconditionals="0" methods="31" coveredmethods="0"/>
        <file name="bar.js" path="/Users/danpastori/Development/amplitude.dev/httpdocs/public/dist/visualizations/bar.js">
          <metrics statements="46" coveredstatements="0" conditionals="4" coveredconditionals="0" methods="7" coveredmethods="0"/>
          <line num="9" count="0" type="stmt"/>
          <line num="10" count="0" type="stmt"/>
          <line num="11" count="0" type="stmt"/>
          <line num="16" count="0" type="stmt"/>
          <line num="30" count="0" type="stmt"/>
          <line num="36" count="0" type="stmt"/>
          <line num="37" count="0" type="stmt"/>
          <line num="38" count="0" type="stmt"/>
          <line num="39" count="0" type="stmt"/>
          <line num="40" count="0" type="stmt"/>
          <line num="45" count="0" type="stmt"/>
          <line num="46" count="0" type="stmt"/>
          <line num="52" count="0" type="stmt"/>
          <line num="53" count="0" type="stmt"/>
          <line num="61" count="0" type="stmt"/>
          <line num="62" count="0" type="stmt"/>
          <line num="63" count="0" type="cond" truecount="0" falsecount="2"/>
          <line num="64" count="0" type="stmt"/>
          <line num="74" count="0" type="stmt"/>
          <line num="78" count="0" type="stmt"/>
          <line num="83" count="0" type="stmt"/>
          <line num="88" count="0" type="stmt"/>
          <line num="95" count="0" type="cond" truecount="0" falsecount="2"/>
          <line num="96" count="0" type="stmt"/>
          <line num="97" count="0" type="stmt"/>
          <line num="103" count="0" type="stmt"/>
          <line num="104" count="0" type="stmt"/>
          <line num="109" count="0" type="stmt"/>
          <line num="110" count="0" type="stmt"/>
          <line num="116" count="0" type="stmt"/>
          <line num="117" count="0" type="stmt"/>
          <line num="122" count="0" type="stmt"/>
          <line num="128" count="0" type="stmt"/>
          <line num="129" count="0" type="stmt"/>
          <line num="130" count="0" type="stmt"/>
          <line num="136" count="0" type="stmt"/>
          <line num="141" count="0" type="stmt"/>
          <line num="146" count="0" type="stmt"/>
          <line num="147" count="0" type="stmt"/>
          <line num="152" count="0" type="stmt"/>
          <line num="157" count="0" type="stmt"/>
          <line num="158" count="0" type="stmt"/>
          <line num="159" count="0" type="stmt"/>
          <line num="165" count="0" type="stmt"/>
          <line num="166" count="0" type="stmt"/>
          <line num="168" count="0" type="stmt"/>
        </file>
        <file name="michaelbromley.js" path="/Users/danpastori/Development/amplitude.dev/httpdocs/public/dist/visualizations/michaelbromley.js">
          <metrics statements="269" coveredstatements="5" conditionals="52" coveredconditionals="0" methods="24" coveredmethods="0"/>
          <line num="9" count="0" type="stmt"/>
          <line num="10" count="0" type="stmt"/>
          <line num="15" count="0" type="stmt"/>
          <line num="20" count="0" type="stmt"/>
          <line num="21" count="0" type="stmt"/>
          <line num="31" count="0" type="stmt"/>
          <line num="36" count="0" type="stmt"/>
          <line num="37" count="0" type="stmt"/>
          <line num="42" count="0" type="stmt"/>
          <line num="43" count="0" type="stmt"/>
          <line num="44" count="0" type="stmt"/>
          <line num="49" count="0" type="stmt"/>
          <line num="50" count="0" type="stmt"/>
          <line num="55" count="0" type="stmt"/>
          <line num="56" count="0" type="stmt"/>
          <line num="61" count="0" type="stmt"/>
          <line num="62" count="0" type="stmt"/>
          <line num="67" count="0" type="stmt"/>
          <line num="68" count="0" type="stmt"/>
          <line num="69" count="0" type="stmt"/>
          <line num="74" count="0" type="stmt"/>
          <line num="81" count="0" type="stmt"/>
          <line num="82" count="0" type="stmt"/>
          <line num="83" count="0" type="cond" truecount="0" falsecount="2"/>
          <line num="84" count="0" type="stmt"/>
          <line num="94" count="0" type="stmt"/>
          <line num="98" count="0" type="stmt"/>
          <line num="99" count="0" type="stmt"/>
          <line num="105" count="0" type="cond" truecount="0" falsecount="2"/>
          <line num="106" count="0" type="stmt"/>
          <line num="107" count="0" type="stmt"/>
          <line num="113" count="0" type="stmt"/>
          <line num="114" count="0" type="stmt"/>
          <line num="115" count="0" type="stmt"/>
          <line num="116" count="0" type="stmt"/>
          <line num="121" count="0" type="stmt"/>
          <line num="122" count="0" type="stmt"/>
          <line num="123" count="0" type="stmt"/>
          <line num="124" count="0" type="stmt"/>
          <line num="129" count="0" type="stmt"/>
          <line num="130" count="0" type="stmt"/>
          <line num="131" count="0" type="stmt"/>
          <line num="136" count="0" type="stmt"/>
          <line num="137" count="0" type="stmt"/>
          <line num="142" count="0" type="stmt"/>
          <line num="143" count="0" type="stmt"/>
          <line num="148" count="0" type="stmt"/>
          <line num="153" count="0" type="stmt"/>
          <line num="154" count="0" type="stmt"/>
          <line num="159" count="0" type="stmt"/>
          <line num="165" count="0" type="stmt"/>
          <line num="169" count="0" type="stmt"/>
          <line num="176" count="0" type="stmt"/>
          <line num="181" count="0" type="stmt"/>
          <line num="186" count="0" type="stmt"/>
          <line num="191" count="0" type="stmt"/>
          <line num="192" count="0" type="stmt"/>
          <line num="193" count="0" type="stmt"/>
          <line num="195" count="0" type="stmt"/>
          <line num="196" count="0" type="stmt"/>
          <line num="197" count="0" type="stmt"/>
          <line num="198" count="0" type="stmt"/>
          <line num="199" count="0" type="stmt"/>
          <line num="201" count="0" type="stmt"/>
          <line num="202" count="0" type="stmt"/>
          <line num="203" count="0" type="stmt"/>
          <line num="216" count="0" type="stmt"/>
          <line num="217" count="0" type="stmt"/>
          <line num="219" count="0" type="stmt"/>
          <line num="220" count="0" type="stmt"/>
          <line num="221" count="0" type="stmt"/>
          <line num="222" count="0" type="stmt"/>
          <line num="223" count="0" type="stmt"/>
          <line num="231" count="0" type="cond" truecount="0" falsecount="2"/>
          <line num="232" count="0" type="cond" truecount="0" falsecount="2"/>
          <line num="236" count="0" type="stmt"/>
          <line num="237" count="0" type="stmt"/>
          <line num="238" count="0" type="stmt"/>
          <line num="243" count="0" type="stmt"/>
          <line num="244" count="0" type="stmt"/>
          <line num="249" count="0" type="stmt"/>
          <line num="250" count="0" type="stmt"/>
          <line num="251" count="0" type="stmt"/>
          <line num="256" count="0" type="stmt"/>
          <line num="257" count="0" type="stmt"/>
          <line num="258" count="0" type="stmt"/>
          <line num="263" count="0" type="stmt"/>
          <line num="264" count="0" type="stmt"/>
          <line num="269" count="0" type="stmt"/>
          <line num="270" count="0" type="stmt"/>
          <line num="271" count="0" type="stmt"/>
          <line num="273" count="0" type="cond" truecount="0" falsecount="2"/>
          <line num="276" count="0" type="stmt"/>
          <line num="277" count="0" type="stmt"/>
          <line num="278" count="0" type="stmt"/>
          <line num="289" count="0" type="stmt"/>
          <line num="294" count="0" type="stmt"/>
          <line num="299" count="0" type="stmt"/>
          <line num="300" count="0" type="stmt"/>
          <line num="306" count="0" type="stmt"/>
          <line num="307" count="0" type="stmt"/>
          <line num="313" count="0" type="stmt"/>
          <line num="314" count="0" type="cond" truecount="0" falsecount="2"/>
          <line num="315" count="0" type="stmt"/>
          <line num="322" count="0" type="stmt"/>
          <line num="329" count="0" type="stmt"/>
          <line num="331" count="0" type="stmt"/>
          <line num="333" count="0" type="stmt"/>
          <line num="334" count="0" type="stmt"/>
          <line num="335" count="0" type="stmt"/>
          <line num="336" count="0" type="stmt"/>
          <line num="337" count="0" type="stmt"/>
          <line num="338" count="0" type="stmt"/>
          <line num="342" count="0" type="stmt"/>
          <line num="346" count="0" type="stmt"/>
          <line num="347" count="0" type="stmt"/>
          <line num="352" count="0" type="stmt"/>
          <line num="353" count="0" type="stmt"/>
          <line num="360" count="0" type="stmt"/>
          <line num="365" count="0" type="stmt"/>
          <line num="369" count="0" type="stmt"/>
          <line num="370" count="0" type="stmt"/>
          <line num="373" count="0" type="stmt"/>
          <line num="380" count="0" type="stmt"/>
          <line num="381" count="0" type="stmt"/>
          <line num="389" count="0" type="stmt"/>
          <line num="396" count="0" type="stmt"/>
          <line num="403" count="0" type="stmt"/>
          <line num="404" count="0" type="stmt"/>
          <line num="405" count="0" type="stmt"/>
          <line num="407" count="0" type="stmt"/>
          <line num="409" count="0" type="stmt"/>
          <line num="416" count="0" type="stmt"/>
          <line num="433" count="0" type="stmt"/>
          <line num="434" count="0" type="stmt"/>
          <line num="435" count="0" type="stmt"/>
          <line num="436" count="0" type="stmt"/>
          <line num="437" count="0" type="stmt"/>
          <line num="438" count="0" type="stmt"/>
          <line num="443" count="0" type="stmt"/>
          <line num="447" count="0" type="stmt"/>
          <line num="451" count="0" type="cond" truecount="0" falsecount="2"/>
          <line num="456" count="0" type="stmt"/>
          <line num="458" count="0" type="stmt"/>
          <line num="459" count="0" type="stmt"/>
          <line num="460" count="0" type="stmt"/>
          <line num="465" count="0" type="stmt"/>
          <line num="466" count="0" type="stmt"/>
          <line num="468" count="0" type="stmt"/>
          <line num="469" count="0" type="stmt"/>
          <line num="471" count="0" type="stmt"/>
          <line num="474" count="0" type="stmt"/>
          <line num="480" count="31" type="stmt"/>
          <line num="484" count="0" type="stmt"/>
          <line num="486" count="0" type="cond" truecount="0" falsecount="2"/>
          <line num="487" count="0" type="stmt"/>
          <line num="488" count="0" type="stmt"/>
          <line num="489" count="0" type="stmt"/>
          <line num="496" count="31" type="stmt"/>
          <line num="497" count="0" type="stmt"/>
          <line num="498" count="0" type="stmt"/>
          <line num="499" count="0" type="cond" truecount="0" falsecount="2"/>
          <line num="503" count="0" type="cond" truecount="0" falsecount="2"/>
          <line num="504" count="0" type="stmt"/>
          <line num="506" count="0" type="stmt"/>
          <line num="507" count="0" type="stmt"/>
          <line num="514" count="0" type="cond" truecount="0" falsecount="2"/>
          <line num="515" count="0" type="stmt"/>
          <line num="516" count="0" type="stmt"/>
          <line num="517" count="0" type="stmt"/>
          <line num="522" count="0" type="stmt"/>
          <line num="523" count="0" type="stmt"/>
          <line num="524" count="0" type="stmt"/>
          <line num="527" count="0" type="stmt"/>
          <line num="529" count="0" type="cond" truecount="0" falsecount="2"/>
          <line num="530" count="0" type="stmt"/>
          <line num="531" count="0" type="stmt"/>
          <line num="532" count="0" type="stmt"/>
          <line num="533" count="0" type="cond" truecount="0" falsecount="2"/>
          <line num="534" count="0" type="stmt"/>
          <line num="535" count="0" type="stmt"/>
          <line num="536" count="0" type="stmt"/>
          <line num="538" count="0" type="stmt"/>
          <line num="539" count="0" type="stmt"/>
          <line num="540" count="0" type="stmt"/>
          <line num="543" count="0" type="cond" truecount="0" falsecount="2"/>
          <line num="547" count="0" type="stmt"/>
          <line num="550" count="0" type="cond" truecount="0" falsecount="2"/>
          <line num="554" count="0" type="stmt"/>
          <line num="560" count="0" type="stmt"/>
          <line num="561" count="0" type="stmt"/>
          <line num="563" count="0" type="stmt"/>
          <line num="568" count="0" type="stmt"/>
          <line num="573" count="0" type="cond" truecount="0" falsecount="2"/>
          <line num="574" count="0" type="stmt"/>
          <line num="575" count="0" type="stmt"/>
          <line num="576" count="0" type="stmt"/>
          <line num="577" count="0" type="stmt"/>
          <line num="587" count="31" type="stmt"/>
          <line num="588" count="0" type="stmt"/>
          <line num="593" count="0" type="stmt"/>
          <line num="597" count="0" type="stmt"/>
          <line num="598" count="0" type="stmt"/>
          <line num="601" count="0" type="stmt"/>
          <line num="603" count="0" type="stmt"/>
          <line num="609" count="0" type="stmt"/>
          <line num="613" count="0" type="stmt"/>
          <line num="615" count="0" type="stmt"/>
          <line num="616" count="0" type="stmt"/>
          <line num="617" count="0" type="stmt"/>
          <line num="618" count="0" type="cond" truecount="0" falsecount="2"/>
          <line num="619" count="0" type="cond" truecount="0" falsecount="2"/>
          <line num="620" count="0" type="stmt"/>
          <line num="626" count="31" type="stmt"/>
          <line num="627" count="0" type="stmt"/>
          <line num="631" count="0" type="stmt"/>
          <line num="632" count="0" type="stmt"/>
          <line num="637" count="0" type="stmt"/>
          <line num="638" count="0" type="stmt"/>
          <line num="640" count="0" type="stmt"/>
          <line num="642" count="0" type="stmt"/>
          <line num="643" count="0" type="stmt"/>
          <line num="644" count="0" type="stmt"/>
          <line num="645" count="0" type="stmt"/>
          <line num="646" count="0" type="stmt"/>
          <line num="647" count="0" type="stmt"/>
          <line num="662" count="0" type="stmt"/>
          <line num="663" count="0" type="stmt"/>
          <line num="664" count="0" type="stmt"/>
          <line num="665" count="0" type="stmt"/>
          <line num="666" count="0" type="stmt"/>
          <line num="667" count="0" type="stmt"/>
          <line num="668" count="0" type="stmt"/>
          <line num="669" count="0" type="stmt"/>
          <line num="670" count="0" type="stmt"/>
          <line num="676" count="31" type="stmt"/>
          <line num="677" count="0" type="stmt"/>
          <line num="678" count="0" type="stmt"/>
          <line num="683" count="0" type="stmt"/>
          <line num="687" count="0" type="stmt"/>
          <line num="688" count="0" type="stmt"/>
          <line num="691" count="0" type="stmt"/>
          <line num="696" count="0" type="stmt"/>
          <line num="697" count="0" type="stmt"/>
          <line num="698" count="0" type="stmt"/>
          <line num="699" count="0" type="stmt"/>
          <line num="700" count="0" type="stmt"/>
          <line num="701" count="0" type="stmt"/>
          <line num="702" count="0" type="stmt"/>
          <line num="703" count="0" type="stmt"/>
          <line num="704" count="0" type="cond" truecount="0" falsecount="2"/>
          <line num="705" count="0" type="cond" truecount="0" falsecount="2"/>
          <line num="706" count="0" type="stmt"/>
          <line num="707" count="0" type="stmt"/>
          <line num="708" count="0" type="stmt"/>
          <line num="713" count="0" type="stmt"/>
          <line num="714" count="0" type="stmt"/>
          <line num="715" count="0" type="cond" truecount="0" falsecount="2"/>
          <line num="716" count="0" type="stmt"/>
          <line num="719" count="0" type="stmt"/>
          <line num="720" count="0" type="stmt"/>
          <line num="721" count="0" type="cond" truecount="0" falsecount="2"/>
          <line num="722" count="0" type="cond" truecount="0" falsecount="2"/>
          <line num="724" count="0" type="stmt"/>
          <line num="725" count="0" type="stmt"/>
          <line num="726" count="0" type="cond" truecount="0" falsecount="6"/>
          <line num="730" count="0" type="stmt"/>
          <line num="731" count="0" type="stmt"/>
          <line num="732" count="0" type="stmt"/>
        </file>
      </package>
      <package name="src">
        <metrics statements="189" coveredstatements="127" conditionals="104" coveredconditionals="54" methods="60" coveredmethods="44"/>
        <file name="config.js" path="/Users/danpastori/Development/amplitude.dev/httpdocs/public/src/config.js">
          <metrics statements="1" coveredstatements="1" conditionals="0" coveredconditionals="0" methods="0" coveredmethods="0"/>
          <line num="53" count="31" type="stmt"/>
        </file>
        <file name="index.js" path="/Users/danpastori/Development/amplitude.dev/httpdocs/public/src/index.js">
          <metrics statements="188" coveredstatements="126" conditionals="104" coveredconditionals="54" methods="60" coveredmethods="44"/>
          <line num="130" count="31" type="stmt"/>
          <line num="141" count="159" type="stmt"/>
          <line num="148" count="0" type="stmt"/>
          <line num="159" count="0" type="stmt"/>
          <line num="170" count="1" type="stmt"/>
          <line num="181" count="1" type="stmt"/>
          <line num="192" count="1" type="stmt"/>
          <line num="203" count="1" type="stmt"/>
          <line num="214" count="1" type="stmt"/>
          <line num="226" count="3" type="stmt"/>
          <line num="239" count="7" type="stmt"/>
          <line num="241" count="7" type="stmt"/>
          <line num="254" count="7" type="stmt"/>
          <line num="256" count="7" type="stmt"/>
          <line num="257" count="7" type="stmt"/>
          <line num="269" count="1" type="stmt"/>
          <line num="270" count="1" type="stmt"/>
          <line num="283" count="1" type="stmt"/>
          <line num="284" count="1" type="stmt"/>
          <line num="296" count="1" type="cond" truecount="1" falsecount="1"/>
          <line num="300" count="1" type="stmt"/>
          <line num="305" count="1" type="stmt"/>
          <line num="317" count="1" type="stmt"/>
          <line num="328" count="0" type="stmt"/>
          <line num="340" count="1" type="stmt"/>
          <line num="352" count="0" type="stmt"/>
          <line num="366" count="1" type="stmt"/>
          <line num="380" count="1" type="stmt"/>
          <line num="394" count="1" type="stmt"/>
          <line num="410" count="1" type="cond" truecount="4" falsecount="1"/>
          <line num="414" count="1" type="stmt"/>
          <line num="430" count="1" type="stmt"/>
          <line num="443" count="1" type="stmt"/>
          <line num="455" count="1" type="stmt"/>
          <line num="468" count="1" type="stmt"/>
          <line num="482" count="1" type="stmt"/>
          <line num="484" count="1" type="stmt"/>
          <line num="501" count="1" type="cond" truecount="1" falsecount="1"/>
          <line num="502" count="0" type="stmt"/>
          <line num="505" count="1" type="stmt"/>
          <line num="507" count="1" type="cond" truecount="1" falsecount="1"/>
          <line num="508" count="0" type="stmt"/>
          <line num="511" count="1" type="cond" truecount="1" falsecount="1"/>
          <line num="512" count="0" type="stmt"/>
          <line num="520" count="1" type="stmt"/>
          <line num="535" count="1" type="cond" truecount="1" falsecount="1"/>
          <line num="536" count="1" type="stmt"/>
          <line num="538" count="1" type="cond" truecount="1" falsecount="1"/>
          <line num="539" count="0" type="stmt"/>
          <line num="542" count="1" type="cond" truecount="1" falsecount="1"/>
          <line num="543" count="0" type="stmt"/>
          <line num="551" count="1" type="stmt"/>
          <line num="553" count="0" type="stmt"/>
          <line num="554" count="0" type="stmt"/>
          <line num="569" count="2" type="cond" truecount="2" falsecount="0"/>
          <line num="573" count="1" type="stmt"/>
          <line num="578" count="1" type="stmt"/>
          <line num="584" count="1" type="stmt"/>
          <line num="585" count="1" type="cond" truecount="1" falsecount="1"/>
          <line num="586" count="1" type="stmt"/>
          <line num="593" count="1" type="stmt"/>
          <line num="594" count="1" type="stmt"/>
          <line num="595" count="1" type="stmt"/>
          <line num="596" count="1" type="stmt"/>
          <line num="597" count="1" type="stmt"/>
          <line num="599" count="1" type="stmt"/>
          <line num="601" count="1" type="stmt"/>
          <line num="602" count="1" type="stmt"/>
          <line num="616" count="1" type="stmt"/>
          <line num="630" count="1" type="cond" truecount="1" falsecount="1"/>
          <line num="631" count="1" type="stmt"/>
          <line num="650" count="1" type="cond" truecount="1" falsecount="1"/>
          <line num="651" count="1" type="stmt"/>
          <line num="652" count="1" type="stmt"/>
          <line num="653" count="1" type="stmt"/>
          <line num="659" count="0" type="stmt"/>
          <line num="665" count="1" type="stmt"/>
          <line num="670" count="1" type="stmt"/>
          <line num="675" count="1" type="stmt"/>
          <line num="681" count="1" type="stmt"/>
          <line num="686" count="1" type="stmt"/>
          <line num="691" count="1" type="stmt"/>
          <line num="696" count="1" type="stmt"/>
          <line num="701" count="1" type="stmt"/>
          <line num="716" count="6" type="stmt"/>
          <line num="721" count="6" type="cond" truecount="2" falsecount="0"/>
          <line num="722" count="1" type="stmt"/>
          <line num="724" count="1" type="stmt"/>
          <line num="730" count="6" type="cond" truecount="2" falsecount="0"/>
          <line num="731" count="4" type="stmt"/>
          <line num="737" count="6" type="stmt"/>
          <line num="742" count="6" type="stmt"/>
          <line num="747" count="6" type="stmt"/>
          <line num="760" count="9" type="stmt"/>
          <line num="765" count="9" type="cond" truecount="1" falsecount="1"/>
          <line num="766" count="9" type="stmt"/>
          <line num="768" count="9" type="stmt"/>
          <line num="778" count="9" type="cond" truecount="1" falsecount="1"/>
          <line num="779" count="0" type="stmt"/>
          <line num="789" count="9" type="stmt"/>
          <line num="794" count="9" type="stmt"/>
          <line num="799" count="9" type="stmt"/>
          <line num="812" count="0" type="stmt"/>
          <line num="814" count="0" type="stmt"/>
          <line num="827" count="0" type="stmt"/>
          <line num="829" count="0" type="stmt"/>
          <line num="840" count="0" type="stmt"/>
          <line num="851" count="0" type="stmt"/>
          <line num="863" count="0" type="stmt"/>
          <line num="868" count="0" type="cond" truecount="0" falsecount="4"/>
          <line num="873" count="0" type="cond" truecount="0" falsecount="4"/>
          <line num="874" count="0" type="stmt"/>
          <line num="876" count="0" type="stmt"/>
          <line num="879" count="0" type="stmt"/>
          <line num="892" count="4" type="stmt"/>
          <line num="898" count="4" type="cond" truecount="4" falsecount="0"/>
          <line num="903" count="2" type="cond" truecount="2" falsecount="2"/>
          <line num="904" count="2" type="stmt"/>
          <line num="906" count="0" type="stmt"/>
          <line num="909" count="2" type="stmt"/>
          <line num="921" count="1" type="stmt"/>
          <line num="933" count="1" type="stmt"/>
          <line num="945" count="2" type="cond" truecount="2" falsecount="0"/>
          <line num="946" count="1" type="stmt"/>
          <line num="948" count="1" type="stmt"/>
          <line num="962" count="2" type="cond" truecount="2" falsecount="0"/>
          <line num="963" count="1" type="stmt"/>
          <line num="965" count="1" type="stmt"/>
          <line num="977" count="1" type="stmt"/>
          <line num="988" count="1" type="stmt"/>
          <line num="999" count="0" type="stmt"/>
          <line num="1013" count="0" type="stmt"/>
          <line num="1015" count="0" type="cond" truecount="0" falsecount="2"/>
          <line num="1019" count="0" type="cond" truecount="0" falsecount="2"/>
          <line num="1020" count="0" type="stmt"/>
          <line num="1027" count="0" type="stmt"/>
          <line num="1032" count="0" type="stmt"/>
          <line num="1037" count="0" type="stmt"/>
          <line num="1038" count="0" type="stmt"/>
          <line num="1039" count="0" type="stmt"/>
          <line num="1044" count="0" type="stmt"/>
          <line num="1050" count="0" type="stmt"/>
          <line num="1051" count="0" type="stmt"/>
          <line num="1056" count="0" type="stmt"/>
          <line num="1057" count="0" type="stmt"/>
          <line num="1062" count="0" type="stmt"/>
          <line num="1082" count="2" type="cond" truecount="2" falsecount="0"/>
          <line num="1090" count="1" type="stmt"/>
          <line num="1091" count="2" type="cond" truecount="1" falsecount="1"/>
          <line num="1092" count="2" type="cond" truecount="5" falsecount="1"/>
          <line num="1093" count="2" type="stmt"/>
          <line num="1101" count="1" type="stmt"/>
          <line num="1102" count="2" type="cond" truecount="1" falsecount="1"/>
          <line num="1103" count="2" type="cond" truecount="5" falsecount="1"/>
          <line num="1104" count="2" type="stmt"/>
          <line num="1113" count="2" type="stmt"/>
          <line num="1114" count="2" type="stmt"/>
          <line num="1118" count="1" type="cond" truecount="1" falsecount="1"/>
          <line num="1123" count="1" type="stmt"/>
          <line num="1125" count="1" type="stmt"/>
          <line num="1126" count="2" type="cond" truecount="1" falsecount="1"/>
          <line num="1127" count="2" type="cond" truecount="1" falsecount="1"/>
          <line num="1128" count="2" type="stmt"/>
          <line num="1133" count="1" type="stmt"/>
          <line num="1135" count="0" type="stmt"/>
          <line num="1148" count="2" type="stmt"/>
          <line num="1159" count="1" type="stmt"/>
          <line num="1168" count="1" type="stmt"/>
          <line num="1184" count="0" type="stmt"/>
          <line num="1194" count="0" type="cond" truecount="0" falsecount="2"/>
          <line num="1195" count="0" type="cond" truecount="0" falsecount="2"/>
          <line num="1196" count="0" type="stmt"/>
          <line num="1198" count="0" type="stmt"/>
          <line num="1203" count="0" type="stmt"/>
          <line num="1214" count="0" type="cond" truecount="0" falsecount="2"/>
          <line num="1215" count="0" type="cond" truecount="0" falsecount="2"/>
          <line num="1216" count="0" type="stmt"/>
          <line num="1218" count="0" type="stmt"/>
          <line num="1223" count="0" type="stmt"/>
          <line num="1239" count="0" type="cond" truecount="0" falsecount="2"/>
          <line num="1240" count="0" type="cond" truecount="0" falsecount="2"/>
          <line num="1241" count="0" type="stmt"/>
          <line num="1245" count="0" type="stmt"/>
          <line num="1250" count="0" type="stmt"/>
          <line num="1258" count="0" type="cond" truecount="0" falsecount="2"/>
          <line num="1259" count="0" type="stmt"/>
          <line num="1261" count="0" type="stmt"/>
          <line num="1270" count="31" type="stmt"/>
        </file>
      </package>
      <package name="src.core">
        <metrics statements="39" coveredstatements="28" conditionals="20" coveredconditionals="10" methods="11" coveredmethods="8"/>
        <file name="core.js" path="/Users/danpastori/Development/amplitude.dev/httpdocs/public/src/core/core.js">
          <metrics statements="39" coveredstatements="28" conditionals="20" coveredconditionals="10" methods="11" coveredmethods="8"/>
          <line num="58" count="31" type="stmt"/>
          <line num="68" count="56" type="stmt"/>
          <line num="69" count="56" type="stmt"/>
          <line num="74" count="56" type="cond" truecount="1" falsecount="1"/>
          <line num="75" count="0" type="stmt"/>
          <line num="85" count="56" type="cond" truecount="1" falsecount="1"/>
          <line num="91" count="0" type="stmt"/>
          <line num="98" count="56" type="stmt"/>
          <line num="99" count="56" type="stmt"/>
          <line num="110" count="12" type="stmt"/>
          <line num="115" count="12" type="stmt"/>
          <line num="120" count="12" type="stmt"/>
          <line num="126" count="12" type="cond" truecount="1" falsecount="1"/>
          <line num="127" count="0" type="stmt"/>
          <line num="141" count="227" type="stmt"/>
          <line num="146" count="227" type="cond" truecount="2" falsecount="0"/>
          <line num="147" count="169" type="stmt"/>
          <line num="153" count="227" type="stmt"/>
          <line num="158" count="227" type="cond" truecount="1" falsecount="1"/>
          <line num="159" count="0" type="stmt"/>
          <line num="165" count="227" type="stmt"/>
          <line num="181" count="193" type="cond" truecount="2" falsecount="0"/>
          <line num="182" count="7" type="stmt"/>
          <line num="184" count="186" type="stmt"/>
          <line num="190" count="193" type="stmt"/>
          <line num="195" count="193" type="stmt"/>
          <line num="213" count="1" type="cond" truecount="1" falsecount="1"/>
          <line num="214" count="1" type="stmt"/>
          <line num="232" count="2" type="stmt"/>
          <line num="240" count="0" type="cond" truecount="0" falsecount="4"/>
          <line num="241" count="0" type="stmt"/>
          <line num="243" count="0" type="stmt"/>
          <line num="260" count="0" type="stmt"/>
          <line num="261" count="0" type="stmt"/>
          <line num="272" count="0" type="stmt"/>
          <line num="273" count="0" type="stmt"/>
          <line num="285" count="169" type="stmt"/>
          <line num="290" count="169" type="stmt"/>
          <line num="296" count="31" type="stmt"/>
        </file>
      </package>
      <package name="src.events">
        <metrics statements="518" coveredstatements="364" conditionals="298" coveredconditionals="161" methods="102" coveredmethods="78"/>
        <file name="ended.js" path="/Users/danpastori/Development/amplitude.dev/httpdocs/public/src/events/ended.js">
          <metrics statements="10" coveredstatements="2" conditionals="8" coveredconditionals="0" methods="3" coveredmethods="1"/>
          <line num="36" count="31" type="stmt"/>
          <line num="49" count="0" type="stmt"/>
          <line num="53" count="0" type="cond" truecount="0" falsecount="2"/>
          <line num="58" count="0" type="cond" truecount="0" falsecount="4"/>
          <line num="59" count="0" type="stmt"/>
          <line num="61" count="0" type="stmt"/>
          <line num="64" count="0" type="cond" truecount="0" falsecount="2"/>
          <line num="68" count="0" type="stmt"/>
          <line num="73" count="0" type="stmt"/>
          <line num="82" count="31" type="stmt"/>
        </file>
        <file name="events.js" path="/Users/danpastori/Development/amplitude.dev/httpdocs/public/src/events/events.js">
          <metrics statements="171" coveredstatements="129" conditionals="46" coveredconditionals="21" methods="25" coveredmethods="23"/>
          <line num="43" count="31" type="stmt"/>
          <line num="53" count="159" type="stmt"/>
          <line num="58" count="159" type="stmt"/>
          <line num="59" count="0" type="stmt"/>
          <line num="66" count="159" type="stmt"/>
          <line num="67" count="0" type="cond" truecount="0" falsecount="2"/>
          <line num="68" count="0" type="stmt"/>
          <line num="76" count="159" type="stmt"/>
          <line num="81" count="159" type="stmt"/>
          <line num="90" count="159" type="stmt"/>
          <line num="95" count="159" type="stmt"/>
          <line num="100" count="159" type="stmt"/>
          <line num="105" count="159" type="stmt"/>
          <line num="110" count="159" type="stmt"/>
          <line num="115" count="159" type="stmt"/>
          <line num="120" count="159" type="stmt"/>
          <line num="125" count="159" type="stmt"/>
          <line num="130" count="159" type="stmt"/>
          <line num="135" count="159" type="stmt"/>
          <line num="140" count="159" type="stmt"/>
          <line num="145" count="159" type="stmt"/>
          <line num="150" count="159" type="stmt"/>
          <line num="155" count="159" type="stmt"/>
          <line num="160" count="159" type="stmt"/>
          <line num="165" count="159" type="stmt"/>
          <line num="170" count="159" type="stmt"/>
          <line num="175" count="159" type="stmt"/>
          <line num="180" count="159" type="stmt"/>
          <line num="193" count="159" type="stmt"/>
          <line num="194" count="159" type="stmt"/>
          <line num="199" count="159" type="stmt"/>
          <line num="200" count="159" type="stmt"/>
          <line num="211" count="159" type="stmt"/>
          <line num="212" count="159" type="stmt"/>
          <line num="225" count="159" type="stmt"/>
          <line num="226" count="159" type="stmt"/>
          <line num="237" count="159" type="stmt"/>
          <line num="238" count="159" type="stmt"/>
          <line num="250" count="159" type="stmt"/>
          <line num="257" count="159" type="stmt"/>
          <line num="258" count="16" type="cond" truecount="1" falsecount="1"/>
          <line num="263" count="0" type="stmt"/>
          <line num="264" count="0" type="stmt"/>
          <line num="266" count="16" type="stmt"/>
          <line num="267" count="16" type="stmt"/>
          <line num="281" count="159" type="stmt"/>
          <line num="288" count="159" type="stmt"/>
          <line num="289" count="32" type="cond" truecount="1" falsecount="1"/>
          <line num="294" count="0" type="stmt"/>
          <line num="295" count="0" type="stmt"/>
          <line num="297" count="32" type="stmt"/>
          <line num="298" count="32" type="stmt"/>
          <line num="312" count="159" type="stmt"/>
          <line num="321" count="159" type="stmt"/>
          <line num="322" count="40" type="cond" truecount="1" falsecount="1"/>
          <line num="327" count="0" type="stmt"/>
          <line num="328" count="0" type="stmt"/>
          <line num="330" count="40" type="stmt"/>
          <line num="331" count="40" type="stmt"/>
          <line num="345" count="159" type="stmt"/>
          <line num="352" count="159" type="stmt"/>
          <line num="353" count="1" type="cond" truecount="1" falsecount="1"/>
          <line num="358" count="0" type="stmt"/>
          <line num="359" count="0" type="stmt"/>
          <line num="361" count="1" type="stmt"/>
          <line num="362" count="1" type="stmt"/>
          <line num="376" count="159" type="stmt"/>
          <line num="383" count="159" type="stmt"/>
          <line num="389" count="1" type="cond" truecount="1" falsecount="1"/>
          <line num="398" count="0" type="cond" truecount="0" falsecount="2"/>
          <line num="399" count="0" type="stmt"/>
          <line num="403" count="0" type="stmt"/>
          <line num="404" count="0" type="stmt"/>
          <line num="407" count="1" type="stmt"/>
          <line num="408" count="1" type="stmt"/>
          <line num="422" count="159" type="stmt"/>
          <line num="431" count="159" type="stmt"/>
          <line num="437" count="3" type="cond" truecount="1" falsecount="1"/>
          <line num="446" count="0" type="cond" truecount="0" falsecount="2"/>
          <line num="447" count="0" type="stmt"/>
          <line num="451" count="0" type="stmt"/>
          <line num="452" count="0" type="stmt"/>
          <line num="455" count="3" type="stmt"/>
          <line num="456" count="3" type="stmt"/>
          <line num="470" count="159" type="stmt"/>
          <line num="479" count="159" type="stmt"/>
          <line num="485" count="2" type="cond" truecount="1" falsecount="1"/>
          <line num="494" count="0" type="cond" truecount="0" falsecount="2"/>
          <line num="495" count="0" type="stmt"/>
          <line num="499" count="0" type="stmt"/>
          <line num="503" count="0" type="stmt"/>
          <line num="509" count="2" type="stmt"/>
          <line num="510" count="2" type="stmt"/>
          <line num="525" count="159" type="stmt"/>
          <line num="526" count="159" type="stmt"/>
          <line num="531" count="159" type="stmt"/>
          <line num="538" count="159" type="stmt"/>
          <line num="539" count="12" type="cond" truecount="3" falsecount="1"/>
          <line num="540" count="0" type="stmt"/>
          <line num="541" count="0" type="stmt"/>
          <line num="543" count="12" type="stmt"/>
          <line num="544" count="12" type="stmt"/>
          <line num="559" count="159" type="stmt"/>
          <line num="560" count="159" type="stmt"/>
          <line num="565" count="159" type="stmt"/>
          <line num="574" count="159" type="stmt"/>
          <line num="580" count="1" type="cond" truecount="1" falsecount="1"/>
          <line num="581" count="0" type="stmt"/>
          <line num="585" count="1" type="cond" truecount="3" falsecount="1"/>
          <line num="586" count="0" type="stmt"/>
          <line num="587" count="0" type="stmt"/>
          <line num="589" count="1" type="stmt"/>
          <line num="590" count="1" type="stmt"/>
          <line num="605" count="159" type="stmt"/>
          <line num="612" count="159" type="stmt"/>
          <line num="613" count="10" type="cond" truecount="1" falsecount="1"/>
          <line num="618" count="0" type="stmt"/>
          <line num="619" count="0" type="stmt"/>
          <line num="621" count="10" type="stmt"/>
          <line num="622" count="10" type="stmt"/>
          <line num="636" count="159" type="stmt"/>
          <line num="643" count="159" type="stmt"/>
          <line num="644" count="8" type="cond" truecount="1" falsecount="1"/>
          <line num="649" count="0" type="stmt"/>
          <line num="650" count="0" type="stmt"/>
          <line num="652" count="8" type="stmt"/>
          <line num="653" count="8" type="stmt"/>
          <line num="667" count="159" type="stmt"/>
          <line num="674" count="159" type="stmt"/>
          <line num="679" count="8" type="stmt"/>
          <line num="680" count="8" type="stmt"/>
          <line num="682" count="8" type="cond" truecount="1" falsecount="1"/>
          <line num="687" count="0" type="stmt"/>
          <line num="688" count="0" type="stmt"/>
          <line num="690" count="8" type="stmt"/>
          <line num="691" count="8" type="stmt"/>
          <line num="705" count="159" type="stmt"/>
          <line num="712" count="159" type="stmt"/>
          <line num="717" count="10" type="stmt"/>
          <line num="718" count="10" type="stmt"/>
          <line num="720" count="10" type="cond" truecount="1" falsecount="1"/>
          <line num="725" count="0" type="stmt"/>
          <line num="726" count="0" type="stmt"/>
          <line num="728" count="10" type="stmt"/>
          <line num="729" count="10" type="stmt"/>
          <line num="743" count="159" type="stmt"/>
          <line num="752" count="159" type="stmt"/>
          <line num="757" count="4" type="stmt"/>
          <line num="758" count="4" type="stmt"/>
          <line num="760" count="4" type="cond" truecount="1" falsecount="1"/>
          <line num="765" count="0" type="stmt"/>
          <line num="769" count="0" type="stmt"/>
          <line num="771" count="4" type="stmt"/>
          <line num="772" count="4" type="stmt"/>
          <line num="786" count="159" type="stmt"/>
          <line num="795" count="159" type="stmt"/>
          <line num="796" count="4" type="cond" truecount="1" falsecount="1"/>
          <line num="801" count="0" type="stmt"/>
          <line num="805" count="0" type="stmt"/>
          <line num="810" count="4" type="stmt"/>
          <line num="814" count="4" type="stmt"/>
          <line num="831" count="159" type="stmt"/>
          <line num="838" count="159" type="stmt"/>
          <line num="839" count="4" type="cond" truecount="1" falsecount="1"/>
          <line num="844" count="0" type="stmt"/>
          <line num="845" count="0" type="stmt"/>
          <line num="847" count="4" type="stmt"/>
          <line num="848" count="4" type="stmt"/>
          <line num="859" count="159" type="stmt"/>
          <line num="860" count="159" type="stmt"/>
          <line num="866" count="31" type="stmt"/>
        </file>
        <file name="keydown.js" path="/Users/danpastori/Development/amplitude.dev/httpdocs/public/src/events/keydown.js">
          <metrics statements="34" coveredstatements="2" conditionals="22" coveredconditionals="0" methods="9" coveredmethods="1"/>
          <line num="48" count="31" type="stmt"/>
          <line num="59" count="0" type="stmt"/>
          <line num="72" count="0" type="cond" truecount="0" falsecount="2"/>
          <line num="76" count="0" type="cond" truecount="0" falsecount="6"/>
          <line num="81" count="0" type="stmt"/>
          <line num="82" count="0" type="stmt"/>
          <line num="88" count="0" type="stmt"/>
          <line num="89" count="0" type="stmt"/>
          <line num="95" count="0" type="stmt"/>
          <line num="96" count="0" type="stmt"/>
          <line num="102" count="0" type="stmt"/>
          <line num="103" count="0" type="stmt"/>
          <line num="109" count="0" type="stmt"/>
          <line num="110" count="0" type="stmt"/>
          <line num="116" count="0" type="stmt"/>
          <line num="117" count="0" type="stmt"/>
          <line num="130" count="0" type="cond" truecount="0" falsecount="2"/>
          <line num="131" count="0" type="stmt"/>
          <line num="133" count="0" type="stmt"/>
          <line num="141" count="0" type="stmt"/>
          <line num="152" count="0" type="cond" truecount="0" falsecount="4"/>
          <line num="153" count="0" type="stmt"/>
          <line num="155" count="0" type="stmt"/>
          <line num="167" count="0" type="cond" truecount="0" falsecount="4"/>
          <line num="168" count="0" type="stmt"/>
          <line num="170" count="0" type="stmt"/>
          <line num="181" count="0" type="stmt"/>
          <line num="186" count="0" type="stmt"/>
          <line num="197" count="0" type="cond" truecount="0" falsecount="4"/>
          <line num="198" count="0" type="stmt"/>
          <line num="200" count="0" type="stmt"/>
          <line num="211" count="0" type="stmt"/>
          <line num="216" count="0" type="stmt"/>
          <line num="222" count="31" type="stmt"/>
        </file>
        <file name="mute.js" path="/Users/danpastori/Development/amplitude.dev/httpdocs/public/src/events/mute.js">
          <metrics statements="9" coveredstatements="9" conditionals="6" coveredconditionals="5" methods="2" coveredmethods="2"/>
          <line num="28" count="31" type="stmt"/>
          <line num="41" count="5" type="cond" truecount="1" falsecount="1"/>
          <line num="50" count="5" type="cond" truecount="2" falsecount="0"/>
          <line num="51" count="2" type="stmt"/>
          <line num="53" count="3" type="stmt"/>
          <line num="54" count="3" type="stmt"/>
          <line num="60" count="5" type="cond" truecount="2" falsecount="0"/>
          <line num="67" count="5" type="stmt"/>
          <line num="74" count="31" type="stmt"/>
        </file>
        <file name="next.js" path="/Users/danpastori/Development/amplitude.dev/httpdocs/public/src/events/next.js">
          <metrics statements="14" coveredstatements="10" conditionals="12" coveredconditionals="7" methods="4" coveredmethods="3"/>
          <line num="42" count="31" type="stmt"/>
          <line num="58" count="5" type="cond" truecount="1" falsecount="1"/>
          <line num="62" count="5" type="stmt"/>
          <line num="67" count="5" type="cond" truecount="1" falsecount="1"/>
          <line num="68" count="5" type="stmt"/>
          <line num="74" count="5" type="cond" truecount="1" falsecount="1"/>
          <line num="75" count="0" type="stmt"/>
          <line num="91" count="5" type="cond" truecount="4" falsecount="0"/>
          <line num="92" count="2" type="stmt"/>
          <line num="94" count="3" type="stmt"/>
          <line num="109" count="0" type="cond" truecount="0" falsecount="2"/>
          <line num="110" count="0" type="stmt"/>
          <line num="112" count="0" type="stmt"/>
          <line num="121" count="31" type="stmt"/>
        </file>
        <file name="pause.js" path="/Users/danpastori/Development/amplitude.dev/httpdocs/public/src/events/pause.js">
          <metrics statements="25" coveredstatements="25" conditionals="29" coveredconditionals="28" methods="6" coveredmethods="6"/>
          <line num="29" count="31" type="stmt"/>
          <line num="47" count="8" type="cond" truecount="1" falsecount="1"/>
          <line num="55" count="8" type="stmt"/>
          <line num="56" count="8" type="stmt"/>
          <line num="61" count="8" type="cond" truecount="4" falsecount="0"/>
          <line num="62" count="1" type="stmt"/>
          <line num="68" count="8" type="cond" truecount="4" falsecount="0"/>
          <line num="69" count="2" type="stmt"/>
          <line num="75" count="8" type="cond" truecount="4" falsecount="0"/>
          <line num="76" count="2" type="stmt"/>
          <line num="82" count="8" type="cond" truecount="4" falsecount="0"/>
          <line num="83" count="3" type="stmt"/>
          <line num="86" count="8" type="stmt"/>
          <line num="100" count="1" type="stmt"/>
          <line num="105" count="1" type="stmt"/>
          <line num="118" count="2" type="cond" truecount="2" falsecount="0"/>
          <line num="122" count="1" type="stmt"/>
          <line num="127" count="1" type="stmt"/>
          <line num="142" count="2" type="cond" truecount="2" falsecount="0"/>
          <line num="149" count="1" type="stmt"/>
          <line num="154" count="1" type="stmt"/>
          <line num="171" count="3" type="cond" truecount="2" falsecount="0"/>
          <line num="178" count="1" type="stmt"/>
          <line num="183" count="1" type="stmt"/>
          <line num="190" count="31" type="stmt"/>
        </file>
        <file name="play.js" path="/Users/danpastori/Development/amplitude.dev/httpdocs/public/src/events/play.js">
          <metrics statements="37" coveredstatements="34" conditionals="30" coveredconditionals="23" methods="6" coveredmethods="6"/>
          <line num="41" count="31" type="stmt"/>
          <line num="59" count="4" type="cond" truecount="1" falsecount="1"/>
          <line num="67" count="4" type="stmt"/>
          <line num="68" count="4" type="stmt"/>
          <line num="73" count="4" type="cond" truecount="4" falsecount="0"/>
          <line num="74" count="1" type="stmt"/>
          <line num="80" count="4" type="cond" truecount="4" falsecount="0"/>
          <line num="81" count="1" type="stmt"/>
          <line num="87" count="4" type="cond" truecount="4" falsecount="0"/>
          <line num="88" count="1" type="stmt"/>
          <line num="94" count="4" type="cond" truecount="4" falsecount="0"/>
          <line num="95" count="1" type="stmt"/>
          <line num="98" count="4" type="stmt"/>
          <line num="112" count="1" type="stmt"/>
          <line num="117" count="1" type="stmt"/>
          <line num="130" count="1" type="cond" truecount="1" falsecount="1"/>
          <line num="134" count="1" type="stmt"/>
          <line num="143" count="1" type="cond" truecount="1" falsecount="1"/>
          <line num="144" count="0" type="stmt"/>
          <line num="150" count="1" type="stmt"/>
          <line num="161" count="1" type="stmt"/>
          <line num="167" count="1" type="stmt"/>
          <line num="187" count="1" type="cond" truecount="1" falsecount="1"/>
          <line num="192" count="1" type="stmt"/>
          <line num="197" count="1" type="stmt"/>
          <line num="206" count="1" type="cond" truecount="1" falsecount="1"/>
          <line num="211" count="0" type="stmt"/>
          <line num="217" count="1" type="stmt"/>
          <line num="223" count="1" type="stmt"/>
          <line num="244" count="1" type="cond" truecount="1" falsecount="1"/>
          <line num="249" count="1" type="stmt"/>
          <line num="254" count="1" type="stmt"/>
          <line num="267" count="1" type="cond" truecount="1" falsecount="1"/>
          <line num="272" count="0" type="stmt"/>
          <line num="282" count="1" type="stmt"/>
          <line num="289" count="1" type="stmt"/>
          <line num="295" count="31" type="stmt"/>
        </file>
        <file name="playPause.js" path="/Users/danpastori/Development/amplitude.dev/httpdocs/public/src/events/playPause.js">
          <metrics statements="45" coveredstatements="41" conditionals="38" coveredconditionals="34" methods="6" coveredmethods="6"/>
          <line num="41" count="31" type="stmt"/>
          <line num="59" count="18" type="cond" truecount="1" falsecount="1"/>
          <line num="64" count="18" type="stmt"/>
          <line num="65" count="18" type="stmt"/>
          <line num="70" count="18" type="cond" truecount="4" falsecount="0"/>
          <line num="71" count="4" type="stmt"/>
          <line num="77" count="18" type="cond" truecount="4" falsecount="0"/>
          <line num="78" count="4" type="stmt"/>
          <line num="84" count="18" type="cond" truecount="4" falsecount="0"/>
          <line num="85" count="5" type="stmt"/>
          <line num="91" count="18" type="cond" truecount="4" falsecount="0"/>
          <line num="92" count="5" type="stmt"/>
          <line num="95" count="18" type="stmt"/>
          <line num="108" count="4" type="cond" truecount="2" falsecount="0"/>
          <line num="109" count="2" type="stmt"/>
          <line num="111" count="2" type="stmt"/>
          <line num="119" count="4" type="stmt"/>
          <line num="133" count="4" type="cond" truecount="2" falsecount="0"/>
          <line num="137" count="2" type="stmt"/>
          <line num="146" count="2" type="cond" truecount="1" falsecount="1"/>
          <line num="147" count="0" type="stmt"/>
          <line num="153" count="2" type="stmt"/>
          <line num="165" count="4" type="cond" truecount="2" falsecount="0"/>
          <line num="166" count="2" type="stmt"/>
          <line num="168" count="2" type="stmt"/>
          <line num="176" count="4" type="stmt"/>
          <line num="195" count="5" type="cond" truecount="1" falsecount="1"/>
          <line num="200" count="0" type="stmt"/>
          <line num="205" count="0" type="stmt"/>
          <line num="214" count="5" type="cond" truecount="2" falsecount="0"/>
          <line num="219" count="3" type="stmt"/>
          <line num="226" count="5" type="cond" truecount="2" falsecount="0"/>
          <line num="227" count="3" type="stmt"/>
          <line num="229" count="2" type="stmt"/>
          <line num="237" count="5" type="stmt"/>
          <line num="258" count="5" type="cond" truecount="2" falsecount="0"/>
          <line num="263" count="3" type="stmt"/>
          <line num="268" count="3" type="stmt"/>
          <line num="281" count="5" type="cond" truecount="1" falsecount="1"/>
          <line num="286" count="0" type="stmt"/>
          <line num="297" count="5" type="cond" truecount="2" falsecount="0"/>
          <line num="298" count="3" type="stmt"/>
          <line num="300" count="2" type="stmt"/>
          <line num="308" count="5" type="stmt"/>
          <line num="314" count="31" type="stmt"/>
        </file>
        <file name="playbackSpeed.js" path="/Users/danpastori/Development/amplitude.dev/httpdocs/public/src/events/playbackSpeed.js">
          <metrics statements="11" coveredstatements="11" conditionals="5" coveredconditionals="4" methods="2" coveredmethods="2"/>
          <line num="24" count="31" type="stmt"/>
          <line num="33" count="9" type="cond" truecount="1" falsecount="1"/>
          <line num="40" count="9" type="cond" truecount="3" falsecount="0"/>
          <line num="42" count="4" type="stmt"/>
          <line num="43" count="4" type="stmt"/>
          <line num="45" count="3" type="stmt"/>
          <line num="46" count="3" type="stmt"/>
          <line num="48" count="2" type="stmt"/>
          <line num="49" count="2" type="stmt"/>
          <line num="55" count="9" type="stmt"/>
          <line num="62" count="31" type="stmt"/>
        </file>
        <file name="prev.js" path="/Users/danpastori/Development/amplitude.dev/httpdocs/public/src/events/prev.js">
          <metrics statements="14" coveredstatements="14" conditionals="12" coveredconditionals="11" methods="4" coveredmethods="4"/>
          <line num="24" count="31" type="stmt"/>
          <line num="40" count="4" type="cond" truecount="1" falsecount="1"/>
          <line num="44" count="4" type="stmt"/>
          <line num="49" count="4" type="cond" truecount="2" falsecount="0"/>
          <line num="50" count="2" type="stmt"/>
          <line num="56" count="4" type="cond" truecount="2" falsecount="0"/>
          <line num="57" count="2" type="stmt"/>
          <line num="73" count="2" type="cond" truecount="4" falsecount="0"/>
          <line num="74" count="1" type="stmt"/>
          <line num="76" count="1" type="stmt"/>
          <line num="91" count="2" type="cond" truecount="2" falsecount="0"/>
          <line num="92" count="1" type="stmt"/>
          <line num="94" count="1" type="stmt"/>
          <line num="103" count="31" type="stmt"/>
        </file>
        <file name="progress.js" path="/Users/danpastori/Development/amplitude.dev/httpdocs/public/src/events/progress.js">
          <metrics statements="7" coveredstatements="2" conditionals="2" coveredconditionals="0" methods="2" coveredmethods="1"/>
          <line num="18" count="31" type="stmt"/>
          <line num="31" count="0" type="cond" truecount="0" falsecount="2"/>
          <line num="32" count="0" type="stmt"/>
          <line num="35" count="0" type="stmt"/>
          <line num="40" count="0" type="stmt"/>
          <line num="46" count="0" type="stmt"/>
          <line num="52" count="31" type="stmt"/>
        </file>
        <file name="repeat.js" path="/Users/danpastori/Development/amplitude.dev/httpdocs/public/src/events/repeat.js">
          <metrics statements="12" coveredstatements="12" conditionals="6" coveredconditionals="5" methods="4" coveredmethods="4"/>
          <line num="24" count="31" type="stmt"/>
          <line num="40" count="8" type="cond" truecount="1" falsecount="1"/>
          <line num="44" count="8" type="stmt"/>
          <line num="49" count="8" type="cond" truecount="2" falsecount="0"/>
          <line num="50" count="4" type="stmt"/>
          <line num="56" count="8" type="cond" truecount="2" falsecount="0"/>
          <line num="57" count="4" type="stmt"/>
          <line num="71" count="4" type="stmt"/>
          <line num="76" count="4" type="stmt"/>
          <line num="89" count="4" type="stmt"/>
          <line num="94" count="4" type="stmt"/>
          <line num="100" count="31" type="stmt"/>
        </file>
        <file name="repeatSong.js" path="/Users/danpastori/Development/amplitude.dev/httpdocs/public/src/events/repeatSong.js">
          <metrics statements="5" coveredstatements="5" conditionals="2" coveredconditionals="1" methods="2" coveredmethods="2"/>
          <line num="24" count="31" type="stmt"/>
          <line num="37" count="4" type="cond" truecount="1" falsecount="1"/>
          <line num="41" count="4" type="stmt"/>
          <line num="46" count="4" type="stmt"/>
          <line num="53" count="31" type="stmt"/>
        </file>
        <file name="shuffle.js" path="/Users/danpastori/Development/amplitude.dev/httpdocs/public/src/events/shuffle.js">
          <metrics statements="11" coveredstatements="11" conditionals="4" coveredconditionals="3" methods="4" coveredmethods="4"/>
          <line num="23" count="31" type="stmt"/>
          <line num="39" count="8" type="cond" truecount="1" falsecount="1"/>
          <line num="43" count="8" type="stmt"/>
          <line num="48" count="8" type="cond" truecount="2" falsecount="0"/>
          <line num="49" count="4" type="stmt"/>
          <line num="51" count="4" type="stmt"/>
          <line num="63" count="4" type="stmt"/>
          <line num="68" count="4" type="stmt"/>
          <line num="80" count="4" type="stmt"/>
          <line num="85" count="4" type="stmt"/>
          <line num="91" count="31" type="stmt"/>
        </file>
        <file name="skipTo.js" path="/Users/danpastori/Development/amplitude.dev/httpdocs/public/src/events/skipTo.js">
          <metrics statements="27" coveredstatements="25" conditionals="14" coveredconditionals="9" methods="4" coveredmethods="4"/>
          <line num="42" count="31" type="stmt"/>
          <line num="58" count="2" type="cond" truecount="1" falsecount="1"/>
          <line num="62" count="2" type="stmt"/>
          <line num="63" count="2" type="stmt"/>
          <line num="64" count="2" type="stmt"/>
          <line num="70" count="2" type="cond" truecount="1" falsecount="1"/>
          <line num="71" count="0" type="stmt"/>
          <line num="80" count="2" type="cond" truecount="1" falsecount="1"/>
          <line num="81" count="0" type="stmt"/>
          <line num="89" count="2" type="cond" truecount="3" falsecount="1"/>
          <line num="93" count="2" type="cond" truecount="2" falsecount="0"/>
          <line num="94" count="1" type="stmt"/>
          <line num="96" count="1" type="stmt"/>
          <line num="118" count="1" type="stmt"/>
          <line num="119" count="1" type="stmt"/>
          <line num="124" count="1" type="stmt"/>
          <line num="125" count="1" type="stmt"/>
          <line num="130" count="1" type="stmt"/>
          <line num="145" count="1" type="cond" truecount="1" falsecount="1"/>
          <line num="146" count="1" type="stmt"/>
          <line num="153" count="1" type="stmt"/>
          <line num="158" count="1" type="stmt"/>
          <line num="163" count="1" type="stmt"/>
          <line num="164" count="1" type="stmt"/>
          <line num="165" count="1" type="stmt"/>
          <line num="170" count="1" type="stmt"/>
          <line num="176" count="31" type="stmt"/>
        </file>
        <file name="songSlider.js" path="/Users/danpastori/Development/amplitude.dev/httpdocs/public/src/events/songSlider.js">
          <metrics statements="29" coveredstatements="2" conditionals="34" coveredconditionals="0" methods="6" coveredmethods="1"/>
          <line num="24" count="31" type="stmt"/>
          <line num="41" count="0" type="stmt"/>
          <line num="46" count="0" type="stmt"/>
          <line num="51" count="0" type="stmt"/>
          <line num="52" count="0" type="stmt"/>
          <line num="57" count="0" type="cond" truecount="0" falsecount="4"/>
          <line num="58" count="0" type="stmt"/>
          <line num="64" count="0" type="cond" truecount="0" falsecount="4"/>
          <line num="65" count="0" type="stmt"/>
          <line num="71" count="0" type="cond" truecount="0" falsecount="4"/>
          <line num="72" count="0" type="stmt"/>
          <line num="79" count="0" type="cond" truecount="0" falsecount="4"/>
          <line num="80" count="0" type="stmt"/>
          <line num="100" count="0" type="cond" truecount="0" falsecount="2"/>
          <line num="101" count="0" type="stmt"/>
          <line num="106" count="0" type="stmt"/>
          <line num="131" count="0" type="cond" truecount="0" falsecount="2"/>
          <line num="135" count="0" type="cond" truecount="0" falsecount="2"/>
          <line num="136" count="0" type="stmt"/>
          <line num="141" count="0" type="stmt"/>
          <line num="163" count="0" type="cond" truecount="0" falsecount="4"/>
          <line num="167" count="0" type="cond" truecount="0" falsecount="2"/>
          <line num="168" count="0" type="stmt"/>
          <line num="173" count="0" type="stmt"/>
          <line num="202" count="0" type="cond" truecount="0" falsecount="2"/>
          <line num="209" count="0" type="cond" truecount="0" falsecount="2"/>
          <line num="210" count="0" type="stmt"/>
          <line num="215" count="0" type="stmt"/>
          <line num="223" count="31" type="stmt"/>
        </file>
        <file name="stop.js" path="/Users/danpastori/Development/amplitude.dev/httpdocs/public/src/events/stop.js">
          <metrics statements="6" coveredstatements="6" conditionals="2" coveredconditionals="1" methods="2" coveredmethods="2"/>
          <line num="29" count="31" type="stmt"/>
          <line num="42" count="1" type="cond" truecount="1" falsecount="1"/>
          <line num="46" count="1" type="stmt"/>
          <line num="51" count="1" type="stmt"/>
          <line num="56" count="1" type="stmt"/>
          <line num="63" count="31" type="stmt"/>
        </file>
        <file name="timeUpdate.js" path="/Users/danpastori/Development/amplitude.dev/httpdocs/public/src/events/timeUpdate.js">
          <metrics statements="26" coveredstatements="2" conditionals="12" coveredconditionals="0" methods="5" coveredmethods="1"/>
          <line num="48" count="31" type="stmt"/>
          <line num="60" count="0" type="stmt"/>
          <line num="65" count="0" type="stmt"/>
          <line num="70" count="0" type="stmt"/>
          <line num="75" count="0" type="stmt"/>
          <line num="85" count="0" type="cond" truecount="0" falsecount="2"/>
          <line num="86" count="0" type="stmt"/>
          <line num="89" count="0" type="stmt"/>
          <line num="91" count="0" type="stmt"/>
          <line num="106" count="0" type="cond" truecount="0" falsecount="2"/>
          <line num="110" count="0" type="stmt"/>
          <line num="115" count="0" type="stmt"/>
          <line num="120" count="0" type="stmt"/>
          <line num="127" count="0" type="stmt"/>
          <line num="132" count="0" type="stmt"/>
          <line num="141" count="0" type="stmt"/>
          <line num="146" count="0" type="stmt"/>
          <line num="157" count="0" type="stmt"/>
          <line num="162" count="0" type="cond" truecount="0" falsecount="2"/>
          <line num="170" count="0" type="cond" truecount="0" falsecount="2"/>
          <line num="171" count="0" type="stmt"/>
          <line num="172" count="0" type="stmt"/>
          <line num="181" count="0" type="stmt"/>
          <line num="182" count="0" type="cond" truecount="0" falsecount="2"/>
          <line num="183" count="0" type="stmt"/>
          <line num="191" count="31" type="stmt"/>
        </file>
        <file name="volumeDown.js" path="/Users/danpastori/Development/amplitude.dev/httpdocs/public/src/events/volumeDown.js">
          <metrics statements="10" coveredstatements="10" conditionals="6" coveredconditionals="5" methods="2" coveredmethods="2"/>
          <line num="28" count="31" type="stmt"/>
          <line num="41" count="13" type="cond" truecount="1" falsecount="1"/>
          <line num="52" count="13" type="stmt"/>
          <line num="54" count="13" type="cond" truecount="2" falsecount="0"/>
          <line num="55" count="10" type="stmt"/>
          <line num="57" count="3" type="stmt"/>
          <line num="64" count="13" type="stmt"/>
          <line num="69" count="13" type="cond" truecount="2" falsecount="0"/>
          <line num="74" count="13" type="stmt"/>
          <line num="81" count="31" type="stmt"/>
        </file>
        <file name="volumeSlider.js" path="/Users/danpastori/Development/amplitude.dev/httpdocs/public/src/events/volumeSlider.js">
          <metrics statements="5" coveredstatements="2" conditionals="2" coveredconditionals="0" methods="2" coveredmethods="1"/>
          <line num="28" count="31" type="stmt"/>
          <line num="41" count="0" type="stmt"/>
          <line num="46" count="0" type="cond" truecount="0" falsecount="2"/>
          <line num="51" count="0" type="stmt"/>
          <line num="57" count="31" type="stmt"/>
        </file>
        <file name="volumeUp.js" path="/Users/danpastori/Development/amplitude.dev/httpdocs/public/src/events/volumeUp.js">
          <metrics statements="10" coveredstatements="10" conditionals="6" coveredconditionals="4" methods="2" coveredmethods="2"/>
          <line num="28" count="31" type="stmt"/>
          <line num="41" count="14" type="cond" truecount="1" falsecount="1"/>
          <line num="52" count="14" type="stmt"/>
          <line num="54" count="14" type="cond" truecount="2" falsecount="0"/>
          <line num="55" count="12" type="stmt"/>
          <line num="57" count="2" type="stmt"/>
          <line num="64" count="14" type="stmt"/>
          <line num="69" count="14" type="cond" truecount="1" falsecount="1"/>
          <line num="74" count="14" type="stmt"/>
          <line num="81" count="31" type="stmt"/>
        </file>
      </package>
      <package name="src.fx">
        <metrics statements="209" coveredstatements="21" conditionals="180" coveredconditionals="8" methods="33" coveredmethods="7"/>
        <file name="fx.js" path="/Users/danpastori/Development/amplitude.dev/httpdocs/public/src/fx/fx.js">
          <metrics statements="18" coveredstatements="7" conditionals="14" coveredconditionals="6" methods="3" coveredmethods="2"/>
          <line num="14" count="31" type="stmt"/>
          <line num="24" count="0" type="cond" truecount="0" falsecount="5"/>
          <line num="34" count="0" type="cond" truecount="0" falsecount="2"/>
          <line num="38" count="0" type="stmt"/>
          <line num="43" count="0" type="stmt"/>
          <line num="48" count="0" type="stmt"/>
          <line num="53" count="0" type="stmt"/>
          <line num="58" count="0" type="stmt"/>
          <line num="64" count="0" type="stmt"/>
          <line num="66" count="0" type="stmt"/>
          <line num="81" count="159" type="cond" truecount="5" falsecount="0"/>
          <line num="86" count="159" type="stmt"/>
          <line num="91" count="159" type="cond" truecount="1" falsecount="1"/>
          <line num="95" count="0" type="stmt"/>
          <line num="96" count="0" type="stmt"/>
          <line num="101" count="159" type="stmt"/>
          <line num="102" count="159" type="stmt"/>
          <line num="109" count="31" type="stmt"/>
        </file>
        <file name="visualizations.js" path="/Users/danpastori/Development/amplitude.dev/httpdocs/public/src/fx/visualizations.js">
          <metrics statements="93" coveredstatements="9" conditionals="114" coveredconditionals="2" methods="14" coveredmethods="4"/>
          <line num="18" count="31" type="stmt"/>
          <line num="26" count="56" type="stmt"/>
          <line num="33" count="56" type="cond" truecount="1" falsecount="1"/>
          <line num="38" count="0" type="cond" truecount="0" falsecount="2"/>
          <line num="46" count="0" type="stmt"/>
          <line num="51" count="0" type="stmt"/>
          <line num="54" count="0" type="stmt"/>
          <line num="61" count="0" type="cond" truecount="0" falsecount="4"/>
          <line num="62" count="0" type="stmt"/>
          <line num="69" count="0" type="cond" truecount="0" falsecount="4"/>
          <line num="70" count="0" type="stmt"/>
          <line num="76" count="0" type="cond" truecount="0" falsecount="4"/>
          <line num="77" count="0" type="stmt"/>
          <line num="84" count="0" type="cond" truecount="0" falsecount="4"/>
          <line num="85" count="0" type="stmt"/>
          <line num="94" count="56" type="stmt"/>
          <line num="108" count="0" type="stmt"/>
          <line num="110" count="0" type="cond" truecount="0" falsecount="2"/>
          <line num="120" count="0" type="cond" truecount="0" falsecount="2"/>
          <line num="124" count="0" type="stmt"/>
          <line num="129" count="0" type="cond" truecount="0" falsecount="2"/>
          <line num="133" count="0" type="stmt"/>
          <line num="144" count="0" type="cond" truecount="0" falsecount="2"/>
          <line num="148" count="0" type="cond" truecount="0" falsecount="2"/>
          <line num="149" count="0" type="stmt"/>
          <line num="164" count="0" type="cond" truecount="0" falsecount="2"/>
          <line num="170" count="0" type="stmt"/>
          <line num="174" count="0" type="stmt"/>
          <line num="175" count="0" type="stmt"/>
          <line num="180" count="0" type="cond" truecount="0" falsecount="2"/>
          <line num="185" count="0" type="stmt"/>
          <line num="190" count="0" type="cond" truecount="0" falsecount="2"/>
          <line num="195" count="0" type="stmt"/>
          <line num="200" count="0" type="cond" truecount="0" falsecount="2"/>
          <line num="204" count="0" type="stmt"/>
          <line num="210" count="0" type="cond" truecount="0" falsecount="2"/>
          <line num="214" count="0" type="cond" truecount="0" falsecount="2"/>
          <line num="215" count="0" type="stmt"/>
          <line num="231" count="0" type="cond" truecount="0" falsecount="2"/>
          <line num="236" count="0" type="stmt"/>
          <line num="237" count="0" type="stmt"/>
          <line num="242" count="0" type="cond" truecount="0" falsecount="2"/>
          <line num="247" count="0" type="stmt"/>
          <line num="252" count="0" type="cond" truecount="0" falsecount="2"/>
          <line num="256" count="0" type="stmt"/>
          <line num="262" count="0" type="cond" truecount="0" falsecount="2"/>
          <line num="266" count="0" type="cond" truecount="0" falsecount="2"/>
          <line num="267" count="0" type="stmt"/>
          <line num="285" count="0" type="cond" truecount="0" falsecount="2"/>
          <line num="294" count="0" type="stmt"/>
          <line num="298" count="0" type="stmt"/>
          <line num="299" count="0" type="stmt"/>
          <line num="304" count="0" type="cond" truecount="0" falsecount="2"/>
          <line num="309" count="0" type="stmt"/>
          <line num="314" count="0" type="cond" truecount="0" falsecount="2"/>
          <line num="319" count="0" type="stmt"/>
          <line num="324" count="0" type="cond" truecount="0" falsecount="2"/>
          <line num="328" count="0" type="stmt"/>
          <line num="334" count="0" type="cond" truecount="0" falsecount="2"/>
          <line num="338" count="0" type="cond" truecount="0" falsecount="2"/>
          <line num="339" count="0" type="stmt"/>
          <line num="352" count="0" type="stmt"/>
          <line num="353" count="0" type="stmt"/>
          <line num="356" count="0" type="stmt"/>
          <line num="357" count="0" type="stmt"/>
          <line num="367" count="295" type="stmt"/>
          <line num="368" count="0" type="stmt"/>
          <line num="374" count="295" type="stmt"/>
          <line num="387" count="0" type="stmt"/>
          <line num="396" count="0" type="stmt"/>
          <line num="397" count="0" type="stmt"/>
          <line num="400" count="0" type="stmt"/>
          <line num="412" count="56" type="stmt"/>
          <line num="416" count="56" type="cond" truecount="1" falsecount="1"/>
          <line num="417" count="0" type="stmt"/>
          <line num="422" count="0" type="stmt"/>
          <line num="425" count="0" type="stmt"/>
          <line num="432" count="0" type="cond" truecount="0" falsecount="4"/>
          <line num="433" count="0" type="stmt"/>
          <line num="440" count="0" type="cond" truecount="0" falsecount="4"/>
          <line num="441" count="0" type="stmt"/>
          <line num="447" count="0" type="cond" truecount="0" falsecount="4"/>
          <line num="448" count="0" type="stmt"/>
          <line num="455" count="0" type="cond" truecount="0" falsecount="4"/>
          <line num="456" count="0" type="stmt"/>
          <line num="469" count="0" type="stmt"/>
          <line num="480" count="0" type="cond" truecount="0" falsecount="2"/>
          <line num="481" count="0" type="stmt"/>
          <line num="493" count="0" type="cond" truecount="0" falsecount="2"/>
          <line num="494" count="0" type="stmt"/>
          <line num="506" count="0" type="cond" truecount="0" falsecount="2"/>
          <line num="510" count="0" type="stmt"/>
          <line num="518" count="31" type="stmt"/>
        </file>
        <file name="waveform.js" path="/Users/danpastori/Development/amplitude.dev/httpdocs/public/src/fx/waveform.js">
          <metrics statements="98" coveredstatements="5" conditionals="52" coveredconditionals="0" methods="16" coveredmethods="1"/>
          <line num="12" count="31" type="stmt"/>
          <line num="16" count="31" type="stmt"/>
          <line num="17" count="31" type="stmt"/>
          <line num="18" count="31" type="stmt"/>
          <line num="24" count="0" type="stmt"/>
          <line num="30" count="0" type="cond" truecount="0" falsecount="2"/>
          <line num="34" count="0" type="stmt"/>
          <line num="38" count="0" type="stmt"/>
          <line num="43" count="0" type="stmt"/>
          <line num="44" count="0" type="stmt"/>
          <line num="45" count="0" type="stmt"/>
          <line num="50" count="0" type="stmt"/>
          <line num="51" count="0" type="stmt"/>
          <line num="56" count="0" type="stmt"/>
          <line num="60" count="0" type="stmt"/>
          <line num="61" count="0" type="stmt"/>
          <line num="63" count="0" type="stmt"/>
          <line num="68" count="0" type="stmt"/>
          <line num="77" count="0" type="cond" truecount="0" falsecount="2"/>
          <line num="82" count="0" type="cond" truecount="0" falsecount="2"/>
          <line num="86" count="0" type="stmt"/>
          <line num="87" count="0" type="stmt"/>
          <line num="95" count="0" type="stmt"/>
          <line num="100" count="0" type="stmt"/>
          <line num="101" count="0" type="stmt"/>
          <line num="107" count="0" type="stmt"/>
          <line num="112" count="0" type="cond" truecount="0" falsecount="2"/>
          <line num="117" count="0" type="cond" truecount="0" falsecount="2"/>
          <line num="121" count="0" type="stmt"/>
          <line num="127" count="0" type="stmt"/>
          <line num="132" count="0" type="stmt"/>
          <line num="137" count="0" type="stmt"/>
          <line num="142" count="0" type="stmt"/>
          <line num="149" count="0" type="stmt"/>
          <line num="153" count="0" type="stmt"/>
          <line num="154" count="0" type="stmt"/>
          <line num="174" count="0" type="cond" truecount="0" falsecount="2"/>
          <line num="178" count="0" type="stmt"/>
          <line num="183" count="0" type="stmt"/>
          <line num="184" count="0" type="stmt"/>
          <line num="185" count="0" type="cond" truecount="0" falsecount="2"/>
          <line num="186" count="0" type="stmt"/>
          <line num="188" count="0" type="stmt"/>
          <line num="195" count="0" type="stmt"/>
          <line num="198" count="0" type="stmt"/>
          <line num="199" count="0" type="stmt"/>
          <line num="207" count="0" type="stmt"/>
          <line num="211" count="0" type="stmt"/>
          <line num="212" count="0" type="stmt"/>
          <line num="230" count="0" type="stmt"/>
          <line num="231" count="0" type="cond" truecount="0" falsecount="2"/>
          <line num="232" count="0" type="stmt"/>
          <line num="233" count="0" type="stmt"/>
          <line num="238" count="0" type="stmt"/>
          <line num="247" count="0" type="stmt"/>
          <line num="248" count="0" type="stmt"/>
          <line num="253" count="0" type="stmt"/>
          <line num="257" count="0" type="stmt"/>
          <line num="258" count="0" type="stmt"/>
          <line num="263" count="0" type="stmt"/>
          <line num="264" count="0" type="stmt"/>
          <line num="270" count="0" type="stmt"/>
          <line num="275" count="0" type="stmt"/>
          <line num="277" count="0" type="cond" truecount="0" falsecount="2"/>
          <line num="278" count="0" type="stmt"/>
          <line num="280" count="0" type="cond" truecount="0" falsecount="2"/>
          <line num="281" count="0" type="stmt"/>
          <line num="288" count="0" type="stmt"/>
          <line num="289" count="0" type="stmt"/>
          <line num="294" count="0" type="cond" truecount="0" falsecount="4"/>
          <line num="295" count="0" type="stmt"/>
          <line num="298" count="0" type="cond" truecount="0" falsecount="4"/>
          <line num="299" count="0" type="stmt"/>
          <line num="307" count="0" type="stmt"/>
          <line num="316" count="0" type="stmt"/>
          <line num="322" count="0" type="stmt"/>
          <line num="326" count="0" type="stmt"/>
          <line num="333" count="0" type="stmt"/>
          <line num="338" count="0" type="cond" truecount="0" falsecount="4"/>
          <line num="339" count="0" type="stmt"/>
          <line num="345" count="0" type="cond" truecount="0" falsecount="4"/>
          <line num="346" count="0" type="stmt"/>
          <line num="353" count="0" type="cond" truecount="0" falsecount="4"/>
          <line num="354" count="0" type="stmt"/>
          <line num="360" count="0" type="cond" truecount="0" falsecount="4"/>
          <line num="361" count="0" type="stmt"/>
          <line num="373" count="0" type="stmt"/>
          <line num="375" count="0" type="stmt"/>
          <line num="389" count="0" type="cond" truecount="0" falsecount="2"/>
          <line num="390" count="0" type="stmt"/>
          <line num="392" count="0" type="stmt"/>
          <line num="408" count="0" type="cond" truecount="0" falsecount="2"/>
          <line num="409" count="0" type="stmt"/>
          <line num="411" count="0" type="stmt"/>
          <line num="427" count="0" type="cond" truecount="0" falsecount="2"/>
          <line num="431" count="0" type="stmt"/>
          <line num="433" count="0" type="stmt"/>
          <line num="440" count="31" type="stmt"/>
        </file>
      </package>
      <package name="src.init">
[...]
          <line num="177" count="31" type="stmt"/>
        </file>
        <file name="currentSecondElements.js" path="/Users/danpastori/Development/amplitude.dev/httpdocs/public/src/visual/time/currentSecondElements.js">
          <metrics statements="30" coveredstatements="4" conditionals="14" coveredconditionals="0" methods="7" coveredmethods="2"/>
          <line num="12" count="31" type="stmt"/>
          <line num="19" count="0" type="stmt"/>
          <line num="20" count="0" type="stmt"/>
          <line num="21" count="0" type="stmt"/>
          <line num="22" count="0" type="stmt"/>
          <line num="34" count="0" type="stmt"/>
          <line num="41" count="0" type="stmt"/>
          <line num="42" count="0" type="stmt"/>
          <line num="45" count="0" type="stmt"/>
          <line num="52" count="0" type="cond" truecount="0" falsecount="4"/>
          <line num="53" count="0" type="stmt"/>
          <line num="67" count="0" type="stmt"/>
          <line num="76" count="0" type="stmt"/>
          <line num="77" count="0" type="stmt"/>
          <line num="84" count="0" type="cond" truecount="0" falsecount="2"/>
          <line num="85" count="0" type="stmt"/>
          <line num="96" count="0" type="cond" truecount="0" falsecount="2"/>
          <line num="100" count="0" type="stmt"/>
          <line num="109" count="0" type="stmt"/>
          <line num="110" count="0" type="stmt"/>
          <line num="117" count="0" type="cond" truecount="0" falsecount="2"/>
          <line num="118" count="0" type="stmt"/>
          <line num="131" count="0" type="cond" truecount="0" falsecount="4"/>
          <line num="137" count="0" type="stmt"/>
          <line num="148" count="0" type="stmt"/>
          <line num="149" count="0" type="stmt"/>
          <line num="160" count="370" type="stmt"/>
          <line num="168" count="370" type="stmt"/>
          <line num="169" count="0" type="stmt"/>
          <line num="176" count="31" type="stmt"/>
        </file>
        <file name="currentTimeElements.js" path="/Users/danpastori/Development/amplitude.dev/httpdocs/public/src/visual/time/currentTimeElements.js">
          <metrics statements="42" coveredstatements="4" conditionals="22" coveredconditionals="0" methods="7" coveredmethods="2"/>
          <line num="12" count="31" type="stmt"/>
          <line num="24" count="0" type="stmt"/>
          <line num="25" count="0" type="stmt"/>
          <line num="26" count="0" type="stmt"/>
          <line num="27" count="0" type="stmt"/>
          <line num="41" count="0" type="stmt"/>
          <line num="49" count="0" type="stmt"/>
          <line num="51" count="0" type="cond" truecount="0" falsecount="2"/>
          <line num="52" count="0" type="stmt"/>
          <line num="55" count="0" type="stmt"/>
          <line num="56" count="0" type="stmt"/>
          <line num="59" count="0" type="stmt"/>
          <line num="63" count="0" type="cond" truecount="0" falsecount="4"/>
          <line num="64" count="0" type="stmt"/>
          <line num="80" count="0" type="stmt"/>
          <line num="90" count="0" type="stmt"/>
          <line num="92" count="0" type="cond" truecount="0" falsecount="2"/>
          <line num="93" count="0" type="stmt"/>
          <line num="96" count="0" type="stmt"/>
          <line num="97" count="0" type="stmt"/>
          <line num="101" count="0" type="cond" truecount="0" falsecount="2"/>
          <line num="102" count="0" type="stmt"/>
          <line num="115" count="0" type="cond" truecount="0" falsecount="2"/>
          <line num="119" count="0" type="stmt"/>
          <line num="129" count="0" type="stmt"/>
          <line num="131" count="0" type="cond" truecount="0" falsecount="2"/>
          <line num="132" count="0" type="stmt"/>
          <line num="135" count="0" type="stmt"/>
          <line num="136" count="0" type="stmt"/>
          <line num="140" count="0" type="cond" truecount="0" falsecount="2"/>
          <line num="141" count="0" type="stmt"/>
          <line num="156" count="0" type="cond" truecount="0" falsecount="4"/>
          <line num="162" count="0" type="stmt"/>
          <line num="174" count="0" type="stmt"/>
          <line num="176" count="0" type="cond" truecount="0" falsecount="2"/>
          <line num="177" count="0" type="stmt"/>
          <line num="180" count="0" type="stmt"/>
          <line num="181" count="0" type="stmt"/>
          <line num="194" count="370" type="stmt"/>
          <line num="200" count="370" type="stmt"/>
          <line num="201" count="0" type="stmt"/>
          <line num="208" count="31" type="stmt"/>
        </file>
        <file name="durationCountDownTimeElements.js" path="/Users/danpastori/Development/amplitude.dev/httpdocs/public/src/visual/time/durationCountDownTimeElements.js">
          <metrics statements="43" coveredstatements="4" conditionals="24" coveredconditionals="0" methods="8" coveredmethods="2"/>
          <line num="12" count="31" type="stmt"/>
          <line num="20" count="0" type="stmt"/>
          <line num="22" count="0" type="stmt"/>
          <line num="23" count="0" type="stmt"/>
          <line num="24" count="0" type="stmt"/>
          <line num="25" count="0" type="stmt"/>
          <line num="34" count="0" type="stmt"/>
          <line num="38" count="0" type="stmt"/>
          <line num="39" count="0" type="stmt"/>
          <line num="42" count="0" type="stmt"/>
          <line num="46" count="0" type="cond" truecount="0" falsecount="4"/>
          <line num="47" count="0" type="stmt"/>
          <line num="58" count="0" type="stmt"/>
          <line num="64" count="0" type="stmt"/>
          <line num="65" count="0" type="stmt"/>
          <line num="69" count="0" type="cond" truecount="0" falsecount="2"/>
          <line num="70" count="0" type="stmt"/>
          <line num="81" count="0" type="cond" truecount="0" falsecount="2"/>
          <line num="82" count="0" type="stmt"/>
          <line num="88" count="0" type="stmt"/>
          <line num="89" count="0" type="stmt"/>
          <line num="93" count="0" type="cond" truecount="0" falsecount="2"/>
          <line num="94" count="0" type="stmt"/>
          <line num="107" count="0" type="cond" truecount="0" falsecount="4"/>
          <line num="111" count="0" type="stmt"/>
          <line num="119" count="0" type="stmt"/>
          <line num="120" count="0" type="stmt"/>
          <line num="128" count="211" type="stmt"/>
          <line num="132" count="211" type="stmt"/>
          <line num="133" count="0" type="stmt"/>
          <line num="144" count="0" type="stmt"/>
          <line num="150" count="0" type="stmt"/>
          <line num="154" count="0" type="stmt"/>
          <line num="161" count="0" type="cond" truecount="0" falsecount="4"/>
          <line num="166" count="0" type="stmt"/>
          <line num="168" count="0" type="stmt"/>
          <line num="169" count="0" type="stmt"/>
          <line num="173" count="0" type="stmt"/>
          <line num="177" count="0" type="stmt"/>
          <line num="182" count="0" type="cond" truecount="0" falsecount="2"/>
          <line num="183" count="0" type="stmt"/>
          <line num="187" count="0" type="stmt"/>
          <line num="193" count="31" type="stmt"/>
        </file>
        <file name="durationHourElements.js" path="/Users/danpastori/Development/amplitude.dev/httpdocs/public/src/visual/time/durationHourElements.js">
          <metrics statements="30" coveredstatements="4" conditionals="14" coveredconditionals="0" methods="7" coveredmethods="2"/>
          <line num="12" count="31" type="stmt"/>
          <line num="19" count="0" type="stmt"/>
          <line num="20" count="0" type="stmt"/>
          <line num="21" count="0" type="stmt"/>
          <line num="22" count="0" type="stmt"/>
          <line num="31" count="0" type="stmt"/>
          <line num="35" count="0" type="stmt"/>
          <line num="36" count="0" type="stmt"/>
          <line num="39" count="0" type="stmt"/>
          <line num="43" count="0" type="cond" truecount="0" falsecount="4"/>
          <line num="44" count="0" type="stmt"/>
          <line num="55" count="0" type="stmt"/>
          <line num="61" count="0" type="stmt"/>
          <line num="62" count="0" type="stmt"/>
          <line num="66" count="0" type="cond" truecount="0" falsecount="2"/>
          <line num="67" count="0" type="stmt"/>
          <line num="78" count="0" type="cond" truecount="0" falsecount="2"/>
          <line num="79" count="0" type="stmt"/>
          <line num="85" count="0" type="stmt"/>
          <line num="86" count="0" type="stmt"/>
          <line num="90" count="0" type="cond" truecount="0" falsecount="2"/>
          <line num="91" count="0" type="stmt"/>
          <line num="104" count="0" type="cond" truecount="0" falsecount="4"/>
          <line num="108" count="0" type="stmt"/>
          <line num="116" count="0" type="stmt"/>
          <line num="117" count="0" type="stmt"/>
          <line num="125" count="211" type="stmt"/>
          <line num="129" count="211" type="stmt"/>
          <line num="130" count="0" type="stmt"/>
          <line num="137" count="31" type="stmt"/>
        </file>
        <file name="durationMinuteElements.js" path="/Users/danpastori/Development/amplitude.dev/httpdocs/public/src/visual/time/durationMinuteElements.js">
          <metrics statements="30" coveredstatements="4" conditionals="14" coveredconditionals="0" methods="7" coveredmethods="2"/>
          <line num="12" count="31" type="stmt"/>
          <line num="19" count="0" type="stmt"/>
          <line num="20" count="0" type="stmt"/>
          <line num="21" count="0" type="stmt"/>
          <line num="22" count="0" type="stmt"/>
          <line num="31" count="0" type="stmt"/>
          <line num="35" count="0" type="stmt"/>
          <line num="36" count="0" type="stmt"/>
          <line num="39" count="0" type="stmt"/>
          <line num="43" count="0" type="cond" truecount="0" falsecount="4"/>
          <line num="44" count="0" type="stmt"/>
          <line num="55" count="0" type="stmt"/>
          <line num="61" count="0" type="stmt"/>
          <line num="62" count="0" type="stmt"/>
          <line num="66" count="0" type="cond" truecount="0" falsecount="2"/>
          <line num="67" count="0" type="stmt"/>
          <line num="78" count="0" type="cond" truecount="0" falsecount="2"/>
          <line num="79" count="0" type="stmt"/>
          <line num="85" count="0" type="stmt"/>
          <line num="86" count="0" type="stmt"/>
          <line num="90" count="0" type="cond" truecount="0" falsecount="2"/>
          <line num="91" count="0" type="stmt"/>
          <line num="104" count="0" type="cond" truecount="0" falsecount="4"/>
          <line num="108" count="0" type="stmt"/>
          <line num="116" count="0" type="stmt"/>
          <line num="117" count="0" type="stmt"/>
          <line num="125" count="211" type="stmt"/>
          <line num="129" count="211" type="stmt"/>
          <line num="130" count="0" type="stmt"/>
          <line num="137" count="31" type="stmt"/>
        </file>
        <file name="durationSecondElements.js" path="/Users/danpastori/Development/amplitude.dev/httpdocs/public/src/visual/time/durationSecondElements.js">
          <metrics statements="30" coveredstatements="4" conditionals="14" coveredconditionals="0" methods="7" coveredmethods="2"/>
          <line num="12" count="31" type="stmt"/>
          <line num="19" count="0" type="stmt"/>
          <line num="20" count="0" type="stmt"/>
          <line num="21" count="0" type="stmt"/>
          <line num="22" count="0" type="stmt"/>
          <line num="31" count="0" type="stmt"/>
          <line num="35" count="0" type="stmt"/>
          <line num="36" count="0" type="stmt"/>
          <line num="39" count="0" type="stmt"/>
          <line num="43" count="0" type="cond" truecount="0" falsecount="4"/>
          <line num="44" count="0" type="stmt"/>
          <line num="55" count="0" type="stmt"/>
          <line num="61" count="0" type="stmt"/>
          <line num="62" count="0" type="stmt"/>
          <line num="66" count="0" type="cond" truecount="0" falsecount="2"/>
          <line num="67" count="0" type="stmt"/>
          <line num="78" count="0" type="cond" truecount="0" falsecount="2"/>
          <line num="79" count="0" type="stmt"/>
          <line num="85" count="0" type="stmt"/>
          <line num="86" count="0" type="stmt"/>
          <line num="90" count="0" type="cond" truecount="0" falsecount="2"/>
          <line num="91" count="0" type="stmt"/>
          <line num="104" count="0" type="cond" truecount="0" falsecount="4"/>
          <line num="108" count="0" type="stmt"/>
          <line num="116" count="0" type="stmt"/>
          <line num="117" count="0" type="stmt"/>
          <line num="125" count="211" type="stmt"/>
          <line num="129" count="211" type="stmt"/>
          <line num="130" count="0" type="stmt"/>
          <line num="137" count="31" type="stmt"/>
        </file>
        <file name="durationTimeElements.js" path="/Users/danpastori/Development/amplitude.dev/httpdocs/public/src/visual/time/durationTimeElements.js">
          <metrics statements="37" coveredstatements="4" conditionals="22" coveredconditionals="0" methods="8" coveredmethods="2"/>
          <line num="12" count="31" type="stmt"/>
          <line num="19" count="0" type="stmt"/>
          <line num="21" count="0" type="stmt"/>
          <line num="22" count="0" type="stmt"/>
          <line num="23" count="0" type="stmt"/>
          <line num="24" count="0" type="stmt"/>
          <line num="33" count="0" type="stmt"/>
          <line num="37" count="0" type="stmt"/>
          <line num="38" count="0" type="stmt"/>
          <line num="41" count="0" type="stmt"/>
          <line num="45" count="0" type="cond" truecount="0" falsecount="4"/>
          <line num="46" count="0" type="stmt"/>
          <line num="57" count="0" type="stmt"/>
          <line num="63" count="0" type="stmt"/>
          <line num="64" count="0" type="stmt"/>
          <line num="68" count="0" type="cond" truecount="0" falsecount="2"/>
          <line num="69" count="0" type="stmt"/>
          <line num="80" count="0" type="cond" truecount="0" falsecount="2"/>
          <line num="81" count="0" type="stmt"/>
          <line num="87" count="0" type="stmt"/>
          <line num="88" count="0" type="stmt"/>
          <line num="92" count="0" type="cond" truecount="0" falsecount="2"/>
          <line num="93" count="0" type="stmt"/>
          <line num="106" count="0" type="cond" truecount="0" falsecount="4"/>
          <line num="110" count="0" type="stmt"/>
          <line num="118" count="0" type="stmt"/>
          <line num="119" count="0" type="stmt"/>
          <line num="127" count="211" type="stmt"/>
          <line num="131" count="211" type="stmt"/>
          <line num="132" count="0" type="stmt"/>
          <line num="142" count="0" type="stmt"/>
          <line num="144" count="0" type="cond" truecount="0" falsecount="4"/>
          <line num="145" count="0" type="stmt"/>
          <line num="146" count="0" type="cond" truecount="0" falsecount="4"/>
          <line num="147" count="0" type="stmt"/>
          <line num="151" count="0" type="stmt"/>
          <line num="157" count="31" type="stmt"/>
        </file>
      </package>
      <package name="tests">
        <metrics statements="78" coveredstatements="75" conditionals="0" coveredconditionals="0" methods="10" coveredmethods="6"/>
        <file name="setup.js" path="/Users/danpastori/Development/amplitude.dev/httpdocs/public/tests/setup.js">
          <metrics statements="78" coveredstatements="75" conditionals="0" coveredconditionals="0" methods="10" coveredmethods="6"/>
          <line num="1" count="31" type="stmt"/>
          <line num="2" count="31" type="stmt"/>
          <line num="3" count="31" type="stmt"/>
          <line num="5" count="31" type="stmt"/>
          <line num="7" count="31" type="stmt"/>
          <line num="9" count="159" type="stmt"/>
          <line num="27" count="0" type="stmt"/>
          <line num="30" count="0" type="stmt"/>
          <line num="33" count="0" type="stmt"/>
          <line num="153" count="159" type="stmt"/>
          <line num="154" count="159" type="stmt"/>
          <line num="158" count="159" type="stmt"/>
          <line num="161" count="159" type="stmt"/>
          <line num="162" count="56" type="stmt"/>
          <line num="164" count="159" type="stmt"/>
          <line num="165" count="239" type="stmt"/>
          <line num="171" count="159" type="stmt"/>
          <line num="173" count="277" type="stmt"/>
          <line num="176" count="338" type="stmt"/>
          <line num="184" count="159" type="stmt"/>
          <line num="186" count="14" type="stmt"/>
          <line num="189" count="161" type="stmt"/>
          <line num="197" count="159" type="stmt"/>
          <line num="199" count="4" type="stmt"/>
          <line num="202" count="225" type="stmt"/>
          <line num="210" count="159" type="stmt"/>
          <line num="212" count="2" type="stmt"/>
          <line num="215" count="193" type="stmt"/>
          <line num="223" count="159" type="stmt"/>
          <line num="225" count="8" type="stmt"/>
          <line num="228" count="193" type="stmt"/>
          <line num="236" count="159" type="stmt"/>
          <line num="238" count="460" type="stmt"/>
          <line num="241" count="13" type="stmt"/>
          <line num="247" count="159" type="stmt"/>
          <line num="249" count="159" type="stmt"/>
          <line num="251" count="159" type="stmt"/>
          <line num="253" count="159" type="stmt"/>
          <line num="255" count="159" type="stmt"/>
          <line num="257" count="159" type="stmt"/>
          <line num="259" count="159" type="stmt"/>
          <line num="261" count="159" type="stmt"/>
          <line num="263" count="159" type="stmt"/>
          <line num="265" count="159" type="stmt"/>
          <line num="267" count="159" type="stmt"/>
          <line num="269" count="159" type="stmt"/>
          <line num="271" count="159" type="stmt"/>
          <line num="273" count="159" type="stmt"/>
          <line num="275" count="159" type="stmt"/>
          <line num="277" count="159" type="stmt"/>
          <line num="279" count="159" type="stmt"/>
          <line num="281" count="159" type="stmt"/>
          <line num="283" count="159" type="stmt"/>
          <line num="285" count="159" type="stmt"/>
          <line num="287" count="159" type="stmt"/>
          <line num="289" count="159" type="stmt"/>
          <line num="291" count="159" type="stmt"/>
          <line num="293" count="159" type="stmt"/>
          <line num="295" count="159" type="stmt"/>
          <line num="297" count="159" type="stmt"/>
          <line num="299" count="159" type="stmt"/>
          <line num="301" count="159" type="stmt"/>
          <line num="303" count="159" type="stmt"/>
          <line num="305" count="159" type="stmt"/>
          <line num="307" count="159" type="stmt"/>
          <line num="309" count="159" type="stmt"/>
          <line num="311" count="159" type="stmt"/>
          <line num="313" count="159" type="stmt"/>
          <line num="315" count="159" type="stmt"/>
          <line num="317" count="159" type="stmt"/>
          <line num="319" count="159" type="stmt"/>
          <line num="321" count="159" type="stmt"/>
          <line num="323" count="159" type="stmt"/>
          <line num="325" count="159" type="stmt"/>
          <line num="327" count="159" type="stmt"/>
          <line num="329" count="159" type="stmt"/>
          <line num="331" count="159" type="stmt"/>
          <line num="334" count="31" type="stmt"/>
        </file>
      </package>
    </metrics>
  </project>
</coverage>
