<?xml version="1.0" encoding="UTF-8"?>
<coverage generated="1544459573262" clover="3.2.0">
  <project timestamp="1544459573262" name="All files">
    <metrics statements="2443" coveredstatements="1235" conditionals="1214" coveredconditionals="464" methods="448" coveredmethods="259" elements="4105" coveredelements="1958" complexity="0" loc="2443" ncloc="2443" packages="11" files="62" classes="62">
      <package name="dist.visualizations">
        <metrics statements="315" coveredstatements="5" conditionals="56" coveredconditionals="0" methods="31" coveredmethods="0"/>
        <file name="bar.js" path="/Users/danpastori/Development/amplitude.dev/httpdocs/public/dist/visualizations/bar.js">
          <metrics statements="46" coveredstatements="0" conditionals="4" coveredconditionals="0" methods="7" coveredmethods="0"/>
          <line num="9" count="0" type="stmt"/>
          <line num="10" count="0" type="stmt"/>
          <line num="11" count="0" type="stmt"/>
          <line num="16" count="0" type="stmt"/>
          <line num="30" count="0" type="stmt"/>
          <line num="36" count="0" type="stmt"/>
          <line num="37" count="0" type="stmt"/>
          <line num="38" count="0" type="stmt"/>
          <line num="39" count="0" type="stmt"/>
          <line num="40" count="0" type="stmt"/>
          <line num="45" count="0" type="stmt"/>
          <line num="46" count="0" type="stmt"/>
          <line num="52" count="0" type="stmt"/>
          <line num="53" count="0" type="stmt"/>
          <line num="61" count="0" type="stmt"/>
          <line num="62" count="0" type="stmt"/>
          <line num="63" count="0" type="cond" truecount="0" falsecount="2"/>
          <line num="64" count="0" type="stmt"/>
          <line num="74" count="0" type="stmt"/>
          <line num="78" count="0" type="stmt"/>
          <line num="83" count="0" type="stmt"/>
          <line num="88" count="0" type="stmt"/>
          <line num="95" count="0" type="cond" truecount="0" falsecount="2"/>
          <line num="96" count="0" type="stmt"/>
          <line num="97" count="0" type="stmt"/>
          <line num="103" count="0" type="stmt"/>
          <line num="104" count="0" type="stmt"/>
          <line num="109" count="0" type="stmt"/>
          <line num="110" count="0" type="stmt"/>
          <line num="116" count="0" type="stmt"/>
          <line num="117" count="0" type="stmt"/>
          <line num="122" count="0" type="stmt"/>
          <line num="128" count="0" type="stmt"/>
          <line num="129" count="0" type="stmt"/>
          <line num="130" count="0" type="stmt"/>
          <line num="136" count="0" type="stmt"/>
          <line num="141" count="0" type="stmt"/>
          <line num="146" count="0" type="stmt"/>
          <line num="147" count="0" type="stmt"/>
          <line num="152" count="0" type="stmt"/>
          <line num="157" count="0" type="stmt"/>
          <line num="158" count="0" type="stmt"/>
          <line num="159" count="0" type="stmt"/>
          <line num="165" count="0" type="stmt"/>
          <line num="166" count="0" type="stmt"/>
          <line num="168" count="0" type="stmt"/>
        </file>
        <file name="michaelbromley.js" path="/Users/danpastori/Development/amplitude.dev/httpdocs/public/dist/visualizations/michaelbromley.js">
          <metrics statements="269" coveredstatements="5" conditionals="52" coveredconditionals="0" methods="24" coveredmethods="0"/>
          <line num="9" count="0" type="stmt"/>
          <line num="10" count="0" type="stmt"/>
          <line num="15" count="0" type="stmt"/>
          <line num="20" count="0" type="stmt"/>
          <line num="21" count="0" type="stmt"/>
          <line num="31" count="0" type="stmt"/>
          <line num="36" count="0" type="stmt"/>
          <line num="37" count="0" type="stmt"/>
          <line num="42" count="0" type="stmt"/>
          <line num="43" count="0" type="stmt"/>
          <line num="44" count="0" type="stmt"/>
          <line num="49" count="0" type="stmt"/>
          <line num="50" count="0" type="stmt"/>
          <line num="55" count="0" type="stmt"/>
          <line num="56" count="0" type="stmt"/>
          <line num="61" count="0" type="stmt"/>
          <line num="62" count="0" type="stmt"/>
          <line num="67" count="0" type="stmt"/>
          <line num="68" count="0" type="stmt"/>
          <line num="69" count="0" type="stmt"/>
          <line num="74" count="0" type="stmt"/>
          <line num="81" count="0" type="stmt"/>
          <line num="82" count="0" type="stmt"/>
          <line num="83" count="0" type="cond" truecount="0" falsecount="2"/>
          <line num="84" count="0" type="stmt"/>
          <line num="94" count="0" type="stmt"/>
          <line num="98" count="0" type="stmt"/>
          <line num="99" count="0" type="stmt"/>
          <line num="105" count="0" type="cond" truecount="0" falsecount="2"/>
          <line num="106" count="0" type="stmt"/>
          <line num="107" count="0" type="stmt"/>
          <line num="113" count="0" type="stmt"/>
          <line num="114" count="0" type="stmt"/>
          <line num="115" count="0" type="stmt"/>
          <line num="116" count="0" type="stmt"/>
          <line num="121" count="0" type="stmt"/>
          <line num="122" count="0" type="stmt"/>
          <line num="123" count="0" type="stmt"/>
          <line num="124" count="0" type="stmt"/>
          <line num="129" count="0" type="stmt"/>
          <line num="130" count="0" type="stmt"/>
          <line num="131" count="0" type="stmt"/>
          <line num="136" count="0" type="stmt"/>
          <line num="137" count="0" type="stmt"/>
          <line num="142" count="0" type="stmt"/>
          <line num="143" count="0" type="stmt"/>
          <line num="148" count="0" type="stmt"/>
          <line num="153" count="0" type="stmt"/>
          <line num="154" count="0" type="stmt"/>
          <line num="159" count="0" type="stmt"/>
          <line num="165" count="0" type="stmt"/>
          <line num="169" count="0" type="stmt"/>
          <line num="176" count="0" type="stmt"/>
          <line num="181" count="0" type="stmt"/>
          <line num="186" count="0" type="stmt"/>
          <line num="191" count="0" type="stmt"/>
          <line num="192" count="0" type="stmt"/>
          <line num="193" count="0" type="stmt"/>
          <line num="195" count="0" type="stmt"/>
          <line num="196" count="0" type="stmt"/>
          <line num="197" count="0" type="stmt"/>
          <line num="198" count="0" type="stmt"/>
          <line num="199" count="0" type="stmt"/>
          <line num="201" count="0" type="stmt"/>
          <line num="202" count="0" type="stmt"/>
          <line num="203" count="0" type="stmt"/>
          <line num="216" count="0" type="stmt"/>
          <line num="217" count="0" type="stmt"/>
          <line num="219" count="0" type="stmt"/>
          <line num="220" count="0" type="stmt"/>
          <line num="221" count="0" type="stmt"/>
          <line num="222" count="0" type="stmt"/>
          <line num="223" count="0" type="stmt"/>
          <line num="231" count="0" type="cond" truecount="0" falsecount="2"/>
          <line num="232" count="0" type="cond" truecount="0" falsecount="2"/>
          <line num="236" count="0" type="stmt"/>
          <line num="237" count="0" type="stmt"/>
          <line num="238" count="0" type="stmt"/>
          <line num="243" count="0" type="stmt"/>
          <line num="244" count="0" type="stmt"/>
          <line num="249" count="0" type="stmt"/>
          <line num="250" count="0" type="stmt"/>
          <line num="251" count="0" type="stmt"/>
          <line num="256" count="0" type="stmt"/>
          <line num="257" count="0" type="stmt"/>
          <line num="258" count="0" type="stmt"/>
          <line num="263" count="0" type="stmt"/>
          <line num="264" count="0" type="stmt"/>
          <line num="269" count="0" type="stmt"/>
          <line num="270" count="0" type="stmt"/>
          <line num="271" count="0" type="stmt"/>
          <line num="273" count="0" type="cond" truecount="0" falsecount="2"/>
          <line num="276" count="0" type="stmt"/>
          <line num="277" count="0" type="stmt"/>
          <line num="278" count="0" type="stmt"/>
          <line num="289" count="0" type="stmt"/>
          <line num="294" count="0" type="stmt"/>
          <line num="299" count="0" type="stmt"/>
          <line num="300" count="0" type="stmt"/>
          <line num="306" count="0" type="stmt"/>
          <line num="307" count="0" type="stmt"/>
          <line num="313" count="0" type="stmt"/>
          <line num="314" count="0" type="cond" truecount="0" falsecount="2"/>
          <line num="315" count="0" type="stmt"/>
          <line num="322" count="0" type="stmt"/>
          <line num="329" count="0" type="stmt"/>
          <line num="331" count="0" type="stmt"/>
          <line num="333" count="0" type="stmt"/>
          <line num="334" count="0" type="stmt"/>
          <line num="335" count="0" type="stmt"/>
          <line num="336" count="0" type="stmt"/>
          <line num="337" count="0" type="stmt"/>
          <line num="338" count="0" type="stmt"/>
          <line num="342" count="0" type="stmt"/>
          <line num="346" count="0" type="stmt"/>
          <line num="347" count="0" type="stmt"/>
          <line num="352" count="0" type="stmt"/>
          <line num="353" count="0" type="stmt"/>
          <line num="360" count="0" type="stmt"/>
          <line num="365" count="0" type="stmt"/>
          <line num="369" count="0" type="stmt"/>
          <line num="370" count="0" type="stmt"/>
          <line num="373" count="0" type="stmt"/>
          <line num="380" count="0" type="stmt"/>
          <line num="381" count="0" type="stmt"/>
          <line num="389" count="0" type="stmt"/>
          <line num="396" count="0" type="stmt"/>
          <line num="403" count="0" type="stmt"/>
          <line num="404" count="0" type="stmt"/>
          <line num="405" count="0" type="stmt"/>
          <line num="407" count="0" type="stmt"/>
          <line num="409" count="0" type="stmt"/>
          <line num="416" count="0" type="stmt"/>
          <line num="433" count="0" type="stmt"/>
          <line num="434" count="0" type="stmt"/>
          <line num="435" count="0" type="stmt"/>
          <line num="436" count="0" type="stmt"/>
          <line num="437" count="0" type="stmt"/>
          <line num="438" count="0" type="stmt"/>
          <line num="443" count="0" type="stmt"/>
          <line num="447" count="0" type="stmt"/>
          <line num="451" count="0" type="cond" truecount="0" falsecount="2"/>
          <line num="456" count="0" type="stmt"/>
          <line num="458" count="0" type="stmt"/>
          <line num="459" count="0" type="stmt"/>
          <line num="460" count="0" type="stmt"/>
          <line num="465" count="0" type="stmt"/>
          <line num="466" count="0" type="stmt"/>
          <line num="468" count="0" type="stmt"/>
          <line num="469" count="0" type="stmt"/>
          <line num="471" count="0" type="stmt"/>
          <line num="474" count="0" type="stmt"/>
          <line num="480" count="31" type="stmt"/>
          <line num="484" count="0" type="stmt"/>
          <line num="486" count="0" type="cond" truecount="0" falsecount="2"/>
          <line num="487" count="0" type="stmt"/>
          <line num="488" count="0" type="stmt"/>
          <line num="489" count="0" type="stmt"/>
          <line num="496" count="31" type="stmt"/>
          <line num="497" count="0" type="stmt"/>
          <line num="498" count="0" type="stmt"/>
          <line num="499" count="0" type="cond" truecount="0" falsecount="2"/>
          <line num="503" count="0" type="cond" truecount="0" falsecount="2"/>
          <line num="504" count="0" type="stmt"/>
          <line num="506" count="0" type="stmt"/>
          <line num="507" count="0" type="stmt"/>
          <line num="514" count="0" type="cond" truecount="0" falsecount="2"/>
          <line num="515" count="0" type="stmt"/>
          <line num="516" count="0" type="stmt"/>
          <line num="517" count="0" type="stmt"/>
          <line num="522" count="0" type="stmt"/>
          <line num="523" count="0" type="stmt"/>
          <line num="524" count="0" type="stmt"/>
          <line num="527" count="0" type="stmt"/>
          <line num="529" count="0" type="cond" truecount="0" falsecount="2"/>
          <line num="530" count="0" type="stmt"/>
          <line num="531" count="0" type="stmt"/>
          <line num="532" count="0" type="stmt"/>
          <line num="533" count="0" type="cond" truecount="0" falsecount="2"/>
          <line num="534" count="0" type="stmt"/>
          <line num="535" count="0" type="stmt"/>
          <line num="536" count="0" type="stmt"/>
          <line num="538" count="0" type="stmt"/>
          <line num="539" count="0" type="stmt"/>
          <line num="540" count="0" type="stmt"/>
          <line num="543" count="0" type="cond" truecount="0" falsecount="2"/>
          <line num="547" count="0" type="stmt"/>
          <line num="550" count="0" type="cond" truecount="0" falsecount="2"/>
          <line num="554" count="0" type="stmt"/>
          <line num="560" count="0" type="stmt"/>
          <line num="561" count="0" type="stmt"/>
          <line num="563" count="0" type="stmt"/>
          <line num="568" count="0" type="stmt"/>
          <line num="573" count="0" type="cond" truecount="0" falsecount="2"/>
          <line num="574" count="0" type="stmt"/>
          <line num="575" count="0" type="stmt"/>
          <line num="576" count="0" type="stmt"/>
          <line num="577" count="0" type="stmt"/>
          <line num="587" count="31" type="stmt"/>
          <line num="588" count="0" type="stmt"/>
          <line num="593" count="0" type="stmt"/>
          <line num="597" count="0" type="stmt"/>
          <line num="598" count="0" type="stmt"/>
          <line num="601" count="0" type="stmt"/>
          <line num="603" count="0" type="stmt"/>
          <line num="609" count="0" type="stmt"/>
          <line num="613" count="0" type="stmt"/>
          <line num="615" count="0" type="stmt"/>
          <line num="616" count="0" type="stmt"/>
          <line num="617" count="0" type="stmt"/>
          <line num="618" count="0" type="cond" truecount="0" falsecount="2"/>
          <line num="619" count="0" type="cond" truecount="0" falsecount="2"/>
          <line num="620" count="0" type="stmt"/>
          <line num="626" count="31" type="stmt"/>
          <line num="627" count="0" type="stmt"/>
          <line num="631" count="0" type="stmt"/>
          <line num="632" count="0" type="stmt"/>
          <line num="637" count="0" type="stmt"/>
          <line num="638" count="0" type="stmt"/>
          <line num="640" count="0" type="stmt"/>
          <line num="642" count="0" type="stmt"/>
          <line num="643" count="0" type="stmt"/>
          <line num="644" count="0" type="stmt"/>
          <line num="645" count="0" type="stmt"/>
          <line num="646" count="0" type="stmt"/>
          <line num="647" count="0" type="stmt"/>
          <line num="662" count="0" type="stmt"/>
          <line num="663" count="0" type="stmt"/>
          <line num="664" count="0" type="stmt"/>
          <line num="665" count="0" type="stmt"/>
          <line num="666" count="0" type="stmt"/>
          <line num="667" count="0" type="stmt"/>
          <line num="668" count="0" type="stmt"/>
          <line num="669" count="0" type="stmt"/>
          <line num="670" count="0" type="stmt"/>
          <line num="676" count="31" type="stmt"/>
          <line num="677" count="0" type="stmt"/>
          <line num="678" count="0" type="stmt"/>
          <line num="683" count="0" type="stmt"/>
          <line num="687" count="0" type="stmt"/>
          <line num="688" count="0" type="stmt"/>
          <line num="691" count="0" type="stmt"/>
          <line num="696" count="0" type="stmt"/>
          <line num="697" count="0" type="stmt"/>
          <line num="698" count="0" type="stmt"/>
          <line num="699" count="0" type="stmt"/>
          <line num="700" count="0" type="stmt"/>
          <line num="701" count="0" type="stmt"/>
          <line num="702" count="0" type="stmt"/>
          <line num="703" count="0" type="stmt"/>
          <line num="704" count="0" type="cond" truecount="0" falsecount="2"/>
          <line num="705" count="0" type="cond" truecount="0" falsecount="2"/>
          <line num="706" count="0" type="stmt"/>
          <line num="707" count="0" type="stmt"/>
          <line num="708" count="0" type="stmt"/>
          <line num="713" count="0" type="stmt"/>
          <line num="714" count="0" type="stmt"/>
          <line num="715" count="0" type="cond" truecount="0" falsecount="2"/>
          <line num="716" count="0" type="stmt"/>
          <line num="719" count="0" type="stmt"/>
          <line num="720" count="0" type="stmt"/>
          <line num="721" count="0" type="cond" truecount="0" falsecount="2"/>
          <line num="722" count="0" type="cond" truecount="0" falsecount="2"/>
          <line num="724" count="0" type="stmt"/>
          <line num="725" count="0" type="stmt"/>
          <line num="726" count="0" type="cond" truecount="0" falsecount="6"/>
          <line num="730" count="0" type="stmt"/>
          <line num="731" count="0" type="stmt"/>
          <line num="732" count="0" type="stmt"/>
        </file>
      </package>
      <package name="src">
        <metrics statements="183" coveredstatements="125" conditionals="100" coveredconditionals="52" methods="58" coveredmethods="44"/>
        <file name="config.js" path="/Users/danpastori/Development/amplitude.dev/httpdocs/public/src/config.js">
          <metrics statements="1" coveredstatements="1" conditionals="0" coveredconditionals="0" methods="0" coveredmethods="0"/>
          <line num="52" count="31" type="stmt"/>
        </file>
        <file name="index.js" path="/Users/danpastori/Development/amplitude.dev/httpdocs/public/src/index.js">
          <metrics statements="182" coveredstatements="124" conditionals="100" coveredconditionals="52" methods="58" coveredmethods="44"/>
          <line num="128" count="31" type="stmt"/>
          <line num="139" count="159" type="stmt"/>
          <line num="146" count="0" type="stmt"/>
          <line num="157" count="0" type="stmt"/>
          <line num="168" count="1" type="stmt"/>
          <line num="179" count="1" type="stmt"/>
          <line num="190" count="1" type="stmt"/>
          <line num="201" count="1" type="stmt"/>
          <line num="212" count="1" type="stmt"/>
          <line num="224" count="3" type="stmt"/>
          <line num="237" count="7" type="stmt"/>
          <line num="239" count="7" type="stmt"/>
          <line num="252" count="7" type="stmt"/>
          <line num="254" count="7" type="stmt"/>
          <line num="255" count="7" type="stmt"/>
          <line num="267" count="1" type="stmt"/>
          <line num="268" count="1" type="stmt"/>
          <line num="281" count="1" type="stmt"/>
          <line num="282" count="1" type="stmt"/>
          <line num="294" count="1" type="cond" truecount="1" falsecount="1"/>
          <line num="298" count="1" type="stmt"/>
          <line num="303" count="1" type="stmt"/>
          <line num="315" count="1" type="stmt"/>
          <line num="327" count="1" type="stmt"/>
          <line num="341" count="1" type="stmt"/>
          <line num="355" count="1" type="stmt"/>
          <line num="369" count="1" type="stmt"/>
          <line num="385" count="1" type="cond" truecount="4" falsecount="1"/>
          <line num="389" count="1" type="stmt"/>
          <line num="405" count="1" type="stmt"/>
          <line num="418" count="1" type="stmt"/>
          <line num="430" count="1" type="stmt"/>
          <line num="443" count="1" type="stmt"/>
          <line num="457" count="1" type="stmt"/>
          <line num="459" count="1" type="stmt"/>
          <line num="476" count="1" type="cond" truecount="1" falsecount="1"/>
          <line num="477" count="0" type="stmt"/>
          <line num="480" count="1" type="stmt"/>
          <line num="482" count="1" type="cond" truecount="1" falsecount="1"/>
          <line num="483" count="0" type="stmt"/>
          <line num="486" count="1" type="stmt"/>
          <line num="501" count="1" type="cond" truecount="1" falsecount="1"/>
          <line num="502" count="1" type="stmt"/>
          <line num="504" count="1" type="cond" truecount="1" falsecount="1"/>
          <line num="505" count="0" type="stmt"/>
          <line num="508" count="1" type="stmt"/>
          <line num="510" count="0" type="stmt"/>
          <line num="511" count="0" type="stmt"/>
          <line num="526" count="2" type="cond" truecount="2" falsecount="0"/>
          <line num="530" count="1" type="stmt"/>
          <line num="535" count="1" type="stmt"/>
          <line num="541" count="1" type="stmt"/>
          <line num="542" count="1" type="cond" truecount="1" falsecount="1"/>
          <line num="543" count="1" type="stmt"/>
          <line num="550" count="1" type="stmt"/>
          <line num="551" count="1" type="stmt"/>
          <line num="552" count="1" type="stmt"/>
          <line num="553" count="1" type="stmt"/>
          <line num="554" count="1" type="stmt"/>
          <line num="556" count="1" type="stmt"/>
          <line num="558" count="1" type="stmt"/>
          <line num="559" count="1" type="stmt"/>
          <line num="573" count="1" type="stmt"/>
          <line num="587" count="1" type="cond" truecount="1" falsecount="1"/>
          <line num="588" count="1" type="stmt"/>
          <line num="607" count="1" type="cond" truecount="1" falsecount="1"/>
          <line num="608" count="1" type="stmt"/>
          <line num="609" count="1" type="stmt"/>
          <line num="610" count="1" type="stmt"/>
          <line num="616" count="0" type="stmt"/>
          <line num="622" count="1" type="stmt"/>
          <line num="627" count="1" type="stmt"/>
          <line num="632" count="1" type="stmt"/>
          <line num="638" count="1" type="stmt"/>
          <line num="643" count="1" type="stmt"/>
          <line num="648" count="1" type="stmt"/>
          <line num="653" count="1" type="stmt"/>
          <line num="658" count="1" type="stmt"/>
          <line num="673" count="6" type="stmt"/>
          <line num="678" count="6" type="cond" truecount="2" falsecount="0"/>
          <line num="679" count="1" type="stmt"/>
          <line num="681" count="1" type="stmt"/>
          <line num="687" count="6" type="cond" truecount="2" falsecount="0"/>
          <line num="688" count="4" type="stmt"/>
          <line num="694" count="6" type="stmt"/>
          <line num="699" count="6" type="stmt"/>
          <line num="704" count="6" type="stmt"/>
          <line num="717" count="9" type="stmt"/>
          <line num="722" count="9" type="cond" truecount="1" falsecount="1"/>
          <line num="723" count="9" type="stmt"/>
          <line num="725" count="9" type="stmt"/>
          <line num="735" count="9" type="cond" truecount="1" falsecount="1"/>
          <line num="736" count="0" type="stmt"/>
          <line num="746" count="9" type="stmt"/>
          <line num="751" count="9" type="stmt"/>
          <line num="756" count="9" type="stmt"/>
          <line num="769" count="0" type="stmt"/>
          <line num="771" count="0" type="stmt"/>
          <line num="784" count="0" type="stmt"/>
          <line num="786" count="0" type="stmt"/>
          <line num="797" count="0" type="stmt"/>
          <line num="808" count="0" type="stmt"/>
          <line num="820" count="0" type="stmt"/>
          <line num="825" count="0" type="cond" truecount="0" falsecount="4"/>
          <line num="830" count="0" type="cond" truecount="0" falsecount="4"/>
          <line num="831" count="0" type="stmt"/>
          <line num="833" count="0" type="stmt"/>
          <line num="836" count="0" type="stmt"/>
          <line num="849" count="4" type="stmt"/>
          <line num="855" count="4" type="cond" truecount="4" falsecount="0"/>
          <line num="860" count="2" type="cond" truecount="2" falsecount="2"/>
          <line num="861" count="2" type="stmt"/>
          <line num="863" count="0" type="stmt"/>
          <line num="866" count="2" type="stmt"/>
          <line num="878" count="1" type="stmt"/>
          <line num="890" count="1" type="stmt"/>
          <line num="902" count="2" type="cond" truecount="2" falsecount="0"/>
          <line num="903" count="1" type="stmt"/>
          <line num="905" count="1" type="stmt"/>
          <line num="920" count="2" type="cond" truecount="2" falsecount="0"/>
          <line num="921" count="1" type="stmt"/>
          <line num="923" count="1" type="stmt"/>
          <line num="935" count="1" type="stmt"/>
          <line num="946" count="1" type="stmt"/>
          <line num="957" count="0" type="stmt"/>
          <line num="971" count="0" type="stmt"/>
          <line num="973" count="0" type="cond" truecount="0" falsecount="2"/>
          <line num="977" count="0" type="cond" truecount="0" falsecount="2"/>
          <line num="978" count="0" type="stmt"/>
          <line num="985" count="0" type="stmt"/>
          <line num="990" count="0" type="stmt"/>
          <line num="995" count="0" type="stmt"/>
          <line num="996" count="0" type="stmt"/>
          <line num="997" count="0" type="stmt"/>
          <line num="1002" count="0" type="stmt"/>
          <line num="1008" count="0" type="stmt"/>
          <line num="1009" count="0" type="stmt"/>
          <line num="1014" count="0" type="stmt"/>
          <line num="1015" count="0" type="stmt"/>
          <line num="1020" count="0" type="stmt"/>
          <line num="1040" count="2" type="cond" truecount="2" falsecount="0"/>
          <line num="1048" count="1" type="stmt"/>
          <line num="1049" count="2" type="cond" truecount="1" falsecount="1"/>
          <line num="1050" count="2" type="cond" truecount="5" falsecount="1"/>
          <line num="1051" count="2" type="stmt"/>
          <line num="1059" count="1" type="stmt"/>
          <line num="1060" count="2" type="cond" truecount="1" falsecount="1"/>
          <line num="1061" count="2" type="cond" truecount="5" falsecount="1"/>
          <line num="1062" count="2" type="stmt"/>
          <line num="1071" count="2" type="stmt"/>
          <line num="1072" count="2" type="stmt"/>
          <line num="1076" count="1" type="cond" truecount="1" falsecount="1"/>
          <line num="1081" count="1" type="stmt"/>
          <line num="1083" count="1" type="stmt"/>
          <line num="1084" count="2" type="cond" truecount="1" falsecount="1"/>
          <line num="1085" count="2" type="cond" truecount="1" falsecount="1"/>
          <line num="1086" count="2" type="stmt"/>
          <line num="1091" count="1" type="stmt"/>
          <line num="1093" count="0" type="stmt"/>
          <line num="1106" count="2" type="stmt"/>
          <line num="1117" count="1" type="stmt"/>
          <line num="1126" count="1" type="stmt"/>
          <line num="1142" count="0" type="stmt"/>
          <line num="1152" count="0" type="cond" truecount="0" falsecount="2"/>
          <line num="1153" count="0" type="cond" truecount="0" falsecount="2"/>
          <line num="1154" count="0" type="stmt"/>
          <line num="1156" count="0" type="stmt"/>
          <line num="1161" count="0" type="stmt"/>
          <line num="1172" count="0" type="cond" truecount="0" falsecount="2"/>
          <line num="1173" count="0" type="cond" truecount="0" falsecount="2"/>
          <line num="1174" count="0" type="stmt"/>
          <line num="1176" count="0" type="stmt"/>
          <line num="1181" count="0" type="stmt"/>
          <line num="1197" count="0" type="cond" truecount="0" falsecount="2"/>
          <line num="1198" count="0" type="cond" truecount="0" falsecount="2"/>
          <line num="1199" count="0" type="stmt"/>
          <line num="1203" count="0" type="stmt"/>
          <line num="1208" count="0" type="stmt"/>
          <line num="1216" count="0" type="cond" truecount="0" falsecount="2"/>
          <line num="1217" count="0" type="stmt"/>
          <line num="1219" count="0" type="stmt"/>
          <line num="1228" count="31" type="stmt"/>
        </file>
      </package>
      <package name="src.core">
        <metrics statements="39" coveredstatements="28" conditionals="20" coveredconditionals="10" methods="11" coveredmethods="8"/>
        <file name="core.js" path="/Users/danpastori/Development/amplitude.dev/httpdocs/public/src/core/core.js">
          <metrics statements="39" coveredstatements="28" conditionals="20" coveredconditionals="10" methods="11" coveredmethods="8"/>
          <line num="35" count="31" type="stmt"/>
          <line num="45" count="56" type="stmt"/>
          <line num="46" count="56" type="stmt"/>
          <line num="51" count="56" type="cond" truecount="1" falsecount="1"/>
          <line num="52" count="0" type="stmt"/>
          <line num="62" count="56" type="cond" truecount="1" falsecount="1"/>
          <line num="68" count="0" type="stmt"/>
          <line num="75" count="56" type="stmt"/>
          <line num="76" count="56" type="stmt"/>
          <line num="87" count="12" type="stmt"/>
          <line num="92" count="12" type="stmt"/>
          <line num="97" count="12" type="stmt"/>
          <line num="103" count="12" type="cond" truecount="1" falsecount="1"/>
          <line num="104" count="0" type="stmt"/>
          <line num="118" count="227" type="stmt"/>
          <line num="123" count="227" type="cond" truecount="2" falsecount="0"/>
          <line num="124" count="169" type="stmt"/>
          <line num="130" count="227" type="stmt"/>
          <line num="135" count="227" type="cond" truecount="1" falsecount="1"/>
          <line num="136" count="0" type="stmt"/>
          <line num="142" count="227" type="stmt"/>
          <line num="158" count="193" type="cond" truecount="2" falsecount="0"/>
          <line num="159" count="7" type="stmt"/>
          <line num="161" count="186" type="stmt"/>
          <line num="167" count="193" type="stmt"/>
          <line num="172" count="193" type="stmt"/>
          <line num="190" count="1" type="cond" truecount="1" falsecount="1"/>
          <line num="191" count="1" type="stmt"/>
          <line num="210" count="2" type="stmt"/>
          <line num="218" count="0" type="cond" truecount="0" falsecount="4"/>
          <line num="219" count="0" type="stmt"/>
          <line num="221" count="0" type="stmt"/>
          <line num="238" count="0" type="stmt"/>
          <line num="239" count="0" type="stmt"/>
          <line num="250" count="0" type="stmt"/>
          <line num="251" count="0" type="stmt"/>
          <line num="263" count="169" type="stmt"/>
          <line num="268" count="169" type="stmt"/>
          <line num="274" count="31" type="stmt"/>
        </file>
      </package>
      <package name="src.events">
        <metrics statements="518" coveredstatements="364" conditionals="298" coveredconditionals="161" methods="102" coveredmethods="78"/>
        <file name="ended.js" path="/Users/danpastori/Development/amplitude.dev/httpdocs/public/src/events/ended.js">
          <metrics statements="10" coveredstatements="2" conditionals="8" coveredconditionals="0" methods="3" coveredmethods="1"/>
          <line num="39" count="31" type="stmt"/>
          <line num="52" count="0" type="stmt"/>
          <line num="56" count="0" type="cond" truecount="0" falsecount="2"/>
          <line num="61" count="0" type="cond" truecount="0" falsecount="4"/>
          <line num="62" count="0" type="stmt"/>
          <line num="64" count="0" type="stmt"/>
          <line num="67" count="0" type="cond" truecount="0" falsecount="2"/>
          <line num="71" count="0" type="stmt"/>
          <line num="76" count="0" type="stmt"/>
          <line num="85" count="31" type="stmt"/>
        </file>
        <file name="events.js" path="/Users/danpastori/Development/amplitude.dev/httpdocs/public/src/events/events.js">
          <metrics statements="171" coveredstatements="129" conditionals="46" coveredconditionals="21" methods="25" coveredmethods="23"/>
          <line num="46" count="31" type="stmt"/>
          <line num="56" count="159" type="stmt"/>
          <line num="61" count="159" type="stmt"/>
          <line num="62" count="0" type="stmt"/>
          <line num="69" count="159" type="stmt"/>
          <line num="70" count="0" type="cond" truecount="0" falsecount="2"/>
          <line num="71" count="0" type="stmt"/>
          <line num="79" count="159" type="stmt"/>
          <line num="84" count="159" type="stmt"/>
          <line num="93" count="159" type="stmt"/>
          <line num="98" count="159" type="stmt"/>
          <line num="103" count="159" type="stmt"/>
          <line num="108" count="159" type="stmt"/>
          <line num="113" count="159" type="stmt"/>
          <line num="118" count="159" type="stmt"/>
          <line num="123" count="159" type="stmt"/>
          <line num="128" count="159" type="stmt"/>
          <line num="133" count="159" type="stmt"/>
          <line num="138" count="159" type="stmt"/>
          <line num="143" count="159" type="stmt"/>
          <line num="148" count="159" type="stmt"/>
          <line num="153" count="159" type="stmt"/>
          <line num="158" count="159" type="stmt"/>
          <line num="163" count="159" type="stmt"/>
          <line num="168" count="159" type="stmt"/>
          <line num="173" count="159" type="stmt"/>
          <line num="178" count="159" type="stmt"/>
          <line num="183" count="159" type="stmt"/>
          <line num="196" count="159" type="stmt"/>
          <line num="197" count="159" type="stmt"/>
          <line num="202" count="159" type="stmt"/>
          <line num="203" count="159" type="stmt"/>
          <line num="214" count="159" type="stmt"/>
          <line num="215" count="159" type="stmt"/>
          <line num="228" count="159" type="stmt"/>
          <line num="229" count="159" type="stmt"/>
          <line num="240" count="159" type="stmt"/>
          <line num="241" count="159" type="stmt"/>
          <line num="253" count="159" type="stmt"/>
          <line num="260" count="159" type="stmt"/>
          <line num="261" count="16" type="cond" truecount="1" falsecount="1"/>
          <line num="266" count="0" type="stmt"/>
          <line num="267" count="0" type="stmt"/>
          <line num="269" count="16" type="stmt"/>
          <line num="270" count="16" type="stmt"/>
          <line num="284" count="159" type="stmt"/>
          <line num="291" count="159" type="stmt"/>
          <line num="292" count="32" type="cond" truecount="1" falsecount="1"/>
          <line num="297" count="0" type="stmt"/>
          <line num="298" count="0" type="stmt"/>
          <line num="300" count="32" type="stmt"/>
          <line num="301" count="32" type="stmt"/>
          <line num="315" count="159" type="stmt"/>
          <line num="324" count="159" type="stmt"/>
          <line num="325" count="40" type="cond" truecount="1" falsecount="1"/>
          <line num="330" count="0" type="stmt"/>
          <line num="331" count="0" type="stmt"/>
          <line num="333" count="40" type="stmt"/>
          <line num="334" count="40" type="stmt"/>
          <line num="348" count="159" type="stmt"/>
          <line num="355" count="159" type="stmt"/>
          <line num="356" count="1" type="cond" truecount="1" falsecount="1"/>
          <line num="361" count="0" type="stmt"/>
          <line num="362" count="0" type="stmt"/>
          <line num="364" count="1" type="stmt"/>
          <line num="365" count="1" type="stmt"/>
          <line num="379" count="159" type="stmt"/>
          <line num="386" count="159" type="stmt"/>
          <line num="392" count="1" type="cond" truecount="1" falsecount="1"/>
          <line num="401" count="0" type="cond" truecount="0" falsecount="2"/>
          <line num="402" count="0" type="stmt"/>
          <line num="406" count="0" type="stmt"/>
          <line num="407" count="0" type="stmt"/>
          <line num="410" count="1" type="stmt"/>
          <line num="411" count="1" type="stmt"/>
          <line num="425" count="159" type="stmt"/>
          <line num="434" count="159" type="stmt"/>
          <line num="440" count="3" type="cond" truecount="1" falsecount="1"/>
          <line num="449" count="0" type="cond" truecount="0" falsecount="2"/>
          <line num="450" count="0" type="stmt"/>
          <line num="454" count="0" type="stmt"/>
          <line num="455" count="0" type="stmt"/>
          <line num="458" count="3" type="stmt"/>
          <line num="459" count="3" type="stmt"/>
          <line num="473" count="159" type="stmt"/>
          <line num="482" count="159" type="stmt"/>
          <line num="488" count="2" type="cond" truecount="1" falsecount="1"/>
          <line num="497" count="0" type="cond" truecount="0" falsecount="2"/>
          <line num="498" count="0" type="stmt"/>
          <line num="502" count="0" type="stmt"/>
          <line num="506" count="0" type="stmt"/>
          <line num="512" count="2" type="stmt"/>
          <line num="513" count="2" type="stmt"/>
          <line num="528" count="159" type="stmt"/>
          <line num="529" count="159" type="stmt"/>
          <line num="534" count="159" type="stmt"/>
          <line num="541" count="159" type="stmt"/>
          <line num="542" count="12" type="cond" truecount="3" falsecount="1"/>
          <line num="543" count="0" type="stmt"/>
          <line num="544" count="0" type="stmt"/>
          <line num="546" count="12" type="stmt"/>
          <line num="547" count="12" type="stmt"/>
          <line num="562" count="159" type="stmt"/>
          <line num="563" count="159" type="stmt"/>
          <line num="568" count="159" type="stmt"/>
          <line num="577" count="159" type="stmt"/>
          <line num="583" count="1" type="cond" truecount="1" falsecount="1"/>
          <line num="584" count="0" type="stmt"/>
          <line num="588" count="1" type="cond" truecount="3" falsecount="1"/>
          <line num="589" count="0" type="stmt"/>
          <line num="590" count="0" type="stmt"/>
          <line num="592" count="1" type="stmt"/>
          <line num="593" count="1" type="stmt"/>
          <line num="608" count="159" type="stmt"/>
          <line num="615" count="159" type="stmt"/>
          <line num="616" count="10" type="cond" truecount="1" falsecount="1"/>
          <line num="621" count="0" type="stmt"/>
          <line num="622" count="0" type="stmt"/>
          <line num="624" count="10" type="stmt"/>
          <line num="625" count="10" type="stmt"/>
          <line num="639" count="159" type="stmt"/>
          <line num="646" count="159" type="stmt"/>
          <line num="647" count="8" type="cond" truecount="1" falsecount="1"/>
          <line num="652" count="0" type="stmt"/>
          <line num="653" count="0" type="stmt"/>
          <line num="655" count="8" type="stmt"/>
          <line num="656" count="8" type="stmt"/>
          <line num="670" count="159" type="stmt"/>
          <line num="677" count="159" type="stmt"/>
          <line num="682" count="8" type="stmt"/>
          <line num="683" count="8" type="stmt"/>
          <line num="685" count="8" type="cond" truecount="1" falsecount="1"/>
          <line num="690" count="0" type="stmt"/>
          <line num="691" count="0" type="stmt"/>
          <line num="693" count="8" type="stmt"/>
          <line num="694" count="8" type="stmt"/>
          <line num="708" count="159" type="stmt"/>
          <line num="715" count="159" type="stmt"/>
          <line num="720" count="10" type="stmt"/>
          <line num="721" count="10" type="stmt"/>
          <line num="723" count="10" type="cond" truecount="1" falsecount="1"/>
          <line num="728" count="0" type="stmt"/>
          <line num="729" count="0" type="stmt"/>
          <line num="731" count="10" type="stmt"/>
          <line num="732" count="10" type="stmt"/>
          <line num="746" count="159" type="stmt"/>
          <line num="755" count="159" type="stmt"/>
          <line num="760" count="4" type="stmt"/>
          <line num="761" count="4" type="stmt"/>
          <line num="763" count="4" type="cond" truecount="1" falsecount="1"/>
          <line num="768" count="0" type="stmt"/>
          <line num="772" count="0" type="stmt"/>
          <line num="774" count="4" type="stmt"/>
          <line num="775" count="4" type="stmt"/>
          <line num="789" count="159" type="stmt"/>
          <line num="798" count="159" type="stmt"/>
          <line num="799" count="4" type="cond" truecount="1" falsecount="1"/>
          <line num="804" count="0" type="stmt"/>
          <line num="808" count="0" type="stmt"/>
          <line num="813" count="4" type="stmt"/>
          <line num="817" count="4" type="stmt"/>
          <line num="834" count="159" type="stmt"/>
          <line num="841" count="159" type="stmt"/>
          <line num="842" count="4" type="cond" truecount="1" falsecount="1"/>
          <line num="847" count="0" type="stmt"/>
          <line num="848" count="0" type="stmt"/>
          <line num="850" count="4" type="stmt"/>
          <line num="851" count="4" type="stmt"/>
          <line num="862" count="159" type="stmt"/>
          <line num="863" count="159" type="stmt"/>
          <line num="869" count="31" type="stmt"/>
        </file>
        <file name="keydown.js" path="/Users/danpastori/Development/amplitude.dev/httpdocs/public/src/events/keydown.js">
          <metrics statements="34" coveredstatements="2" conditionals="22" coveredconditionals="0" methods="9" coveredmethods="1"/>
          <line num="52" count="31" type="stmt"/>
          <line num="63" count="0" type="stmt"/>
          <line num="76" count="0" type="cond" truecount="0" falsecount="2"/>
          <line num="80" count="0" type="cond" truecount="0" falsecount="6"/>
          <line num="85" count="0" type="stmt"/>
          <line num="86" count="0" type="stmt"/>
          <line num="92" count="0" type="stmt"/>
          <line num="93" count="0" type="stmt"/>
          <line num="99" count="0" type="stmt"/>
          <line num="100" count="0" type="stmt"/>
          <line num="106" count="0" type="stmt"/>
          <line num="107" count="0" type="stmt"/>
          <line num="113" count="0" type="stmt"/>
          <line num="114" count="0" type="stmt"/>
          <line num="120" count="0" type="stmt"/>
          <line num="121" count="0" type="stmt"/>
          <line num="134" count="0" type="cond" truecount="0" falsecount="2"/>
          <line num="135" count="0" type="stmt"/>
          <line num="137" count="0" type="stmt"/>
          <line num="145" count="0" type="stmt"/>
          <line num="156" count="0" type="cond" truecount="0" falsecount="4"/>
          <line num="157" count="0" type="stmt"/>
          <line num="159" count="0" type="stmt"/>
          <line num="171" count="0" type="cond" truecount="0" falsecount="4"/>
          <line num="172" count="0" type="stmt"/>
          <line num="174" count="0" type="stmt"/>
          <line num="185" count="0" type="stmt"/>
          <line num="190" count="0" type="stmt"/>
          <line num="201" count="0" type="cond" truecount="0" falsecount="4"/>
          <line num="202" count="0" type="stmt"/>
          <line num="204" count="0" type="stmt"/>
          <line num="215" count="0" type="stmt"/>
          <line num="220" count="0" type="stmt"/>
          <line num="226" count="31" type="stmt"/>
        </file>
        <file name="mute.js" path="/Users/danpastori/Development/amplitude.dev/httpdocs/public/src/events/mute.js">
          <metrics statements="9" coveredstatements="9" conditionals="6" coveredconditionals="5" methods="2" coveredmethods="2"/>
          <line num="32" count="31" type="stmt"/>
          <line num="45" count="5" type="cond" truecount="1" falsecount="1"/>
          <line num="54" count="5" type="cond" truecount="2" falsecount="0"/>
          <line num="55" count="2" type="stmt"/>
          <line num="57" count="3" type="stmt"/>
          <line num="58" count="3" type="stmt"/>
          <line num="64" count="5" type="cond" truecount="2" falsecount="0"/>
          <line num="71" count="5" type="stmt"/>
          <line num="78" count="31" type="stmt"/>
        </file>
        <file name="next.js" path="/Users/danpastori/Development/amplitude.dev/httpdocs/public/src/events/next.js">
          <metrics statements="14" coveredstatements="10" conditionals="12" coveredconditionals="7" methods="4" coveredmethods="3"/>
          <line num="28" count="31" type="stmt"/>
          <line num="44" count="5" type="cond" truecount="1" falsecount="1"/>
          <line num="48" count="5" type="stmt"/>
          <line num="53" count="5" type="cond" truecount="1" falsecount="1"/>
          <line num="54" count="5" type="stmt"/>
          <line num="60" count="5" type="cond" truecount="1" falsecount="1"/>
          <line num="61" count="0" type="stmt"/>
          <line num="77" count="5" type="cond" truecount="4" falsecount="0"/>
          <line num="78" count="2" type="stmt"/>
          <line num="80" count="3" type="stmt"/>
          <line num="95" count="0" type="cond" truecount="0" falsecount="2"/>
          <line num="96" count="0" type="stmt"/>
          <line num="98" count="0" type="stmt"/>
          <line num="107" count="31" type="stmt"/>
        </file>
        <file name="pause.js" path="/Users/danpastori/Development/amplitude.dev/httpdocs/public/src/events/pause.js">
          <metrics statements="25" coveredstatements="25" conditionals="29" coveredconditionals="28" methods="6" coveredmethods="6"/>
          <line num="27" count="31" type="stmt"/>
          <line num="45" count="8" type="cond" truecount="1" falsecount="1"/>
          <line num="53" count="8" type="stmt"/>
          <line num="54" count="8" type="stmt"/>
          <line num="59" count="8" type="cond" truecount="4" falsecount="0"/>
          <line num="60" count="1" type="stmt"/>
          <line num="66" count="8" type="cond" truecount="4" falsecount="0"/>
          <line num="67" count="2" type="stmt"/>
          <line num="73" count="8" type="cond" truecount="4" falsecount="0"/>
          <line num="74" count="2" type="stmt"/>
          <line num="80" count="8" type="cond" truecount="4" falsecount="0"/>
          <line num="81" count="3" type="stmt"/>
          <line num="84" count="8" type="stmt"/>
          <line num="98" count="1" type="stmt"/>
          <line num="103" count="1" type="stmt"/>
          <line num="116" count="2" type="cond" truecount="2" falsecount="0"/>
          <line num="120" count="1" type="stmt"/>
          <line num="125" count="1" type="stmt"/>
          <line num="140" count="2" type="cond" truecount="5" falsecount="0"/>
          <line num="144" count="1" type="stmt"/>
          <line num="149" count="1" type="stmt"/>
          <line num="166" count="3" type="cond" truecount="2" falsecount="0"/>
          <line num="173" count="1" type="stmt"/>
          <line num="178" count="1" type="stmt"/>
          <line num="185" count="31" type="stmt"/>
        </file>
        <file name="play.js" path="/Users/danpastori/Development/amplitude.dev/httpdocs/public/src/events/play.js">
          <metrics statements="37" coveredstatements="34" conditionals="30" coveredconditionals="23" methods="6" coveredmethods="6"/>
          <line num="39" count="31" type="stmt"/>
          <line num="57" count="4" type="cond" truecount="1" falsecount="1"/>
          <line num="65" count="4" type="stmt"/>
          <line num="66" count="4" type="stmt"/>
          <line num="71" count="4" type="cond" truecount="4" falsecount="0"/>
          <line num="72" count="1" type="stmt"/>
          <line num="78" count="4" type="cond" truecount="4" falsecount="0"/>
          <line num="79" count="1" type="stmt"/>
          <line num="85" count="4" type="cond" truecount="4" falsecount="0"/>
          <line num="86" count="1" type="stmt"/>
          <line num="92" count="4" type="cond" truecount="4" falsecount="0"/>
          <line num="93" count="1" type="stmt"/>
          <line num="96" count="4" type="stmt"/>
          <line num="110" count="1" type="stmt"/>
          <line num="115" count="1" type="stmt"/>
          <line num="128" count="1" type="cond" truecount="1" falsecount="1"/>
          <line num="132" count="1" type="stmt"/>
          <line num="141" count="1" type="cond" truecount="1" falsecount="1"/>
          <line num="142" count="0" type="stmt"/>
          <line num="148" count="1" type="stmt"/>
          <line num="159" count="1" type="stmt"/>
          <line num="165" count="1" type="stmt"/>
          <line num="185" count="1" type="cond" truecount="1" falsecount="1"/>
          <line num="190" count="1" type="stmt"/>
          <line num="195" count="1" type="stmt"/>
          <line num="204" count="1" type="cond" truecount="1" falsecount="1"/>
          <line num="209" count="0" type="stmt"/>
          <line num="215" count="1" type="stmt"/>
          <line num="221" count="1" type="stmt"/>
          <line num="242" count="1" type="cond" truecount="1" falsecount="1"/>
          <line num="247" count="1" type="stmt"/>
          <line num="252" count="1" type="stmt"/>
          <line num="265" count="1" type="cond" truecount="1" falsecount="1"/>
          <line num="270" count="0" type="stmt"/>
          <line num="280" count="1" type="stmt"/>
          <line num="287" count="1" type="stmt"/>
          <line num="293" count="31" type="stmt"/>
        </file>
        <file name="playPause.js" path="/Users/danpastori/Development/amplitude.dev/httpdocs/public/src/events/playPause.js">
          <metrics statements="45" coveredstatements="41" conditionals="38" coveredconditionals="34" methods="6" coveredmethods="6"/>
          <line num="39" count="31" type="stmt"/>
          <line num="57" count="18" type="cond" truecount="1" falsecount="1"/>
          <line num="62" count="18" type="stmt"/>
          <line num="63" count="18" type="stmt"/>
          <line num="68" count="18" type="cond" truecount="4" falsecount="0"/>
          <line num="69" count="4" type="stmt"/>
          <line num="75" count="18" type="cond" truecount="4" falsecount="0"/>
          <line num="76" count="4" type="stmt"/>
          <line num="82" count="18" type="cond" truecount="4" falsecount="0"/>
          <line num="83" count="5" type="stmt"/>
          <line num="89" count="18" type="cond" truecount="4" falsecount="0"/>
          <line num="90" count="5" type="stmt"/>
          <line num="93" count="18" type="stmt"/>
          <line num="106" count="4" type="cond" truecount="2" falsecount="0"/>
          <line num="107" count="2" type="stmt"/>
          <line num="109" count="2" type="stmt"/>
          <line num="117" count="4" type="stmt"/>
          <line num="131" count="4" type="cond" truecount="2" falsecount="0"/>
          <line num="135" count="2" type="stmt"/>
          <line num="144" count="2" type="cond" truecount="1" falsecount="1"/>
          <line num="145" count="0" type="stmt"/>
          <line num="151" count="2" type="stmt"/>
          <line num="163" count="4" type="cond" truecount="2" falsecount="0"/>
          <line num="164" count="2" type="stmt"/>
          <line num="166" count="2" type="stmt"/>
          <line num="174" count="4" type="stmt"/>
          <line num="193" count="5" type="cond" truecount="1" falsecount="1"/>
          <line num="198" count="0" type="stmt"/>
          <line num="203" count="0" type="stmt"/>
          <line num="212" count="5" type="cond" truecount="2" falsecount="0"/>
          <line num="217" count="3" type="stmt"/>
          <line num="224" count="5" type="cond" truecount="2" falsecount="0"/>
          <line num="225" count="3" type="stmt"/>
          <line num="227" count="2" type="stmt"/>
          <line num="235" count="5" type="stmt"/>
          <line num="256" count="5" type="cond" truecount="2" falsecount="0"/>
          <line num="261" count="3" type="stmt"/>
          <line num="266" count="3" type="stmt"/>
          <line num="279" count="5" type="cond" truecount="1" falsecount="1"/>
          <line num="284" count="0" type="stmt"/>
          <line num="295" count="5" type="cond" truecount="2" falsecount="0"/>
          <line num="296" count="3" type="stmt"/>
          <line num="298" count="2" type="stmt"/>
          <line num="306" count="5" type="stmt"/>
          <line num="312" count="31" type="stmt"/>
        </file>
        <file name="playbackSpeed.js" path="/Users/danpastori/Development/amplitude.dev/httpdocs/public/src/events/playbackSpeed.js">
          <metrics statements="11" coveredstatements="11" conditionals="5" coveredconditionals="4" methods="2" coveredmethods="2"/>
          <line num="28" count="31" type="stmt"/>
          <line num="37" count="9" type="cond" truecount="1" falsecount="1"/>
          <line num="44" count="9" type="cond" truecount="3" falsecount="0"/>
          <line num="46" count="4" type="stmt"/>
          <line num="47" count="4" type="stmt"/>
          <line num="49" count="3" type="stmt"/>
          <line num="50" count="3" type="stmt"/>
          <line num="52" count="2" type="stmt"/>
          <line num="53" count="2" type="stmt"/>
          <line num="59" count="9" type="stmt"/>
          <line num="66" count="31" type="stmt"/>
        </file>
        <file name="prev.js" path="/Users/danpastori/Development/amplitude.dev/httpdocs/public/src/events/prev.js">
          <metrics statements="14" coveredstatements="14" conditionals="12" coveredconditionals="11" methods="4" coveredmethods="4"/>
          <line num="28" count="31" type="stmt"/>
          <line num="44" count="4" type="cond" truecount="1" falsecount="1"/>
          <line num="48" count="4" type="stmt"/>
          <line num="53" count="4" type="cond" truecount="2" falsecount="0"/>
          <line num="54" count="2" type="stmt"/>
          <line num="60" count="4" type="cond" truecount="2" falsecount="0"/>
          <line num="61" count="2" type="stmt"/>
          <line num="77" count="2" type="cond" truecount="4" falsecount="0"/>
          <line num="78" count="1" type="stmt"/>
          <line num="80" count="1" type="stmt"/>
          <line num="95" count="2" type="cond" truecount="2" falsecount="0"/>
          <line num="96" count="1" type="stmt"/>
          <line num="98" count="1" type="stmt"/>
          <line num="107" count="31" type="stmt"/>
        </file>
        <file name="progress.js" path="/Users/danpastori/Development/amplitude.dev/httpdocs/public/src/events/progress.js">
          <metrics statements="7" coveredstatements="2" conditionals="2" coveredconditionals="0" methods="2" coveredmethods="1"/>
          <line num="22" count="31" type="stmt"/>
          <line num="35" count="0" type="cond" truecount="0" falsecount="2"/>
          <line num="36" count="0" type="stmt"/>
          <line num="39" count="0" type="stmt"/>
          <line num="44" count="0" type="stmt"/>
          <line num="50" count="0" type="stmt"/>
          <line num="56" count="31" type="stmt"/>
        </file>
        <file name="repeat.js" path="/Users/danpastori/Development/amplitude.dev/httpdocs/public/src/events/repeat.js">
          <metrics statements="12" coveredstatements="12" conditionals="6" coveredconditionals="5" methods="4" coveredmethods="4"/>
          <line num="28" count="31" type="stmt"/>
          <line num="44" count="8" type="cond" truecount="1" falsecount="1"/>
          <line num="48" count="8" type="stmt"/>
          <line num="53" count="8" type="cond" truecount="2" falsecount="0"/>
          <line num="54" count="4" type="stmt"/>
          <line num="60" count="8" type="cond" truecount="2" falsecount="0"/>
          <line num="61" count="4" type="stmt"/>
          <line num="75" count="4" type="stmt"/>
          <line num="80" count="4" type="stmt"/>
          <line num="93" count="4" type="stmt"/>
          <line num="101" count="4" type="stmt"/>
          <line num="107" count="31" type="stmt"/>
        </file>
        <file name="repeatSong.js" path="/Users/danpastori/Development/amplitude.dev/httpdocs/public/src/events/repeatSong.js">
          <metrics statements="5" coveredstatements="5" conditionals="2" coveredconditionals="1" methods="2" coveredmethods="2"/>
          <line num="28" count="31" type="stmt"/>
          <line num="41" count="4" type="cond" truecount="1" falsecount="1"/>
          <line num="45" count="4" type="stmt"/>
          <line num="50" count="4" type="stmt"/>
          <line num="57" count="31" type="stmt"/>
        </file>
        <file name="shuffle.js" path="/Users/danpastori/Development/amplitude.dev/httpdocs/public/src/events/shuffle.js">
          <metrics statements="11" coveredstatements="11" conditionals="4" coveredconditionals="3" methods="4" coveredmethods="4"/>
          <line num="26" count="31" type="stmt"/>
          <line num="42" count="8" type="cond" truecount="1" falsecount="1"/>
          <line num="46" count="8" type="stmt"/>
          <line num="51" count="8" type="cond" truecount="2" falsecount="0"/>
          <line num="52" count="4" type="stmt"/>
          <line num="54" count="4" type="stmt"/>
          <line num="66" count="4" type="stmt"/>
          <line num="71" count="4" type="stmt"/>
          <line num="83" count="4" type="stmt"/>
          <line num="88" count="4" type="stmt"/>
          <line num="94" count="31" type="stmt"/>
        </file>
        <file name="skipTo.js" path="/Users/danpastori/Development/amplitude.dev/httpdocs/public/src/events/skipTo.js">
          <metrics statements="27" coveredstatements="25" conditionals="14" coveredconditionals="9" methods="4" coveredmethods="4"/>
          <line num="43" count="31" type="stmt"/>
          <line num="59" count="2" type="cond" truecount="1" falsecount="1"/>
          <line num="63" count="2" type="stmt"/>
          <line num="64" count="2" type="stmt"/>
          <line num="65" count="2" type="stmt"/>
          <line num="71" count="2" type="cond" truecount="1" falsecount="1"/>
          <line num="72" count="0" type="stmt"/>
          <line num="81" count="2" type="cond" truecount="1" falsecount="1"/>
          <line num="82" count="0" type="stmt"/>
          <line num="90" count="2" type="cond" truecount="3" falsecount="1"/>
          <line num="94" count="2" type="cond" truecount="2" falsecount="0"/>
          <line num="95" count="1" type="stmt"/>
          <line num="97" count="1" type="stmt"/>
          <line num="119" count="1" type="stmt"/>
          <line num="120" count="1" type="stmt"/>
          <line num="125" count="1" type="stmt"/>
          <line num="126" count="1" type="stmt"/>
          <line num="131" count="1" type="stmt"/>
          <line num="146" count="1" type="cond" truecount="1" falsecount="1"/>
          <line num="147" count="1" type="stmt"/>
          <line num="154" count="1" type="stmt"/>
          <line num="159" count="1" type="stmt"/>
          <line num="164" count="1" type="stmt"/>
          <line num="165" count="1" type="stmt"/>
          <line num="166" count="1" type="stmt"/>
          <line num="171" count="1" type="stmt"/>
          <line num="177" count="31" type="stmt"/>
        </file>
        <file name="songSlider.js" path="/Users/danpastori/Development/amplitude.dev/httpdocs/public/src/events/songSlider.js">
          <metrics statements="29" coveredstatements="2" conditionals="34" coveredconditionals="0" methods="6" coveredmethods="1"/>
          <line num="23" count="31" type="stmt"/>
          <line num="40" count="0" type="stmt"/>
          <line num="45" count="0" type="stmt"/>
          <line num="50" count="0" type="stmt"/>
          <line num="51" count="0" type="stmt"/>
          <line num="56" count="0" type="cond" truecount="0" falsecount="4"/>
          <line num="57" count="0" type="stmt"/>
          <line num="63" count="0" type="cond" truecount="0" falsecount="4"/>
          <line num="64" count="0" type="stmt"/>
          <line num="70" count="0" type="cond" truecount="0" falsecount="4"/>
          <line num="71" count="0" type="stmt"/>
          <line num="78" count="0" type="cond" truecount="0" falsecount="4"/>
          <line num="79" count="0" type="stmt"/>
          <line num="99" count="0" type="cond" truecount="0" falsecount="2"/>
          <line num="100" count="0" type="stmt"/>
          <line num="105" count="0" type="stmt"/>
          <line num="130" count="0" type="cond" truecount="0" falsecount="2"/>
          <line num="134" count="0" type="cond" truecount="0" falsecount="2"/>
          <line num="135" count="0" type="stmt"/>
          <line num="140" count="0" type="stmt"/>
          <line num="162" count="0" type="cond" truecount="0" falsecount="4"/>
          <line num="166" count="0" type="cond" truecount="0" falsecount="2"/>
          <line num="167" count="0" type="stmt"/>
          <line num="172" count="0" type="stmt"/>
          <line num="201" count="0" type="cond" truecount="0" falsecount="2"/>
          <line num="208" count="0" type="cond" truecount="0" falsecount="2"/>
          <line num="209" count="0" type="stmt"/>
          <line num="214" count="0" type="stmt"/>
          <line num="222" count="31" type="stmt"/>
        </file>
        <file name="stop.js" path="/Users/danpastori/Development/amplitude.dev/httpdocs/public/src/events/stop.js">
          <metrics statements="6" coveredstatements="6" conditionals="2" coveredconditionals="1" methods="2" coveredmethods="2"/>
          <line num="30" count="31" type="stmt"/>
          <line num="43" count="1" type="cond" truecount="1" falsecount="1"/>
          <line num="47" count="1" type="stmt"/>
          <line num="52" count="1" type="stmt"/>
          <line num="54" count="1" type="stmt"/>
          <line num="61" count="31" type="stmt"/>
        </file>
        <file name="timeUpdate.js" path="/Users/danpastori/Development/amplitude.dev/httpdocs/public/src/events/timeUpdate.js">
          <metrics statements="26" coveredstatements="2" conditionals="12" coveredconditionals="0" methods="5" coveredmethods="1"/>
          <line num="39" count="31" type="stmt"/>
          <line num="51" count="0" type="stmt"/>
          <line num="56" count="0" type="stmt"/>
          <line num="61" count="0" type="stmt"/>
          <line num="66" count="0" type="stmt"/>
          <line num="76" count="0" type="cond" truecount="0" falsecount="2"/>
          <line num="77" count="0" type="stmt"/>
          <line num="80" count="0" type="stmt"/>
          <line num="82" count="0" type="stmt"/>
          <line num="97" count="0" type="cond" truecount="0" falsecount="2"/>
          <line num="101" count="0" type="stmt"/>
          <line num="106" count="0" type="stmt"/>
          <line num="111" count="0" type="stmt"/>
          <line num="118" count="0" type="stmt"/>
          <line num="120" count="0" type="stmt"/>
          <line num="125" count="0" type="stmt"/>
          <line num="127" count="0" type="stmt"/>
          <line num="138" count="0" type="stmt"/>
          <line num="143" count="0" type="cond" truecount="0" falsecount="4"/>
          <line num="149" count="0" type="cond" truecount="0" falsecount="2"/>
          <line num="150" count="0" type="stmt"/>
          <line num="151" count="0" type="stmt"/>
          <line num="160" count="0" type="stmt"/>
          <line num="161" count="0" type="cond" truecount="0" falsecount="2"/>
          <line num="162" count="0" type="stmt"/>
          <line num="170" count="31" type="stmt"/>
        </file>
        <file name="volumeDown.js" path="/Users/danpastori/Development/amplitude.dev/httpdocs/public/src/events/volumeDown.js">
          <metrics statements="10" coveredstatements="10" conditionals="6" coveredconditionals="5" methods="2" coveredmethods="2"/>
          <line num="32" count="31" type="stmt"/>
          <line num="45" count="13" type="cond" truecount="1" falsecount="1"/>
          <line num="56" count="13" type="stmt"/>
          <line num="58" count="13" type="cond" truecount="2" falsecount="0"/>
          <line num="59" count="10" type="stmt"/>
          <line num="61" count="3" type="stmt"/>
          <line num="68" count="13" type="stmt"/>
          <line num="73" count="13" type="cond" truecount="2" falsecount="0"/>
          <line num="78" count="13" type="stmt"/>
          <line num="85" count="31" type="stmt"/>
        </file>
        <file name="volumeSlider.js" path="/Users/danpastori/Development/amplitude.dev/httpdocs/public/src/events/volumeSlider.js">
          <metrics statements="5" coveredstatements="2" conditionals="2" coveredconditionals="0" methods="2" coveredmethods="1"/>
          <line num="25" count="31" type="stmt"/>
          <line num="38" count="0" type="stmt"/>
          <line num="43" count="0" type="cond" truecount="0" falsecount="2"/>
          <line num="48" count="0" type="stmt"/>
          <line num="54" count="31" type="stmt"/>
        </file>
        <file name="volumeUp.js" path="/Users/danpastori/Development/amplitude.dev/httpdocs/public/src/events/volumeUp.js">
          <metrics statements="10" coveredstatements="10" conditionals="6" coveredconditionals="4" methods="2" coveredmethods="2"/>
          <line num="32" count="31" type="stmt"/>
          <line num="45" count="14" type="cond" truecount="1" falsecount="1"/>
          <line num="56" count="14" type="stmt"/>
          <line num="58" count="14" type="cond" truecount="2" falsecount="0"/>
          <line num="59" count="12" type="stmt"/>
          <line num="61" count="2" type="stmt"/>
          <line num="68" count="14" type="stmt"/>
          <line num="73" count="14" type="cond" truecount="1" falsecount="1"/>
          <line num="78" count="14" type="stmt"/>
          <line num="85" count="31" type="stmt"/>
        </file>
      </package>
      <package name="src.fx">
        <metrics statements="209" coveredstatements="21" conditionals="180" coveredconditionals="8" methods="33" coveredmethods="7"/>
        <file name="fx.js" path="/Users/danpastori/Development/amplitude.dev/httpdocs/public/src/fx/fx.js">
          <metrics statements="18" coveredstatements="7" conditionals="14" coveredconditionals="6" methods="3" coveredmethods="2"/>
          <line num="14" count="31" type="stmt"/>
          <line num="24" count="0" type="cond" truecount="0" falsecount="5"/>
          <line num="34" count="0" type="cond" truecount="0" falsecount="2"/>
          <line num="38" count="0" type="stmt"/>
          <line num="43" count="0" type="stmt"/>
          <line num="48" count="0" type="stmt"/>
          <line num="53" count="0" type="stmt"/>
          <line num="58" count="0" type="stmt"/>
          <line num="64" count="0" type="stmt"/>
          <line num="66" count="0" type="stmt"/>
          <line num="81" count="159" type="cond" truecount="5" falsecount="0"/>
          <line num="86" count="159" type="stmt"/>
          <line num="91" count="159" type="cond" truecount="1" falsecount="1"/>
          <line num="95" count="0" type="stmt"/>
          <line num="96" count="0" type="stmt"/>
          <line num="101" count="159" type="stmt"/>
          <line num="102" count="159" type="stmt"/>
          <line num="109" count="31" type="stmt"/>
        </file>
        <file name="visualizations.js" path="/Users/danpastori/Development/amplitude.dev/httpdocs/public/src/fx/visualizations.js">
          <metrics statements="93" coveredstatements="9" conditionals="114" coveredconditionals="2" methods="14" coveredmethods="4"/>
          <line num="18" count="31" type="stmt"/>
          <line num="26" count="56" type="stmt"/>
          <line num="33" count="56" type="cond" truecount="1" falsecount="1"/>
          <line num="38" count="0" type="cond" truecount="0" falsecount="2"/>
          <line num="46" count="0" type="stmt"/>
          <line num="51" count="0" type="stmt"/>
          <line num="54" count="0" type="stmt"/>
          <line num="61" count="0" type="cond" truecount="0" falsecount="4"/>
          <line num="62" count="0" type="stmt"/>
          <line num="69" count="0" type="cond" truecount="0" falsecount="4"/>
          <line num="70" count="0" type="stmt"/>
          <line num="76" count="0" type="cond" truecount="0" falsecount="4"/>
          <line num="77" count="0" type="stmt"/>
          <line num="84" count="0" type="cond" truecount="0" falsecount="4"/>
          <line num="85" count="0" type="stmt"/>
          <line num="94" count="56" type="stmt"/>
          <line num="108" count="0" type="stmt"/>
          <line num="110" count="0" type="cond" truecount="0" falsecount="2"/>
          <line num="120" count="0" type="cond" truecount="0" falsecount="2"/>
          <line num="124" count="0" type="stmt"/>
          <line num="129" count="0" type="cond" truecount="0" falsecount="2"/>
          <line num="133" count="0" type="stmt"/>
          <line num="144" count="0" type="cond" truecount="0" falsecount="2"/>
          <line num="148" count="0" type="cond" truecount="0" falsecount="2"/>
          <line num="149" count="0" type="stmt"/>
          <line num="164" count="0" type="cond" truecount="0" falsecount="2"/>
          <line num="170" count="0" type="stmt"/>
          <line num="174" count="0" type="stmt"/>
          <line num="175" count="0" type="stmt"/>
          <line num="180" count="0" type="cond" truecount="0" falsecount="2"/>
          <line num="185" count="0" type="stmt"/>
          <line num="190" count="0" type="cond" truecount="0" falsecount="2"/>
          <line num="195" count="0" type="stmt"/>
          <line num="200" count="0" type="cond" truecount="0" falsecount="2"/>
          <line num="204" count="0" type="stmt"/>
          <line num="210" count="0" type="cond" truecount="0" falsecount="2"/>
          <line num="214" count="0" type="cond" truecount="0" falsecount="2"/>
          <line num="215" count="0" type="stmt"/>
          <line num="231" count="0" type="cond" truecount="0" falsecount="2"/>
          <line num="236" count="0" type="stmt"/>
          <line num="237" count="0" type="stmt"/>
          <line num="242" count="0" type="cond" truecount="0" falsecount="2"/>
          <line num="247" count="0" type="stmt"/>
          <line num="252" count="0" type="cond" truecount="0" falsecount="2"/>
          <line num="256" count="0" type="stmt"/>
          <line num="262" count="0" type="cond" truecount="0" falsecount="2"/>
          <line num="266" count="0" type="cond" truecount="0" falsecount="2"/>
          <line num="267" count="0" type="stmt"/>
          <line num="285" count="0" type="cond" truecount="0" falsecount="2"/>
          <line num="294" count="0" type="stmt"/>
          <line num="298" count="0" type="stmt"/>
          <line num="299" count="0" type="stmt"/>
          <line num="304" count="0" type="cond" truecount="0" falsecount="2"/>
          <line num="309" count="0" type="stmt"/>
          <line num="314" count="0" type="cond" truecount="0" falsecount="2"/>
          <line num="319" count="0" type="stmt"/>
          <line num="324" count="0" type="cond" truecount="0" falsecount="2"/>
          <line num="328" count="0" type="stmt"/>
          <line num="334" count="0" type="cond" truecount="0" falsecount="2"/>
          <line num="338" count="0" type="cond" truecount="0" falsecount="2"/>
          <line num="339" count="0" type="stmt"/>
          <line num="352" count="0" type="stmt"/>
          <line num="353" count="0" type="stmt"/>
          <line num="356" count="0" type="stmt"/>
          <line num="357" count="0" type="stmt"/>
          <line num="367" count="295" type="stmt"/>
          <line num="368" count="0" type="stmt"/>
          <line num="374" count="295" type="stmt"/>
          <line num="387" count="0" type="stmt"/>
          <line num="396" count="0" type="stmt"/>
          <line num="397" count="0" type="stmt"/>
          <line num="400" count="0" type="stmt"/>
          <line num="412" count="56" type="stmt"/>
          <line num="416" count="56" type="cond" truecount="1" falsecount="1"/>
          <line num="417" count="0" type="stmt"/>
          <line num="422" count="0" type="stmt"/>
          <line num="425" count="0" type="stmt"/>
          <line num="432" count="0" type="cond" truecount="0" falsecount="4"/>
          <line num="433" count="0" type="stmt"/>
          <line num="440" count="0" type="cond" truecount="0" falsecount="4"/>
          <line num="441" count="0" type="stmt"/>
          <line num="447" count="0" type="cond" truecount="0" falsecount="4"/>
          <line num="448" count="0" type="stmt"/>
          <line num="455" count="0" type="cond" truecount="0" falsecount="4"/>
          <line num="456" count="0" type="stmt"/>
          <line num="469" count="0" type="stmt"/>
          <line num="480" count="0" type="cond" truecount="0" falsecount="2"/>
          <line num="481" count="0" type="stmt"/>
          <line num="493" count="0" type="cond" truecount="0" falsecount="2"/>
          <line num="494" count="0" type="stmt"/>
          <line num="506" count="0" type="cond" truecount="0" falsecount="2"/>
          <line num="510" count="0" type="stmt"/>
          <line num="518" count="31" type="stmt"/>
        </file>
        <file name="waveform.js" path="/Users/danpastori/Development/amplitude.dev/httpdocs/public/src/fx/waveform.js">
          <metrics statements="98" coveredstatements="5" conditionals="52" coveredconditionals="0" methods="16" coveredmethods="1"/>
          <line num="12" count="31" type="stmt"/>
          <line num="13" count="31" type="stmt"/>
          <line num="14" count="31" type="stmt"/>
          <line num="15" count="31" type="stmt"/>
          <line num="21" count="0" type="stmt"/>
          <line num="27" count="0" type="cond" truecount="0" falsecount="2"/>
          <line num="31" count="0" type="stmt"/>
          <line num="35" count="0" type="stmt"/>
          <line num="40" count="0" type="stmt"/>
          <line num="41" count="0" type="stmt"/>
          <line num="42" count="0" type="stmt"/>
          <line num="47" count="0" type="stmt"/>
          <line num="48" count="0" type="stmt"/>
          <line num="53" count="0" type="stmt"/>
          <line num="57" count="0" type="stmt"/>
          <line num="58" count="0" type="stmt"/>
          <line num="60" count="0" type="stmt"/>
          <line num="65" count="0" type="stmt"/>
          <line num="74" count="0" type="cond" truecount="0" falsecount="2"/>
          <line num="79" count="0" type="cond" truecount="0" falsecount="2"/>
          <line num="83" count="0" type="stmt"/>
          <line num="84" count="0" type="stmt"/>
          <line num="92" count="0" type="stmt"/>
          <line num="97" count="0" type="stmt"/>
          <line num="98" count="0" type="stmt"/>
          <line num="104" count="0" type="stmt"/>
          <line num="109" count="0" type="cond" truecount="0" falsecount="2"/>
          <line num="114" count="0" type="cond" truecount="0" falsecount="2"/>
          <line num="118" count="0" type="stmt"/>
          <line num="124" count="0" type="stmt"/>
          <line num="129" count="0" type="stmt"/>
          <line num="134" count="0" type="stmt"/>
          <line num="139" count="0" type="stmt"/>
          <line num="141" count="0" type="stmt"/>
          <line num="145" count="0" type="stmt"/>
          <line num="146" count="0" type="stmt"/>
          <line num="166" count="0" type="cond" truecount="0" falsecount="2"/>
          <line num="167" count="0" type="stmt"/>
          <line num="169" count="0" type="stmt"/>
          <line num="170" count="0" type="stmt"/>
          <line num="171" count="0" type="cond" truecount="0" falsecount="2"/>
          <line num="172" count="0" type="stmt"/>
          <line num="174" count="0" type="stmt"/>
          <line num="178" count="0" type="stmt"/>
          <line num="181" count="0" type="stmt"/>
          <line num="182" count="0" type="stmt"/>
          <line num="187" count="0" type="stmt"/>
          <line num="191" count="0" type="stmt"/>
          <line num="192" count="0" type="stmt"/>
          <line num="210" count="0" type="stmt"/>
          <line num="211" count="0" type="cond" truecount="0" falsecount="2"/>
          <line num="212" count="0" type="stmt"/>
          <line num="213" count="0" type="stmt"/>
          <line num="218" count="0" type="stmt"/>
          <line num="227" count="0" type="stmt"/>
          <line num="228" count="0" type="stmt"/>
          <line num="233" count="0" type="stmt"/>
          <line num="237" count="0" type="stmt"/>
          <line num="238" count="0" type="stmt"/>
          <line num="243" count="0" type="stmt"/>
          <line num="244" count="0" type="stmt"/>
          <line num="249" count="0" type="stmt"/>
          <line num="254" count="0" type="stmt"/>
          <line num="256" count="0" type="cond" truecount="0" falsecount="2"/>
          <line num="257" count="0" type="stmt"/>
          <line num="259" count="0" type="cond" truecount="0" falsecount="2"/>
          <line num="260" count="0" type="stmt"/>
          <line num="264" count="0" type="stmt"/>
          <line num="265" count="0" type="stmt"/>
          <line num="267" count="0" type="cond" truecount="0" falsecount="4"/>
          <line num="268" count="0" type="stmt"/>
          <line num="271" count="0" type="cond" truecount="0" falsecount="4"/>
          <line num="272" count="0" type="stmt"/>
          <line num="277" count="0" type="stmt"/>
          <line num="286" count="0" type="stmt"/>
          <line num="288" count="0" type="stmt"/>
          <line num="289" count="0" type="stmt"/>
          <line num="292" count="0" type="stmt"/>
          <line num="294" count="0" type="cond" truecount="0" falsecount="4"/>
          <line num="295" count="0" type="stmt"/>
          <line num="298" count="0" type="cond" truecount="0" falsecount="4"/>
          <line num="299" count="0" type="stmt"/>
          <line num="302" count="0" type="cond" truecount="0" falsecount="4"/>
          <line num="303" count="0" type="stmt"/>
          <line num="306" count="0" type="cond" truecount="0" falsecount="4"/>
          <line num="307" count="0" type="stmt"/>
          <line num="316" count="0" type="stmt"/>
          <line num="318" count="0" type="stmt"/>
          <line num="325" count="0" type="cond" truecount="0" falsecount="2"/>
          <line num="326" count="0" type="stmt"/>
          <line num="328" count="0" type="stmt"/>
          <line num="336" count="0" type="cond" truecount="0" falsecount="2"/>
          <line num="337" count="0" type="stmt"/>
          <line num="339" count="0" type="stmt"/>
          <line num="347" count="0" type="cond" truecount="0" falsecount="2"/>
          <line num="351" count="0" type="stmt"/>
          <line num="353" count="0" type="stmt"/>
          <line num="360" count="31" type="stmt"/>
        </file>
      </package>
      <package name="src.init">
        <metrics statements="124" coveredstatements="89" conditionals="88" coveredconditionals="36" methods="15" coveredmethods="14"/>
        <file name="init.js" path="/Users/danpastori/Development/amplitude.dev/httpdocs/public/src/init/init.js">
          <metrics statements="97" coveredstatements="63" conditionals="78" coveredconditionals="31" methods="7" coveredmethods="6"/>
          <line num="118" count="31" type="stmt"/>
[...]
          <line num="136" count="370" type="stmt"/>
          <line num="137" count="0" type="stmt"/>
          <line num="141" count="31" type="stmt"/>
        </file>
        <file name="currentSecondElements.js" path="/Users/danpastori/Development/amplitude.dev/httpdocs/public/src/visual/time/currentSecondElements.js">
          <metrics statements="30" coveredstatements="4" conditionals="14" coveredconditionals="0" methods="7" coveredmethods="2"/>
          <line num="7" count="31" type="stmt"/>
          <line num="9" count="0" type="stmt"/>
          <line num="10" count="0" type="stmt"/>
          <line num="11" count="0" type="stmt"/>
          <line num="12" count="0" type="stmt"/>
          <line num="19" count="0" type="stmt"/>
          <line num="26" count="0" type="stmt"/>
          <line num="27" count="0" type="stmt"/>
          <line num="30" count="0" type="stmt"/>
          <line num="37" count="0" type="cond" truecount="0" falsecount="4"/>
          <line num="38" count="0" type="stmt"/>
          <line num="47" count="0" type="stmt"/>
          <line num="56" count="0" type="stmt"/>
          <line num="57" count="0" type="stmt"/>
          <line num="64" count="0" type="cond" truecount="0" falsecount="2"/>
          <line num="65" count="0" type="stmt"/>
          <line num="71" count="0" type="cond" truecount="0" falsecount="2"/>
          <line num="75" count="0" type="stmt"/>
          <line num="84" count="0" type="stmt"/>
          <line num="85" count="0" type="stmt"/>
          <line num="92" count="0" type="cond" truecount="0" falsecount="2"/>
          <line num="93" count="0" type="stmt"/>
          <line num="101" count="0" type="cond" truecount="0" falsecount="4"/>
          <line num="107" count="0" type="stmt"/>
          <line num="118" count="0" type="stmt"/>
          <line num="119" count="0" type="stmt"/>
          <line num="127" count="370" type="stmt"/>
          <line num="135" count="370" type="stmt"/>
          <line num="136" count="0" type="stmt"/>
          <line num="140" count="31" type="stmt"/>
        </file>
        <file name="currentTimeElements.js" path="/Users/danpastori/Development/amplitude.dev/httpdocs/public/src/visual/time/currentTimeElements.js">
          <metrics statements="42" coveredstatements="4" conditionals="22" coveredconditionals="0" methods="7" coveredmethods="2"/>
          <line num="13" count="31" type="stmt"/>
          <line num="25" count="0" type="stmt"/>
          <line num="26" count="0" type="stmt"/>
          <line num="27" count="0" type="stmt"/>
          <line num="28" count="0" type="stmt"/>
          <line num="42" count="0" type="stmt"/>
          <line num="50" count="0" type="stmt"/>
          <line num="52" count="0" type="cond" truecount="0" falsecount="2"/>
          <line num="53" count="0" type="stmt"/>
          <line num="56" count="0" type="stmt"/>
          <line num="57" count="0" type="stmt"/>
          <line num="60" count="0" type="stmt"/>
          <line num="64" count="0" type="cond" truecount="0" falsecount="4"/>
          <line num="65" count="0" type="stmt"/>
          <line num="81" count="0" type="stmt"/>
          <line num="91" count="0" type="stmt"/>
          <line num="93" count="0" type="cond" truecount="0" falsecount="2"/>
          <line num="94" count="0" type="stmt"/>
          <line num="97" count="0" type="stmt"/>
          <line num="98" count="0" type="stmt"/>
          <line num="102" count="0" type="cond" truecount="0" falsecount="2"/>
          <line num="103" count="0" type="stmt"/>
          <line num="116" count="0" type="cond" truecount="0" falsecount="2"/>
          <line num="120" count="0" type="stmt"/>
          <line num="130" count="0" type="stmt"/>
          <line num="132" count="0" type="cond" truecount="0" falsecount="2"/>
          <line num="133" count="0" type="stmt"/>
          <line num="136" count="0" type="stmt"/>
          <line num="137" count="0" type="stmt"/>
          <line num="141" count="0" type="cond" truecount="0" falsecount="2"/>
          <line num="142" count="0" type="stmt"/>
          <line num="157" count="0" type="cond" truecount="0" falsecount="4"/>
          <line num="163" count="0" type="stmt"/>
          <line num="175" count="0" type="stmt"/>
          <line num="177" count="0" type="cond" truecount="0" falsecount="2"/>
          <line num="178" count="0" type="stmt"/>
          <line num="181" count="0" type="stmt"/>
          <line num="182" count="0" type="stmt"/>
          <line num="195" count="370" type="stmt"/>
          <line num="201" count="370" type="stmt"/>
          <line num="202" count="0" type="stmt"/>
          <line num="206" count="31" type="stmt"/>
        </file>
        <file name="durationCountDownTimeElements.js" path="/Users/danpastori/Development/amplitude.dev/httpdocs/public/src/visual/time/durationCountDownTimeElements.js">
          <metrics statements="43" coveredstatements="4" conditionals="24" coveredconditionals="0" methods="8" coveredmethods="2"/>
          <line num="7" count="31" type="stmt"/>
          <line num="9" count="0" type="stmt"/>
          <line num="11" count="0" type="stmt"/>
          <line num="12" count="0" type="stmt"/>
          <line num="13" count="0" type="stmt"/>
          <line num="14" count="0" type="stmt"/>
          <line num="18" count="0" type="stmt"/>
          <line num="22" count="0" type="stmt"/>
          <line num="23" count="0" type="stmt"/>
          <line num="26" count="0" type="stmt"/>
          <line num="30" count="0" type="cond" truecount="0" falsecount="4"/>
          <line num="31" count="0" type="stmt"/>
          <line num="37" count="0" type="stmt"/>
          <line num="43" count="0" type="stmt"/>
          <line num="44" count="0" type="stmt"/>
          <line num="48" count="0" type="cond" truecount="0" falsecount="2"/>
          <line num="49" count="0" type="stmt"/>
          <line num="55" count="0" type="cond" truecount="0" falsecount="2"/>
          <line num="56" count="0" type="stmt"/>
          <line num="62" count="0" type="stmt"/>
          <line num="63" count="0" type="stmt"/>
          <line num="67" count="0" type="cond" truecount="0" falsecount="2"/>
          <line num="68" count="0" type="stmt"/>
          <line num="76" count="0" type="cond" truecount="0" falsecount="4"/>
          <line num="80" count="0" type="stmt"/>
          <line num="88" count="0" type="stmt"/>
          <line num="89" count="0" type="stmt"/>
          <line num="94" count="211" type="stmt"/>
          <line num="98" count="211" type="stmt"/>
          <line num="99" count="0" type="stmt"/>
          <line num="104" count="0" type="stmt"/>
          <line num="110" count="0" type="stmt"/>
          <line num="114" count="0" type="stmt"/>
          <line num="121" count="0" type="cond" truecount="0" falsecount="4"/>
          <line num="126" count="0" type="stmt"/>
          <line num="128" count="0" type="stmt"/>
          <line num="129" count="0" type="stmt"/>
          <line num="133" count="0" type="stmt"/>
          <line num="137" count="0" type="stmt"/>
          <line num="142" count="0" type="cond" truecount="0" falsecount="2"/>
          <line num="143" count="0" type="stmt"/>
          <line num="147" count="0" type="stmt"/>
          <line num="150" count="31" type="stmt"/>
        </file>
        <file name="durationHourElements.js" path="/Users/danpastori/Development/amplitude.dev/httpdocs/public/src/visual/time/durationHourElements.js">
          <metrics statements="30" coveredstatements="4" conditionals="14" coveredconditionals="0" methods="7" coveredmethods="2"/>
          <line num="7" count="31" type="stmt"/>
          <line num="9" count="0" type="stmt"/>
          <line num="10" count="0" type="stmt"/>
          <line num="11" count="0" type="stmt"/>
          <line num="12" count="0" type="stmt"/>
          <line num="16" count="0" type="stmt"/>
          <line num="20" count="0" type="stmt"/>
          <line num="21" count="0" type="stmt"/>
          <line num="24" count="0" type="stmt"/>
          <line num="28" count="0" type="cond" truecount="0" falsecount="4"/>
          <line num="29" count="0" type="stmt"/>
          <line num="35" count="0" type="stmt"/>
          <line num="41" count="0" type="stmt"/>
          <line num="42" count="0" type="stmt"/>
          <line num="46" count="0" type="cond" truecount="0" falsecount="2"/>
          <line num="47" count="0" type="stmt"/>
          <line num="53" count="0" type="cond" truecount="0" falsecount="2"/>
          <line num="54" count="0" type="stmt"/>
          <line num="60" count="0" type="stmt"/>
          <line num="61" count="0" type="stmt"/>
          <line num="65" count="0" type="cond" truecount="0" falsecount="2"/>
          <line num="66" count="0" type="stmt"/>
          <line num="74" count="0" type="cond" truecount="0" falsecount="4"/>
          <line num="78" count="0" type="stmt"/>
          <line num="86" count="0" type="stmt"/>
          <line num="87" count="0" type="stmt"/>
          <line num="92" count="211" type="stmt"/>
          <line num="96" count="211" type="stmt"/>
          <line num="97" count="0" type="stmt"/>
          <line num="101" count="31" type="stmt"/>
        </file>
        <file name="durationMinuteElements.js" path="/Users/danpastori/Development/amplitude.dev/httpdocs/public/src/visual/time/durationMinuteElements.js">
          <metrics statements="30" coveredstatements="4" conditionals="14" coveredconditionals="0" methods="7" coveredmethods="2"/>
          <line num="7" count="31" type="stmt"/>
          <line num="9" count="0" type="stmt"/>
          <line num="10" count="0" type="stmt"/>
          <line num="11" count="0" type="stmt"/>
          <line num="12" count="0" type="stmt"/>
          <line num="16" count="0" type="stmt"/>
          <line num="20" count="0" type="stmt"/>
          <line num="21" count="0" type="stmt"/>
          <line num="24" count="0" type="stmt"/>
          <line num="28" count="0" type="cond" truecount="0" falsecount="4"/>
          <line num="29" count="0" type="stmt"/>
          <line num="35" count="0" type="stmt"/>
          <line num="41" count="0" type="stmt"/>
          <line num="42" count="0" type="stmt"/>
          <line num="46" count="0" type="cond" truecount="0" falsecount="2"/>
          <line num="47" count="0" type="stmt"/>
          <line num="53" count="0" type="cond" truecount="0" falsecount="2"/>
          <line num="54" count="0" type="stmt"/>
          <line num="60" count="0" type="stmt"/>
          <line num="61" count="0" type="stmt"/>
          <line num="65" count="0" type="cond" truecount="0" falsecount="2"/>
          <line num="66" count="0" type="stmt"/>
          <line num="74" count="0" type="cond" truecount="0" falsecount="4"/>
          <line num="78" count="0" type="stmt"/>
          <line num="86" count="0" type="stmt"/>
          <line num="87" count="0" type="stmt"/>
          <line num="92" count="211" type="stmt"/>
          <line num="96" count="211" type="stmt"/>
          <line num="97" count="0" type="stmt"/>
          <line num="101" count="31" type="stmt"/>
        </file>
        <file name="durationSecondElements.js" path="/Users/danpastori/Development/amplitude.dev/httpdocs/public/src/visual/time/durationSecondElements.js">
          <metrics statements="30" coveredstatements="4" conditionals="14" coveredconditionals="0" methods="7" coveredmethods="2"/>
          <line num="7" count="31" type="stmt"/>
          <line num="9" count="0" type="stmt"/>
          <line num="10" count="0" type="stmt"/>
          <line num="11" count="0" type="stmt"/>
          <line num="12" count="0" type="stmt"/>
          <line num="16" count="0" type="stmt"/>
          <line num="20" count="0" type="stmt"/>
          <line num="21" count="0" type="stmt"/>
          <line num="24" count="0" type="stmt"/>
          <line num="28" count="0" type="cond" truecount="0" falsecount="4"/>
          <line num="29" count="0" type="stmt"/>
          <line num="35" count="0" type="stmt"/>
          <line num="41" count="0" type="stmt"/>
          <line num="42" count="0" type="stmt"/>
          <line num="46" count="0" type="cond" truecount="0" falsecount="2"/>
          <line num="47" count="0" type="stmt"/>
          <line num="53" count="0" type="cond" truecount="0" falsecount="2"/>
          <line num="54" count="0" type="stmt"/>
          <line num="60" count="0" type="stmt"/>
          <line num="61" count="0" type="stmt"/>
          <line num="65" count="0" type="cond" truecount="0" falsecount="2"/>
          <line num="66" count="0" type="stmt"/>
          <line num="74" count="0" type="cond" truecount="0" falsecount="4"/>
          <line num="78" count="0" type="stmt"/>
          <line num="86" count="0" type="stmt"/>
          <line num="87" count="0" type="stmt"/>
          <line num="92" count="211" type="stmt"/>
          <line num="96" count="211" type="stmt"/>
          <line num="97" count="0" type="stmt"/>
          <line num="101" count="31" type="stmt"/>
        </file>
        <file name="durationTimeElements.js" path="/Users/danpastori/Development/amplitude.dev/httpdocs/public/src/visual/time/durationTimeElements.js">
          <metrics statements="37" coveredstatements="4" conditionals="22" coveredconditionals="0" methods="8" coveredmethods="2"/>
          <line num="7" count="31" type="stmt"/>
          <line num="9" count="0" type="stmt"/>
          <line num="11" count="0" type="stmt"/>
          <line num="12" count="0" type="stmt"/>
          <line num="13" count="0" type="stmt"/>
          <line num="14" count="0" type="stmt"/>
          <line num="18" count="0" type="stmt"/>
          <line num="22" count="0" type="stmt"/>
          <line num="23" count="0" type="stmt"/>
          <line num="26" count="0" type="stmt"/>
          <line num="30" count="0" type="cond" truecount="0" falsecount="4"/>
          <line num="31" count="0" type="stmt"/>
          <line num="37" count="0" type="stmt"/>
          <line num="43" count="0" type="stmt"/>
          <line num="44" count="0" type="stmt"/>
          <line num="48" count="0" type="cond" truecount="0" falsecount="2"/>
          <line num="49" count="0" type="stmt"/>
          <line num="55" count="0" type="cond" truecount="0" falsecount="2"/>
          <line num="56" count="0" type="stmt"/>
          <line num="62" count="0" type="stmt"/>
          <line num="63" count="0" type="stmt"/>
          <line num="67" count="0" type="cond" truecount="0" falsecount="2"/>
          <line num="68" count="0" type="stmt"/>
          <line num="76" count="0" type="cond" truecount="0" falsecount="4"/>
          <line num="80" count="0" type="stmt"/>
          <line num="88" count="0" type="stmt"/>
          <line num="89" count="0" type="stmt"/>
          <line num="94" count="211" type="stmt"/>
          <line num="98" count="211" type="stmt"/>
          <line num="99" count="0" type="stmt"/>
          <line num="104" count="0" type="stmt"/>
          <line num="106" count="0" type="cond" truecount="0" falsecount="4"/>
          <line num="107" count="0" type="stmt"/>
          <line num="108" count="0" type="cond" truecount="0" falsecount="4"/>
          <line num="109" count="0" type="stmt"/>
          <line num="113" count="0" type="stmt"/>
          <line num="116" count="31" type="stmt"/>
        </file>
      </package>
      <package name="tests">
        <metrics statements="77" coveredstatements="74" conditionals="0" coveredconditionals="0" methods="10" coveredmethods="6"/>
        <file name="setup.js" path="/Users/danpastori/Development/amplitude.dev/httpdocs/public/tests/setup.js">
          <metrics statements="77" coveredstatements="74" conditionals="0" coveredconditionals="0" methods="10" coveredmethods="6"/>
          <line num="1" count="31" type="stmt"/>
          <line num="2" count="31" type="stmt"/>
          <line num="3" count="31" type="stmt"/>
          <line num="5" count="31" type="stmt"/>
          <line num="7" count="31" type="stmt"/>
          <line num="9" count="159" type="stmt"/>
          <line num="26" count="0" type="stmt"/>
          <line num="29" count="0" type="stmt"/>
          <line num="32" count="0" type="stmt"/>
          <line num="154" count="159" type="stmt"/>
          <line num="155" count="159" type="stmt"/>
          <line num="159" count="159" type="stmt"/>
          <line num="160" count="159" type="stmt"/>
          <line num="161" count="239" type="stmt"/>
          <line num="166" count="159" type="stmt"/>
          <line num="168" count="277" type="stmt"/>
          <line num="171" count="338" type="stmt"/>
          <line num="179" count="159" type="stmt"/>
          <line num="181" count="14" type="stmt"/>
          <line num="184" count="161" type="stmt"/>
          <line num="192" count="159" type="stmt"/>
          <line num="194" count="4" type="stmt"/>
          <line num="197" count="225" type="stmt"/>
          <line num="205" count="159" type="stmt"/>
          <line num="207" count="2" type="stmt"/>
          <line num="210" count="193" type="stmt"/>
          <line num="218" count="159" type="stmt"/>
          <line num="220" count="8" type="stmt"/>
          <line num="223" count="193" type="stmt"/>
          <line num="231" count="159" type="stmt"/>
          <line num="233" count="460" type="stmt"/>
          <line num="236" count="13" type="stmt"/>
          <line num="242" count="159" type="stmt"/>
          <line num="244" count="159" type="stmt"/>
          <line num="246" count="159" type="stmt"/>
          <line num="248" count="159" type="stmt"/>
          <line num="250" count="159" type="stmt"/>
          <line num="252" count="159" type="stmt"/>
          <line num="254" count="159" type="stmt"/>
          <line num="256" count="159" type="stmt"/>
          <line num="258" count="159" type="stmt"/>
          <line num="260" count="159" type="stmt"/>
          <line num="262" count="159" type="stmt"/>
          <line num="264" count="159" type="stmt"/>
          <line num="266" count="159" type="stmt"/>
          <line num="268" count="159" type="stmt"/>
          <line num="270" count="159" type="stmt"/>
          <line num="272" count="159" type="stmt"/>
          <line num="274" count="159" type="stmt"/>
          <line num="276" count="159" type="stmt"/>
          <line num="278" count="159" type="stmt"/>
          <line num="280" count="159" type="stmt"/>
          <line num="282" count="159" type="stmt"/>
          <line num="284" count="159" type="stmt"/>
          <line num="286" count="159" type="stmt"/>
          <line num="288" count="159" type="stmt"/>
          <line num="290" count="159" type="stmt"/>
          <line num="292" count="159" type="stmt"/>
          <line num="294" count="159" type="stmt"/>
          <line num="296" count="159" type="stmt"/>
          <line num="298" count="159" type="stmt"/>
          <line num="300" count="159" type="stmt"/>
          <line num="302" count="159" type="stmt"/>
          <line num="304" count="159" type="stmt"/>
          <line num="306" count="159" type="stmt"/>
          <line num="308" count="159" type="stmt"/>
          <line num="310" count="159" type="stmt"/>
          <line num="312" count="159" type="stmt"/>
          <line num="314" count="159" type="stmt"/>
          <line num="316" count="159" type="stmt"/>
          <line num="318" count="159" type="stmt"/>
          <line num="320" count="159" type="stmt"/>
          <line num="322" count="159" type="stmt"/>
          <line num="324" count="159" type="stmt"/>
          <line num="326" count="159" type="stmt"/>
          <line num="328" count="159" type="stmt"/>
          <line num="331" count="31" type="stmt"/>
        </file>
      </package>
    </metrics>
  </project>
</coverage>
