{"/Users/danpastori/Development/amplitude.dev/httpdocs/public/dist/visualizations/bar.js": {"path":"/Users/danpastori/Development/amplitude.dev/httpdocs/public/dist/visualizations/bar.js","statementMap":{"0":{"start":{"line":9,"column":1},"end":{"line":9,"column":31}},"1":{"start":{"line":10,"column":1},"end":{"line":10,"column":33}},"2":{"start":{"line":11,"column":1},"end":{"line":11,"column":21}},"3":{"start":{"line":16,"column":1},"end":{"line":25,"column":2}},"4":{"start":{"line":30,"column":1},"end":{"line":30,"column":20}},"5":{"start":{"line":36,"column":1},"end":{"line":36,"column":24}},"6":{"start":{"line":37,"column":1},"end":{"line":37,"column":23}},"7":{"start":{"line":38,"column":1},"end":{"line":38,"column":15}},"8":{"start":{"line":39,"column":1},"end":{"line":39,"column":18}},"9":{"start":{"line":40,"column":1},"end":{"line":40,"column":28}},"10":{"start":{"line":45,"column":1},"end":{"line":47,"column":2}},"11":{"start":{"line":46,"column":2},"end":{"line":46,"column":17}},"12":{"start":{"line":52,"column":1},"end":{"line":54,"column":2}},"13":{"start":{"line":53,"column":2},"end":{"line":53,"column":19}},"14":{"start":{"line":61,"column":1},"end":{"line":67,"column":2}},"15":{"start":{"line":62,"column":2},"end":{"line":66,"column":3}},"16":{"start":{"line":63,"column":3},"end":{"line":65,"column":4}},"17":{"start":{"line":64,"column":4},"end":{"line":64,"column":49}},"18":{"start":{"line":74,"column":1},"end":{"line":123,"column":2}},"19":{"start":{"line":78,"column":2},"end":{"line":78,"column":42}},"20":{"start":{"line":83,"column":2},"end":{"line":83,"column":27}},"21":{"start":{"line":88,"column":2},"end":{"line":88,"column":49}},"22":{"start":{"line":95,"column":2},"end":{"line":98,"column":3}},"23":{"start":{"line":96,"column":3},"end":{"line":96,"column":55}},"24":{"start":{"line":97,"column":3},"end":{"line":97,"column":57}},"25":{"start":{"line":103,"column":2},"end":{"line":103,"column":60}},"26":{"start":{"line":104,"column":2},"end":{"line":104,"column":62}},"27":{"start":{"line":109,"column":2},"end":{"line":109,"column":42}},"28":{"start":{"line":110,"column":2},"end":{"line":110,"column":44}},"29":{"start":{"line":116,"column":2},"end":{"line":116,"column":41}},"30":{"start":{"line":117,"column":2},"end":{"line":117,"column":39}},"31":{"start":{"line":122,"column":2},"end":{"line":122,"column":21}},"32":{"start":{"line":128,"column":1},"end":{"line":131,"column":2}},"33":{"start":{"line":129,"column":2},"end":{"line":129,"column":55}},"34":{"start":{"line":130,"column":2},"end":{"line":130,"column":32}},"35":{"start":{"line":136,"column":1},"end":{"line":170,"column":2}},"36":{"start":{"line":141,"column":2},"end":{"line":141,"column":99}},"37":{"start":{"line":146,"column":21},"end":{"line":146,"column":70}},"38":{"start":{"line":147,"column":2},"end":{"line":147,"column":53}},"39":{"start":{"line":152,"column":21},"end":{"line":152,"column":83}},"40":{"start":{"line":157,"column":2},"end":{"line":157,"column":66}},"41":{"start":{"line":158,"column":2},"end":{"line":158,"column":50}},"42":{"start":{"line":159,"column":2},"end":{"line":159,"column":29}},"43":{"start":{"line":165,"column":2},"end":{"line":169,"column":3}},"44":{"start":{"line":166,"column":19},"end":{"line":166,"column":62}},"45":{"start":{"line":168,"column":3},"end":{"line":168,"column":117}}},"fnMap":{"0":{"name":"BarVisualization","decl":{"start":{"line":4,"column":9},"end":{"line":4,"column":25}},"loc":{"start":{"line":4,"column":27},"end":{"line":171,"column":1}},"line":4},"1":{"name":"(anonymous_1)","decl":{"start":{"line":45,"column":14},"end":{"line":45,"column":15}},"loc":{"start":{"line":45,"column":24},"end":{"line":47,"column":2}},"line":45},"2":{"name":"(anonymous_2)","decl":{"start":{"line":52,"column":16},"end":{"line":52,"column":17}},"loc":{"start":{"line":52,"column":26},"end":{"line":54,"column":2}},"line":52},"3":{"name":"(anonymous_3)","decl":{"start":{"line":61,"column":23},"end":{"line":61,"column":24}},"loc":{"start":{"line":61,"column":50},"end":{"line":67,"column":2}},"line":61},"4":{"name":"(anonymous_4)","decl":{"start":{"line":74,"column":27},"end":{"line":74,"column":28}},"loc":{"start":{"line":74,"column":46},"end":{"line":123,"column":2}},"line":74},"5":{"name":"(anonymous_5)","decl":{"start":{"line":128,"column":26},"end":{"line":128,"column":27}},"loc":{"start":{"line":128,"column":36},"end":{"line":131,"column":2}},"line":128},"6":{"name":"(anonymous_6)","decl":{"start":{"line":136,"column":20},"end":{"line":136,"column":21}},"loc":{"start":{"line":136,"column":31},"end":{"line":170,"column":2}},"line":136}},"branchMap":{"0":{"loc":{"start":{"line":63,"column":3},"end":{"line":65,"column":4}},"type":"if","locations":[{"start":{"line":63,"column":3},"end":{"line":65,"column":4}},{"start":{"line":63,"column":3},"end":{"line":65,"column":4}}],"line":63},"1":{"loc":{"start":{"line":95,"column":2},"end":{"line":98,"column":3}},"type":"if","locations":[{"start":{"line":95,"column":2},"end":{"line":98,"column":3}},{"start":{"line":95,"column":2},"end":{"line":98,"column":3}}],"line":95}},"s":{"0":0,"1":0,"2":0,"3":0,"4":0,"5":0,"6":0,"7":0,"8":0,"9":0,"10":0,"11":0,"12":0,"13":0,"14":0,"15":0,"16":0,"17":0,"18":0,"19":0,"20":0,"21":0,"22":0,"23":0,"24":0,"25":0,"26":0,"27":0,"28":0,"29":0,"30":0,"31":0,"32":0,"33":0,"34":0,"35":0,"36":0,"37":0,"38":0,"39":0,"40":0,"41":0,"42":0,"43":0,"44":0,"45":0},"f":{"0":0,"1":0,"2":0,"3":0,"4":0,"5":0,"6":0},"b":{"0":[0,0],"1":[0,0]},"_coverageSchema":"332fd63041d2c1bcb487cc26dd0d5f7d97098a6c","hash":"6443e6e13d36a767e578fb7ac93043bb0a798e96"}
,"/Users/danpastori/Development/amplitude.dev/httpdocs/public/dist/visualizations/michaelbromley.js": {"path":"/Users/danpastori/Development/amplitude.dev/httpdocs/public/dist/visualizations/michaelbromley.js","statementMap":{"0":{"start":{"line":9,"column":1},"end":{"line":9,"column":42}},"1":{"start":{"line":10,"column":1},"end":{"line":10,"column":45}},"2":{"start":{"line":15,"column":1},"end":{"line":15,"column":20}},"3":{"start":{"line":20,"column":1},"end":{"line":20,"column":21}},"4":{"start":{"line":21,"column":1},"end":{"line":26,"column":2}},"5":{"start":{"line":31,"column":1},"end":{"line":31,"column":20}},"6":{"start":{"line":36,"column":1},"end":{"line":36,"column":17}},"7":{"start":{"line":37,"column":1},"end":{"line":37,"column":17}},"8":{"start":{"line":42,"column":1},"end":{"line":42,"column":20}},"9":{"start":{"line":43,"column":1},"end":{"line":43,"column":17}},"10":{"start":{"line":44,"column":1},"end":{"line":44,"column":25}},"11":{"start":{"line":49,"column":1},"end":{"line":49,"column":20}},"12":{"start":{"line":50,"column":1},"end":{"line":50,"column":17}},"13":{"start":{"line":55,"column":1},"end":{"line":55,"column":20}},"14":{"start":{"line":56,"column":1},"end":{"line":56,"column":17}},"15":{"start":{"line":61,"column":1},"end":{"line":61,"column":17}},"16":{"start":{"line":62,"column":1},"end":{"line":62,"column":41}},"17":{"start":{"line":67,"column":1},"end":{"line":67,"column":26}},"18":{"start":{"line":68,"column":1},"end":{"line":68,"column":36}},"19":{"start":{"line":69,"column":1},"end":{"line":69,"column":37}},"20":{"start":{"line":74,"column":1},"end":{"line":74,"column":26}},"21":{"start":{"line":81,"column":1},"end":{"line":87,"column":2}},"22":{"start":{"line":82,"column":2},"end":{"line":86,"column":3}},"23":{"start":{"line":83,"column":3},"end":{"line":85,"column":4}},"24":{"start":{"line":84,"column":4},"end":{"line":84,"column":49}},"25":{"start":{"line":94,"column":1},"end":{"line":160,"column":2}},"26":{"start":{"line":98,"column":2},"end":{"line":98,"column":42}},"27":{"start":{"line":99,"column":2},"end":{"line":99,"column":27}},"28":{"start":{"line":105,"column":2},"end":{"line":108,"column":3}},"29":{"start":{"line":106,"column":3},"end":{"line":106,"column":55}},"30":{"start":{"line":107,"column":3},"end":{"line":107,"column":57}},"31":{"start":{"line":113,"column":2},"end":{"line":113,"column":51}},"32":{"start":{"line":114,"column":2},"end":{"line":114,"column":73}},"33":{"start":{"line":115,"column":2},"end":{"line":115,"column":46}},"34":{"start":{"line":116,"column":2},"end":{"line":116,"column":46}},"35":{"start":{"line":121,"column":2},"end":{"line":121,"column":51}},"36":{"start":{"line":122,"column":2},"end":{"line":122,"column":46}},"37":{"start":{"line":123,"column":2},"end":{"line":123,"column":72}},"38":{"start":{"line":124,"column":2},"end":{"line":124,"column":46}},"39":{"start":{"line":129,"column":2},"end":{"line":129,"column":51}},"40":{"start":{"line":130,"column":2},"end":{"line":130,"column":46}},"41":{"start":{"line":131,"column":2},"end":{"line":131,"column":46}},"42":{"start":{"line":136,"column":2},"end":{"line":136,"column":26}},"43":{"start":{"line":137,"column":2},"end":{"line":137,"column":23}},"44":{"start":{"line":142,"column":2},"end":{"line":142,"column":22}},"45":{"start":{"line":143,"column":2},"end":{"line":143,"column":14}},"46":{"start":{"line":148,"column":2},"end":{"line":148,"column":88}},"47":{"start":{"line":153,"column":2},"end":{"line":153,"column":67}},"48":{"start":{"line":154,"column":2},"end":{"line":154,"column":86}},"49":{"start":{"line":159,"column":2},"end":{"line":159,"column":63}},"50":{"start":{"line":165,"column":1},"end":{"line":417,"column":2}},"51":{"start":{"line":169,"column":2},"end":{"line":169,"column":18}},"52":{"start":{"line":176,"column":10},"end":{"line":176,"column":11}},"53":{"start":{"line":181,"column":2},"end":{"line":181,"column":117}},"54":{"start":{"line":186,"column":2},"end":{"line":186,"column":6}},"55":{"start":{"line":191,"column":2},"end":{"line":205,"column":3}},"56":{"start":{"line":192,"column":3},"end":{"line":192,"column":139}},"57":{"start":{"line":192,"column":140},"end":{"line":192,"column":144}},"58":{"start":{"line":193,"column":3},"end":{"line":193,"column":140}},"59":{"start":{"line":193,"column":141},"end":{"line":193,"column":145}},"60":{"start":{"line":195,"column":3},"end":{"line":200,"column":4}},"61":{"start":{"line":196,"column":4},"end":{"line":196,"column":141}},"62":{"start":{"line":196,"column":142},"end":{"line":196,"column":146}},"63":{"start":{"line":197,"column":4},"end":{"line":197,"column":141}},"64":{"start":{"line":197,"column":142},"end":{"line":197,"column":146}},"65":{"start":{"line":198,"column":4},"end":{"line":198,"column":142}},"66":{"start":{"line":198,"column":143},"end":{"line":198,"column":147}},"67":{"start":{"line":199,"column":4},"end":{"line":199,"column":144}},"68":{"start":{"line":199,"column":145},"end":{"line":199,"column":149}},"69":{"start":{"line":201,"column":3},"end":{"line":204,"column":4}},"70":{"start":{"line":202,"column":4},"end":{"line":202,"column":140}},"71":{"start":{"line":202,"column":141},"end":{"line":202,"column":145}},"72":{"start":{"line":203,"column":4},"end":{"line":203,"column":142}},"73":{"start":{"line":203,"column":143},"end":{"line":203,"column":147}},"74":{"start":{"line":216,"column":2},"end":{"line":216,"column":18}},"75":{"start":{"line":217,"column":14},"end":{"line":217,"column":38}},"76":{"start":{"line":219,"column":2},"end":{"line":224,"column":3}},"77":{"start":{"line":220,"column":3},"end":{"line":220,"column":53}},"78":{"start":{"line":221,"column":3},"end":{"line":221,"column":54}},"79":{"start":{"line":222,"column":3},"end":{"line":222,"column":42}},"80":{"start":{"line":223,"column":3},"end":{"line":223,"column":108}},"81":{"start":{"line":231,"column":2},"end":{"line":279,"column":3}},"82":{"start":{"line":232,"column":3},"end":{"line":272,"column":4}},"83":{"start":{"line":236,"column":4},"end":{"line":236,"column":44}},"84":{"start":{"line":237,"column":4},"end":{"line":237,"column":46}},"85":{"start":{"line":238,"column":4},"end":{"line":238,"column":71}},"86":{"start":{"line":243,"column":4},"end":{"line":243,"column":44}},"87":{"start":{"line":244,"column":4},"end":{"line":244,"column":46}},"88":{"start":{"line":249,"column":4},"end":{"line":249,"column":44}},"89":{"start":{"line":250,"column":4},"end":{"line":250,"column":46}},"90":{"start":{"line":251,"column":4},"end":{"line":251,"column":71}},"91":{"start":{"line":256,"column":4},"end":{"line":256,"column":49}},"92":{"start":{"line":257,"column":4},"end":{"line":257,"column":51}},"93":{"start":{"line":258,"column":4},"end":{"line":258,"column":71}},"94":{"start":{"line":263,"column":4},"end":{"line":263,"column":49}},"95":{"start":{"line":264,"column":4},"end":{"line":264,"column":51}},"96":{"start":{"line":269,"column":4},"end":{"line":269,"column":49}},"97":{"start":{"line":270,"column":4},"end":{"line":270,"column":51}},"98":{"start":{"line":271,"column":4},"end":{"line":271,"column":71}},"99":{"start":{"line":273,"column":3},"end":{"line":273,"column":117}},"100":{"start":{"line":276,"column":3},"end":{"line":276,"column":17}},"101":{"start":{"line":277,"column":3},"end":{"line":277,"column":27}},"102":{"start":{"line":278,"column":3},"end":{"line":278,"column":24}},"103":{"start":{"line":289,"column":2},"end":{"line":289,"column":116}},"104":{"start":{"line":294,"column":2},"end":{"line":294,"column":115}},"105":{"start":{"line":299,"column":2},"end":{"line":301,"column":5}},"106":{"start":{"line":300,"column":3},"end":{"line":300,"column":19}},"107":{"start":{"line":306,"column":2},"end":{"line":308,"column":5}},"108":{"start":{"line":307,"column":3},"end":{"line":307,"column":22}},"109":{"start":{"line":313,"column":2},"end":{"line":317,"column":5}},"110":{"start":{"line":314,"column":3},"end":{"line":316,"column":4}},"111":{"start":{"line":315,"column":4},"end":{"line":315,"column":25}},"112":{"start":{"line":322,"column":2},"end":{"line":322,"column":77}},"113":{"start":{"line":329,"column":2},"end":{"line":329,"column":72}},"114":{"start":{"line":331,"column":12},"end":{"line":331,"column":28}},"115":{"start":{"line":333,"column":2},"end":{"line":333,"column":37}},"116":{"start":{"line":334,"column":2},"end":{"line":334,"column":14}},"117":{"start":{"line":335,"column":2},"end":{"line":335,"column":14}},"118":{"start":{"line":336,"column":2},"end":{"line":336,"column":36}},"119":{"start":{"line":337,"column":2},"end":{"line":337,"column":25}},"120":{"start":{"line":338,"column":2},"end":{"line":338,"column":67}},"121":{"start":{"line":342,"column":12},"end":{"line":342,"column":218}},"122":{"start":{"line":346,"column":2},"end":{"line":346,"column":39}},"123":{"start":{"line":347,"column":2},"end":{"line":350,"column":28}},"124":{"start":{"line":352,"column":2},"end":{"line":352,"column":29}},"125":{"start":{"line":353,"column":2},"end":{"line":353,"column":20}},"126":{"start":{"line":360,"column":2},"end":{"line":360,"column":56}},"127":{"start":{"line":365,"column":16},"end":{"line":365,"column":17}},"128":{"start":{"line":369,"column":4},"end":{"line":371,"column":5}},"129":{"start":{"line":370,"column":8},"end":{"line":370,"column":36}},"130":{"start":{"line":373,"column":4},"end":{"line":373,"column":24}},"131":{"start":{"line":380,"column":2},"end":{"line":382,"column":3}},"132":{"start":{"line":381,"column":3},"end":{"line":381,"column":34}},"133":{"start":{"line":389,"column":2},"end":{"line":389,"column":14}},"134":{"start":{"line":396,"column":2},"end":{"line":396,"column":17}},"135":{"start":{"line":403,"column":2},"end":{"line":403,"column":48}},"136":{"start":{"line":404,"column":2},"end":{"line":404,"column":37}},"137":{"start":{"line":405,"column":2},"end":{"line":405,"column":47}},"138":{"start":{"line":407,"column":2},"end":{"line":407,"column":53}},"139":{"start":{"line":409,"column":4},"end":{"line":409,"column":34}},"140":{"start":{"line":416,"column":2},"end":{"line":416,"column":21}},"141":{"start":{"line":433,"column":1},"end":{"line":433,"column":26}},"142":{"start":{"line":434,"column":1},"end":{"line":434,"column":20}},"143":{"start":{"line":435,"column":1},"end":{"line":435,"column":26}},"144":{"start":{"line":436,"column":1},"end":{"line":436,"column":16}},"145":{"start":{"line":437,"column":1},"end":{"line":437,"column":20}},"146":{"start":{"line":438,"column":1},"end":{"line":438,"column":30}},"147":{"start":{"line":443,"column":1},"end":{"line":443,"column":16}},"148":{"start":{"line":447,"column":1},"end":{"line":447,"column":15}},"149":{"start":{"line":451,"column":1},"end":{"line":451,"column":38}},"150":{"start":{"line":456,"column":1},"end":{"line":456,"column":20}},"151":{"start":{"line":458,"column":12},"end":{"line":458,"column":54}},"152":{"start":{"line":459,"column":1},"end":{"line":459,"column":56}},"153":{"start":{"line":460,"column":1},"end":{"line":460,"column":45}},"154":{"start":{"line":465,"column":1},"end":{"line":465,"column":20}},"155":{"start":{"line":466,"column":1},"end":{"line":472,"column":2}},"156":{"start":{"line":468,"column":2},"end":{"line":468,"column":82}},"157":{"start":{"line":469,"column":2},"end":{"line":469,"column":82}},"158":{"start":{"line":471,"column":2},"end":{"line":471,"column":29}},"159":{"start":{"line":474,"column":1},"end":{"line":474,"column":30}},"160":{"start":{"line":480,"column":0},"end":{"line":491,"column":1}},"161":{"start":{"line":484,"column":16},"end":{"line":484,"column":31}},"162":{"start":{"line":486,"column":1},"end":{"line":486,"column":86}},"163":{"start":{"line":487,"column":1},"end":{"line":490,"column":2}},"164":{"start":{"line":488,"column":2},"end":{"line":488,"column":88}},"165":{"start":{"line":489,"column":2},"end":{"line":489,"column":88}},"166":{"start":{"line":496,"column":0},"end":{"line":580,"column":1}},"167":{"start":{"line":497,"column":14},"end":{"line":497,"column":74}},"168":{"start":{"line":498,"column":11},"end":{"line":498,"column":56}},"169":{"start":{"line":499,"column":1},"end":{"line":499,"column":32}},"170":{"start":{"line":503,"column":1},"end":{"line":508,"column":2}},"171":{"start":{"line":504,"column":2},"end":{"line":504,"column":18}},"172":{"start":{"line":506,"column":2},"end":{"line":506,"column":26}},"173":{"start":{"line":507,"column":2},"end":{"line":507,"column":18}},"174":{"start":{"line":514,"column":1},"end":{"line":579,"column":2}},"175":{"start":{"line":515,"column":2},"end":{"line":515,"column":23}},"176":{"start":{"line":516,"column":15},"end":{"line":516,"column":53}},"177":{"start":{"line":517,"column":2},"end":{"line":517,"column":84}},"178":{"start":{"line":522,"column":2},"end":{"line":525,"column":3}},"179":{"start":{"line":523,"column":3},"end":{"line":523,"column":51}},"180":{"start":{"line":524,"column":3},"end":{"line":524,"column":86}},"181":{"start":{"line":527,"column":2},"end":{"line":527,"column":23}},"182":{"start":{"line":529,"column":2},"end":{"line":541,"column":3}},"183":{"start":{"line":530,"column":3},"end":{"line":530,"column":19}},"184":{"start":{"line":531,"column":3},"end":{"line":531,"column":62}},"185":{"start":{"line":532,"column":3},"end":{"line":532,"column":19}},"186":{"start":{"line":533,"column":8},"end":{"line":541,"column":3}},"187":{"start":{"line":534,"column":3},"end":{"line":534,"column":19}},"188":{"start":{"line":535,"column":3},"end":{"line":535,"column":11}},"189":{"start":{"line":536,"column":3},"end":{"line":536,"column":19}},"190":{"start":{"line":538,"column":3},"end":{"line":538,"column":49}},"191":{"start":{"line":539,"column":3},"end":{"line":539,"column":62}},"192":{"start":{"line":540,"column":3},"end":{"line":540,"column":64}},"193":{"start":{"line":543,"column":2},"end":{"line":548,"column":3}},"194":{"start":{"line":547,"column":3},"end":{"line":547,"column":20}},"195":{"start":{"line":550,"column":2},"end":{"line":555,"column":3}},"196":{"start":{"line":554,"column":3},"end":{"line":554,"column":24}},"197":{"start":{"line":560,"column":10},"end":{"line":560,"column":16}},"198":{"start":{"line":561,"column":2},"end":{"line":561,"column":83}},"199":{"start":{"line":563,"column":2},"end":{"line":567,"column":10}},"200":{"start":{"line":568,"column":2},"end":{"line":568,"column":18}},"201":{"start":{"line":573,"column":2},"end":{"line":578,"column":3}},"202":{"start":{"line":574,"column":19},"end":{"line":574,"column":21}},"203":{"start":{"line":575,"column":3},"end":{"line":575,"column":96}},"204":{"start":{"line":576,"column":3},"end":{"line":576,"column":26}},"205":{"start":{"line":577,"column":3},"end":{"line":577,"column":21}},"206":{"start":{"line":587,"column":0},"end":{"line":621,"column":2}},"207":{"start":{"line":588,"column":1},"end":{"line":588,"column":55}},"208":{"start":{"line":593,"column":13},"end":{"line":593,"column":14}},"209":{"start":{"line":597,"column":1},"end":{"line":599,"column":2}},"210":{"start":{"line":598,"column":3},"end":{"line":598,"column":31}},"211":{"start":{"line":601,"column":14},"end":{"line":601,"column":19}},"212":{"start":{"line":603,"column":13},"end":{"line":603,"column":43}},"213":{"start":{"line":609,"column":16},"end":{"line":609,"column":74}},"214":{"start":{"line":613,"column":20},"end":{"line":613,"column":77}},"215":{"start":{"line":615,"column":20},"end":{"line":615,"column":110}},"216":{"start":{"line":616,"column":15},"end":{"line":616,"column":45}},"217":{"start":{"line":617,"column":15},"end":{"line":617,"column":45}},"218":{"start":{"line":618,"column":1},"end":{"line":618,"column":37}},"219":{"start":{"line":619,"column":1},"end":{"line":619,"column":37}},"220":{"start":{"line":620,"column":1},"end":{"line":620,"column":27}},"221":{"start":{"line":626,"column":0},"end":{"line":648,"column":3}},"222":{"start":{"line":627,"column":1},"end":{"line":627,"column":22}},"223":{"start":{"line":631,"column":14},"end":{"line":631,"column":52}},"224":{"start":{"line":632,"column":1},"end":{"line":632,"column":83}},"225":{"start":{"line":637,"column":1},"end":{"line":641,"column":2}},"226":{"start":{"line":638,"column":2},"end":{"line":638,"column":50}},"227":{"start":{"line":640,"column":2},"end":{"line":640,"column":85}},"228":{"start":{"line":642,"column":1},"end":{"line":642,"column":22}},"229":{"start":{"line":643,"column":9},"end":{"line":643,"column":27}},"230":{"start":{"line":644,"column":1},"end":{"line":644,"column":58}},"231":{"start":{"line":645,"column":1},"end":{"line":645,"column":24}},"232":{"start":{"line":646,"column":1},"end":{"line":646,"column":19}},"233":{"start":{"line":647,"column":1},"end":{"line":647,"column":23}},"234":{"start":{"line":662,"column":1},"end":{"line":662,"column":12}},"235":{"start":{"line":663,"column":1},"end":{"line":663,"column":12}},"236":{"start":{"line":664,"column":1},"end":{"line":664,"column":53}},"237":{"start":{"line":665,"column":1},"end":{"line":665,"column":26}},"238":{"start":{"line":666,"column":1},"end":{"line":666,"column":16}},"239":{"start":{"line":667,"column":1},"end":{"line":667,"column":15}},"240":{"start":{"line":668,"column":1},"end":{"line":668,"column":26}},"241":{"start":{"line":669,"column":1},"end":{"line":669,"column":26}},"242":{"start":{"line":670,"column":1},"end":{"line":670,"column":30}},"243":{"start":{"line":676,"column":0},"end":{"line":734,"column":1}},"244":{"start":{"line":677,"column":26},"end":{"line":677,"column":84}},"245":{"start":{"line":678,"column":1},"end":{"line":678,"column":55}},"246":{"start":{"line":683,"column":13},"end":{"line":683,"column":14}},"247":{"start":{"line":687,"column":1},"end":{"line":689,"column":2}},"248":{"start":{"line":688,"column":3},"end":{"line":688,"column":31}},"249":{"start":{"line":691,"column":14},"end":{"line":691,"column":19}},"250":{"start":{"line":696,"column":18},"end":{"line":696,"column":63}},"251":{"start":{"line":697,"column":1},"end":{"line":697,"column":82}},"252":{"start":{"line":698,"column":1},"end":{"line":698,"column":92}},"253":{"start":{"line":699,"column":1},"end":{"line":699,"column":22}},"254":{"start":{"line":700,"column":1},"end":{"line":700,"column":32}},"255":{"start":{"line":701,"column":20},"end":{"line":701,"column":120}},"256":{"start":{"line":702,"column":11},"end":{"line":702,"column":47}},"257":{"start":{"line":703,"column":11},"end":{"line":703,"column":47}},"258":{"start":{"line":704,"column":1},"end":{"line":704,"column":28}},"259":{"start":{"line":705,"column":1},"end":{"line":705,"column":28}},"260":{"start":{"line":706,"column":1},"end":{"line":706,"column":45}},"261":{"start":{"line":707,"column":1},"end":{"line":707,"column":19}},"262":{"start":{"line":708,"column":1},"end":{"line":708,"column":22}},"263":{"start":{"line":713,"column":13},"end":{"line":713,"column":44}},"264":{"start":{"line":714,"column":1},"end":{"line":714,"column":46}},"265":{"start":{"line":715,"column":1},"end":{"line":717,"column":2}},"266":{"start":{"line":716,"column":2},"end":{"line":716,"column":20}},"267":{"start":{"line":719,"column":10},"end":{"line":719,"column":42}},"268":{"start":{"line":720,"column":10},"end":{"line":720,"column":42}},"269":{"start":{"line":721,"column":1},"end":{"line":721,"column":33}},"270":{"start":{"line":722,"column":1},"end":{"line":722,"column":33}},"271":{"start":{"line":724,"column":14},"end":{"line":724,"column":42}},"272":{"start":{"line":725,"column":14},"end":{"line":725,"column":41}},"273":{"start":{"line":726,"column":1},"end":{"line":733,"column":2}},"274":{"start":{"line":730,"column":2},"end":{"line":730,"column":57}},"275":{"start":{"line":731,"column":2},"end":{"line":731,"column":58}},"276":{"start":{"line":732,"column":2},"end":{"line":732,"column":60}}},"fnMap":{"0":{"name":"MichaelBromleyVisualization","decl":{"start":{"line":5,"column":9},"end":{"line":5,"column":36}},"loc":{"start":{"line":5,"column":38},"end":{"line":418,"column":1}},"line":5},"1":{"name":"(anonymous_1)","decl":{"start":{"line":81,"column":23},"end":{"line":81,"column":24}},"loc":{"start":{"line":81,"column":50},"end":{"line":87,"column":2}},"line":81},"2":{"name":"(anonymous_2)","decl":{"start":{"line":94,"column":27},"end":{"line":94,"column":28}},"loc":{"start":{"line":94,"column":46},"end":{"line":160,"column":2}},"line":94},"3":{"name":"(anonymous_3)","decl":{"start":{"line":165,"column":25},"end":{"line":165,"column":26}},"loc":{"start":{"line":165,"column":35},"end":{"line":206,"column":2}},"line":165},"4":{"name":"(anonymous_4)","decl":{"start":{"line":211,"column":22},"end":{"line":211,"column":23}},"loc":{"start":{"line":211,"column":32},"end":{"line":225,"column":2}},"line":211},"5":{"name":"(anonymous_5)","decl":{"start":{"line":230,"column":21},"end":{"line":230,"column":22}},"loc":{"start":{"line":230,"column":31},"end":{"line":280,"column":2}},"line":230},"6":{"name":"(anonymous_6)","decl":{"start":{"line":285,"column":13},"end":{"line":285,"column":14}},"loc":{"start":{"line":285,"column":23},"end":{"line":323,"column":2}},"line":285},"7":{"name":"(anonymous_7)","decl":{"start":{"line":299,"column":21},"end":{"line":299,"column":22}},"loc":{"start":{"line":299,"column":36},"end":{"line":301,"column":3}},"line":299},"8":{"name":"(anonymous_8)","decl":{"start":{"line":306,"column":21},"end":{"line":306,"column":22}},"loc":{"start":{"line":306,"column":36},"end":{"line":308,"column":3}},"line":306},"9":{"name":"(anonymous_9)","decl":{"start":{"line":313,"column":21},"end":{"line":313,"column":22}},"loc":{"start":{"line":313,"column":36},"end":{"line":317,"column":3}},"line":313},"10":{"name":"(anonymous_10)","decl":{"start":{"line":328,"column":15},"end":{"line":328,"column":16}},"loc":{"start":{"line":328,"column":25},"end":{"line":354,"column":2}},"line":328},"11":{"name":"(anonymous_11)","decl":{"start":{"line":359,"column":26},"end":{"line":359,"column":27}},"loc":{"start":{"line":359,"column":36},"end":{"line":374,"column":2}},"line":359},"12":{"name":"(anonymous_12)","decl":{"start":{"line":379,"column":25},"end":{"line":379,"column":26}},"loc":{"start":{"line":379,"column":35},"end":{"line":383,"column":2}},"line":379},"13":{"name":"(anonymous_13)","decl":{"start":{"line":388,"column":16},"end":{"line":388,"column":17}},"loc":{"start":{"line":388,"column":26},"end":{"line":390,"column":2}},"line":388},"14":{"name":"(anonymous_14)","decl":{"start":{"line":395,"column":14},"end":{"line":395,"column":15}},"loc":{"start":{"line":395,"column":24},"end":{"line":397,"column":2}},"line":395},"15":{"name":"(anonymous_15)","decl":{"start":{"line":402,"column":26},"end":{"line":402,"column":27}},"loc":{"start":{"line":402,"column":36},"end":{"line":410,"column":2}},"line":402},"16":{"name":"(anonymous_16)","decl":{"start":{"line":415,"column":18},"end":{"line":415,"column":19}},"loc":{"start":{"line":415,"column":28},"end":{"line":417,"column":2}},"line":415},"17":{"name":"Polygon","decl":{"start":{"line":432,"column":9},"end":{"line":432,"column":16}},"loc":{"start":{"line":432,"column":92},"end":{"line":475,"column":1}},"line":432},"18":{"name":"(anonymous_18)","decl":{"start":{"line":480,"column":35},"end":{"line":480,"column":36}},"loc":{"start":{"line":480,"column":45},"end":{"line":491,"column":1}},"line":480},"19":{"name":"(anonymous_19)","decl":{"start":{"line":496,"column":32},"end":{"line":496,"column":33}},"loc":{"start":{"line":496,"column":42},"end":{"line":580,"column":1}},"line":496},"20":{"name":"(anonymous_20)","decl":{"start":{"line":587,"column":36},"end":{"line":587,"column":37}},"loc":{"start":{"line":587,"column":55},"end":{"line":621,"column":1}},"line":587},"21":{"name":"(anonymous_21)","decl":{"start":{"line":626,"column":34},"end":{"line":626,"column":35}},"loc":{"start":{"line":626,"column":45},"end":{"line":648,"column":2}},"line":626},"22":{"name":"Star","decl":{"start":{"line":661,"column":9},"end":{"line":661,"column":13}},"loc":{"start":{"line":661,"column":68},"end":{"line":671,"column":1}},"line":661},"23":{"name":"(anonymous_23)","decl":{"start":{"line":676,"column":26},"end":{"line":676,"column":27}},"loc":{"start":{"line":676,"column":36},"end":{"line":734,"column":1}},"line":676}},"branchMap":{"0":{"loc":{"start":{"line":83,"column":3},"end":{"line":85,"column":4}},"type":"if","locations":[{"start":{"line":83,"column":3},"end":{"line":85,"column":4}},{"start":{"line":83,"column":3},"end":{"line":85,"column":4}}],"line":83},"1":{"loc":{"start":{"line":105,"column":2},"end":{"line":108,"column":3}},"type":"if","locations":[{"start":{"line":105,"column":2},"end":{"line":108,"column":3}},{"start":{"line":105,"column":2},"end":{"line":108,"column":3}}],"line":105},"2":{"loc":{"start":{"line":231,"column":2},"end":{"line":279,"column":3}},"type":"if","locations":[{"start":{"line":231,"column":2},"end":{"line":279,"column":3}},{"start":{"line":231,"column":2},"end":{"line":279,"column":3}}],"line":231},"3":{"loc":{"start":{"line":232,"column":3},"end":{"line":272,"column":4}},"type":"if","locations":[{"start":{"line":232,"column":3},"end":{"line":272,"column":4}},{"start":{"line":232,"column":3},"end":{"line":272,"column":4}}],"line":232},"4":{"loc":{"start":{"line":273,"column":19},"end":{"line":273,"column":116}},"type":"cond-expr","locations":[{"start":{"line":273,"column":64},"end":{"line":273,"column":88}},{"start":{"line":273,"column":91},"end":{"line":273,"column":116}}],"line":273},"5":{"loc":{"start":{"line":314,"column":3},"end":{"line":316,"column":4}},"type":"if","locations":[{"start":{"line":314,"column":3},"end":{"line":316,"column":4}},{"start":{"line":314,"column":3},"end":{"line":316,"column":4}}],"line":314},"6":{"loc":{"start":{"line":451,"column":14},"end":{"line":451,"column":37}},"type":"cond-expr","locations":[{"start":{"line":451,"column":30},"end":{"line":451,"column":33}},{"start":{"line":451,"column":36},"end":{"line":451,"column":37}}],"line":451},"7":{"loc":{"start":{"line":486,"column":13},"end":{"line":486,"column":85}},"type":"cond-expr","locations":[{"start":{"line":486,"column":44},"end":{"line":486,"column":81}},{"start":{"line":486,"column":84},"end":{"line":486,"column":85}}],"line":486},"8":{"loc":{"start":{"line":499,"column":8},"end":{"line":499,"column":31}},"type":"cond-expr","locations":[{"start":{"line":499,"column":24},"end":{"line":499,"column":27}},{"start":{"line":499,"column":30},"end":{"line":499,"column":31}}],"line":499},"9":{"loc":{"start":{"line":503,"column":1},"end":{"line":508,"column":2}},"type":"if","locations":[{"start":{"line":503,"column":1},"end":{"line":508,"column":2}},{"start":{"line":503,"column":1},"end":{"line":508,"column":2}}],"line":503},"10":{"loc":{"start":{"line":514,"column":1},"end":{"line":579,"column":2}},"type":"if","locations":[{"start":{"line":514,"column":1},"end":{"line":579,"column":2}},{"start":{"line":514,"column":1},"end":{"line":579,"column":2}}],"line":514},"11":{"loc":{"start":{"line":529,"column":2},"end":{"line":541,"column":3}},"type":"if","locations":[{"start":{"line":529,"column":2},"end":{"line":541,"column":3}},{"start":{"line":529,"column":2},"end":{"line":541,"column":3}}],"line":529},"12":{"loc":{"start":{"line":533,"column":8},"end":{"line":541,"column":3}},"type":"if","locations":[{"start":{"line":533,"column":8},"end":{"line":541,"column":3}},{"start":{"line":533,"column":8},"end":{"line":541,"column":3}}],"line":533},"13":{"loc":{"start":{"line":543,"column":2},"end":{"line":548,"column":3}},"type":"if","locations":[{"start":{"line":543,"column":2},"end":{"line":548,"column":3}},{"start":{"line":543,"column":2},"end":{"line":548,"column":3}}],"line":543},"14":{"loc":{"start":{"line":550,"column":2},"end":{"line":555,"column":3}},"type":"if","locations":[{"start":{"line":550,"column":2},"end":{"line":555,"column":3}},{"start":{"line":550,"column":2},"end":{"line":555,"column":3}}],"line":550},"15":{"loc":{"start":{"line":573,"column":2},"end":{"line":578,"column":3}},"type":"if","locations":[{"start":{"line":573,"column":2},"end":{"line":578,"column":3}},{"start":{"line":573,"column":2},"end":{"line":578,"column":3}}],"line":573},"16":{"loc":{"start":{"line":618,"column":12},"end":{"line":618,"column":36}},"type":"cond-expr","locations":[{"start":{"line":618,"column":30},"end":{"line":618,"column":32}},{"start":{"line":618,"column":35},"end":{"line":618,"column":36}}],"line":618},"17":{"loc":{"start":{"line":619,"column":12},"end":{"line":619,"column":36}},"type":"cond-expr","locations":[{"start":{"line":619,"column":30},"end":{"line":619,"column":32}},{"start":{"line":619,"column":35},"end":{"line":619,"column":36}}],"line":619},"18":{"loc":{"start":{"line":704,"column":8},"end":{"line":704,"column":27}},"type":"cond-expr","locations":[{"start":{"line":704,"column":21},"end":{"line":704,"column":22}},{"start":{"line":704,"column":25},"end":{"line":704,"column":27}}],"line":704},"19":{"loc":{"start":{"line":705,"column":8},"end":{"line":705,"column":27}},"type":"cond-expr","locations":[{"start":{"line":705,"column":21},"end":{"line":705,"column":22}},{"start":{"line":705,"column":25},"end":{"line":705,"column":27}}],"line":705},"20":{"loc":{"start":{"line":715,"column":1},"end":{"line":717,"column":2}},"type":"if","locations":[{"start":{"line":715,"column":1},"end":{"line":717,"column":2}},{"start":{"line":715,"column":1},"end":{"line":717,"column":2}}],"line":715},"21":{"loc":{"start":{"line":721,"column":11},"end":{"line":721,"column":32}},"type":"cond-expr","locations":[{"start":{"line":721,"column":24},"end":{"line":721,"column":26}},{"start":{"line":721,"column":29},"end":{"line":721,"column":32}}],"line":721},"22":{"loc":{"start":{"line":722,"column":11},"end":{"line":722,"column":32}},"type":"cond-expr","locations":[{"start":{"line":722,"column":24},"end":{"line":722,"column":26}},{"start":{"line":722,"column":29},"end":{"line":722,"column":32}}],"line":722},"23":{"loc":{"start":{"line":726,"column":1},"end":{"line":733,"column":2}},"type":"if","locations":[{"start":{"line":726,"column":1},"end":{"line":733,"column":2}},{"start":{"line":726,"column":1},"end":{"line":733,"column":2}}],"line":726},"24":{"loc":{"start":{"line":726,"column":5},"end":{"line":726,"column":83}},"type":"binary-expr","locations":[{"start":{"line":726,"column":6},"end":{"line":726,"column":21}},{"start":{"line":726,"column":25},"end":{"line":726,"column":41}},{"start":{"line":726,"column":47},"end":{"line":726,"column":62}},{"start":{"line":726,"column":66},"end":{"line":726,"column":82}}],"line":726}},"s":{"0":0,"1":0,"2":0,"3":0,"4":0,"5":0,"6":0,"7":0,"8":0,"9":0,"10":0,"11":0,"12":0,"13":0,"14":0,"15":0,"16":0,"17":0,"18":0,"19":0,"20":0,"21":0,"22":0,"23":0,"24":0,"25":0,"26":0,"27":0,"28":0,"29":0,"30":0,"31":0,"32":0,"33":0,"34":0,"35":0,"36":0,"37":0,"38":0,"39":0,"40":0,"41":0,"42":0,"43":0,"44":0,"45":0,"46":0,"47":0,"48":0,"49":0,"50":0,"51":0,"52":0,"53":0,"54":0,"55":0,"56":0,"57":0,"58":0,"59":0,"60":0,"61":0,"62":0,"63":0,"64":0,"65":0,"66":0,"67":0,"68":0,"69":0,"70":0,"71":0,"72":0,"73":0,"74":0,"75":0,"76":0,"77":0,"78":0,"79":0,"80":0,"81":0,"82":0,"83":0,"84":0,"85":0,"86":0,"87":0,"88":0,"89":0,"90":0,"91":0,"92":0,"93":0,"94":0,"95":0,"96":0,"97":0,"98":0,"99":0,"100":0,"101":0,"102":0,"103":0,"104":0,"105":0,"106":0,"107":0,"108":0,"109":0,"110":0,"111":0,"112":0,"113":0,"114":0,"115":0,"116":0,"117":0,"118":0,"119":0,"120":0,"121":0,"122":0,"123":0,"124":0,"125":0,"126":0,"127":0,"128":0,"129":0,"130":0,"131":0,"132":0,"133":0,"134":0,"135":0,"136":0,"137":0,"138":0,"139":0,"140":0,"141":0,"142":0,"143":0,"144":0,"145":0,"146":0,"147":0,"148":0,"149":0,"150":0,"151":0,"152":0,"153":0,"154":0,"155":0,"156":0,"157":0,"158":0,"159":0,"160":31,"161":0,"162":0,"163":0,"164":0,"165":0,"166":31,"167":0,"168":0,"169":0,"170":0,"171":0,"172":0,"173":0,"174":0,"175":0,"176":0,"177":0,"178":0,"179":0,"180":0,"181":0,"182":0,"183":0,"184":0,"185":0,"186":0,"187":0,"188":0,"189":0,"190":0,"191":0,"192":0,"193":0,"194":0,"195":0,"196":0,"197":0,"198":0,"199":0,"200":0,"201":0,"202":0,"203":0,"204":0,"205":0,"206":31,"207":0,"208":0,"209":0,"210":0,"211":0,"212":0,"213":0,"214":0,"215":0,"216":0,"217":0,"218":0,"219":0,"220":0,"221":31,"222":0,"223":0,"224":0,"225":0,"226":0,"227":0,"228":0,"229":0,"230":0,"231":0,"232":0,"233":0,"234":0,"235":0,"236":0,"237":0,"238":0,"239":0,"240":0,"241":0,"242":0,"243":31,"244":0,"245":0,"246":0,"247":0,"248":0,"249":0,"250":0,"251":0,"252":0,"253":0,"254":0,"255":0,"256":0,"257":0,"258":0,"259":0,"260":0,"261":0,"262":0,"263":0,"264":0,"265":0,"266":0,"267":0,"268":0,"269":0,"270":0,"271":0,"272":0,"273":0,"274":0,"275":0,"276":0},"f":{"0":0,"1":0,"2":0,"3":0,"4":0,"5":0,"6":0,"7":0,"8":0,"9":0,"10":0,"11":0,"12":0,"13":0,"14":0,"15":0,"16":0,"17":0,"18":0,"19":0,"20":0,"21":0,"22":0,"23":0},"b":{"0":[0,0],"1":[0,0],"2":[0,0],"3":[0,0],"4":[0,0],"5":[0,0],"6":[0,0],"7":[0,0],"8":[0,0],"9":[0,0],"10":[0,0],"11":[0,0],"12":[0,0],"13":[0,0],"14":[0,0],"15":[0,0],"16":[0,0],"17":[0,0],"18":[0,0],"19":[0,0],"20":[0,0],"21":[0,0],"22":[0,0],"23":[0,0],"24":[0,0,0,0]},"_coverageSchema":"332fd63041d2c1bcb487cc26dd0d5f7d97098a6c","hash":"ccdad5b3b84c0b05ec9acb5c381c11046cb2374c"}
,"/Users/danpastori/Development/amplitude.dev/httpdocs/public/src/config.js": {"path":"/Users/danpastori/Development/amplitude.dev/httpdocs/public/src/config.js","statementMap":{"0":{"start":{"line":53,"column":0},"end":{"line":143,"column":2}}},"fnMap":{},"branchMap":{},"s":{"0":31},"f":{},"b":{},"_coverageSchema":"332fd63041d2c1bcb487cc26dd0d5f7d97098a6c","hash":"4d341e62c6c73e2c70e6102c2bb93d28a95c9130"}
,"/Users/danpastori/Development/amplitude.dev/httpdocs/public/src/index.js": {"path":"/Users/danpastori/Development/amplitude.dev/httpdocs/public/src/index.js","statementMap":{"0":{"start":{"line":130,"column":16},"end":{"line":1331,"column":4}},"1":{"start":{"line":141,"column":4},"end":{"line":141,"column":39}},"2":{"start":{"line":148,"column":4},"end":{"line":148,"column":18}},"3":{"start":{"line":159,"column":4},"end":{"line":159,"column":32}},"4":{"start":{"line":170,"column":4},"end":{"line":170,"column":34}},"5":{"start":{"line":181,"column":4},"end":{"line":181,"column":33}},"6":{"start":{"line":192,"column":4},"end":{"line":192,"column":25}},"7":{"start":{"line":203,"column":4},"end":{"line":203,"column":48}},"8":{"start":{"line":214,"column":4},"end":{"line":214,"column":29}},"9":{"start":{"line":226,"column":4},"end":{"line":226,"column":46}},"10":{"start":{"line":239,"column":4},"end":{"line":239,"column":33}},"11":{"start":{"line":241,"column":4},"end":{"line":241,"column":31}},"12":{"start":{"line":254,"column":4},"end":{"line":254,"column":51}},"13":{"start":{"line":256,"column":4},"end":{"line":256,"column":31}},"14":{"start":{"line":257,"column":4},"end":{"line":257,"column":43}},"15":{"start":{"line":269,"column":4},"end":{"line":269,"column":36}},"16":{"start":{"line":270,"column":4},"end":{"line":270,"column":32}},"17":{"start":{"line":283,"column":4},"end":{"line":283,"column":54}},"18":{"start":{"line":284,"column":4},"end":{"line":284,"column":48}},"19":{"start":{"line":296,"column":4},"end":{"line":306,"column":5}},"20":{"start":{"line":300,"column":6},"end":{"line":300,"column":50}},"21":{"start":{"line":305,"column":6},"end":{"line":305,"column":38}},"22":{"start":{"line":317,"column":4},"end":{"line":317,"column":36}},"23":{"start":{"line":328,"column":4},"end":{"line":328,"column":39}},"24":{"start":{"line":340,"column":4},"end":{"line":340,"column":35}},"25":{"start":{"line":352,"column":5},"end":{"line":352,"column":38}},"26":{"start":{"line":366,"column":4},"end":{"line":366,"column":68}},"27":{"start":{"line":380,"column":4},"end":{"line":380,"column":36}},"28":{"start":{"line":394,"column":4},"end":{"line":394,"column":33}},"29":{"start":{"line":410,"column":4},"end":{"line":415,"column":5}},"30":{"start":{"line":414,"column":6},"end":{"line":414,"column":76}},"31":{"start":{"line":430,"column":4},"end":{"line":430,"column":25}},"32":{"start":{"line":443,"column":4},"end":{"line":443,"column":34}},"33":{"start":{"line":455,"column":4},"end":{"line":455,"column":52}},"34":{"start":{"line":468,"column":4},"end":{"line":468,"column":31}},"35":{"start":{"line":482,"column":15},"end":{"line":482,"column":54}},"36":{"start":{"line":484,"column":4},"end":{"line":484,"column":16}},"37":{"start":{"line":501,"column":4},"end":{"line":503,"column":5}},"38":{"start":{"line":502,"column":6},"end":{"line":502,"column":24}},"39":{"start":{"line":505,"column":4},"end":{"line":505,"column":28}},"40":{"start":{"line":507,"column":4},"end":{"line":509,"column":5}},"41":{"start":{"line":508,"column":6},"end":{"line":508,"column":37}},"42":{"start":{"line":511,"column":4},"end":{"line":518,"column":5}},"43":{"start":{"line":512,"column":6},"end":{"line":517,"column":8}},"44":{"start":{"line":520,"column":4},"end":{"line":520,"column":35}},"45":{"start":{"line":535,"column":4},"end":{"line":555,"column":5}},"46":{"start":{"line":536,"column":6},"end":{"line":536,"column":50}},"47":{"start":{"line":538,"column":6},"end":{"line":540,"column":7}},"48":{"start":{"line":539,"column":8},"end":{"line":539,"column":59}},"49":{"start":{"line":542,"column":6},"end":{"line":549,"column":7}},"50":{"start":{"line":543,"column":8},"end":{"line":548,"column":10}},"51":{"start":{"line":551,"column":6},"end":{"line":551,"column":57}},"52":{"start":{"line":553,"column":6},"end":{"line":553,"column":52}},"53":{"start":{"line":554,"column":6},"end":{"line":554,"column":18}},"54":{"start":{"line":569,"column":4},"end":{"line":603,"column":5}},"55":{"start":{"line":573,"column":6},"end":{"line":573,"column":33}},"56":{"start":{"line":578,"column":24},"end":{"line":578,"column":77}},"57":{"start":{"line":584,"column":6},"end":{"line":588,"column":7}},"58":{"start":{"line":585,"column":8},"end":{"line":587,"column":9}},"59":{"start":{"line":586,"column":10},"end":{"line":586,"column":57}},"60":{"start":{"line":593,"column":6},"end":{"line":593,"column":42}},"61":{"start":{"line":594,"column":6},"end":{"line":594,"column":48}},"62":{"start":{"line":595,"column":6},"end":{"line":595,"column":43}},"63":{"start":{"line":596,"column":6},"end":{"line":596,"column":44}},"64":{"start":{"line":597,"column":6},"end":{"line":597,"column":46}},"65":{"start":{"line":599,"column":6},"end":{"line":599,"column":35}},"66":{"start":{"line":601,"column":6},"end":{"line":601,"column":69}},"67":{"start":{"line":602,"column":6},"end":{"line":602,"column":18}},"68":{"start":{"line":616,"column":4},"end":{"line":616,"column":34}},"69":{"start":{"line":630,"column":4},"end":{"line":632,"column":5}},"70":{"start":{"line":631,"column":6},"end":{"line":631,"column":56}},"71":{"start":{"line":650,"column":4},"end":{"line":660,"column":5}},"72":{"start":{"line":651,"column":6},"end":{"line":651,"column":34}},"73":{"start":{"line":652,"column":6},"end":{"line":652,"column":36}},"74":{"start":{"line":653,"column":6},"end":{"line":653,"column":39}},"75":{"start":{"line":659,"column":6},"end":{"line":659,"column":58}},"76":{"start":{"line":665,"column":4},"end":{"line":665,"column":16}},"77":{"start":{"line":670,"column":4},"end":{"line":670,"column":29}},"78":{"start":{"line":675,"column":4},"end":{"line":675,"column":39}},"79":{"start":{"line":681,"column":4},"end":{"line":681,"column":39}},"80":{"start":{"line":686,"column":4},"end":{"line":686,"column":47}},"81":{"start":{"line":691,"column":4},"end":{"line":691,"column":37}},"82":{"start":{"line":696,"column":4},"end":{"line":696,"column":38}},"83":{"start":{"line":701,"column":4},"end":{"line":701,"column":33}},"84":{"start":{"line":716,"column":4},"end":{"line":716,"column":16}},"85":{"start":{"line":721,"column":4},"end":{"line":725,"column":5}},"86":{"start":{"line":722,"column":6},"end":{"line":722,"column":46}},"87":{"start":{"line":724,"column":6},"end":{"line":724,"column":61}},"88":{"start":{"line":730,"column":4},"end":{"line":732,"column":5}},"89":{"start":{"line":731,"column":6},"end":{"line":731,"column":61}},"90":{"start":{"line":737,"column":4},"end":{"line":737,"column":16}},"91":{"start":{"line":742,"column":4},"end":{"line":742,"column":33}},"92":{"start":{"line":747,"column":4},"end":{"line":747,"column":29}},"93":{"start":{"line":760,"column":4},"end":{"line":760,"column":16}},"94":{"start":{"line":765,"column":4},"end":{"line":773,"column":5}},"95":{"start":{"line":766,"column":6},"end":{"line":766,"column":50}},"96":{"start":{"line":768,"column":6},"end":{"line":772,"column":8}},"97":{"start":{"line":778,"column":4},"end":{"line":784,"column":5}},"98":{"start":{"line":779,"column":6},"end":{"line":783,"column":8}},"99":{"start":{"line":789,"column":4},"end":{"line":789,"column":29}},"100":{"start":{"line":794,"column":4},"end":{"line":794,"column":16}},"101":{"start":{"line":799,"column":4},"end":{"line":799,"column":33}},"102":{"start":{"line":812,"column":4},"end":{"line":812,"column":16}},"103":{"start":{"line":814,"column":4},"end":{"line":814,"column":33}},"104":{"start":{"line":827,"column":4},"end":{"line":827,"column":17}},"105":{"start":{"line":829,"column":4},"end":{"line":829,"column":33}},"106":{"start":{"line":840,"column":4},"end":{"line":840,"column":24}},"107":{"start":{"line":851,"column":4},"end":{"line":851,"column":27}},"108":{"start":{"line":863,"column":19},"end":{"line":863,"column":21}},"109":{"start":{"line":868,"column":4},"end":{"line":880,"column":5}},"110":{"start":{"line":873,"column":6},"end":{"line":877,"column":7}},"111":{"start":{"line":874,"column":8},"end":{"line":874,"column":34}},"112":{"start":{"line":876,"column":8},"end":{"line":876,"column":64}},"113":{"start":{"line":879,"column":6},"end":{"line":879,"column":48}},"114":{"start":{"line":892,"column":19},"end":{"line":892,"column":21}},"115":{"start":{"line":898,"column":4},"end":{"line":910,"column":5}},"116":{"start":{"line":903,"column":6},"end":{"line":907,"column":7}},"117":{"start":{"line":904,"column":8},"end":{"line":904,"column":38}},"118":{"start":{"line":906,"column":8},"end":{"line":906,"column":68}},"119":{"start":{"line":909,"column":6},"end":{"line":909,"column":52}},"120":{"start":{"line":921,"column":4},"end":{"line":921,"column":24}},"121":{"start":{"line":933,"column":4},"end":{"line":933,"column":44}},"122":{"start":{"line":945,"column":4},"end":{"line":949,"column":5}},"123":{"start":{"line":946,"column":6},"end":{"line":946,"column":33}},"124":{"start":{"line":948,"column":6},"end":{"line":948,"column":26}},"125":{"start":{"line":962,"column":4},"end":{"line":966,"column":5}},"126":{"start":{"line":963,"column":6},"end":{"line":963,"column":53}},"127":{"start":{"line":965,"column":6},"end":{"line":965,"column":46}},"128":{"start":{"line":977,"column":4},"end":{"line":977,"column":41}},"129":{"start":{"line":988,"column":4},"end":{"line":988,"column":26}},"130":{"start":{"line":999,"column":4},"end":{"line":999,"column":27}},"131":{"start":{"line":1013,"column":4},"end":{"line":1013,"column":32}},"132":{"start":{"line":1015,"column":4},"end":{"line":1063,"column":5}},"133":{"start":{"line":1019,"column":6},"end":{"line":1021,"column":7}},"134":{"start":{"line":1020,"column":8},"end":{"line":1020,"column":52}},"135":{"start":{"line":1027,"column":6},"end":{"line":1031,"column":8}},"136":{"start":{"line":1032,"column":6},"end":{"line":1032,"column":18}},"137":{"start":{"line":1037,"column":6},"end":{"line":1037,"column":37}},"138":{"start":{"line":1038,"column":6},"end":{"line":1038,"column":39}},"139":{"start":{"line":1039,"column":6},"end":{"line":1039,"column":35}},"140":{"start":{"line":1044,"column":6},"end":{"line":1044,"column":35}},"141":{"start":{"line":1050,"column":6},"end":{"line":1050,"column":69}},"142":{"start":{"line":1051,"column":6},"end":{"line":1051,"column":18}},"143":{"start":{"line":1056,"column":6},"end":{"line":1056,"column":37}},"144":{"start":{"line":1057,"column":6},"end":{"line":1057,"column":35}},"145":{"start":{"line":1062,"column":6},"end":{"line":1062,"column":35}},"146":{"start":{"line":1082,"column":4},"end":{"line":1108,"column":5}},"147":{"start":{"line":1090,"column":6},"end":{"line":1096,"column":7}},"148":{"start":{"line":1091,"column":8},"end":{"line":1095,"column":9}},"149":{"start":{"line":1092,"column":10},"end":{"line":1094,"column":11}},"150":{"start":{"line":1093,"column":12},"end":{"line":1093,"column":73}},"151":{"start":{"line":1101,"column":6},"end":{"line":1107,"column":7}},"152":{"start":{"line":1102,"column":8},"end":{"line":1106,"column":9}},"153":{"start":{"line":1103,"column":10},"end":{"line":1105,"column":11}},"154":{"start":{"line":1104,"column":12},"end":{"line":1104,"column":53}},"155":{"start":{"line":1113,"column":4},"end":{"line":1113,"column":39}},"156":{"start":{"line":1114,"column":4},"end":{"line":1114,"column":36}},"157":{"start":{"line":1118,"column":4},"end":{"line":1136,"column":5}},"158":{"start":{"line":1123,"column":24},"end":{"line":1123,"column":77}},"159":{"start":{"line":1125,"column":6},"end":{"line":1131,"column":7}},"160":{"start":{"line":1126,"column":8},"end":{"line":1130,"column":9}},"161":{"start":{"line":1127,"column":10},"end":{"line":1129,"column":11}},"162":{"start":{"line":1128,"column":12},"end":{"line":1128,"column":60}},"163":{"start":{"line":1133,"column":6},"end":{"line":1133,"column":49}},"164":{"start":{"line":1135,"column":6},"end":{"line":1135,"column":67}},"165":{"start":{"line":1148,"column":4},"end":{"line":1148,"column":24}},"166":{"start":{"line":1159,"column":4},"end":{"line":1159,"column":24}},"167":{"start":{"line":1168,"column":4},"end":{"line":1168,"column":31}},"168":{"start":{"line":1184,"column":4},"end":{"line":1184,"column":56}},"169":{"start":{"line":1194,"column":4},"end":{"line":1204,"column":5}},"170":{"start":{"line":1195,"column":6},"end":{"line":1201,"column":7}},"171":{"start":{"line":1196,"column":8},"end":{"line":1196,"column":68}},"172":{"start":{"line":1198,"column":8},"end":{"line":1200,"column":10}},"173":{"start":{"line":1203,"column":6},"end":{"line":1203,"column":77}},"174":{"start":{"line":1214,"column":4},"end":{"line":1224,"column":5}},"175":{"start":{"line":1215,"column":6},"end":{"line":1221,"column":7}},"176":{"start":{"line":1216,"column":8},"end":{"line":1216,"column":65}},"177":{"start":{"line":1218,"column":8},"end":{"line":1220,"column":10}},"178":{"start":{"line":1223,"column":6},"end":{"line":1223,"column":62}},"179":{"start":{"line":1239,"column":4},"end":{"line":1251,"column":5}},"180":{"start":{"line":1240,"column":6},"end":{"line":1248,"column":7}},"181":{"start":{"line":1241,"column":8},"end":{"line":1243,"column":43}},"182":{"start":{"line":1245,"column":8},"end":{"line":1247,"column":10}},"183":{"start":{"line":1250,"column":6},"end":{"line":1250,"column":80}},"184":{"start":{"line":1258,"column":4},"end":{"line":1264,"column":5}},"185":{"start":{"line":1259,"column":6},"end":{"line":1259,"column":46}},"186":{"start":{"line":1261,"column":6},"end":{"line":1263,"column":8}},"187":{"start":{"line":1270,"column":2},"end":{"line":1330,"column":4}}},"fnMap":{"0":{"name":"(anonymous_0)","decl":{"start":{"line":130,"column":17},"end":{"line":130,"column":18}},"loc":{"start":{"line":130,"column":28},"end":{"line":1331,"column":1}},"line":130},"1":{"name":"init","decl":{"start":{"line":140,"column":11},"end":{"line":140,"column":15}},"loc":{"start":{"line":140,"column":28},"end":{"line":142,"column":3}},"line":140},"2":{"name":"getConfig","decl":{"start":{"line":147,"column":11},"end":{"line":147,"column":20}},"loc":{"start":{"line":147,"column":23},"end":{"line":149,"column":3}},"line":147},"3":{"name":"bindNewElements","decl":{"start":{"line":158,"column":11},"end":{"line":158,"column":26}},"loc":{"start":{"line":158,"column":29},"end":{"line":160,"column":3}},"line":158},"4":{"name":"getActivePlaylist","decl":{"start":{"line":169,"column":11},"end":{"line":169,"column":28}},"loc":{"start":{"line":169,"column":31},"end":{"line":171,"column":3}},"line":169},"5":{"name":"getPlaybackSpeed","decl":{"start":{"line":180,"column":11},"end":{"line":180,"column":27}},"loc":{"start":{"line":180,"column":30},"end":{"line":182,"column":3}},"line":180},"6":{"name":"getRepeat","decl":{"start":{"line":191,"column":11},"end":{"line":191,"column":20}},"loc":{"start":{"line":191,"column":23},"end":{"line":193,"column":3}},"line":191},"7":{"name":"getRepeatPlaylist","decl":{"start":{"line":202,"column":11},"end":{"line":202,"column":28}},"loc":{"start":{"line":202,"column":42},"end":{"line":204,"column":3}},"line":202},"8":{"name":"getShuffle","decl":{"start":{"line":213,"column":11},"end":{"line":213,"column":21}},"loc":{"start":{"line":213,"column":24},"end":{"line":215,"column":3}},"line":213},"9":{"name":"getShufflePlaylist","decl":{"start":{"line":225,"column":11},"end":{"line":225,"column":29}},"loc":{"start":{"line":225,"column":40},"end":{"line":227,"column":3}},"line":225},"10":{"name":"setShuffle","decl":{"start":{"line":238,"column":11},"end":{"line":238,"column":21}},"loc":{"start":{"line":238,"column":31},"end":{"line":242,"column":3}},"line":238},"11":{"name":"setShufflePlaylist","decl":{"start":{"line":253,"column":11},"end":{"line":253,"column":29}},"loc":{"start":{"line":253,"column":49},"end":{"line":258,"column":3}},"line":253},"12":{"name":"setRepeat","decl":{"start":{"line":268,"column":11},"end":{"line":268,"column":20}},"loc":{"start":{"line":268,"column":34},"end":{"line":271,"column":3}},"line":268},"13":{"name":"setRepeatPlaylist","decl":{"start":{"line":282,"column":11},"end":{"line":282,"column":28}},"loc":{"start":{"line":282,"column":52},"end":{"line":285,"column":3}},"line":282},"14":{"name":"setRepeatSong","decl":{"start":{"line":295,"column":11},"end":{"line":295,"column":24}},"loc":{"start":{"line":295,"column":38},"end":{"line":307,"column":3}},"line":295},"15":{"name":"getDefaultAlbumArt","decl":{"start":{"line":316,"column":11},"end":{"line":316,"column":29}},"loc":{"start":{"line":316,"column":32},"end":{"line":318,"column":3}},"line":316},"16":{"name":"getDefaultPlaylistArt","decl":{"start":{"line":327,"column":11},"end":{"line":327,"column":32}},"loc":{"start":{"line":327,"column":34},"end":{"line":329,"column":3}},"line":327},"17":{"name":"setDefaultAlbumArt","decl":{"start":{"line":339,"column":11},"end":{"line":339,"column":29}},"loc":{"start":{"line":339,"column":35},"end":{"line":341,"column":3}},"line":339},"18":{"name":"setDefaultPlaylistArt","decl":{"start":{"line":351,"column":12},"end":{"line":351,"column":33}},"loc":{"start":{"line":351,"column":38},"end":{"line":353,"column":4}},"line":351},"19":{"name":"getSongPlayedPercentage","decl":{"start":{"line":362,"column":11},"end":{"line":362,"column":34}},"loc":{"start":{"line":362,"column":37},"end":{"line":367,"column":3}},"line":362},"20":{"name":"getSongPlayedSeconds","decl":{"start":{"line":376,"column":11},"end":{"line":376,"column":31}},"loc":{"start":{"line":376,"column":34},"end":{"line":381,"column":3}},"line":376},"21":{"name":"getSongDuration","decl":{"start":{"line":390,"column":11},"end":{"line":390,"column":26}},"loc":{"start":{"line":390,"column":29},"end":{"line":395,"column":3}},"line":390},"22":{"name":"setSongPlayedPercentage","decl":{"start":{"line":406,"column":11},"end":{"line":406,"column":34}},"loc":{"start":{"line":406,"column":47},"end":{"line":416,"column":3}},"line":406},"23":{"name":"setDebug","decl":{"start":{"line":426,"column":11},"end":{"line":426,"column":19}},"loc":{"start":{"line":426,"column":27},"end":{"line":431,"column":3}},"line":426},"24":{"name":"getActiveSongMetadata","decl":{"start":{"line":442,"column":11},"end":{"line":442,"column":32}},"loc":{"start":{"line":442,"column":35},"end":{"line":444,"column":3}},"line":442},"25":{"name":"getActivePlaylistMetadata","decl":{"start":{"line":454,"column":11},"end":{"line":454,"column":36}},"loc":{"start":{"line":454,"column":39},"end":{"line":456,"column":3}},"line":454},"26":{"name":"getSongAtIndex","decl":{"start":{"line":467,"column":11},"end":{"line":467,"column":25}},"loc":{"start":{"line":467,"column":33},"end":{"line":469,"column":3}},"line":467},"27":{"name":"getSongAtPlaylistIndex","decl":{"start":{"line":481,"column":11},"end":{"line":481,"column":33}},"loc":{"start":{"line":481,"column":51},"end":{"line":485,"column":3}},"line":481},"28":{"name":"addSong","decl":{"start":{"line":497,"column":11},"end":{"line":497,"column":18}},"loc":{"start":{"line":497,"column":25},"end":{"line":521,"column":3}},"line":497},"29":{"name":"addSongToPlaylist","decl":{"start":{"line":534,"column":11},"end":{"line":534,"column":28}},"loc":{"start":{"line":534,"column":45},"end":{"line":556,"column":3}},"line":534},"30":{"name":"addPlaylist","decl":{"start":{"line":565,"column":11},"end":{"line":565,"column":22}},"loc":{"start":{"line":565,"column":41},"end":{"line":604,"column":3}},"line":565},"31":{"name":"removeSong","decl":{"start":{"line":615,"column":11},"end":{"line":615,"column":21}},"loc":{"start":{"line":615,"column":29},"end":{"line":617,"column":3}},"line":615},"32":{"name":"removeSongFromPlaylist","decl":{"start":{"line":629,"column":11},"end":{"line":629,"column":33}},"loc":{"start":{"line":629,"column":51},"end":{"line":633,"column":3}},"line":629},"33":{"name":"playNow","decl":{"start":{"line":645,"column":11},"end":{"line":645,"column":18}},"loc":{"start":{"line":645,"column":25},"end":{"line":702,"column":3}},"line":645},"34":{"name":"playSongAtIndex","decl":{"start":{"line":712,"column":11},"end":{"line":712,"column":26}},"loc":{"start":{"line":712,"column":34},"end":{"line":748,"column":3}},"line":712},"35":{"name":"playPlaylistSongAtIndex","decl":{"start":{"line":759,"column":11},"end":{"line":759,"column":34}},"loc":{"start":{"line":759,"column":52},"end":{"line":800,"column":3}},"line":759},"36":{"name":"play","decl":{"start":{"line":811,"column":11},"end":{"line":811,"column":15}},"loc":{"start":{"line":811,"column":18},"end":{"line":815,"column":3}},"line":811},"37":{"name":"pause","decl":{"start":{"line":826,"column":11},"end":{"line":826,"column":16}},"loc":{"start":{"line":826,"column":19},"end":{"line":830,"column":3}},"line":826},"38":{"name":"getAudio","decl":{"start":{"line":839,"column":11},"end":{"line":839,"column":19}},"loc":{"start":{"line":839,"column":22},"end":{"line":841,"column":3}},"line":839},"39":{"name":"getAnalyser","decl":{"start":{"line":850,"column":11},"end":{"line":850,"column":22}},"loc":{"start":{"line":850,"column":25},"end":{"line":852,"column":3}},"line":850},"40":{"name":"next","decl":{"start":{"line":862,"column":11},"end":{"line":862,"column":15}},"loc":{"start":{"line":862,"column":33},"end":{"line":881,"column":3}},"line":862},"41":{"name":"prev","decl":{"start":{"line":891,"column":11},"end":{"line":891,"column":15}},"loc":{"start":{"line":891,"column":33},"end":{"line":911,"column":3}},"line":891},"42":{"name":"getSongs","decl":{"start":{"line":920,"column":11},"end":{"line":920,"column":19}},"loc":{"start":{"line":920,"column":22},"end":{"line":922,"column":3}},"line":920},"43":{"name":"getSongsInPlaylist","decl":{"start":{"line":932,"column":11},"end":{"line":932,"column":29}},"loc":{"start":{"line":932,"column":40},"end":{"line":934,"column":3}},"line":932},"44":{"name":"getSongsState","decl":{"start":{"line":944,"column":11},"end":{"line":944,"column":24}},"loc":{"start":{"line":944,"column":27},"end":{"line":950,"column":3}},"line":944},"45":{"name":"getSongsStatePlaylist","decl":{"start":{"line":961,"column":11},"end":{"line":961,"column":32}},"loc":{"start":{"line":961,"column":43},"end":{"line":967,"column":3}},"line":961},"46":{"name":"getActiveIndex","decl":{"start":{"line":976,"column":11},"end":{"line":976,"column":25}},"loc":{"start":{"line":976,"column":28},"end":{"line":978,"column":3}},"line":976},"47":{"name":"getVersion","decl":{"start":{"line":987,"column":11},"end":{"line":987,"column":21}},"loc":{"start":{"line":987,"column":24},"end":{"line":989,"column":3}},"line":987},"48":{"name":"getBuffered","decl":{"start":{"line":998,"column":11},"end":{"line":998,"column":22}},"loc":{"start":{"line":998,"column":25},"end":{"line":1000,"column":3}},"line":998},"49":{"name":"skipTo","decl":{"start":{"line":1012,"column":11},"end":{"line":1012,"column":17}},"loc":{"start":{"line":1012,"column":55},"end":{"line":1064,"column":3}},"line":1012},"50":{"name":"setSongMetaData","decl":{"start":{"line":1078,"column":11},"end":{"line":1078,"column":26}},"loc":{"start":{"line":1078,"column":61},"end":{"line":1115,"column":3}},"line":1078},"51":{"name":"setPlaylistMetaData","decl":{"start":{"line":1117,"column":11},"end":{"line":1117,"column":30}},"loc":{"start":{"line":1117,"column":51},"end":{"line":1137,"column":3}},"line":1117},"52":{"name":"setDelay","decl":{"start":{"line":1147,"column":11},"end":{"line":1147,"column":19}},"loc":{"start":{"line":1147,"column":26},"end":{"line":1149,"column":3}},"line":1147},"53":{"name":"getDelay","decl":{"start":{"line":1158,"column":11},"end":{"line":1158,"column":19}},"loc":{"start":{"line":1158,"column":22},"end":{"line":1160,"column":3}},"line":1158},"54":{"name":"getPlayerState","decl":{"start":{"line":1167,"column":11},"end":{"line":1167,"column":25}},"loc":{"start":{"line":1167,"column":28},"end":{"line":1169,"column":3}},"line":1167},"55":{"name":"registerVisualization","decl":{"start":{"line":1183,"column":11},"end":{"line":1183,"column":32}},"loc":{"start":{"line":1183,"column":61},"end":{"line":1185,"column":3}},"line":1183},"56":{"name":"setPlaylistVisualization","decl":{"start":{"line":1193,"column":11},"end":{"line":1193,"column":35}},"loc":{"start":{"line":1193,"column":64},"end":{"line":1205,"column":3}},"line":1193},"57":{"name":"setSongVisualization","decl":{"start":{"line":1213,"column":11},"end":{"line":1213,"column":31}},"loc":{"start":{"line":1213,"column":61},"end":{"line":1225,"column":3}},"line":1213},"58":{"name":"setSongInPlaylistVisualization","decl":{"start":{"line":1234,"column":11},"end":{"line":1234,"column":41}},"loc":{"start":{"line":1238,"column":4},"end":{"line":1252,"column":3}},"line":1238},"59":{"name":"setGlobalVisualization","decl":{"start":{"line":1257,"column":11},"end":{"line":1257,"column":33}},"loc":{"start":{"line":1257,"column":52},"end":{"line":1265,"column":3}},"line":1257}},"branchMap":{"0":{"loc":{"start":{"line":296,"column":4},"end":{"line":306,"column":5}},"type":"if","locations":[{"start":{"line":296,"column":4},"end":{"line":306,"column":5}},{"start":{"line":296,"column":4},"end":{"line":306,"column":5}}],"line":296},"1":{"loc":{"start":{"line":410,"column":4},"end":{"line":415,"column":5}},"type":"if","locations":[{"start":{"line":410,"column":4},"end":{"line":415,"column":5}},{"start":{"line":410,"column":4},"end":{"line":415,"column":5}}],"line":410},"2":{"loc":{"start":{"line":410,"column":8},"end":{"line":410,"column":77}},"type":"binary-expr","locations":[{"start":{"line":410,"column":8},"end":{"line":410,"column":37}},{"start":{"line":410,"column":42},"end":{"line":410,"column":56}},{"start":{"line":410,"column":60},"end":{"line":410,"column":76}}],"line":410},"3":{"loc":{"start":{"line":501,"column":4},"end":{"line":503,"column":5}},"type":"if","locations":[{"start":{"line":501,"column":4},"end":{"line":503,"column":5}},{"start":{"line":501,"column":4},"end":{"line":503,"column":5}}],"line":501},"4":{"loc":{"start":{"line":507,"column":4},"end":{"line":509,"column":5}},"type":"if","locations":[{"start":{"line":507,"column":4},"end":{"line":509,"column":5}},{"start":{"line":507,"column":4},"end":{"line":509,"column":5}}],"line":507},"5":{"loc":{"start":{"line":511,"column":4},"end":{"line":518,"column":5}},"type":"if","locations":[{"start":{"line":511,"column":4},"end":{"line":518,"column":5}},{"start":{"line":511,"column":4},"end":{"line":518,"column":5}}],"line":511},"6":{"loc":{"start":{"line":535,"column":4},"end":{"line":555,"column":5}},"type":"if","locations":[{"start":{"line":535,"column":4},"end":{"line":555,"column":5}},{"start":{"line":535,"column":4},"end":{"line":555,"column":5}}],"line":535},"7":{"loc":{"start":{"line":538,"column":6},"end":{"line":540,"column":7}},"type":"if","locations":[{"start":{"line":538,"column":6},"end":{"line":540,"column":7}},{"start":{"line":538,"column":6},"end":{"line":540,"column":7}}],"line":538},"8":{"loc":{"start":{"line":542,"column":6},"end":{"line":549,"column":7}},"type":"if","locations":[{"start":{"line":542,"column":6},"end":{"line":549,"column":7}},{"start":{"line":542,"column":6},"end":{"line":549,"column":7}}],"line":542},"9":{"loc":{"start":{"line":569,"column":4},"end":{"line":603,"column":5}},"type":"if","locations":[{"start":{"line":569,"column":4},"end":{"line":603,"column":5}},{"start":{"line":569,"column":4},"end":{"line":603,"column":5}}],"line":569},"10":{"loc":{"start":{"line":585,"column":8},"end":{"line":587,"column":9}},"type":"if","locations":[{"start":{"line":585,"column":8},"end":{"line":587,"column":9}},{"start":{"line":585,"column":8},"end":{"line":587,"column":9}}],"line":585},"11":{"loc":{"start":{"line":630,"column":4},"end":{"line":632,"column":5}},"type":"if","locations":[{"start":{"line":630,"column":4},"end":{"line":632,"column":5}},{"start":{"line":630,"column":4},"end":{"line":632,"column":5}}],"line":630},"12":{"loc":{"start":{"line":650,"column":4},"end":{"line":660,"column":5}},"type":"if","locations":[{"start":{"line":650,"column":4},"end":{"line":660,"column":5}},{"start":{"line":650,"column":4},"end":{"line":660,"column":5}}],"line":650},"13":{"loc":{"start":{"line":721,"column":4},"end":{"line":725,"column":5}},"type":"if","locations":[{"start":{"line":721,"column":4},"end":{"line":725,"column":5}},{"start":{"line":721,"column":4},"end":{"line":725,"column":5}}],"line":721},"14":{"loc":{"start":{"line":730,"column":4},"end":{"line":732,"column":5}},"type":"if","locations":[{"start":{"line":730,"column":4},"end":{"line":732,"column":5}},{"start":{"line":730,"column":4},"end":{"line":732,"column":5}}],"line":730},"15":{"loc":{"start":{"line":765,"column":4},"end":{"line":773,"column":5}},"type":"if","locations":[{"start":{"line":765,"column":4},"end":{"line":773,"column":5}},{"start":{"line":765,"column":4},"end":{"line":773,"column":5}}],"line":765},"16":{"loc":{"start":{"line":778,"column":4},"end":{"line":784,"column":5}},"type":"if","locations":[{"start":{"line":778,"column":4},"end":{"line":784,"column":5}},{"start":{"line":778,"column":4},"end":{"line":784,"column":5}}],"line":778},"17":{"loc":{"start":{"line":862,"column":16},"end":{"line":862,"column":31}},"type":"default-arg","locations":[{"start":{"line":862,"column":27},"end":{"line":862,"column":31}}],"line":862},"18":{"loc":{"start":{"line":868,"column":4},"end":{"line":880,"column":5}},"type":"if","locations":[{"start":{"line":868,"column":4},"end":{"line":880,"column":5}},{"start":{"line":868,"column":4},"end":{"line":880,"column":5}}],"line":868},"19":{"loc":{"start":{"line":868,"column":8},"end":{"line":868,"column":42}},"type":"binary-expr","locations":[{"start":{"line":868,"column":8},"end":{"line":868,"column":22}},{"start":{"line":868,"column":26},"end":{"line":868,"column":42}}],"line":868},"20":{"loc":{"start":{"line":873,"column":6},"end":{"line":877,"column":7}},"type":"if","locations":[{"start":{"line":873,"column":6},"end":{"line":877,"column":7}},{"start":{"line":873,"column":6},"end":{"line":877,"column":7}}],"line":873},"21":{"loc":{"start":{"line":873,"column":10},"end":{"line":873,"column":72}},"type":"binary-expr","locations":[{"start":{"line":873,"column":10},"end":{"line":873,"column":40}},{"start":{"line":873,"column":44},"end":{"line":873,"column":72}}],"line":873},"22":{"loc":{"start":{"line":891,"column":16},"end":{"line":891,"column":31}},"type":"default-arg","locations":[{"start":{"line":891,"column":27},"end":{"line":891,"column":31}}],"line":891},"23":{"loc":{"start":{"line":898,"column":4},"end":{"line":910,"column":5}},"type":"if","locations":[{"start":{"line":898,"column":4},"end":{"line":910,"column":5}},{"start":{"line":898,"column":4},"end":{"line":910,"column":5}}],"line":898},"24":{"loc":{"start":{"line":898,"column":8},"end":{"line":898,"column":42}},"type":"binary-expr","locations":[{"start":{"line":898,"column":8},"end":{"line":898,"column":22}},{"start":{"line":898,"column":26},"end":{"line":898,"column":42}}],"line":898},"25":{"loc":{"start":{"line":903,"column":6},"end":{"line":907,"column":7}},"type":"if","locations":[{"start":{"line":903,"column":6},"end":{"line":907,"column":7}},{"start":{"line":903,"column":6},"end":{"line":907,"column":7}}],"line":903},"26":{"loc":{"start":{"line":903,"column":10},"end":{"line":903,"column":72}},"type":"binary-expr","locations":[{"start":{"line":903,"column":10},"end":{"line":903,"column":40}},{"start":{"line":903,"column":44},"end":{"line":903,"column":72}}],"line":903},"27":{"loc":{"start":{"line":945,"column":4},"end":{"line":949,"column":5}},"type":"if","locations":[{"start":{"line":945,"column":4},"end":{"line":949,"column":5}},{"start":{"line":945,"column":4},"end":{"line":949,"column":5}}],"line":945},"28":{"loc":{"start":{"line":962,"column":4},"end":{"line":966,"column":5}},"type":"if","locations":[{"start":{"line":962,"column":4},"end":{"line":966,"column":5}},{"start":{"line":962,"column":4},"end":{"line":966,"column":5}}],"line":962},"29":{"loc":{"start":{"line":1012,"column":38},"end":{"line":1012,"column":53}},"type":"default-arg","locations":[{"start":{"line":1012,"column":49},"end":{"line":1012,"column":53}}],"line":1012},"30":{"loc":{"start":{"line":1015,"column":4},"end":{"line":1063,"column":5}},"type":"if","locations":[{"start":{"line":1015,"column":4},"end":{"line":1063,"column":5}},{"start":{"line":1015,"column":4},"end":{"line":1063,"column":5}}],"line":1015},"31":{"loc":{"start":{"line":1019,"column":6},"end":{"line":1021,"column":7}},"type":"if","locations":[{"start":{"line":1019,"column":6},"end":{"line":1021,"column":7}},{"start":{"line":1019,"column":6},"end":{"line":1021,"column":7}}],"line":1019},"32":{"loc":{"start":{"line":1078,"column":44},"end":{"line":1078,"column":59}},"type":"default-arg","locations":[{"start":{"line":1078,"column":55},"end":{"line":1078,"column":59}}],"line":1078},"33":{"loc":{"start":{"line":1082,"column":4},"end":{"line":1108,"column":5}},"type":"if","locations":[{"start":{"line":1082,"column":4},"end":{"line":1108,"column":5}},{"start":{"line":1082,"column":4},"end":{"line":1108,"column":5}}],"line":1082},"34":{"loc":{"start":{"line":1083,"column":6},"end":{"line":1085,"column":45}},"type":"binary-expr","locations":[{"start":{"line":1083,"column":6},"end":{"line":1083,"column":20}},{"start":{"line":1084,"column":6},"end":{"line":1084,"column":22}},{"start":{"line":1085,"column":6},"end":{"line":1085,"column":45}}],"line":1083},"35":{"loc":{"start":{"line":1091,"column":8},"end":{"line":1095,"column":9}},"type":"if","locations":[{"start":{"line":1091,"column":8},"end":{"line":1095,"column":9}},{"start":{"line":1091,"column":8},"end":{"line":1095,"column":9}}],"line":1091},"36":{"loc":{"start":{"line":1092,"column":10},"end":{"line":1094,"column":11}},"type":"if","locations":[{"start":{"line":1092,"column":10},"end":{"line":1094,"column":11}},{"start":{"line":1092,"column":10},"end":{"line":1094,"column":11}}],"line":1092},"37":{"loc":{"start":{"line":1092,"column":14},"end":{"line":1092,"column":76}},"type":"binary-expr","locations":[{"start":{"line":1092,"column":14},"end":{"line":1092,"column":26}},{"start":{"line":1092,"column":30},"end":{"line":1092,"column":42}},{"start":{"line":1092,"column":46},"end":{"line":1092,"column":59}},{"start":{"line":1092,"column":63},"end":{"line":1092,"column":76}}],"line":1092},"38":{"loc":{"start":{"line":1102,"column":8},"end":{"line":1106,"column":9}},"type":"if","locations":[{"start":{"line":1102,"column":8},"end":{"line":1106,"column":9}},{"start":{"line":1102,"column":8},"end":{"line":1106,"column":9}}],"line":1102},"39":{"loc":{"start":{"line":1103,"column":10},"end":{"line":1105,"column":11}},"type":"if","locations":[{"start":{"line":1103,"column":10},"end":{"line":1105,"column":11}},{"start":{"line":1103,"column":10},"end":{"line":1105,"column":11}}],"line":1103},"40":{"loc":{"start":{"line":1103,"column":14},"end":{"line":1103,"column":76}},"type":"binary-expr","locations":[{"start":{"line":1103,"column":14},"end":{"line":1103,"column":26}},{"start":{"line":1103,"column":30},"end":{"line":1103,"column":42}},{"start":{"line":1103,"column":46},"end":{"line":1103,"column":59}},{"start":{"line":1103,"column":63},"end":{"line":1103,"column":76}}],"line":1103},"41":{"loc":{"start":{"line":1118,"column":4},"end":{"line":1136,"column":5}},"type":"if","locations":[{"start":{"line":1118,"column":4},"end":{"line":1136,"column":5}},{"start":{"line":1118,"column":4},"end":{"line":1136,"column":5}}],"line":1118},"42":{"loc":{"start":{"line":1126,"column":8},"end":{"line":1130,"column":9}},"type":"if","locations":[{"start":{"line":1126,"column":8},"end":{"line":1130,"column":9}},{"start":{"line":1126,"column":8},"end":{"line":1130,"column":9}}],"line":1126},"43":{"loc":{"start":{"line":1127,"column":10},"end":{"line":1129,"column":11}},"type":"if","locations":[{"start":{"line":1127,"column":10},"end":{"line":1129,"column":11}},{"start":{"line":1127,"column":10},"end":{"line":1129,"column":11}}],"line":1127},"44":{"loc":{"start":{"line":1194,"column":4},"end":{"line":1204,"column":5}},"type":"if","locations":[{"start":{"line":1194,"column":4},"end":{"line":1204,"column":5}},{"start":{"line":1194,"column":4},"end":{"line":1204,"column":5}}],"line":1194},"45":{"loc":{"start":{"line":1195,"column":6},"end":{"line":1201,"column":7}},"type":"if","locations":[{"start":{"line":1195,"column":6},"end":{"line":1201,"column":7}},{"start":{"line":1195,"column":6},"end":{"line":1201,"column":7}}],"line":1195},"46":{"loc":{"start":{"line":1214,"column":4},"end":{"line":1224,"column":5}},"type":"if","locations":[{"start":{"line":1214,"column":4},"end":{"line":1224,"column":5}},{"start":{"line":1214,"column":4},"end":{"line":1224,"column":5}}],"line":1214},"47":{"loc":{"start":{"line":1215,"column":6},"end":{"line":1221,"column":7}},"type":"if","locations":[{"start":{"line":1215,"column":6},"end":{"line":1221,"column":7}},{"start":{"line":1215,"column":6},"end":{"line":1221,"column":7}}],"line":1215},"48":{"loc":{"start":{"line":1239,"column":4},"end":{"line":1251,"column":5}},"type":"if","locations":[{"start":{"line":1239,"column":4},"end":{"line":1251,"column":5}},{"start":{"line":1239,"column":4},"end":{"line":1251,"column":5}}],"line":1239},"49":{"loc":{"start":{"line":1240,"column":6},"end":{"line":1248,"column":7}},"type":"if","locations":[{"start":{"line":1240,"column":6},"end":{"line":1248,"column":7}},{"start":{"line":1240,"column":6},"end":{"line":1248,"column":7}}],"line":1240},"50":{"loc":{"start":{"line":1258,"column":4},"end":{"line":1264,"column":5}},"type":"if","locations":[{"start":{"line":1258,"column":4},"end":{"line":1264,"column":5}},{"start":{"line":1258,"column":4},"end":{"line":1264,"column":5}}],"line":1258}},"s":{"0":31,"1":159,"2":0,"3":0,"4":1,"5":1,"6":1,"7":1,"8":1,"9":3,"10":7,"11":7,"12":7,"13":7,"14":7,"15":1,"16":1,"17":1,"18":1,"19":1,"20":1,"21":1,"22":1,"23":0,"24":1,"25":0,"26":1,"27":1,"28":1,"29":1,"30":1,"31":1,"32":1,"33":1,"34":1,"35":1,"36":1,"37":1,"38":0,"39":1,"40":1,"41":0,"42":1,"43":0,"44":1,"45":1,"46":1,"47":1,"48":0,"49":1,"50":0,"51":1,"52":0,"53":0,"54":2,"55":1,"56":1,"57":1,"58":1,"59":1,"60":1,"61":1,"62":1,"63":1,"64":1,"65":1,"66":1,"67":1,"68":1,"69":1,"70":1,"71":1,"72":1,"73":1,"74":1,"75":0,"76":1,"77":1,"78":1,"79":1,"80":1,"81":1,"82":1,"83":1,"84":6,"85":6,"86":1,"87":1,"88":6,"89":4,"90":6,"91":6,"92":6,"93":9,"94":9,"95":9,"96":9,"97":9,"98":0,"99":9,"100":9,"101":9,"102":0,"103":0,"104":0,"105":0,"106":0,"107":0,"108":0,"109":0,"110":0,"111":0,"112":0,"113":0,"114":4,"115":4,"116":2,"117":2,"118":0,"119":2,"120":1,"121":1,"122":2,"123":1,"124":1,"125":2,"126":1,"127":1,"128":1,"129":1,"130":0,"131":0,"132":0,"133":0,"134":0,"135":0,"136":0,"137":0,"138":0,"139":0,"140":0,"141":0,"142":0,"143":0,"144":0,"145":0,"146":2,"147":1,"148":2,"149":2,"150":2,"151":1,"152":2,"153":2,"154":2,"155":2,"156":2,"157":1,"158":1,"159":1,"160":2,"161":2,"162":2,"163":1,"164":0,"165":2,"166":1,"167":1,"168":0,"169":0,"170":0,"171":0,"172":0,"173":0,"174":0,"175":0,"176":0,"177":0,"178":0,"179":0,"180":0,"181":0,"182":0,"183":0,"184":0,"185":0,"186":0,"187":31},"f":{"0":31,"1":159,"2":0,"3":0,"4":1,"5":1,"6":1,"7":1,"8":1,"9":3,"10":7,"11":7,"12":1,"13":1,"14":1,"15":1,"16":0,"17":1,"18":0,"19":1,"20":1,"21":1,"22":1,"23":1,"24":1,"25":1,"26":1,"27":1,"28":1,"29":1,"30":2,"31":1,"32":1,"33":1,"34":6,"35":9,"36":0,"37":0,"38":0,"39":0,"40":0,"41":4,"42":1,"43":1,"44":2,"45":2,"46":1,"47":1,"48":0,"49":0,"50":2,"51":1,"52":2,"53":1,"54":1,"55":0,"56":0,"57":0,"58":0,"59":0},"b":{"0":[1,0],"1":[1,0],"2":[1,1,1],"3":[0,1],"4":[0,1],"5":[0,1],"6":[1,0],"7":[0,1],"8":[0,1],"9":[1,1],"10":[1,0],"11":[1,0],"12":[1,0],"13":[1,5],"14":[4,2],"15":[9,0],"16":[0,9],"17":[0],"18":[0,0],"19":[0,0],"20":[0,0],"21":[0,0],"22":[2],"23":[2,2],"24":[4,4],"25":[2,0],"26":[2,0],"27":[1,1],"28":[1,1],"29":[0],"30":[0,0],"31":[0,0],"32":[1],"33":[1,1],"34":[2,2,1],"35":[2,0],"36":[2,0],"37":[2,2,2,2],"38":[2,0],"39":[2,0],"40":[2,2,2,2],"41":[1,0],"42":[2,0],"43":[2,0],"44":[0,0],"45":[0,0],"46":[0,0],"47":[0,0],"48":[0,0],"49":[0,0],"50":[0,0]},"_coverageSchema":"332fd63041d2c1bcb487cc26dd0d5f7d97098a6c","hash":"93f8d67fc96d6e4f3ffb1db22d344a5914d7fb05"}
[...]
85,"column":6},"end":{"line":93,"column":7}},"19":{"start":{"line":86,"column":23},"end":{"line":88,"column":9}},"20":{"start":{"line":90,"column":8},"end":{"line":92,"column":9}},"21":{"start":{"line":91,"column":10},"end":{"line":91,"column":57}},"22":{"start":{"line":104,"column":6},"end":{"line":106,"column":14}},"23":{"start":{"line":108,"column":34},"end":{"line":114,"column":5}},"24":{"start":{"line":116,"column":4},"end":{"line":118,"column":5}},"25":{"start":{"line":117,"column":6},"end":{"line":117,"column":53}},"26":{"start":{"line":125,"column":34},"end":{"line":127,"column":5}},"27":{"start":{"line":129,"column":4},"end":{"line":131,"column":5}},"28":{"start":{"line":130,"column":6},"end":{"line":130,"column":50}},"29":{"start":{"line":137,"column":2},"end":{"line":140,"column":4}}},"fnMap":{"0":{"name":"(anonymous_0)","decl":{"start":{"line":12,"column":30},"end":{"line":12,"column":31}},"loc":{"start":{"line":12,"column":41},"end":{"line":141,"column":1}},"line":12},"1":{"name":"sync","decl":{"start":{"line":18,"column":11},"end":{"line":18,"column":15}},"loc":{"start":{"line":18,"column":25},"end":{"line":23,"column":3}},"line":18},"2":{"name":"syncGlobal","decl":{"start":{"line":30,"column":11},"end":{"line":30,"column":21}},"loc":{"start":{"line":30,"column":31},"end":{"line":47,"column":3}},"line":30},"3":{"name":"syncPlaylist","decl":{"start":{"line":54,"column":11},"end":{"line":54,"column":23}},"loc":{"start":{"line":54,"column":33},"end":{"line":70,"column":3}},"line":54},"4":{"name":"syncSong","decl":{"start":{"line":77,"column":11},"end":{"line":77,"column":19}},"loc":{"start":{"line":77,"column":29},"end":{"line":95,"column":3}},"line":77},"5":{"name":"syncSongInPlaylist","decl":{"start":{"line":102,"column":11},"end":{"line":102,"column":29}},"loc":{"start":{"line":102,"column":39},"end":{"line":119,"column":3}},"line":102},"6":{"name":"resetTimes","decl":{"start":{"line":124,"column":11},"end":{"line":124,"column":21}},"loc":{"start":{"line":124,"column":24},"end":{"line":132,"column":3}},"line":124}},"branchMap":{"0":{"loc":{"start":{"line":43,"column":6},"end":{"line":45,"column":7}},"type":"if","locations":[{"start":{"line":43,"column":6},"end":{"line":45,"column":7}},{"start":{"line":43,"column":6},"end":{"line":45,"column":7}}],"line":43},"1":{"loc":{"start":{"line":43,"column":10},"end":{"line":43,"column":47}},"type":"binary-expr","locations":[{"start":{"line":43,"column":10},"end":{"line":43,"column":26}},{"start":{"line":43,"column":30},"end":{"line":43,"column":47}}],"line":43},"2":{"loc":{"start":{"line":66,"column":6},"end":{"line":68,"column":7}},"type":"if","locations":[{"start":{"line":66,"column":6},"end":{"line":68,"column":7}},{"start":{"line":66,"column":6},"end":{"line":68,"column":7}}],"line":66},"3":{"loc":{"start":{"line":78,"column":4},"end":{"line":94,"column":5}},"type":"if","locations":[{"start":{"line":78,"column":4},"end":{"line":94,"column":5}},{"start":{"line":78,"column":4},"end":{"line":94,"column":5}}],"line":78},"4":{"loc":{"start":{"line":90,"column":8},"end":{"line":92,"column":9}},"type":"if","locations":[{"start":{"line":90,"column":8},"end":{"line":92,"column":9}},{"start":{"line":90,"column":8},"end":{"line":92,"column":9}}],"line":90},"5":{"loc":{"start":{"line":104,"column":6},"end":{"line":106,"column":14}},"type":"cond-expr","locations":[{"start":{"line":105,"column":10},"end":{"line":105,"column":63}},{"start":{"line":106,"column":10},"end":{"line":106,"column":14}}],"line":104},"6":{"loc":{"start":{"line":104,"column":6},"end":{"line":104,"column":68}},"type":"binary-expr","locations":[{"start":{"line":104,"column":6},"end":{"line":104,"column":34}},{"start":{"line":104,"column":38},"end":{"line":104,"column":68}}],"line":104}},"s":{"0":31,"1":0,"2":0,"3":0,"4":0,"5":0,"6":0,"7":0,"8":0,"9":0,"10":0,"11":0,"12":0,"13":0,"14":0,"15":0,"16":0,"17":0,"18":0,"19":0,"20":0,"21":0,"22":0,"23":0,"24":0,"25":0,"26":211,"27":211,"28":0,"29":31},"f":{"0":31,"1":0,"2":0,"3":0,"4":0,"5":0,"6":211},"b":{"0":[0,0],"1":[0,0],"2":[0,0],"3":[0,0],"4":[0,0],"5":[0,0],"6":[0,0]},"_coverageSchema":"332fd63041d2c1bcb487cc26dd0d5f7d97098a6c","hash":"6551c5a532800ff89066f8930855c82c5b6c604d"}
,"/Users/danpastori/Development/amplitude.dev/httpdocs/public/src/visual/time/durationTimeElements.js": {"path":"/Users/danpastori/Development/amplitude.dev/httpdocs/public/src/visual/time/durationTimeElements.js","statementMap":{"0":{"start":{"line":12,"column":27},"end":{"line":161,"column":4}},"1":{"start":{"line":19,"column":23},"end":{"line":19,"column":56}},"2":{"start":{"line":21,"column":4},"end":{"line":21,"column":29}},"3":{"start":{"line":22,"column":4},"end":{"line":22,"column":31}},"4":{"start":{"line":23,"column":4},"end":{"line":23,"column":27}},"5":{"start":{"line":24,"column":4},"end":{"line":24,"column":37}},"6":{"start":{"line":33,"column":32},"end":{"line":35,"column":5}},"7":{"start":{"line":37,"column":4},"end":{"line":48,"column":5}},"8":{"start":{"line":38,"column":21},"end":{"line":40,"column":7}},"9":{"start":{"line":41,"column":22},"end":{"line":43,"column":7}},"10":{"start":{"line":45,"column":6},"end":{"line":47,"column":7}},"11":{"start":{"line":46,"column":8},"end":{"line":46,"column":58}},"12":{"start":{"line":57,"column":32},"end":{"line":61,"column":5}},"13":{"start":{"line":63,"column":4},"end":{"line":71,"column":5}},"14":{"start":{"line":64,"column":22},"end":{"line":66,"column":7}},"15":{"start":{"line":68,"column":6},"end":{"line":70,"column":7}},"16":{"start":{"line":69,"column":8},"end":{"line":69,"column":58}},"17":{"start":{"line":80,"column":4},"end":{"line":96,"column":5}},"18":{"start":{"line":81,"column":34},"end":{"line":85,"column":7}},"19":{"start":{"line":87,"column":6},"end":{"line":95,"column":7}},"20":{"start":{"line":88,"column":23},"end":{"line":90,"column":9}},"21":{"start":{"line":92,"column":8},"end":{"line":94,"column":9}},"22":{"start":{"line":93,"column":10},"end":{"line":93,"column":60}},"23":{"start":{"line":106,"column":6},"end":{"line":108,"column":14}},"24":{"start":{"line":110,"column":32},"end":{"line":116,"column":5}},"25":{"start":{"line":118,"column":4},"end":{"line":120,"column":5}},"26":{"start":{"line":119,"column":6},"end":{"line":119,"column":56}},"27":{"start":{"line":127,"column":32},"end":{"line":129,"column":5}},"28":{"start":{"line":131,"column":4},"end":{"line":133,"column":5}},"29":{"start":{"line":132,"column":6},"end":{"line":132,"column":51}},"30":{"start":{"line":142,"column":23},"end":{"line":142,"column":30}},"31":{"start":{"line":144,"column":4},"end":{"line":149,"column":5}},"32":{"start":{"line":145,"column":6},"end":{"line":145,"column":71}},"33":{"start":{"line":146,"column":6},"end":{"line":148,"column":7}},"34":{"start":{"line":147,"column":8},"end":{"line":147,"column":63}},"35":{"start":{"line":151,"column":4},"end":{"line":151,"column":24}},"36":{"start":{"line":157,"column":2},"end":{"line":160,"column":4}}},"fnMap":{"0":{"name":"(anonymous_0)","decl":{"start":{"line":12,"column":28},"end":{"line":12,"column":29}},"loc":{"start":{"line":12,"column":39},"end":{"line":161,"column":1}},"line":12},"1":{"name":"sync","decl":{"start":{"line":18,"column":11},"end":{"line":18,"column":15}},"loc":{"start":{"line":18,"column":30},"end":{"line":25,"column":3}},"line":18},"2":{"name":"syncGlobal","decl":{"start":{"line":32,"column":11},"end":{"line":32,"column":21}},"loc":{"start":{"line":32,"column":36},"end":{"line":49,"column":3}},"line":32},"3":{"name":"syncPlaylist","decl":{"start":{"line":56,"column":11},"end":{"line":56,"column":23}},"loc":{"start":{"line":56,"column":38},"end":{"line":72,"column":3}},"line":56},"4":{"name":"syncSong","decl":{"start":{"line":79,"column":11},"end":{"line":79,"column":19}},"loc":{"start":{"line":79,"column":34},"end":{"line":97,"column":3}},"line":79},"5":{"name":"syncSongInPlaylist","decl":{"start":{"line":104,"column":11},"end":{"line":104,"column":29}},"loc":{"start":{"line":104,"column":44},"end":{"line":121,"column":3}},"line":104},"6":{"name":"resetTimes","decl":{"start":{"line":126,"column":11},"end":{"line":126,"column":21}},"loc":{"start":{"line":126,"column":24},"end":{"line":134,"column":3}},"line":126},"7":{"name":"computeDurationText","decl":{"start":{"line":141,"column":11},"end":{"line":141,"column":30}},"loc":{"start":{"line":141,"column":45},"end":{"line":152,"column":3}},"line":141}},"branchMap":{"0":{"loc":{"start":{"line":45,"column":6},"end":{"line":47,"column":7}},"type":"if","locations":[{"start":{"line":45,"column":6},"end":{"line":47,"column":7}},{"start":{"line":45,"column":6},"end":{"line":47,"column":7}}],"line":45},"1":{"loc":{"start":{"line":45,"column":10},"end":{"line":45,"column":47}},"type":"binary-expr","locations":[{"start":{"line":45,"column":10},"end":{"line":45,"column":26}},{"start":{"line":45,"column":30},"end":{"line":45,"column":47}}],"line":45},"2":{"loc":{"start":{"line":68,"column":6},"end":{"line":70,"column":7}},"type":"if","locations":[{"start":{"line":68,"column":6},"end":{"line":70,"column":7}},{"start":{"line":68,"column":6},"end":{"line":70,"column":7}}],"line":68},"3":{"loc":{"start":{"line":80,"column":4},"end":{"line":96,"column":5}},"type":"if","locations":[{"start":{"line":80,"column":4},"end":{"line":96,"column":5}},{"start":{"line":80,"column":4},"end":{"line":96,"column":5}}],"line":80},"4":{"loc":{"start":{"line":92,"column":8},"end":{"line":94,"column":9}},"type":"if","locations":[{"start":{"line":92,"column":8},"end":{"line":94,"column":9}},{"start":{"line":92,"column":8},"end":{"line":94,"column":9}}],"line":92},"5":{"loc":{"start":{"line":106,"column":6},"end":{"line":108,"column":14}},"type":"cond-expr","locations":[{"start":{"line":107,"column":10},"end":{"line":107,"column":63}},{"start":{"line":108,"column":10},"end":{"line":108,"column":14}}],"line":106},"6":{"loc":{"start":{"line":106,"column":6},"end":{"line":106,"column":68}},"type":"binary-expr","locations":[{"start":{"line":106,"column":6},"end":{"line":106,"column":34}},{"start":{"line":106,"column":38},"end":{"line":106,"column":68}}],"line":106},"7":{"loc":{"start":{"line":144,"column":4},"end":{"line":149,"column":5}},"type":"if","locations":[{"start":{"line":144,"column":4},"end":{"line":149,"column":5}},{"start":{"line":144,"column":4},"end":{"line":149,"column":5}}],"line":144},"8":{"loc":{"start":{"line":144,"column":8},"end":{"line":144,"column":68}},"type":"binary-expr","locations":[{"start":{"line":144,"column":8},"end":{"line":144,"column":36}},{"start":{"line":144,"column":40},"end":{"line":144,"column":68}}],"line":144},"9":{"loc":{"start":{"line":146,"column":6},"end":{"line":148,"column":7}},"type":"if","locations":[{"start":{"line":146,"column":6},"end":{"line":148,"column":7}},{"start":{"line":146,"column":6},"end":{"line":148,"column":7}}],"line":146},"10":{"loc":{"start":{"line":146,"column":10},"end":{"line":146,"column":62}},"type":"binary-expr","locations":[{"start":{"line":146,"column":10},"end":{"line":146,"column":36}},{"start":{"line":146,"column":40},"end":{"line":146,"column":62}}],"line":146}},"s":{"0":31,"1":0,"2":0,"3":0,"4":0,"5":0,"6":0,"7":0,"8":0,"9":0,"10":0,"11":0,"12":0,"13":0,"14":0,"15":0,"16":0,"17":0,"18":0,"19":0,"20":0,"21":0,"22":0,"23":0,"24":0,"25":0,"26":0,"27":211,"28":211,"29":0,"30":0,"31":0,"32":0,"33":0,"34":0,"35":0,"36":31},"f":{"0":31,"1":0,"2":0,"3":0,"4":0,"5":0,"6":211,"7":0},"b":{"0":[0,0],"1":[0,0],"2":[0,0],"3":[0,0],"4":[0,0],"5":[0,0],"6":[0,0],"7":[0,0],"8":[0,0],"9":[0,0],"10":[0,0]},"_coverageSchema":"332fd63041d2c1bcb487cc26dd0d5f7d97098a6c","hash":"a97b84f7f3bef4c35f9efb56ce3e7c6f3e117570"}
,"/Users/danpastori/Development/amplitude.dev/httpdocs/public/tests/setup.js": {"path":"/Users/danpastori/Development/amplitude.dev/httpdocs/public/tests/setup.js","statementMap":{"0":{"start":{"line":1,"column":18},"end":{"line":1,"column":44}},"1":{"start":{"line":2,"column":36},"end":{"line":2,"column":87}},"2":{"start":{"line":3,"column":25},"end":{"line":3,"column":65}},"3":{"start":{"line":5,"column":15},"end":{"line":5,"column":42}},"4":{"start":{"line":7,"column":12},"end":{"line":339,"column":4}},"5":{"start":{"line":9,"column":4},"end":{"line":151,"column":7}},"6":{"start":{"line":27,"column":14},"end":{"line":27,"column":29}},"7":{"start":{"line":30,"column":14},"end":{"line":30,"column":29}},"8":{"start":{"line":33,"column":14},"end":{"line":33,"column":30}},"9":{"start":{"line":153,"column":4},"end":{"line":153,"column":34}},"10":{"start":{"line":154,"column":4},"end":{"line":154,"column":32}},"11":{"start":{"line":158,"column":4},"end":{"line":160,"column":6}},"12":{"start":{"line":161,"column":4},"end":{"line":163,"column":6}},"13":{"start":{"line":162,"column":6},"end":{"line":162,"column":26}},"14":{"start":{"line":164,"column":4},"end":{"line":166,"column":6}},"15":{"start":{"line":165,"column":6},"end":{"line":165,"column":25}},"16":{"start":{"line":171,"column":4},"end":{"line":179,"column":7}},"17":{"start":{"line":173,"column":8},"end":{"line":173,"column":32}},"18":{"start":{"line":176,"column":8},"end":{"line":176,"column":36}},"19":{"start":{"line":184,"column":4},"end":{"line":192,"column":7}},"20":{"start":{"line":186,"column":8},"end":{"line":186,"column":29}},"21":{"start":{"line":189,"column":8},"end":{"line":189,"column":33}},"22":{"start":{"line":197,"column":4},"end":{"line":205,"column":7}},"23":{"start":{"line":199,"column":8},"end":{"line":199,"column":33}},"24":{"start":{"line":202,"column":8},"end":{"line":202,"column":37}},"25":{"start":{"line":210,"column":4},"end":{"line":218,"column":7}},"26":{"start":{"line":212,"column":8},"end":{"line":212,"column":26}},"27":{"start":{"line":215,"column":8},"end":{"line":215,"column":30}},"28":{"start":{"line":223,"column":4},"end":{"line":231,"column":7}},"29":{"start":{"line":225,"column":8},"end":{"line":225,"column":27}},"30":{"start":{"line":228,"column":8},"end":{"line":228,"column":31}},"31":{"start":{"line":236,"column":4},"end":{"line":243,"column":7}},"32":{"start":{"line":238,"column":8},"end":{"line":238,"column":27}},"33":{"start":{"line":241,"column":8},"end":{"line":241,"column":31}},"34":{"start":{"line":247,"column":4},"end":{"line":247,"column":31}},"35":{"start":{"line":249,"column":4},"end":{"line":249,"column":32}},"36":{"start":{"line":251,"column":4},"end":{"line":251,"column":29}},"37":{"start":{"line":253,"column":4},"end":{"line":253,"column":28}},"38":{"start":{"line":255,"column":4},"end":{"line":255,"column":32}},"39":{"start":{"line":257,"column":4},"end":{"line":257,"column":28}},"40":{"start":{"line":259,"column":4},"end":{"line":259,"column":32}},"41":{"start":{"line":261,"column":4},"end":{"line":261,"column":26}},"42":{"start":{"line":263,"column":4},"end":{"line":263,"column":22}},"43":{"start":{"line":265,"column":4},"end":{"line":265,"column":26}},"44":{"start":{"line":267,"column":4},"end":{"line":267,"column":27}},"45":{"start":{"line":269,"column":4},"end":{"line":269,"column":34}},"46":{"start":{"line":271,"column":4},"end":{"line":271,"column":39}},"47":{"start":{"line":273,"column":4},"end":{"line":273,"column":26}},"48":{"start":{"line":275,"column":4},"end":{"line":275,"column":31}},"49":{"start":{"line":277,"column":4},"end":{"line":277,"column":29}},"50":{"start":{"line":279,"column":4},"end":{"line":279,"column":30}},"51":{"start":{"line":281,"column":4},"end":{"line":281,"column":34}},"52":{"start":{"line":283,"column":4},"end":{"line":283,"column":37}},"53":{"start":{"line":285,"column":4},"end":{"line":285,"column":25}},"54":{"start":{"line":287,"column":4},"end":{"line":287,"column":24}},"55":{"start":{"line":289,"column":4},"end":{"line":289,"column":33}},"56":{"start":{"line":291,"column":4},"end":{"line":291,"column":32}},"57":{"start":{"line":293,"column":4},"end":{"line":293,"column":32}},"58":{"start":{"line":295,"column":4},"end":{"line":295,"column":34}},"59":{"start":{"line":297,"column":4},"end":{"line":297,"column":38}},"60":{"start":{"line":299,"column":4},"end":{"line":299,"column":37}},"61":{"start":{"line":301,"column":4},"end":{"line":301,"column":38}},"62":{"start":{"line":303,"column":4},"end":{"line":303,"column":35}},"63":{"start":{"line":305,"column":4},"end":{"line":305,"column":24}},"64":{"start":{"line":307,"column":4},"end":{"line":307,"column":25}},"65":{"start":{"line":309,"column":4},"end":{"line":309,"column":32}},"66":{"start":{"line":311,"column":4},"end":{"line":311,"column":21}},"67":{"start":{"line":313,"column":4},"end":{"line":313,"column":36}},"68":{"start":{"line":315,"column":4},"end":{"line":315,"column":43}},"69":{"start":{"line":317,"column":4},"end":{"line":317,"column":26}},"70":{"start":{"line":319,"column":4},"end":{"line":319,"column":25}},"71":{"start":{"line":321,"column":4},"end":{"line":321,"column":27}},"72":{"start":{"line":323,"column":4},"end":{"line":323,"column":41}},"73":{"start":{"line":325,"column":4},"end":{"line":325,"column":38}},"74":{"start":{"line":327,"column":4},"end":{"line":327,"column":38}},"75":{"start":{"line":329,"column":4},"end":{"line":329,"column":39}},"76":{"start":{"line":331,"column":4},"end":{"line":331,"column":32}},"77":{"start":{"line":334,"column":2},"end":{"line":338,"column":4}}},"fnMap":{"0":{"name":"(anonymous_0)","decl":{"start":{"line":7,"column":13},"end":{"line":7,"column":14}},"loc":{"start":{"line":7,"column":24},"end":{"line":339,"column":1}},"line":7},"1":{"name":"initializeAmplitude","decl":{"start":{"line":8,"column":11},"end":{"line":8,"column":30}},"loc":{"start":{"line":8,"column":33},"end":{"line":155,"column":3}},"line":8},"2":{"name":"(anonymous_2)","decl":{"start":{"line":26,"column":15},"end":{"line":26,"column":16}},"loc":{"start":{"line":26,"column":26},"end":{"line":28,"column":13}},"line":26},"3":{"name":"(anonymous_3)","decl":{"start":{"line":29,"column":15},"end":{"line":29,"column":16}},"loc":{"start":{"line":29,"column":26},"end":{"line":31,"column":13}},"line":29},"4":{"name":"(anonymous_4)","decl":{"start":{"line":32,"column":16},"end":{"line":32,"column":17}},"loc":{"start":{"line":32,"column":27},"end":{"line":34,"column":13}},"line":32},"5":{"name":"initializeTestingElement","decl":{"start":{"line":157,"column":11},"end":{"line":157,"column":35}},"loc":{"start":{"line":157,"column":38},"end":{"line":244,"column":3}},"line":157},"6":{"name":"(anonymous_6)","decl":{"start":{"line":158,"column":45},"end":{"line":158,"column":46}},"loc":{"start":{"line":158,"column":51},"end":{"line":160,"column":5}},"line":158},"7":{"name":"(anonymous_7)","decl":{"start":{"line":161,"column":45},"end":{"line":161,"column":46}},"loc":{"start":{"line":161,"column":51},"end":{"line":163,"column":5}},"line":161},"8":{"name":"(anonymous_8)","decl":{"start":{"line":164,"column":46},"end":{"line":164,"column":47}},"loc":{"start":{"line":164,"column":52},"end":{"line":166,"column":5}},"line":164},"9":{"name":"resetConfig","decl":{"start":{"line":246,"column":11},"end":{"line":246,"column":22}},"loc":{"start":{"line":246,"column":25},"end":{"line":332,"column":3}},"line":246}},"branchMap":{},"s":{"0":31,"1":31,"2":31,"3":31,"4":31,"5":159,"6":0,"7":0,"8":0,"9":159,"10":159,"11":159,"12":159,"13":56,"14":159,"15":239,"16":159,"17":277,"18":338,"19":159,"20":14,"21":161,"22":159,"23":4,"24":225,"25":159,"26":2,"27":193,"28":159,"29":8,"30":193,"31":159,"32":460,"33":13,"34":159,"35":159,"36":159,"37":159,"38":159,"39":159,"40":159,"41":159,"42":159,"43":159,"44":159,"45":159,"46":159,"47":159,"48":159,"49":159,"50":159,"51":159,"52":159,"53":159,"54":159,"55":159,"56":159,"57":159,"58":159,"59":159,"60":159,"61":159,"62":159,"63":159,"64":159,"65":159,"66":159,"67":159,"68":159,"69":159,"70":159,"71":159,"72":159,"73":159,"74":159,"75":159,"76":159,"77":31},"f":{"0":31,"1":159,"2":0,"3":0,"4":0,"5":159,"6":0,"7":56,"8":239,"9":159},"b":{},"_coverageSchema":"332fd63041d2c1bcb487cc26dd0d5f7d97098a6c","hash":"7e8cfe11d938b1043fe100242b1baf12b9a9178b"}
}
