{"/Users/danpastori/Development/amplitude.dev/httpdocs/public/dist/visualizations/bar.js": {"path":"/Users/danpastori/Development/amplitude.dev/httpdocs/public/dist/visualizations/bar.js","statementMap":{"0":{"start":{"line":9,"column":1},"end":{"line":9,"column":31}},"1":{"start":{"line":10,"column":1},"end":{"line":10,"column":33}},"2":{"start":{"line":11,"column":1},"end":{"line":11,"column":21}},"3":{"start":{"line":16,"column":1},"end":{"line":25,"column":2}},"4":{"start":{"line":30,"column":1},"end":{"line":30,"column":20}},"5":{"start":{"line":36,"column":1},"end":{"line":36,"column":24}},"6":{"start":{"line":37,"column":1},"end":{"line":37,"column":23}},"7":{"start":{"line":38,"column":1},"end":{"line":38,"column":15}},"8":{"start":{"line":39,"column":1},"end":{"line":39,"column":18}},"9":{"start":{"line":40,"column":1},"end":{"line":40,"column":28}},"10":{"start":{"line":45,"column":1},"end":{"line":47,"column":2}},"11":{"start":{"line":46,"column":2},"end":{"line":46,"column":17}},"12":{"start":{"line":52,"column":1},"end":{"line":54,"column":2}},"13":{"start":{"line":53,"column":2},"end":{"line":53,"column":19}},"14":{"start":{"line":61,"column":1},"end":{"line":67,"column":2}},"15":{"start":{"line":62,"column":2},"end":{"line":66,"column":3}},"16":{"start":{"line":63,"column":3},"end":{"line":65,"column":4}},"17":{"start":{"line":64,"column":4},"end":{"line":64,"column":49}},"18":{"start":{"line":74,"column":1},"end":{"line":123,"column":2}},"19":{"start":{"line":78,"column":2},"end":{"line":78,"column":42}},"20":{"start":{"line":83,"column":2},"end":{"line":83,"column":27}},"21":{"start":{"line":88,"column":2},"end":{"line":88,"column":49}},"22":{"start":{"line":95,"column":2},"end":{"line":98,"column":3}},"23":{"start":{"line":96,"column":3},"end":{"line":96,"column":55}},"24":{"start":{"line":97,"column":3},"end":{"line":97,"column":57}},"25":{"start":{"line":103,"column":2},"end":{"line":103,"column":60}},"26":{"start":{"line":104,"column":2},"end":{"line":104,"column":62}},"27":{"start":{"line":109,"column":2},"end":{"line":109,"column":42}},"28":{"start":{"line":110,"column":2},"end":{"line":110,"column":44}},"29":{"start":{"line":116,"column":2},"end":{"line":116,"column":41}},"30":{"start":{"line":117,"column":2},"end":{"line":117,"column":39}},"31":{"start":{"line":122,"column":2},"end":{"line":122,"column":21}},"32":{"start":{"line":128,"column":1},"end":{"line":131,"column":2}},"33":{"start":{"line":129,"column":2},"end":{"line":129,"column":55}},"34":{"start":{"line":130,"column":2},"end":{"line":130,"column":32}},"35":{"start":{"line":136,"column":1},"end":{"line":170,"column":2}},"36":{"start":{"line":141,"column":2},"end":{"line":141,"column":99}},"37":{"start":{"line":146,"column":21},"end":{"line":146,"column":70}},"38":{"start":{"line":147,"column":2},"end":{"line":147,"column":53}},"39":{"start":{"line":152,"column":21},"end":{"line":152,"column":83}},"40":{"start":{"line":157,"column":2},"end":{"line":157,"column":66}},"41":{"start":{"line":158,"column":2},"end":{"line":158,"column":50}},"42":{"start":{"line":159,"column":2},"end":{"line":159,"column":29}},"43":{"start":{"line":165,"column":2},"end":{"line":169,"column":3}},"44":{"start":{"line":166,"column":19},"end":{"line":166,"column":62}},"45":{"start":{"line":168,"column":3},"end":{"line":168,"column":117}}},"fnMap":{"0":{"name":"BarVisualization","decl":{"start":{"line":4,"column":9},"end":{"line":4,"column":25}},"loc":{"start":{"line":4,"column":27},"end":{"line":171,"column":1}},"line":4},"1":{"name":"(anonymous_1)","decl":{"start":{"line":45,"column":14},"end":{"line":45,"column":15}},"loc":{"start":{"line":45,"column":24},"end":{"line":47,"column":2}},"line":45},"2":{"name":"(anonymous_2)","decl":{"start":{"line":52,"column":16},"end":{"line":52,"column":17}},"loc":{"start":{"line":52,"column":26},"end":{"line":54,"column":2}},"line":52},"3":{"name":"(anonymous_3)","decl":{"start":{"line":61,"column":23},"end":{"line":61,"column":24}},"loc":{"start":{"line":61,"column":50},"end":{"line":67,"column":2}},"line":61},"4":{"name":"(anonymous_4)","decl":{"start":{"line":74,"column":27},"end":{"line":74,"column":28}},"loc":{"start":{"line":74,"column":46},"end":{"line":123,"column":2}},"line":74},"5":{"name":"(anonymous_5)","decl":{"start":{"line":128,"column":26},"end":{"line":128,"column":27}},"loc":{"start":{"line":128,"column":36},"end":{"line":131,"column":2}},"line":128},"6":{"name":"(anonymous_6)","decl":{"start":{"line":136,"column":20},"end":{"line":136,"column":21}},"loc":{"start":{"line":136,"column":31},"end":{"line":170,"column":2}},"line":136}},"branchMap":{"0":{"loc":{"start":{"line":63,"column":3},"end":{"line":65,"column":4}},"type":"if","locations":[{"start":{"line":63,"column":3},"end":{"line":65,"column":4}},{"start":{"line":63,"column":3},"end":{"line":65,"column":4}}],"line":63},"1":{"loc":{"start":{"line":95,"column":2},"end":{"line":98,"column":3}},"type":"if","locations":[{"start":{"line":95,"column":2},"end":{"line":98,"column":3}},{"start":{"line":95,"column":2},"end":{"line":98,"column":3}}],"line":95}},"s":{"0":0,"1":0,"2":0,"3":0,"4":0,"5":0,"6":0,"7":0,"8":0,"9":0,"10":0,"11":0,"12":0,"13":0,"14":0,"15":0,"16":0,"17":0,"18":0,"19":0,"20":0,"21":0,"22":0,"23":0,"24":0,"25":0,"26":0,"27":0,"28":0,"29":0,"30":0,"31":0,"32":0,"33":0,"34":0,"35":0,"36":0,"37":0,"38":0,"39":0,"40":0,"41":0,"42":0,"43":0,"44":0,"45":0},"f":{"0":0,"1":0,"2":0,"3":0,"4":0,"5":0,"6":0},"b":{"0":[0,0],"1":[0,0]},"_coverageSchema":"332fd63041d2c1bcb487cc26dd0d5f7d97098a6c","hash":"6443e6e13d36a767e578fb7ac93043bb0a798e96"}
,"/Users/danpastori/Development/amplitude.dev/httpdocs/public/dist/visualizations/michaelbromley.js": {"path":"/Users/danpastori/Development/amplitude.dev/httpdocs/public/dist/visualizations/michaelbromley.js","statementMap":{"0":{"start":{"line":9,"column":1},"end":{"line":9,"column":42}},"1":{"start":{"line":10,"column":1},"end":{"line":10,"column":45}},"2":{"start":{"line":15,"column":1},"end":{"line":15,"column":20}},"3":{"start":{"line":20,"column":1},"end":{"line":20,"column":21}},"4":{"start":{"line":21,"column":1},"end":{"line":26,"column":2}},"5":{"start":{"line":31,"column":1},"end":{"line":31,"column":20}},"6":{"start":{"line":36,"column":1},"end":{"line":36,"column":17}},"7":{"start":{"line":37,"column":1},"end":{"line":37,"column":17}},"8":{"start":{"line":42,"column":1},"end":{"line":42,"column":20}},"9":{"start":{"line":43,"column":1},"end":{"line":43,"column":17}},"10":{"start":{"line":44,"column":1},"end":{"line":44,"column":25}},"11":{"start":{"line":49,"column":1},"end":{"line":49,"column":20}},"12":{"start":{"line":50,"column":1},"end":{"line":50,"column":17}},"13":{"start":{"line":55,"column":1},"end":{"line":55,"column":20}},"14":{"start":{"line":56,"column":1},"end":{"line":56,"column":17}},"15":{"start":{"line":61,"column":1},"end":{"line":61,"column":17}},"16":{"start":{"line":62,"column":1},"end":{"line":62,"column":41}},"17":{"start":{"line":67,"column":1},"end":{"line":67,"column":26}},"18":{"start":{"line":68,"column":1},"end":{"line":68,"column":36}},"19":{"start":{"line":69,"column":1},"end":{"line":69,"column":37}},"20":{"start":{"line":74,"column":1},"end":{"line":74,"column":26}},"21":{"start":{"line":81,"column":1},"end":{"line":87,"column":2}},"22":{"start":{"line":82,"column":2},"end":{"line":86,"column":3}},"23":{"start":{"line":83,"column":3},"end":{"line":85,"column":4}},"24":{"start":{"line":84,"column":4},"end":{"line":84,"column":49}},"25":{"start":{"line":94,"column":1},"end":{"line":160,"column":2}},"26":{"start":{"line":98,"column":2},"end":{"line":98,"column":42}},"27":{"start":{"line":99,"column":2},"end":{"line":99,"column":27}},"28":{"start":{"line":105,"column":2},"end":{"line":108,"column":3}},"29":{"start":{"line":106,"column":3},"end":{"line":106,"column":55}},"30":{"start":{"line":107,"column":3},"end":{"line":107,"column":57}},"31":{"start":{"line":113,"column":2},"end":{"line":113,"column":51}},"32":{"start":{"line":114,"column":2},"end":{"line":114,"column":73}},"33":{"start":{"line":115,"column":2},"end":{"line":115,"column":46}},"34":{"start":{"line":116,"column":2},"end":{"line":116,"column":46}},"35":{"start":{"line":121,"column":2},"end":{"line":121,"column":51}},"36":{"start":{"line":122,"column":2},"end":{"line":122,"column":46}},"37":{"start":{"line":123,"column":2},"end":{"line":123,"column":72}},"38":{"start":{"line":124,"column":2},"end":{"line":124,"column":46}},"39":{"start":{"line":129,"column":2},"end":{"line":129,"column":51}},"40":{"start":{"line":130,"column":2},"end":{"line":130,"column":46}},"41":{"start":{"line":131,"column":2},"end":{"line":131,"column":46}},"42":{"start":{"line":136,"column":2},"end":{"line":136,"column":26}},"43":{"start":{"line":137,"column":2},"end":{"line":137,"column":23}},"44":{"start":{"line":142,"column":2},"end":{"line":142,"column":22}},"45":{"start":{"line":143,"column":2},"end":{"line":143,"column":14}},"46":{"start":{"line":148,"column":2},"end":{"line":148,"column":88}},"47":{"start":{"line":153,"column":2},"end":{"line":153,"column":67}},"48":{"start":{"line":154,"column":2},"end":{"line":154,"column":86}},"49":{"start":{"line":159,"column":2},"end":{"line":159,"column":63}},"50":{"start":{"line":165,"column":1},"end":{"line":417,"column":2}},"51":{"start":{"line":169,"column":2},"end":{"line":169,"column":18}},"52":{"start":{"line":176,"column":10},"end":{"line":176,"column":11}},"53":{"start":{"line":181,"column":2},"end":{"line":181,"column":117}},"54":{"start":{"line":186,"column":2},"end":{"line":186,"column":6}},"55":{"start":{"line":191,"column":2},"end":{"line":205,"column":3}},"56":{"start":{"line":192,"column":3},"end":{"line":192,"column":139}},"57":{"start":{"line":192,"column":140},"end":{"line":192,"column":144}},"58":{"start":{"line":193,"column":3},"end":{"line":193,"column":140}},"59":{"start":{"line":193,"column":141},"end":{"line":193,"column":145}},"60":{"start":{"line":195,"column":3},"end":{"line":200,"column":4}},"61":{"start":{"line":196,"column":4},"end":{"line":196,"column":141}},"62":{"start":{"line":196,"column":142},"end":{"line":196,"column":146}},"63":{"start":{"line":197,"column":4},"end":{"line":197,"column":141}},"64":{"start":{"line":197,"column":142},"end":{"line":197,"column":146}},"65":{"start":{"line":198,"column":4},"end":{"line":198,"column":142}},"66":{"start":{"line":198,"column":143},"end":{"line":198,"column":147}},"67":{"start":{"line":199,"column":4},"end":{"line":199,"column":144}},"68":{"start":{"line":199,"column":145},"end":{"line":199,"column":149}},"69":{"start":{"line":201,"column":3},"end":{"line":204,"column":4}},"70":{"start":{"line":202,"column":4},"end":{"line":202,"column":140}},"71":{"start":{"line":202,"column":141},"end":{"line":202,"column":145}},"72":{"start":{"line":203,"column":4},"end":{"line":203,"column":142}},"73":{"start":{"line":203,"column":143},"end":{"line":203,"column":147}},"74":{"start":{"line":216,"column":2},"end":{"line":216,"column":18}},"75":{"start":{"line":217,"column":14},"end":{"line":217,"column":38}},"76":{"start":{"line":219,"column":2},"end":{"line":224,"column":3}},"77":{"start":{"line":220,"column":3},"end":{"line":220,"column":53}},"78":{"start":{"line":221,"column":3},"end":{"line":221,"column":54}},"79":{"start":{"line":222,"column":3},"end":{"line":222,"column":42}},"80":{"start":{"line":223,"column":3},"end":{"line":223,"column":108}},"81":{"start":{"line":231,"column":2},"end":{"line":279,"column":3}},"82":{"start":{"line":232,"column":3},"end":{"line":272,"column":4}},"83":{"start":{"line":236,"column":4},"end":{"line":236,"column":44}},"84":{"start":{"line":237,"column":4},"end":{"line":237,"column":46}},"85":{"start":{"line":238,"column":4},"end":{"line":238,"column":71}},"86":{"start":{"line":243,"column":4},"end":{"line":243,"column":44}},"87":{"start":{"line":244,"column":4},"end":{"line":244,"column":46}},"88":{"start":{"line":249,"column":4},"end":{"line":249,"column":44}},"89":{"start":{"line":250,"column":4},"end":{"line":250,"column":46}},"90":{"start":{"line":251,"column":4},"end":{"line":251,"column":71}},"91":{"start":{"line":256,"column":4},"end":{"line":256,"column":49}},"92":{"start":{"line":257,"column":4},"end":{"line":257,"column":51}},"93":{"start":{"line":258,"column":4},"end":{"line":258,"column":71}},"94":{"start":{"line":263,"column":4},"end":{"line":263,"column":49}},"95":{"start":{"line":264,"column":4},"end":{"line":264,"column":51}},"96":{"start":{"line":269,"column":4},"end":{"line":269,"column":49}},"97":{"start":{"line":270,"column":4},"end":{"line":270,"column":51}},"98":{"start":{"line":271,"column":4},"end":{"line":271,"column":71}},"99":{"start":{"line":273,"column":3},"end":{"line":273,"column":117}},"100":{"start":{"line":276,"column":3},"end":{"line":276,"column":17}},"101":{"start":{"line":277,"column":3},"end":{"line":277,"column":27}},"102":{"start":{"line":278,"column":3},"end":{"line":278,"column":24}},"103":{"start":{"line":289,"column":2},"end":{"line":289,"column":116}},"104":{"start":{"line":294,"column":2},"end":{"line":294,"column":115}},"105":{"start":{"line":299,"column":2},"end":{"line":301,"column":5}},"106":{"start":{"line":300,"column":3},"end":{"line":300,"column":19}},"107":{"start":{"line":306,"column":2},"end":{"line":308,"column":5}},"108":{"start":{"line":307,"column":3},"end":{"line":307,"column":22}},"109":{"start":{"line":313,"column":2},"end":{"line":317,"column":5}},"110":{"start":{"line":314,"column":3},"end":{"line":316,"column":4}},"111":{"start":{"line":315,"column":4},"end":{"line":315,"column":25}},"112":{"start":{"line":322,"column":2},"end":{"line":322,"column":77}},"113":{"start":{"line":329,"column":2},"end":{"line":329,"column":72}},"114":{"start":{"line":331,"column":12},"end":{"line":331,"column":28}},"115":{"start":{"line":333,"column":2},"end":{"line":333,"column":37}},"116":{"start":{"line":334,"column":2},"end":{"line":334,"column":14}},"117":{"start":{"line":335,"column":2},"end":{"line":335,"column":14}},"118":{"start":{"line":336,"column":2},"end":{"line":336,"column":36}},"119":{"start":{"line":337,"column":2},"end":{"line":337,"column":25}},"120":{"start":{"line":338,"column":2},"end":{"line":338,"column":67}},"121":{"start":{"line":342,"column":12},"end":{"line":342,"column":218}},"122":{"start":{"line":346,"column":2},"end":{"line":346,"column":39}},"123":{"start":{"line":347,"column":2},"end":{"line":350,"column":28}},"124":{"start":{"line":352,"column":2},"end":{"line":352,"column":29}},"125":{"start":{"line":353,"column":2},"end":{"line":353,"column":20}},"126":{"start":{"line":360,"column":2},"end":{"line":360,"column":56}},"127":{"start":{"line":365,"column":16},"end":{"line":365,"column":17}},"128":{"start":{"line":369,"column":4},"end":{"line":371,"column":5}},"129":{"start":{"line":370,"column":8},"end":{"line":370,"column":36}},"130":{"start":{"line":373,"column":4},"end":{"line":373,"column":24}},"131":{"start":{"line":380,"column":2},"end":{"line":382,"column":3}},"132":{"start":{"line":381,"column":3},"end":{"line":381,"column":34}},"133":{"start":{"line":389,"column":2},"end":{"line":389,"column":14}},"134":{"start":{"line":396,"column":2},"end":{"line":396,"column":17}},"135":{"start":{"line":403,"column":2},"end":{"line":403,"column":48}},"136":{"start":{"line":404,"column":2},"end":{"line":404,"column":37}},"137":{"start":{"line":405,"column":2},"end":{"line":405,"column":47}},"138":{"start":{"line":407,"column":2},"end":{"line":407,"column":53}},"139":{"start":{"line":409,"column":4},"end":{"line":409,"column":34}},"140":{"start":{"line":416,"column":2},"end":{"line":416,"column":21}},"141":{"start":{"line":433,"column":1},"end":{"line":433,"column":26}},"142":{"start":{"line":434,"column":1},"end":{"line":434,"column":20}},"143":{"start":{"line":435,"column":1},"end":{"line":435,"column":26}},"144":{"start":{"line":436,"column":1},"end":{"line":436,"column":16}},"145":{"start":{"line":437,"column":1},"end":{"line":437,"column":20}},"146":{"start":{"line":438,"column":1},"end":{"line":438,"column":30}},"147":{"start":{"line":443,"column":1},"end":{"line":443,"column":16}},"148":{"start":{"line":447,"column":1},"end":{"line":447,"column":15}},"149":{"start":{"line":451,"column":1},"end":{"line":451,"column":38}},"150":{"start":{"line":456,"column":1},"end":{"line":456,"column":20}},"151":{"start":{"line":458,"column":12},"end":{"line":458,"column":54}},"152":{"start":{"line":459,"column":1},"end":{"line":459,"column":56}},"153":{"start":{"line":460,"column":1},"end":{"line":460,"column":45}},"154":{"start":{"line":465,"column":1},"end":{"line":465,"column":20}},"155":{"start":{"line":466,"column":1},"end":{"line":472,"column":2}},"156":{"start":{"line":468,"column":2},"end":{"line":468,"column":82}},"157":{"start":{"line":469,"column":2},"end":{"line":469,"column":82}},"158":{"start":{"line":471,"column":2},"end":{"line":471,"column":29}},"159":{"start":{"line":474,"column":1},"end":{"line":474,"column":30}},"160":{"start":{"line":480,"column":0},"end":{"line":491,"column":1}},"161":{"start":{"line":484,"column":16},"end":{"line":484,"column":31}},"162":{"start":{"line":486,"column":1},"end":{"line":486,"column":86}},"163":{"start":{"line":487,"column":1},"end":{"line":490,"column":2}},"164":{"start":{"line":488,"column":2},"end":{"line":488,"column":88}},"165":{"start":{"line":489,"column":2},"end":{"line":489,"column":88}},"166":{"start":{"line":496,"column":0},"end":{"line":580,"column":1}},"167":{"start":{"line":497,"column":14},"end":{"line":497,"column":74}},"168":{"start":{"line":498,"column":11},"end":{"line":498,"column":56}},"169":{"start":{"line":499,"column":1},"end":{"line":499,"column":32}},"170":{"start":{"line":503,"column":1},"end":{"line":508,"column":2}},"171":{"start":{"line":504,"column":2},"end":{"line":504,"column":18}},"172":{"start":{"line":506,"column":2},"end":{"line":506,"column":26}},"173":{"start":{"line":507,"column":2},"end":{"line":507,"column":18}},"174":{"start":{"line":514,"column":1},"end":{"line":579,"column":2}},"175":{"start":{"line":515,"column":2},"end":{"line":515,"column":23}},"176":{"start":{"line":516,"column":15},"end":{"line":516,"column":53}},"177":{"start":{"line":517,"column":2},"end":{"line":517,"column":84}},"178":{"start":{"line":522,"column":2},"end":{"line":525,"column":3}},"179":{"start":{"line":523,"column":3},"end":{"line":523,"column":51}},"180":{"start":{"line":524,"column":3},"end":{"line":524,"column":86}},"181":{"start":{"line":527,"column":2},"end":{"line":527,"column":23}},"182":{"start":{"line":529,"column":2},"end":{"line":541,"column":3}},"183":{"start":{"line":530,"column":3},"end":{"line":530,"column":19}},"184":{"start":{"line":531,"column":3},"end":{"line":531,"column":62}},"185":{"start":{"line":532,"column":3},"end":{"line":532,"column":19}},"186":{"start":{"line":533,"column":8},"end":{"line":541,"column":3}},"187":{"start":{"line":534,"column":3},"end":{"line":534,"column":19}},"188":{"start":{"line":535,"column":3},"end":{"line":535,"column":11}},"189":{"start":{"line":536,"column":3},"end":{"line":536,"column":19}},"190":{"start":{"line":538,"column":3},"end":{"line":538,"column":49}},"191":{"start":{"line":539,"column":3},"end":{"line":539,"column":62}},"192":{"start":{"line":540,"column":3},"end":{"line":540,"column":64}},"193":{"start":{"line":543,"column":2},"end":{"line":548,"column":3}},"194":{"start":{"line":547,"column":3},"end":{"line":547,"column":20}},"195":{"start":{"line":550,"column":2},"end":{"line":555,"column":3}},"196":{"start":{"line":554,"column":3},"end":{"line":554,"column":24}},"197":{"start":{"line":560,"column":10},"end":{"line":560,"column":16}},"198":{"start":{"line":561,"column":2},"end":{"line":561,"column":83}},"199":{"start":{"line":563,"column":2},"end":{"line":567,"column":10}},"200":{"start":{"line":568,"column":2},"end":{"line":568,"column":18}},"201":{"start":{"line":573,"column":2},"end":{"line":578,"column":3}},"202":{"start":{"line":574,"column":19},"end":{"line":574,"column":21}},"203":{"start":{"line":575,"column":3},"end":{"line":575,"column":96}},"204":{"start":{"line":576,"column":3},"end":{"line":576,"column":26}},"205":{"start":{"line":577,"column":3},"end":{"line":577,"column":21}},"206":{"start":{"line":587,"column":0},"end":{"line":621,"column":2}},"207":{"start":{"line":588,"column":1},"end":{"line":588,"column":55}},"208":{"start":{"line":593,"column":13},"end":{"line":593,"column":14}},"209":{"start":{"line":597,"column":1},"end":{"line":599,"column":2}},"210":{"start":{"line":598,"column":3},"end":{"line":598,"column":31}},"211":{"start":{"line":601,"column":14},"end":{"line":601,"column":19}},"212":{"start":{"line":603,"column":13},"end":{"line":603,"column":43}},"213":{"start":{"line":609,"column":16},"end":{"line":609,"column":74}},"214":{"start":{"line":613,"column":20},"end":{"line":613,"column":77}},"215":{"start":{"line":615,"column":20},"end":{"line":615,"column":110}},"216":{"start":{"line":616,"column":15},"end":{"line":616,"column":45}},"217":{"start":{"line":617,"column":15},"end":{"line":617,"column":45}},"218":{"start":{"line":618,"column":1},"end":{"line":618,"column":37}},"219":{"start":{"line":619,"column":1},"end":{"line":619,"column":37}},"220":{"start":{"line":620,"column":1},"end":{"line":620,"column":27}},"221":{"start":{"line":626,"column":0},"end":{"line":648,"column":3}},"222":{"start":{"line":627,"column":1},"end":{"line":627,"column":22}},"223":{"start":{"line":631,"column":14},"end":{"line":631,"column":52}},"224":{"start":{"line":632,"column":1},"end":{"line":632,"column":83}},"225":{"start":{"line":637,"column":1},"end":{"line":641,"column":2}},"226":{"start":{"line":638,"column":2},"end":{"line":638,"column":50}},"227":{"start":{"line":640,"column":2},"end":{"line":640,"column":85}},"228":{"start":{"line":642,"column":1},"end":{"line":642,"column":22}},"229":{"start":{"line":643,"column":9},"end":{"line":643,"column":27}},"230":{"start":{"line":644,"column":1},"end":{"line":644,"column":58}},"231":{"start":{"line":645,"column":1},"end":{"line":645,"column":24}},"232":{"start":{"line":646,"column":1},"end":{"line":646,"column":19}},"233":{"start":{"line":647,"column":1},"end":{"line":647,"column":23}},"234":{"start":{"line":662,"column":1},"end":{"line":662,"column":12}},"235":{"start":{"line":663,"column":1},"end":{"line":663,"column":12}},"236":{"start":{"line":664,"column":1},"end":{"line":664,"column":53}},"237":{"start":{"line":665,"column":1},"end":{"line":665,"column":26}},"238":{"start":{"line":666,"column":1},"end":{"line":666,"column":16}},"239":{"start":{"line":667,"column":1},"end":{"line":667,"column":15}},"240":{"start":{"line":668,"column":1},"end":{"line":668,"column":26}},"241":{"start":{"line":669,"column":1},"end":{"line":669,"column":26}},"242":{"start":{"line":670,"column":1},"end":{"line":670,"column":30}},"243":{"start":{"line":676,"column":0},"end":{"line":734,"column":1}},"244":{"start":{"line":677,"column":26},"end":{"line":677,"column":84}},"245":{"start":{"line":678,"column":1},"end":{"line":678,"column":55}},"246":{"start":{"line":683,"column":13},"end":{"line":683,"column":14}},"247":{"start":{"line":687,"column":1},"end":{"line":689,"column":2}},"248":{"start":{"line":688,"column":3},"end":{"line":688,"column":31}},"249":{"start":{"line":691,"column":14},"end":{"line":691,"column":19}},"250":{"start":{"line":696,"column":18},"end":{"line":696,"column":63}},"251":{"start":{"line":697,"column":1},"end":{"line":697,"column":82}},"252":{"start":{"line":698,"column":1},"end":{"line":698,"column":92}},"253":{"start":{"line":699,"column":1},"end":{"line":699,"column":22}},"254":{"start":{"line":700,"column":1},"end":{"line":700,"column":32}},"255":{"start":{"line":701,"column":20},"end":{"line":701,"column":120}},"256":{"start":{"line":702,"column":11},"end":{"line":702,"column":47}},"257":{"start":{"line":703,"column":11},"end":{"line":703,"column":47}},"258":{"start":{"line":704,"column":1},"end":{"line":704,"column":28}},"259":{"start":{"line":705,"column":1},"end":{"line":705,"column":28}},"260":{"start":{"line":706,"column":1},"end":{"line":706,"column":45}},"261":{"start":{"line":707,"column":1},"end":{"line":707,"column":19}},"262":{"start":{"line":708,"column":1},"end":{"line":708,"column":22}},"263":{"start":{"line":713,"column":13},"end":{"line":713,"column":44}},"264":{"start":{"line":714,"column":1},"end":{"line":714,"column":46}},"265":{"start":{"line":715,"column":1},"end":{"line":717,"column":2}},"266":{"start":{"line":716,"column":2},"end":{"line":716,"column":20}},"267":{"start":{"line":719,"column":10},"end":{"line":719,"column":42}},"268":{"start":{"line":720,"column":10},"end":{"line":720,"column":42}},"269":{"start":{"line":721,"column":1},"end":{"line":721,"column":33}},"270":{"start":{"line":722,"column":1},"end":{"line":722,"column":33}},"271":{"start":{"line":724,"column":14},"end":{"line":724,"column":42}},"272":{"start":{"line":725,"column":14},"end":{"line":725,"column":41}},"273":{"start":{"line":726,"column":1},"end":{"line":733,"column":2}},"274":{"start":{"line":730,"column":2},"end":{"line":730,"column":57}},"275":{"start":{"line":731,"column":2},"end":{"line":731,"column":58}},"276":{"start":{"line":732,"column":2},"end":{"line":732,"column":60}}},"fnMap":{"0":{"name":"MichaelBromleyVisualization","decl":{"start":{"line":5,"column":9},"end":{"line":5,"column":36}},"loc":{"start":{"line":5,"column":38},"end":{"line":418,"column":1}},"line":5},"1":{"name":"(anonymous_1)","decl":{"start":{"line":81,"column":23},"end":{"line":81,"column":24}},"loc":{"start":{"line":81,"column":50},"end":{"line":87,"column":2}},"line":81},"2":{"name":"(anonymous_2)","decl":{"start":{"line":94,"column":27},"end":{"line":94,"column":28}},"loc":{"start":{"line":94,"column":46},"end":{"line":160,"column":2}},"line":94},"3":{"name":"(anonymous_3)","decl":{"start":{"line":165,"column":25},"end":{"line":165,"column":26}},"loc":{"start":{"line":165,"column":35},"end":{"line":206,"column":2}},"line":165},"4":{"name":"(anonymous_4)","decl":{"start":{"line":211,"column":22},"end":{"line":211,"column":23}},"loc":{"start":{"line":211,"column":32},"end":{"line":225,"column":2}},"line":211},"5":{"name":"(anonymous_5)","decl":{"start":{"line":230,"column":21},"end":{"line":230,"column":22}},"loc":{"start":{"line":230,"column":31},"end":{"line":280,"column":2}},"line":230},"6":{"name":"(anonymous_6)","decl":{"start":{"line":285,"column":13},"end":{"line":285,"column":14}},"loc":{"start":{"line":285,"column":23},"end":{"line":323,"column":2}},"line":285},"7":{"name":"(anonymous_7)","decl":{"start":{"line":299,"column":21},"end":{"line":299,"column":22}},"loc":{"start":{"line":299,"column":36},"end":{"line":301,"column":3}},"line":299},"8":{"name":"(anonymous_8)","decl":{"start":{"line":306,"column":21},"end":{"line":306,"column":22}},"loc":{"start":{"line":306,"column":36},"end":{"line":308,"column":3}},"line":306},"9":{"name":"(anonymous_9)","decl":{"start":{"line":313,"column":21},"end":{"line":313,"column":22}},"loc":{"start":{"line":313,"column":36},"end":{"line":317,"column":3}},"line":313},"10":{"name":"(anonymous_10)","decl":{"start":{"line":328,"column":15},"end":{"line":328,"column":16}},"loc":{"start":{"line":328,"column":25},"end":{"line":354,"column":2}},"line":328},"11":{"name":"(anonymous_11)","decl":{"start":{"line":359,"column":26},"end":{"line":359,"column":27}},"loc":{"start":{"line":359,"column":36},"end":{"line":374,"column":2}},"line":359},"12":{"name":"(anonymous_12)","decl":{"start":{"line":379,"column":25},"end":{"line":379,"column":26}},"loc":{"start":{"line":379,"column":35},"end":{"line":383,"column":2}},"line":379},"13":{"name":"(anonymous_13)","decl":{"start":{"line":388,"column":16},"end":{"line":388,"column":17}},"loc":{"start":{"line":388,"column":26},"end":{"line":390,"column":2}},"line":388},"14":{"name":"(anonymous_14)","decl":{"start":{"line":395,"column":14},"end":{"line":395,"column":15}},"loc":{"start":{"line":395,"column":24},"end":{"line":397,"column":2}},"line":395},"15":{"name":"(anonymous_15)","decl":{"start":{"line":402,"column":26},"end":{"line":402,"column":27}},"loc":{"start":{"line":402,"column":36},"end":{"line":410,"column":2}},"line":402},"16":{"name":"(anonymous_16)","decl":{"start":{"line":415,"column":18},"end":{"line":415,"column":19}},"loc":{"start":{"line":415,"column":28},"end":{"line":417,"column":2}},"line":415},"17":{"name":"Polygon","decl":{"start":{"line":432,"column":9},"end":{"line":432,"column":16}},"loc":{"start":{"line":432,"column":92},"end":{"line":475,"column":1}},"line":432},"18":{"name":"(anonymous_18)","decl":{"start":{"line":480,"column":35},"end":{"line":480,"column":36}},"loc":{"start":{"line":480,"column":45},"end":{"line":491,"column":1}},"line":480},"19":{"name":"(anonymous_19)","decl":{"start":{"line":496,"column":32},"end":{"line":496,"column":33}},"loc":{"start":{"line":496,"column":42},"end":{"line":580,"column":1}},"line":496},"20":{"name":"(anonymous_20)","decl":{"start":{"line":587,"column":36},"end":{"line":587,"column":37}},"loc":{"start":{"line":587,"column":55},"end":{"line":621,"column":1}},"line":587},"21":{"name":"(anonymous_21)","decl":{"start":{"line":626,"column":34},"end":{"line":626,"column":35}},"loc":{"start":{"line":626,"column":45},"end":{"line":648,"column":2}},"line":626},"22":{"name":"Star","decl":{"start":{"line":661,"column":9},"end":{"line":661,"column":13}},"loc":{"start":{"line":661,"column":68},"end":{"line":671,"column":1}},"line":661},"23":{"name":"(anonymous_23)","decl":{"start":{"line":676,"column":26},"end":{"line":676,"column":27}},"loc":{"start":{"line":676,"column":36},"end":{"line":734,"column":1}},"line":676}},"branchMap":{"0":{"loc":{"start":{"line":83,"column":3},"end":{"line":85,"column":4}},"type":"if","locations":[{"start":{"line":83,"column":3},"end":{"line":85,"column":4}},{"start":{"line":83,"column":3},"end":{"line":85,"column":4}}],"line":83},"1":{"loc":{"start":{"line":105,"column":2},"end":{"line":108,"column":3}},"type":"if","locations":[{"start":{"line":105,"column":2},"end":{"line":108,"column":3}},{"start":{"line":105,"column":2},"end":{"line":108,"column":3}}],"line":105},"2":{"loc":{"start":{"line":231,"column":2},"end":{"line":279,"column":3}},"type":"if","locations":[{"start":{"line":231,"column":2},"end":{"line":279,"column":3}},{"start":{"line":231,"column":2},"end":{"line":279,"column":3}}],"line":231},"3":{"loc":{"start":{"line":232,"column":3},"end":{"line":272,"column":4}},"type":"if","locations":[{"start":{"line":232,"column":3},"end":{"line":272,"column":4}},{"start":{"line":232,"column":3},"end":{"line":272,"column":4}}],"line":232},"4":{"loc":{"start":{"line":273,"column":19},"end":{"line":273,"column":116}},"type":"cond-expr","locations":[{"start":{"line":273,"column":64},"end":{"line":273,"column":88}},{"start":{"line":273,"column":91},"end":{"line":273,"column":116}}],"line":273},"5":{"loc":{"start":{"line":314,"column":3},"end":{"line":316,"column":4}},"type":"if","locations":[{"start":{"line":314,"column":3},"end":{"line":316,"column":4}},{"start":{"line":314,"column":3},"end":{"line":316,"column":4}}],"line":314},"6":{"loc":{"start":{"line":451,"column":14},"end":{"line":451,"column":37}},"type":"cond-expr","locations":[{"start":{"line":451,"column":30},"end":{"line":451,"column":33}},{"start":{"line":451,"column":36},"end":{"line":451,"column":37}}],"line":451},"7":{"loc":{"start":{"line":486,"column":13},"end":{"line":486,"column":85}},"type":"cond-expr","locations":[{"start":{"line":486,"column":44},"end":{"line":486,"column":81}},{"start":{"line":486,"column":84},"end":{"line":486,"column":85}}],"line":486},"8":{"loc":{"start":{"line":499,"column":8},"end":{"line":499,"column":31}},"type":"cond-expr","locations":[{"start":{"line":499,"column":24},"end":{"line":499,"column":27}},{"start":{"line":499,"column":30},"end":{"line":499,"column":31}}],"line":499},"9":{"loc":{"start":{"line":503,"column":1},"end":{"line":508,"column":2}},"type":"if","locations":[{"start":{"line":503,"column":1},"end":{"line":508,"column":2}},{"start":{"line":503,"column":1},"end":{"line":508,"column":2}}],"line":503},"10":{"loc":{"start":{"line":514,"column":1},"end":{"line":579,"column":2}},"type":"if","locations":[{"start":{"line":514,"column":1},"end":{"line":579,"column":2}},{"start":{"line":514,"column":1},"end":{"line":579,"column":2}}],"line":514},"11":{"loc":{"start":{"line":529,"column":2},"end":{"line":541,"column":3}},"type":"if","locations":[{"start":{"line":529,"column":2},"end":{"line":541,"column":3}},{"start":{"line":529,"column":2},"end":{"line":541,"column":3}}],"line":529},"12":{"loc":{"start":{"line":533,"column":8},"end":{"line":541,"column":3}},"type":"if","locations":[{"start":{"line":533,"column":8},"end":{"line":541,"column":3}},{"start":{"line":533,"column":8},"end":{"line":541,"column":3}}],"line":533},"13":{"loc":{"start":{"line":543,"column":2},"end":{"line":548,"column":3}},"type":"if","locations":[{"start":{"line":543,"column":2},"end":{"line":548,"column":3}},{"start":{"line":543,"column":2},"end":{"line":548,"column":3}}],"line":543},"14":{"loc":{"start":{"line":550,"column":2},"end":{"line":555,"column":3}},"type":"if","locations":[{"start":{"line":550,"column":2},"end":{"line":555,"column":3}},{"start":{"line":550,"column":2},"end":{"line":555,"column":3}}],"line":550},"15":{"loc":{"start":{"line":573,"column":2},"end":{"line":578,"column":3}},"type":"if","locations":[{"start":{"line":573,"column":2},"end":{"line":578,"column":3}},{"start":{"line":573,"column":2},"end":{"line":578,"column":3}}],"line":573},"16":{"loc":{"start":{"line":618,"column":12},"end":{"line":618,"column":36}},"type":"cond-expr","locations":[{"start":{"line":618,"column":30},"end":{"line":618,"column":32}},{"start":{"line":618,"column":35},"end":{"line":618,"column":36}}],"line":618},"17":{"loc":{"start":{"line":619,"column":12},"end":{"line":619,"column":36}},"type":"cond-expr","locations":[{"start":{"line":619,"column":30},"end":{"line":619,"column":32}},{"start":{"line":619,"column":35},"end":{"line":619,"column":36}}],"line":619},"18":{"loc":{"start":{"line":704,"column":8},"end":{"line":704,"column":27}},"type":"cond-expr","locations":[{"start":{"line":704,"column":21},"end":{"line":704,"column":22}},{"start":{"line":704,"column":25},"end":{"line":704,"column":27}}],"line":704},"19":{"loc":{"start":{"line":705,"column":8},"end":{"line":705,"column":27}},"type":"cond-expr","locations":[{"start":{"line":705,"column":21},"end":{"line":705,"column":22}},{"start":{"line":705,"column":25},"end":{"line":705,"column":27}}],"line":705},"20":{"loc":{"start":{"line":715,"column":1},"end":{"line":717,"column":2}},"type":"if","locations":[{"start":{"line":715,"column":1},"end":{"line":717,"column":2}},{"start":{"line":715,"column":1},"end":{"line":717,"column":2}}],"line":715},"21":{"loc":{"start":{"line":721,"column":11},"end":{"line":721,"column":32}},"type":"cond-expr","locations":[{"start":{"line":721,"column":24},"end":{"line":721,"column":26}},{"start":{"line":721,"column":29},"end":{"line":721,"column":32}}],"line":721},"22":{"loc":{"start":{"line":722,"column":11},"end":{"line":722,"column":32}},"type":"cond-expr","locations":[{"start":{"line":722,"column":24},"end":{"line":722,"column":26}},{"start":{"line":722,"column":29},"end":{"line":722,"column":32}}],"line":722},"23":{"loc":{"start":{"line":726,"column":1},"end":{"line":733,"column":2}},"type":"if","locations":[{"start":{"line":726,"column":1},"end":{"line":733,"column":2}},{"start":{"line":726,"column":1},"end":{"line":733,"column":2}}],"line":726},"24":{"loc":{"start":{"line":726,"column":5},"end":{"line":726,"column":83}},"type":"binary-expr","locations":[{"start":{"line":726,"column":6},"end":{"line":726,"column":21}},{"start":{"line":726,"column":25},"end":{"line":726,"column":41}},{"start":{"line":726,"column":47},"end":{"line":726,"column":62}},{"start":{"line":726,"column":66},"end":{"line":726,"column":82}}],"line":726}},"s":{"0":0,"1":0,"2":0,"3":0,"4":0,"5":0,"6":0,"7":0,"8":0,"9":0,"10":0,"11":0,"12":0,"13":0,"14":0,"15":0,"16":0,"17":0,"18":0,"19":0,"20":0,"21":0,"22":0,"23":0,"24":0,"25":0,"26":0,"27":0,"28":0,"29":0,"30":0,"31":0,"32":0,"33":0,"34":0,"35":0,"36":0,"37":0,"38":0,"39":0,"40":0,"41":0,"42":0,"43":0,"44":0,"45":0,"46":0,"47":0,"48":0,"49":0,"50":0,"51":0,"52":0,"53":0,"54":0,"55":0,"56":0,"57":0,"58":0,"59":0,"60":0,"61":0,"62":0,"63":0,"64":0,"65":0,"66":0,"67":0,"68":0,"69":0,"70":0,"71":0,"72":0,"73":0,"74":0,"75":0,"76":0,"77":0,"78":0,"79":0,"80":0,"81":0,"82":0,"83":0,"84":0,"85":0,"86":0,"87":0,"88":0,"89":0,"90":0,"91":0,"92":0,"93":0,"94":0,"95":0,"96":0,"97":0,"98":0,"99":0,"100":0,"101":0,"102":0,"103":0,"104":0,"105":0,"106":0,"107":0,"108":0,"109":0,"110":0,"111":0,"112":0,"113":0,"114":0,"115":0,"116":0,"117":0,"118":0,"119":0,"120":0,"121":0,"122":0,"123":0,"124":0,"125":0,"126":0,"127":0,"128":0,"129":0,"130":0,"131":0,"132":0,"133":0,"134":0,"135":0,"136":0,"137":0,"138":0,"139":0,"140":0,"141":0,"142":0,"143":0,"144":0,"145":0,"146":0,"147":0,"148":0,"149":0,"150":0,"151":0,"152":0,"153":0,"154":0,"155":0,"156":0,"157":0,"158":0,"159":0,"160":16,"161":0,"162":0,"163":0,"164":0,"165":0,"166":16,"167":0,"168":0,"169":0,"170":0,"171":0,"172":0,"173":0,"174":0,"175":0,"176":0,"177":0,"178":0,"179":0,"180":0,"181":0,"182":0,"183":0,"184":0,"185":0,"186":0,"187":0,"188":0,"189":0,"190":0,"191":0,"192":0,"193":0,"194":0,"195":0,"196":0,"197":0,"198":0,"199":0,"200":0,"201":0,"202":0,"203":0,"204":0,"205":0,"206":16,"207":0,"208":0,"209":0,"210":0,"211":0,"212":0,"213":0,"214":0,"215":0,"216":0,"217":0,"218":0,"219":0,"220":0,"221":16,"222":0,"223":0,"224":0,"225":0,"226":0,"227":0,"228":0,"229":0,"230":0,"231":0,"232":0,"233":0,"234":0,"235":0,"236":0,"237":0,"238":0,"239":0,"240":0,"241":0,"242":0,"243":16,"244":0,"245":0,"246":0,"247":0,"248":0,"249":0,"250":0,"251":0,"252":0,"253":0,"254":0,"255":0,"256":0,"257":0,"258":0,"259":0,"260":0,"261":0,"262":0,"263":0,"264":0,"265":0,"266":0,"267":0,"268":0,"269":0,"270":0,"271":0,"272":0,"273":0,"274":0,"275":0,"276":0},"f":{"0":0,"1":0,"2":0,"3":0,"4":0,"5":0,"6":0,"7":0,"8":0,"9":0,"10":0,"11":0,"12":0,"13":0,"14":0,"15":0,"16":0,"17":0,"18":0,"19":0,"20":0,"21":0,"22":0,"23":0},"b":{"0":[0,0],"1":[0,0],"2":[0,0],"3":[0,0],"4":[0,0],"5":[0,0],"6":[0,0],"7":[0,0],"8":[0,0],"9":[0,0],"10":[0,0],"11":[0,0],"12":[0,0],"13":[0,0],"14":[0,0],"15":[0,0],"16":[0,0],"17":[0,0],"18":[0,0],"19":[0,0],"20":[0,0],"21":[0,0],"22":[0,0],"23":[0,0],"24":[0,0,0,0]},"_coverageSchema":"332fd63041d2c1bcb487cc26dd0d5f7d97098a6c","hash":"ccdad5b3b84c0b05ec9acb5c381c11046cb2374c"}
,"/Users/danpastori/Development/amplitude.dev/httpdocs/public/src/config.js": {"path":"/Users/danpastori/Development/amplitude.dev/httpdocs/public/src/config.js","statementMap":{"0":{"start":{"line":52,"column":0},"end":{"line":144,"column":2}}},"fnMap":{},"branchMap":{},"s":{"0":16},"f":{},"b":{},"_coverageSchema":"332fd63041d2c1bcb487cc26dd0d5f7d97098a6c","hash":"36a1321ed0fefb2f34afce0efea82a9aee4a5063"}
,"/Users/danpastori/Development/amplitude.dev/httpdocs/public/src/index.js": {"path":"/Users/danpastori/Development/amplitude.dev/httpdocs/public/src/index.js","statementMap":{"0":{"start":{"line":128,"column":16},"end":{"line":1287,"column":4}},"1":{"start":{"line":139,"column":4},"end":{"line":139,"column":39}},"2":{"start":{"line":146,"column":4},"end":{"line":146,"column":18}},"3":{"start":{"line":157,"column":4},"end":{"line":157,"column":32}},"4":{"start":{"line":168,"column":4},"end":{"line":168,"column":34}},"5":{"start":{"line":179,"column":4},"end":{"line":179,"column":33}},"6":{"start":{"line":190,"column":4},"end":{"line":190,"column":25}},"7":{"start":{"line":201,"column":4},"end":{"line":201,"column":48}},"8":{"start":{"line":212,"column":4},"end":{"line":212,"column":29}},"9":{"start":{"line":224,"column":4},"end":{"line":224,"column":46}},"10":{"start":{"line":237,"column":4},"end":{"line":237,"column":33}},"11":{"start":{"line":239,"column":4},"end":{"line":239,"column":31}},"12":{"start":{"line":252,"column":4},"end":{"line":252,"column":51}},"13":{"start":{"line":254,"column":4},"end":{"line":254,"column":31}},"14":{"start":{"line":255,"column":4},"end":{"line":255,"column":43}},"15":{"start":{"line":267,"column":4},"end":{"line":267,"column":36}},"16":{"start":{"line":268,"column":4},"end":{"line":268,"column":32}},"17":{"start":{"line":281,"column":4},"end":{"line":281,"column":54}},"18":{"start":{"line":282,"column":4},"end":{"line":282,"column":48}},"19":{"start":{"line":294,"column":4},"end":{"line":304,"column":5}},"20":{"start":{"line":298,"column":6},"end":{"line":298,"column":50}},"21":{"start":{"line":303,"column":6},"end":{"line":303,"column":38}},"22":{"start":{"line":315,"column":4},"end":{"line":315,"column":36}},"23":{"start":{"line":327,"column":4},"end":{"line":327,"column":35}},"24":{"start":{"line":341,"column":4},"end":{"line":341,"column":68}},"25":{"start":{"line":355,"column":4},"end":{"line":355,"column":36}},"26":{"start":{"line":369,"column":4},"end":{"line":369,"column":33}},"27":{"start":{"line":385,"column":4},"end":{"line":390,"column":5}},"28":{"start":{"line":389,"column":6},"end":{"line":389,"column":76}},"29":{"start":{"line":405,"column":4},"end":{"line":405,"column":25}},"30":{"start":{"line":418,"column":4},"end":{"line":418,"column":34}},"31":{"start":{"line":430,"column":4},"end":{"line":430,"column":52}},"32":{"start":{"line":443,"column":4},"end":{"line":443,"column":31}},"33":{"start":{"line":457,"column":15},"end":{"line":457,"column":54}},"34":{"start":{"line":459,"column":4},"end":{"line":459,"column":16}},"35":{"start":{"line":476,"column":4},"end":{"line":478,"column":5}},"36":{"start":{"line":477,"column":6},"end":{"line":477,"column":24}},"37":{"start":{"line":480,"column":4},"end":{"line":480,"column":28}},"38":{"start":{"line":482,"column":4},"end":{"line":484,"column":5}},"39":{"start":{"line":483,"column":6},"end":{"line":483,"column":37}},"40":{"start":{"line":486,"column":4},"end":{"line":486,"column":35}},"41":{"start":{"line":501,"column":4},"end":{"line":512,"column":5}},"42":{"start":{"line":502,"column":6},"end":{"line":502,"column":50}},"43":{"start":{"line":504,"column":6},"end":{"line":506,"column":7}},"44":{"start":{"line":505,"column":8},"end":{"line":505,"column":59}},"45":{"start":{"line":508,"column":6},"end":{"line":508,"column":57}},"46":{"start":{"line":510,"column":6},"end":{"line":510,"column":52}},"47":{"start":{"line":511,"column":6},"end":{"line":511,"column":18}},"48":{"start":{"line":526,"column":4},"end":{"line":560,"column":5}},"49":{"start":{"line":530,"column":6},"end":{"line":530,"column":33}},"50":{"start":{"line":535,"column":24},"end":{"line":535,"column":77}},"51":{"start":{"line":541,"column":6},"end":{"line":545,"column":7}},"52":{"start":{"line":542,"column":8},"end":{"line":544,"column":9}},"53":{"start":{"line":543,"column":10},"end":{"line":543,"column":57}},"54":{"start":{"line":550,"column":6},"end":{"line":550,"column":42}},"55":{"start":{"line":551,"column":6},"end":{"line":551,"column":48}},"56":{"start":{"line":552,"column":6},"end":{"line":552,"column":43}},"57":{"start":{"line":553,"column":6},"end":{"line":553,"column":44}},"58":{"start":{"line":554,"column":6},"end":{"line":554,"column":46}},"59":{"start":{"line":556,"column":6},"end":{"line":556,"column":35}},"60":{"start":{"line":558,"column":6},"end":{"line":558,"column":69}},"61":{"start":{"line":559,"column":6},"end":{"line":559,"column":18}},"62":{"start":{"line":573,"column":4},"end":{"line":573,"column":34}},"63":{"start":{"line":587,"column":4},"end":{"line":589,"column":5}},"64":{"start":{"line":588,"column":6},"end":{"line":588,"column":56}},"65":{"start":{"line":607,"column":4},"end":{"line":617,"column":5}},"66":{"start":{"line":608,"column":6},"end":{"line":608,"column":34}},"67":{"start":{"line":609,"column":6},"end":{"line":609,"column":36}},"68":{"start":{"line":610,"column":6},"end":{"line":610,"column":39}},"69":{"start":{"line":616,"column":6},"end":{"line":616,"column":58}},"70":{"start":{"line":622,"column":4},"end":{"line":622,"column":16}},"71":{"start":{"line":627,"column":4},"end":{"line":627,"column":29}},"72":{"start":{"line":632,"column":4},"end":{"line":632,"column":39}},"73":{"start":{"line":638,"column":4},"end":{"line":638,"column":39}},"74":{"start":{"line":643,"column":4},"end":{"line":643,"column":47}},"75":{"start":{"line":648,"column":4},"end":{"line":648,"column":37}},"76":{"start":{"line":653,"column":4},"end":{"line":653,"column":38}},"77":{"start":{"line":658,"column":4},"end":{"line":658,"column":33}},"78":{"start":{"line":673,"column":4},"end":{"line":673,"column":16}},"79":{"start":{"line":678,"column":4},"end":{"line":682,"column":5}},"80":{"start":{"line":679,"column":6},"end":{"line":679,"column":46}},"81":{"start":{"line":681,"column":6},"end":{"line":681,"column":61}},"82":{"start":{"line":687,"column":4},"end":{"line":689,"column":5}},"83":{"start":{"line":688,"column":6},"end":{"line":688,"column":61}},"84":{"start":{"line":694,"column":4},"end":{"line":694,"column":29}},"85":{"start":{"line":699,"column":4},"end":{"line":699,"column":16}},"86":{"start":{"line":704,"column":4},"end":{"line":704,"column":33}},"87":{"start":{"line":717,"column":4},"end":{"line":717,"column":16}},"88":{"start":{"line":722,"column":4},"end":{"line":730,"column":5}},"89":{"start":{"line":723,"column":6},"end":{"line":723,"column":50}},"90":{"start":{"line":725,"column":6},"end":{"line":729,"column":8}},"91":{"start":{"line":735,"column":4},"end":{"line":741,"column":5}},"92":{"start":{"line":736,"column":6},"end":{"line":740,"column":8}},"93":{"start":{"line":746,"column":4},"end":{"line":746,"column":29}},"94":{"start":{"line":751,"column":4},"end":{"line":751,"column":16}},"95":{"start":{"line":756,"column":4},"end":{"line":756,"column":33}},"96":{"start":{"line":769,"column":4},"end":{"line":769,"column":16}},"97":{"start":{"line":771,"column":4},"end":{"line":771,"column":33}},"98":{"start":{"line":784,"column":4},"end":{"line":784,"column":17}},"99":{"start":{"line":786,"column":4},"end":{"line":786,"column":33}},"100":{"start":{"line":797,"column":4},"end":{"line":797,"column":24}},"101":{"start":{"line":808,"column":4},"end":{"line":808,"column":27}},"102":{"start":{"line":820,"column":19},"end":{"line":820,"column":21}},"103":{"start":{"line":825,"column":4},"end":{"line":837,"column":5}},"104":{"start":{"line":830,"column":6},"end":{"line":834,"column":7}},"105":{"start":{"line":831,"column":8},"end":{"line":831,"column":34}},"106":{"start":{"line":833,"column":8},"end":{"line":833,"column":64}},"107":{"start":{"line":836,"column":6},"end":{"line":836,"column":48}},"108":{"start":{"line":849,"column":19},"end":{"line":849,"column":21}},"109":{"start":{"line":855,"column":4},"end":{"line":867,"column":5}},"110":{"start":{"line":860,"column":6},"end":{"line":864,"column":7}},"111":{"start":{"line":861,"column":8},"end":{"line":861,"column":38}},"112":{"start":{"line":863,"column":8},"end":{"line":863,"column":68}},"113":{"start":{"line":866,"column":6},"end":{"line":866,"column":52}},"114":{"start":{"line":878,"column":4},"end":{"line":878,"column":24}},"115":{"start":{"line":890,"column":4},"end":{"line":890,"column":44}},"116":{"start":{"line":902,"column":4},"end":{"line":906,"column":5}},"117":{"start":{"line":903,"column":6},"end":{"line":903,"column":33}},"118":{"start":{"line":905,"column":6},"end":{"line":905,"column":26}},"119":{"start":{"line":920,"column":4},"end":{"line":924,"column":5}},"120":{"start":{"line":921,"column":6},"end":{"line":921,"column":53}},"121":{"start":{"line":923,"column":6},"end":{"line":923,"column":46}},"122":{"start":{"line":935,"column":4},"end":{"line":935,"column":41}},"123":{"start":{"line":946,"column":4},"end":{"line":946,"column":26}},"124":{"start":{"line":957,"column":4},"end":{"line":957,"column":27}},"125":{"start":{"line":971,"column":4},"end":{"line":971,"column":32}},"126":{"start":{"line":973,"column":4},"end":{"line":1021,"column":5}},"127":{"start":{"line":977,"column":6},"end":{"line":979,"column":7}},"128":{"start":{"line":978,"column":8},"end":{"line":978,"column":52}},"129":{"start":{"line":985,"column":6},"end":{"line":989,"column":8}},"130":{"start":{"line":990,"column":6},"end":{"line":990,"column":18}},"131":{"start":{"line":995,"column":6},"end":{"line":995,"column":37}},"132":{"start":{"line":996,"column":6},"end":{"line":996,"column":39}},"133":{"start":{"line":997,"column":6},"end":{"line":997,"column":35}},"134":{"start":{"line":1002,"column":6},"end":{"line":1002,"column":35}},"135":{"start":{"line":1008,"column":6},"end":{"line":1008,"column":69}},"136":{"start":{"line":1009,"column":6},"end":{"line":1009,"column":18}},"137":{"start":{"line":1014,"column":6},"end":{"line":1014,"column":37}},"138":{"start":{"line":1015,"column":6},"end":{"line":1015,"column":35}},"139":{"start":{"line":1020,"column":6},"end":{"line":1020,"column":35}},"140":{"start":{"line":1040,"column":4},"end":{"line":1066,"column":5}},"141":{"start":{"line":1048,"column":6},"end":{"line":1054,"column":7}},"142":{"start":{"line":1049,"column":8},"end":{"line":1053,"column":9}},"143":{"start":{"line":1050,"column":10},"end":{"line":1052,"column":11}},"144":{"start":{"line":1051,"column":12},"end":{"line":1051,"column":73}},"145":{"start":{"line":1059,"column":6},"end":{"line":1065,"column":7}},"146":{"start":{"line":1060,"column":8},"end":{"line":1064,"column":9}},"147":{"start":{"line":1061,"column":10},"end":{"line":1063,"column":11}},"148":{"start":{"line":1062,"column":12},"end":{"line":1062,"column":53}},"149":{"start":{"line":1071,"column":4},"end":{"line":1071,"column":39}},"150":{"start":{"line":1072,"column":4},"end":{"line":1072,"column":36}},"151":{"start":{"line":1076,"column":4},"end":{"line":1094,"column":5}},"152":{"start":{"line":1081,"column":24},"end":{"line":1081,"column":77}},"153":{"start":{"line":1083,"column":6},"end":{"line":1089,"column":7}},"154":{"start":{"line":1084,"column":8},"end":{"line":1088,"column":9}},"155":{"start":{"line":1085,"column":10},"end":{"line":1087,"column":11}},"156":{"start":{"line":1086,"column":12},"end":{"line":1086,"column":60}},"157":{"start":{"line":1091,"column":6},"end":{"line":1091,"column":49}},"158":{"start":{"line":1093,"column":6},"end":{"line":1093,"column":67}},"159":{"start":{"line":1106,"column":4},"end":{"line":1106,"column":24}},"160":{"start":{"line":1117,"column":4},"end":{"line":1117,"column":24}},"161":{"start":{"line":1126,"column":4},"end":{"line":1126,"column":31}},"162":{"start":{"line":1142,"column":4},"end":{"line":1142,"column":56}},"163":{"start":{"line":1152,"column":4},"end":{"line":1162,"column":5}},"164":{"start":{"line":1153,"column":6},"end":{"line":1159,"column":7}},"165":{"start":{"line":1154,"column":8},"end":{"line":1154,"column":68}},"166":{"start":{"line":1156,"column":8},"end":{"line":1158,"column":10}},"167":{"start":{"line":1161,"column":6},"end":{"line":1161,"column":77}},"168":{"start":{"line":1172,"column":4},"end":{"line":1182,"column":5}},"169":{"start":{"line":1173,"column":6},"end":{"line":1179,"column":7}},"170":{"start":{"line":1174,"column":8},"end":{"line":1174,"column":65}},"171":{"start":{"line":1176,"column":8},"end":{"line":1178,"column":10}},"172":{"start":{"line":1181,"column":6},"end":{"line":1181,"column":62}},"173":{"start":{"line":1197,"column":4},"end":{"line":1209,"column":5}},"174":{"start":{"line":1198,"column":6},"end":{"line":1206,"column":7}},"175":{"start":{"line":1199,"column":8},"end":{"line":1201,"column":43}},"176":{"start":{"line":1203,"column":8},"end":{"line":1205,"column":10}},"177":{"start":{"line":1208,"column":6},"end":{"line":1208,"column":80}},"178":{"start":{"line":1216,"column":4},"end":{"line":1222,"column":5}},"179":{"start":{"line":1217,"column":6},"end":{"line":1217,"column":46}},"180":{"start":{"line":1219,"column":6},"end":{"line":1221,"column":8}},"181":{"start":{"line":1228,"column":2},"end":{"line":1286,"column":4}}},"fnMap":{"0":{"name":"(anonymous_0)","decl":{"start":{"line":128,"column":17},"end":{"line":128,"column":18}},"loc":{"start":{"line":128,"column":28},"end":{"line":1287,"column":1}},"line":128},"1":{"name":"init","decl":{"start":{"line":138,"column":11},"end":{"line":138,"column":15}},"loc":{"start":{"line":138,"column":28},"end":{"line":140,"column":3}},"line":138},"2":{"name":"getConfig","decl":{"start":{"line":145,"column":11},"end":{"line":145,"column":20}},"loc":{"start":{"line":145,"column":23},"end":{"line":147,"column":3}},"line":145},"3":{"name":"bindNewElements","decl":{"start":{"line":156,"column":11},"end":{"line":156,"column":26}},"loc":{"start":{"line":156,"column":29},"end":{"line":158,"column":3}},"line":156},"4":{"name":"getActivePlaylist","decl":{"start":{"line":167,"column":11},"end":{"line":167,"column":28}},"loc":{"start":{"line":167,"column":31},"end":{"line":169,"column":3}},"line":167},"5":{"name":"getPlaybackSpeed","decl":{"start":{"line":178,"column":11},"end":{"line":178,"column":27}},"loc":{"start":{"line":178,"column":30},"end":{"line":180,"column":3}},"line":178},"6":{"name":"getRepeat","decl":{"start":{"line":189,"column":11},"end":{"line":189,"column":20}},"loc":{"start":{"line":189,"column":23},"end":{"line":191,"column":3}},"line":189},"7":{"name":"getRepeatPlaylist","decl":{"start":{"line":200,"column":11},"end":{"line":200,"column":28}},"loc":{"start":{"line":200,"column":42},"end":{"line":202,"column":3}},"line":200},"8":{"name":"getShuffle","decl":{"start":{"line":211,"column":11},"end":{"line":211,"column":21}},"loc":{"start":{"line":211,"column":24},"end":{"line":213,"column":3}},"line":211},"9":{"name":"getShufflePlaylist","decl":{"start":{"line":223,"column":11},"end":{"line":223,"column":29}},"loc":{"start":{"line":223,"column":40},"end":{"line":225,"column":3}},"line":223},"10":{"name":"setShuffle","decl":{"start":{"line":236,"column":11},"end":{"line":236,"column":21}},"loc":{"start":{"line":236,"column":31},"end":{"line":240,"column":3}},"line":236},"11":{"name":"setShufflePlaylist","decl":{"start":{"line":251,"column":11},"end":{"line":251,"column":29}},"loc":{"start":{"line":251,"column":49},"end":{"line":256,"column":3}},"line":251},"12":{"name":"setRepeat","decl":{"start":{"line":266,"column":11},"end":{"line":266,"column":20}},"loc":{"start":{"line":266,"column":34},"end":{"line":269,"column":3}},"line":266},"13":{"name":"setRepeatPlaylist","decl":{"start":{"line":280,"column":11},"end":{"line":280,"column":28}},"loc":{"start":{"line":280,"column":52},"end":{"line":283,"column":3}},"line":280},"14":{"name":"setRepeatSong","decl":{"start":{"line":293,"column":11},"end":{"line":293,"column":24}},"loc":{"start":{"line":293,"column":38},"end":{"line":305,"column":3}},"line":293},"15":{"name":"getDefaultAlbumArt","decl":{"start":{"line":314,"column":11},"end":{"line":314,"column":29}},"loc":{"start":{"line":314,"column":32},"end":{"line":316,"column":3}},"line":314},"16":{"name":"setDefaultAlbumArt","decl":{"start":{"line":326,"column":11},"end":{"line":326,"column":29}},"loc":{"start":{"line":326,"column":35},"end":{"line":328,"column":3}},"line":326},"17":{"name":"getSongPlayedPercentage","decl":{"start":{"line":337,"column":11},"end":{"line":337,"column":34}},"loc":{"start":{"line":337,"column":37},"end":{"line":342,"column":3}},"line":337},"18":{"name":"getSongPlayedSeconds","decl":{"start":{"line":351,"column":11},"end":{"line":351,"column":31}},"loc":{"start":{"line":351,"column":34},"end":{"line":356,"column":3}},"line":351},"19":{"name":"getSongDuration","decl":{"start":{"line":365,"column":11},"end":{"line":365,"column":26}},"loc":{"start":{"line":365,"column":29},"end":{"line":370,"column":3}},"line":365},"20":{"name":"setSongPlayedPercentage","decl":{"start":{"line":381,"column":11},"end":{"line":381,"column":34}},"loc":{"start":{"line":381,"column":47},"end":{"line":391,"column":3}},"line":381},"21":{"name":"setDebug","decl":{"start":{"line":401,"column":11},"end":{"line":401,"column":19}},"loc":{"start":{"line":401,"column":27},"end":{"line":406,"column":3}},"line":401},"22":{"name":"getActiveSongMetadata","decl":{"start":{"line":417,"column":11},"end":{"line":417,"column":32}},"loc":{"start":{"line":417,"column":35},"end":{"line":419,"column":3}},"line":417},"23":{"name":"getActivePlaylistMetadata","decl":{"start":{"line":429,"column":11},"end":{"line":429,"column":36}},"loc":{"start":{"line":429,"column":39},"end":{"line":431,"column":3}},"line":429},"24":{"name":"getSongAtIndex","decl":{"start":{"line":442,"column":11},"end":{"line":442,"column":25}},"loc":{"start":{"line":442,"column":33},"end":{"line":444,"column":3}},"line":442},"25":{"name":"getSongAtPlaylistIndex","decl":{"start":{"line":456,"column":11},"end":{"line":456,"column":33}},"loc":{"start":{"line":456,"column":51},"end":{"line":460,"column":3}},"line":456},"26":{"name":"addSong","decl":{"start":{"line":472,"column":11},"end":{"line":472,"column":18}},"loc":{"start":{"line":472,"column":25},"end":{"line":487,"column":3}},"line":472},"27":{"name":"addSongToPlaylist","decl":{"start":{"line":500,"column":11},"end":{"line":500,"column":28}},"loc":{"start":{"line":500,"column":45},"end":{"line":513,"column":3}},"line":500},"28":{"name":"addPlaylist","decl":{"start":{"line":522,"column":11},"end":{"line":522,"column":22}},"loc":{"start":{"line":522,"column":41},"end":{"line":561,"column":3}},"line":522},"29":{"name":"removeSong","decl":{"start":{"line":572,"column":11},"end":{"line":572,"column":21}},"loc":{"start":{"line":572,"column":29},"end":{"line":574,"column":3}},"line":572},"30":{"name":"removeSongFromPlaylist","decl":{"start":{"line":586,"column":11},"end":{"line":586,"column":33}},"loc":{"start":{"line":586,"column":51},"end":{"line":590,"column":3}},"line":586},"31":{"name":"playNow","decl":{"start":{"line":602,"column":11},"end":{"line":602,"column":18}},"loc":{"start":{"line":602,"column":25},"end":{"line":659,"column":3}},"line":602},"32":{"name":"playSongAtIndex","decl":{"start":{"line":669,"column":11},"end":{"line":669,"column":26}},"loc":{"start":{"line":669,"column":34},"end":{"line":705,"column":3}},"line":669},"33":{"name":"playPlaylistSongAtIndex","decl":{"start":{"line":716,"column":11},"end":{"line":716,"column":34}},"loc":{"start":{"line":716,"column":52},"end":{"line":757,"column":3}},"line":716},"34":{"name":"play","decl":{"start":{"line":768,"column":11},"end":{"line":768,"column":15}},"loc":{"start":{"line":768,"column":18},"end":{"line":772,"column":3}},"line":768},"35":{"name":"pause","decl":{"start":{"line":783,"column":11},"end":{"line":783,"column":16}},"loc":{"start":{"line":783,"column":19},"end":{"line":787,"column":3}},"line":783},"36":{"name":"getAudio","decl":{"start":{"line":796,"column":11},"end":{"line":796,"column":19}},"loc":{"start":{"line":796,"column":22},"end":{"line":798,"column":3}},"line":796},"37":{"name":"getAnalyser","decl":{"start":{"line":807,"column":11},"end":{"line":807,"column":22}},"loc":{"start":{"line":807,"column":25},"end":{"line":809,"column":3}},"line":807},"38":{"name":"next","decl":{"start":{"line":819,"column":11},"end":{"line":819,"column":15}},"loc":{"start":{"line":819,"column":33},"end":{"line":838,"column":3}},"line":819},"39":{"name":"prev","decl":{"start":{"line":848,"column":11},"end":{"line":848,"column":15}},"loc":{"start":{"line":848,"column":33},"end":{"line":868,"column":3}},"line":848},"40":{"name":"getSongs","decl":{"start":{"line":877,"column":11},"end":{"line":877,"column":19}},"loc":{"start":{"line":877,"column":22},"end":{"line":879,"column":3}},"line":877},"41":{"name":"getSongsInPlaylist","decl":{"start":{"line":889,"column":11},"end":{"line":889,"column":29}},"loc":{"start":{"line":889,"column":40},"end":{"line":891,"column":3}},"line":889},"42":{"name":"getSongsState","decl":{"start":{"line":901,"column":11},"end":{"line":901,"column":24}},"loc":{"start":{"line":901,"column":27},"end":{"line":907,"column":3}},"line":901},"43":{"name":"getSongsStatePlaylist","decl":{"start":{"line":919,"column":11},"end":{"line":919,"column":32}},"loc":{"start":{"line":919,"column":43},"end":{"line":925,"column":3}},"line":919},"44":{"name":"getActiveIndex","decl":{"start":{"line":934,"column":11},"end":{"line":934,"column":25}},"loc":{"start":{"line":934,"column":28},"end":{"line":936,"column":3}},"line":934},"45":{"name":"getVersion","decl":{"start":{"line":945,"column":11},"end":{"line":945,"column":21}},"loc":{"start":{"line":945,"column":24},"end":{"line":947,"column":3}},"line":945},"46":{"name":"getBuffered","decl":{"start":{"line":956,"column":11},"end":{"line":956,"column":22}},"loc":{"start":{"line":956,"column":25},"end":{"line":958,"column":3}},"line":956},"47":{"name":"skipTo","decl":{"start":{"line":970,"column":11},"end":{"line":970,"column":17}},"loc":{"start":{"line":970,"column":55},"end":{"line":1022,"column":3}},"line":970},"48":{"name":"setSongMetaData","decl":{"start":{"line":1036,"column":11},"end":{"line":1036,"column":26}},"loc":{"start":{"line":1036,"column":61},"end":{"line":1073,"column":3}},"line":1036},"49":{"name":"setPlaylistMetaData","decl":{"start":{"line":1075,"column":11},"end":{"line":1075,"column":30}},"loc":{"start":{"line":1075,"column":51},"end":{"line":1095,"column":3}},"line":1075},"50":{"name":"setDelay","decl":{"start":{"line":1105,"column":11},"end":{"line":1105,"column":19}},"loc":{"start":{"line":1105,"column":26},"end":{"line":1107,"column":3}},"line":1105},"51":{"name":"getDelay","decl":{"start":{"line":1116,"column":11},"end":{"line":1116,"column":19}},"loc":{"start":{"line":1116,"column":22},"end":{"line":1118,"column":3}},"line":1116},"52":{"name":"getPlayerState","decl":{"start":{"line":1125,"column":11},"end":{"line":1125,"column":25}},"loc":{"start":{"line":1125,"column":28},"end":{"line":1127,"column":3}},"line":1125},"53":{"name":"registerVisualization","decl":{"start":{"line":1141,"column":11},"end":{"line":1141,"column":32}},"loc":{"start":{"line":1141,"column":61},"end":{"line":1143,"column":3}},"line":1141},"54":{"name":"setPlaylistVisualization","decl":{"start":{"line":1151,"column":11},"end":{"line":1151,"column":35}},"loc":{"start":{"line":1151,"column":64},"end":{"line":1163,"column":3}},"line":1151},"55":{"name":"setSongVisualization","decl":{"start":{"line":1171,"column":11},"end":{"line":1171,"column":31}},"loc":{"start":{"line":1171,"column":61},"end":{"line":1183,"column":3}},"line":1171},"56":{"name":"setSongInPlaylistVisualization","decl":{"start":{"line":1192,"column":11},"end":{"line":1192,"column":41}},"loc":{"start":{"line":1196,"column":4},"end":{"line":1210,"column":3}},"line":1196},"57":{"name":"setGlobalVisualization","decl":{"start":{"line":1215,"column":11},"end":{"line":1215,"column":33}},"loc":{"start":{"line":1215,"column":52},"end":{"line":1223,"column":3}},"line":1215}},"branchMap":{"0":{"loc":{"start":{"line":294,"column":4},"end":{"line":304,"column":5}},"type":"if","locations":[{"start":{"line":294,"column":4},"end":{"line":304,"column":5}},{"start":{"line":294,"column":4},"end":{"line":304,"column":5}}],"line":294},"1":{"loc":{"start":{"line":385,"column":4},"end":{"line":390,"column":5}},"type":"if","locations":[{"start":{"line":385,"column":4},"end":{"line":390,"column":5}},{"start":{"line":385,"column":4},"end":{"line":390,"column":5}}],"line":385},"2":{"loc":{"start":{"line":385,"column":8},"end":{"line":385,"column":77}},"type":"binary-expr","locations":[{"start":{"line":385,"column":8},"end":{"line":385,"column":37}},{"start":{"line":385,"column":42},"end":{"line":385,"column":56}},{"start":{"line":385,"column":60},"end":{"line":385,"column":76}}],"line":385},"3":{"loc":{"start":{"line":476,"column":4},"end":{"line":478,"column":5}},"type":"if","locations":[{"start":{"line":476,"column":4},"end":{"line":478,"column":5}},{"start":{"line":476,"column":4},"end":{"line":478,"column":5}}],"line":476},"4":{"loc":{"start":{"line":482,"column":4},"end":{"line":484,"column":5}},"type":"if","locations":[{"start":{"line":482,"column":4},"end":{"line":484,"column":5}},{"start":{"line":482,"column":4},"end":{"line":484,"column":5}}],"line":482},"5":{"loc":{"start":{"line":501,"column":4},"end":{"line":512,"column":5}},"type":"if","locations":[{"start":{"line":501,"column":4},"end":{"line":512,"column":5}},{"start":{"line":501,"column":4},"end":{"line":512,"column":5}}],"line":501},"6":{"loc":{"start":{"line":504,"column":6},"end":{"line":506,"column":7}},"type":"if","locations":[{"start":{"line":504,"column":6},"end":{"line":506,"column":7}},{"start":{"line":504,"column":6},"end":{"line":506,"column":7}}],"line":504},"7":{"loc":{"start":{"line":526,"column":4},"end":{"line":560,"column":5}},"type":"if","locations":[{"start":{"line":526,"column":4},"end":{"line":560,"column":5}},{"start":{"line":526,"column":4},"end":{"line":560,"column":5}}],"line":526},"8":{"loc":{"start":{"line":542,"column":8},"end":{"line":544,"column":9}},"type":"if","locations":[{"start":{"line":542,"column":8},"end":{"line":544,"column":9}},{"start":{"line":542,"column":8},"end":{"line":544,"column":9}}],"line":542},"9":{"loc":{"start":{"line":587,"column":4},"end":{"line":589,"column":5}},"type":"if","locations":[{"start":{"line":587,"column":4},"end":{"line":589,"column":5}},{"start":{"line":587,"column":4},"end":{"line":589,"column":5}}],"line":587},"10":{"loc":{"start":{"line":607,"column":4},"end":{"line":617,"column":5}},"type":"if","locations":[{"start":{"line":607,"column":4},"end":{"line":617,"column":5}},{"start":{"line":607,"column":4},"end":{"line":617,"column":5}}],"line":607},"11":{"loc":{"start":{"line":678,"column":4},"end":{"line":682,"column":5}},"type":"if","locations":[{"start":{"line":678,"column":4},"end":{"line":682,"column":5}},{"start":{"line":678,"column":4},"end":{"line":682,"column":5}}],"line":678},"12":{"loc":{"start":{"line":687,"column":4},"end":{"line":689,"column":5}},"type":"if","locations":[{"start":{"line":687,"column":4},"end":{"line":689,"column":5}},{"start":{"line":687,"column":4},"end":{"line":689,"column":5}}],"line":687},"13":{"loc":{"start":{"line":722,"column":4},"end":{"line":730,"column":5}},"type":"if","locations":[{"start":{"line":722,"column":4},"end":{"line":730,"column":5}},{"start":{"line":722,"column":4},"end":{"line":730,"column":5}}],"line":722},"14":{"loc":{"start":{"line":735,"column":4},"end":{"line":741,"column":5}},"type":"if","locations":[{"start":{"line":735,"column":4},"end":{"line":741,"column":5}},{"start":{"line":735,"column":4},"end":{"line":741,"column":5}}],"line":735},"15":{"loc":{"start":{"line":819,"column":16},"end":{"line":819,"column":31}},"type":"default-arg","locations":[{"start":{"line":819,"column":27},"end":{"line":819,"column":31}}],"line":819},"16":{"loc":{"start":{"line":825,"column":4},"end":{"line":837,"column":5}},"type":"if","locations":[{"start":{"line":825,"column":4},"end":{"line":837,"column":5}},{"start":{"line":825,"column":4},"end":{"line":837,"column":5}}],"line":825},"17":{"loc":{"start":{"line":825,"column":8},"end":{"line":825,"column":42}},"type":"binary-expr","locations":[{"start":{"line":825,"column":8},"end":{"line":825,"column":22}},{"start":{"line":825,"column":26},"end":{"line":825,"column":42}}],"line":825},"18":{"loc":{"start":{"line":830,"column":6},"end":{"line":834,"column":7}},"type":"if","locations":[{"start":{"line":830,"column":6},"end":{"line":834,"column":7}},{"start":{"line":830,"column":6},"end":{"line":834,"column":7}}],"line":830},"19":{"loc":{"start":{"line":830,"column":10},"end":{"line":830,"column":72}},"type":"binary-expr","locations":[{"start":{"line":830,"column":10},"end":{"line":830,"column":40}},{"start":{"line":830,"column":44},"end":{"line":830,"column":72}}],"line":830},"20":{"loc":{"start":{"line":848,"column":16},"end":{"line":848,"column":31}},"type":"default-arg","locations":[{"start":{"line":848,"column":27},"end":{"line":848,"column":31}}],"line":848},"21":{"loc":{"start":{"line":855,"column":4},"end":{"line":867,"column":5}},"type":"if","locations":[{"start":{"line":855,"column":4},"end":{"line":867,"column":5}},{"start":{"line":855,"column":4},"end":{"line":867,"column":5}}],"line":855},"22":{"loc":{"start":{"line":855,"column":8},"end":{"line":855,"column":42}},"type":"binary-expr","locations":[{"start":{"line":855,"column":8},"end":{"line":855,"column":22}},{"start":{"line":855,"column":26},"end":{"line":855,"column":42}}],"line":855},"23":{"loc":{"start":{"line":860,"column":6},"end":{"line":864,"column":7}},"type":"if","locations":[{"start":{"line":860,"column":6},"end":{"line":864,"column":7}},{"start":{"line":860,"column":6},"end":{"line":864,"column":7}}],"line":860},"24":{"loc":{"start":{"line":860,"column":10},"end":{"line":860,"column":72}},"type":"binary-expr","locations":[{"start":{"line":860,"column":10},"end":{"line":860,"column":40}},{"start":{"line":860,"column":44},"end":{"line":860,"column":72}}],"line":860},"25":{"loc":{"start":{"line":902,"column":4},"end":{"line":906,"column":5}},"type":"if","locations":[{"start":{"line":902,"column":4},"end":{"line":906,"column":5}},{"start":{"line":902,"column":4},"end":{"line":906,"column":5}}],"line":902},"26":{"loc":{"start":{"line":920,"column":4},"end":{"line":924,"column":5}},"type":"if","locations":[{"start":{"line":920,"column":4},"end":{"line":924,"column":5}},{"start":{"line":920,"column":4},"end":{"line":924,"column":5}}],"line":920},"27":{"loc":{"start":{"line":970,"column":38},"end":{"line":970,"column":53}},"type":"default-arg","locations":[{"start":{"line":970,"column":49},"end":{"line":970,"column":53}}],"line":970},"28":{"loc":{"start":{"line":973,"column":4},"end":{"line":1021,"column":5}},"type":"if","locations":[{"start":{"line":973,"column":4},"end":{"line":1021,"column":5}},{"start":{"line":973,"column":4},"end":{"line":1021,"column":5}}],"line":973},"29":{"loc":{"start":{"line":977,"column":6},"end":{"line":979,"column":7}},"type":"if","locations":[{"start":{"line":977,"column":6},"end":{"line":979,"column":7}},{"start":{"line":977,"column":6},"end":{"line":979,"column":7}}],"line":977},"30":{"loc":{"start":{"line":1036,"column":44},"end":{"line":1036,"column":59}},"type":"default-arg","locations":[{"start":{"line":1036,"column":55},"end":{"line":1036,"column":59}}],"line":1036},"31":{"loc":{"start":{"line":1040,"column":4},"end":{"line":1066,"column":5}},"type":"if","locations":[{"start":{"line":1040,"column":4},"end":{"line":1066,"column":5}},{"start":{"line":1040,"column":4},"end":{"line":1066,"column":5}}],"line":1040},"32":{"loc":{"start":{"line":1041,"column":6},"end":{"line":1043,"column":45}},"type":"binary-expr","locations":[{"start":{"line":1041,"column":6},"end":{"line":1041,"column":20}},{"start":{"line":1042,"column":6},"end":{"line":1042,"column":22}},{"start":{"line":1043,"column":6},"end":{"line":1043,"column":45}}],"line":1041},"33":{"loc":{"start":{"line":1049,"column":8},"end":{"line":1053,"column":9}},"type":"if","locations":[{"start":{"line":1049,"column":8},"end":{"line":1053,"column":9}},{"start":{"line":1049,"column":8},"end":{"line":1053,"column":9}}],"line":1049},"34":{"loc":{"start":{"line":1050,"column":10},"end":{"line":1052,"column":11}},"type":"if","locations":[{"start":{"line":1050,"column":10},"end":{"line":1052,"column":11}},{"start":{"line":1050,"column":10},"end":{"line":1052,"column":11}}],"line":1050},"35":{"loc":{"start":{"line":1050,"column":14},"end":{"line":1050,"column":76}},"type":"binary-expr","locations":[{"start":{"line":1050,"column":14},"end":{"line":1050,"column":26}},{"start":{"line":1050,"column":30},"end":{"line":1050,"column":42}},{"start":{"line":1050,"column":46},"end":{"line":1050,"column":59}},{"start":{"line":1050,"column":63},"end":{"line":1050,"column":76}}],"line":1050},"36":{"loc":{"start":{"line":1060,"column":8},"end":{"line":1064,"column":9}},"type":"if","locations":[{"start":{"line":1060,"column":8},"end":{"line":1064,"column":9}},{"start":{"line":1060,"column":8},"end":{"line":1064,"column":9}}],"line":1060},"37":{"loc":{"start":{"line":1061,"column":10},"end":{"line":1063,"column":11}},"type":"if","locations":[{"start":{"line":1061,"column":10},"end":{"line":1063,"column":11}},{"start":{"line":1061,"column":10},"end":{"line":1063,"column":11}}],"line":1061},"38":{"loc":{"start":{"line":1061,"column":14},"end":{"line":1061,"column":76}},"type":"binary-expr","locations":[{"start":{"line":1061,"column":14},"end":{"line":1061,"column":26}},{"start":{"line":1061,"column":30},"end":{"line":1061,"column":42}},{"start":{"line":1061,"column":46},"end":{"line":1061,"column":59}},{"start":{"line":1061,"column":63},"end":{"line":1061,"column":76}}],"line":1061},"39":{"loc":{"start":{"line":1076,"column":4},"end":{"line":1094,"column":5}},"type":"if","locations":[{"start":{"line":1076,"column":4},"end":{"line":1094,"column":5}},{"start":{"line":1076,"column":4},"end":{"line":1094,"column":5}}],"line":1076},"40":{"loc":{"start":{"line":1084,"column":8},"end":{"line":1088,"column":9}},"type":"if","locations":[{"start":{"line":1084,"column":8},"end":{"line":1088,"column":9}},{"start":{"line":1084,"column":8},"end":{"line":1088,"column":9}}],"line":1084},"41":{"loc":{"start":{"line":1085,"column":10},"end":{"line":1087,"column":11}},"type":"if","locations":[{"start":{"line":1085,"column":10},"end":{"line":1087,"column":11}},{"start":{"line":1085,"column":10},"end":{"line":1087,"column":11}}],"line":1085},"42":{"loc":{"start":{"line":1152,"column":4},"end":{"line":1162,"column":5}},"type":"if","locations":[{"start":{"line":1152,"column":4},"end":{"line":1162,"column":5}},{"start":{"line":1152,"column":4},"end":{"line":1162,"column":5}}],"line":1152},"43":{"loc":{"start":{"line":1153,"column":6},"end":{"line":1159,"column":7}},"type":"if","locations":[{"start":{"line":1153,"column":6},"end":{"line":1159,"column":7}},{"start":{"line":1153,"column":6},"end":{"line":1159,"column":7}}],"line":1153},"44":{"loc":{"start":{"line":1172,"column":4},"end":{"line":1182,"column":5}},"type":"if","locations":[{"start":{"line":1172,"column":4},"end":{"line":1182,"column":5}},{"start":{"line":1172,"column":4},"end":{"line":1182,"column":5}}],"line":1172},"45":{"loc":{"start":{"line":1173,"column":6},"end":{"line":1179,"column":7}},"type":"if","locations":[{"start":{"line":1173,"column":6},"end":{"line":1179,"column":7}},{"start":{"line":1173,"column":6},"end":{"line":1179,"column":7}}],"line":1173},"46":{"loc":{"start":{"line":1197,"column":4},"end":{"line":1209,"column":5}},"type":"if","locations":[{"start":{"line":1197,"column":4},"end":{"line":1209,"column":5}},{"start":{"line":1197,"column":4},"end":{"line":1209,"column":5}}],"line":1197},"47":{"loc":{"start":{"line":1198,"column":6},"end":{"line":1206,"column":7}},"type":"if","locations":[{"start":{"line":1198,"column":6},"end":{"line":1206,"column":7}},{"start":{"line":1198,"column":6},"end":{"line":1206,"column":7}}],"line":1198},"48":{"loc":{"start":{"line":1216,"column":4},"end":{"line":1222,"column":5}},"type":"if","locations":[{"start":{"line":1216,"column":4},"end":{"line":1222,"column":5}},{"start":{"line":1216,"column":4},"end":{"line":1222,"column":5}}],"line":1216}},"s":{"0":16,"1":102,"2":0,"3":0,"4":1,"5":1,"6":1,"7":1,"8":1,"9":3,"10":5,"11":5,"12":5,"13":5,"14":5,"15":1,"16":1,"17":1,"18":1,"19":1,"20":1,"21":1,"22":1,"23":1,"24":1,"25":1,"26":1,"27":1,"28":1,"29":1,"30":1,"31":1,"32":1,"33":1,"34":1,"35":1,"36":0,"37":1,"38":1,"39":0,"40":1,"41":1,"42":1,"43":1,"44":0,"45":1,"46":0,"47":0,"48":2,"49":1,"50":1,"51":1,"52":1,"53":1,"54":1,"55":1,"56":1,"57":1,"58":1,"59":1,"60":1,"61":1,"62":1,"63":1,"64":1,"65":1,"66":1,"67":1,"68":1,"69":0,"70":1,"71":1,"72":1,"73":1,"74":1,"75":1,"76":1,"77":1,"78":1,"79":1,"80":1,"81":1,"82":1,"83":0,"84":1,"85":1,"86":1,"87":1,"88":1,"89":1,"90":1,"91":1,"92":0,"93":1,"94":1,"95":1,"96":0,"97":0,"98":0,"99":0,"100":0,"101":0,"102":0,"103":0,"104":0,"105":0,"106":0,"107":0,"108":4,"109":4,"110":2,"111":2,"112":0,"113":2,"114":1,"115":1,"116":2,"117":1,"118":1,"119":2,"120":1,"121":1,"122":1,"123":1,"124":0,"125":0,"126":0,"127":0,"128":0,"129":0,"130":0,"131":0,"132":0,"133":0,"134":0,"135":0,"136":0,"137":0,"138":0,"139":0,"140":2,"141":1,"142":2,"143":2,"144":2,"145":1,"146":2,"147":2,"148":2,"149":2,"150":2,"151":1,"152":1,"153":1,"154":2,"155":2,"156":2,"157":1,"158":0,"159":2,"160":1,"161":1,"162":0,"163":0,"164":0,"165":0,"166":0,"167":0,"168":0,"169":0,"170":0,"171":0,"172":0,"173":0,"174":0,"175":0,"176":0,"177":0,"178":0,"179":0,"180":0,"181":16},"f":{"0":16,"1":102,"2":0,"3":0,"4":1,"5":1,"6":1,"7":1,"8":1,"9":3,"10":5,"11":5,"12":1,"13":1,"14":1,"15":1,"16":1,"17":1,"18":1,"19":1,"20":1,"21":1,"22":1,"23":1,"24":1,"25":1,"26":1,"27":1,"28":2,"29":1,"30":1,"31":1,"32":1,"33":1,"34":0,"35":0,"36":0,"37":0,"38":0,"39":4,"40":1,"41":1,"42":2,"43":2,"44":1,"45":1,"46":0,"47":0,"48":2,"49":1,"50":2,"51":1,"52":1,"53":0,"54":0,"55":0,"56":0,"57":0},"b":{"0":[1,0],"1":[1,0],"2":[1,1,1],"3":[0,1],"4":[0,1],"5":[1,0],"6":[0,1],"7":[1,1],"8":[1,0],"9":[1,0],"10":[1,0],"11":[1,0],"12":[0,1],"13":[1,0],"14":[0,1],"15":[0],"16":[0,0],"17":[0,0],"18":[0,0],"19":[0,0],"20":[2],"21":[2,2],"22":[4,4],"23":[2,0],"24":[2,2],"25":[1,1],"26":[1,1],"27":[0],"28":[0,0],"29":[0,0],"30":[1],"31":[1,1],"32":[2,2,1],"33":[2,0],"34":[2,0],"35":[2,2,2,2],"36":[2,0],"37":[2,0],"38":[2,2,2,2],"39":[1,0],"40":[2,0],"41":[2,0],"42":[0,0],"43":[0,0],"44":[0,0],"45":[0,0],"46":[0,0],"47":[0,0],"48":[0,0]},"_coverageSchema":"332fd63041d2c1bcb487cc26dd0d5f7d97098a6c","hash":"2c44c2f31053d5a2165bd3291bb93e7f0226edf5"}
,"/Users/danpastori/Development/amplitude.dev/httpdocs/public/src/core/core.js": {"path":"/Users/danpastori/Development/amplitude.dev/httpdocs/public/src/core/core.js","statementMap":{"0":{"start":{"line":35,"column":11},"end":{"line":285,"column":4}},"1":{"start":{"line":45,"column":4},"end":{"line":45,"column":26}},"2":{"start":{"line":46,"column":4},"end":{"line":46,"column":25}},"3":{"start":{"line":51,"column":4},"end":{"line":53,"column":5}},"4":{"start":{"line":52,"column":6},"end":{"line":52,"column":24}},"5":{"start":{"line":62,"column":4},"end":{"line":69,"column":5}},"6":{"start":{"line":68,"column":6},"end":{"line":68,"column":24}},"7":{"start":{"line":75,"column":4},"end":{"line":75,"column":24}},"8":{"start":{"line":76,"column":4},"end":{"line":76,"column":54}},"9":{"start":{"line":87,"column":4},"end":{"line":87,"column":26}},"10":{"start":{"line":92,"column":4},"end":{"line":92,"column":25}},"11":{"start":{"line":97,"column":4},"end":{"line":97,"column":25}},"12":{"start":{"line":103,"column":4},"end":{"line":105,"column":5}},"13":{"start":{"line":104,"column":6},"end":{"line":104,"column":25}},"14":{"start":{"line":118,"column":4},"end":{"line":118,"column":26}},"15":{"start":{"line":123,"column":4},"end":{"line":125,"column":5}},"16":{"start":{"line":124,"column":6},"end":{"line":124,"column":35}},"17":{"start":{"line":130,"column":4},"end":{"line":130,"column":25}},"18":{"start":{"line":135,"column":4},"end":{"line":137,"column":5}},"19":{"start":{"line":136,"column":6},"end":{"line":136,"column":25}},"20":{"start":{"line":142,"column":4},"end":{"line":142,"column":26}},"21":{"start":{"line":158,"column":4},"end":{"line":162,"column":5}},"22":{"start":{"line":159,"column":6},"end":{"line":159,"column":32}},"23":{"start":{"line":161,"column":6},"end":{"line":161,"column":33}},"24":{"start":{"line":167,"column":4},"end":{"line":167,"column":32}},"25":{"start":{"line":172,"column":4},"end":{"line":172,"column":44}},"26":{"start":{"line":190,"column":4},"end":{"line":193,"column":5}},"27":{"start":{"line":191,"column":6},"end":{"line":192,"column":55}},"28":{"start":{"line":210,"column":4
[...]
n":55}},"16":{"start":{"line":53,"column":4},"end":{"line":69,"column":5}},"17":{"start":{"line":54,"column":36},"end":{"line":58,"column":7}},"18":{"start":{"line":60,"column":6},"end":{"line":68,"column":7}},"19":{"start":{"line":61,"column":23},"end":{"line":63,"column":9}},"20":{"start":{"line":65,"column":8},"end":{"line":67,"column":9}},"21":{"start":{"line":66,"column":10},"end":{"line":66,"column":57}},"22":{"start":{"line":74,"column":6},"end":{"line":76,"column":14}},"23":{"start":{"line":78,"column":34},"end":{"line":84,"column":5}},"24":{"start":{"line":86,"column":4},"end":{"line":88,"column":5}},"25":{"start":{"line":87,"column":6},"end":{"line":87,"column":53}},"26":{"start":{"line":92,"column":34},"end":{"line":94,"column":5}},"27":{"start":{"line":96,"column":4},"end":{"line":98,"column":5}},"28":{"start":{"line":97,"column":6},"end":{"line":97,"column":50}},"29":{"start":{"line":101,"column":2},"end":{"line":104,"column":4}}},"fnMap":{"0":{"name":"(anonymous_0)","decl":{"start":{"line":7,"column":30},"end":{"line":7,"column":31}},"loc":{"start":{"line":7,"column":41},"end":{"line":105,"column":1}},"line":7},"1":{"name":"sync","decl":{"start":{"line":8,"column":11},"end":{"line":8,"column":15}},"loc":{"start":{"line":8,"column":25},"end":{"line":13,"column":3}},"line":8},"2":{"name":"syncGlobal","decl":{"start":{"line":15,"column":11},"end":{"line":15,"column":21}},"loc":{"start":{"line":15,"column":31},"end":{"line":32,"column":3}},"line":15},"3":{"name":"syncPlaylist","decl":{"start":{"line":34,"column":11},"end":{"line":34,"column":23}},"loc":{"start":{"line":34,"column":33},"end":{"line":50,"column":3}},"line":34},"4":{"name":"syncSong","decl":{"start":{"line":52,"column":11},"end":{"line":52,"column":19}},"loc":{"start":{"line":52,"column":29},"end":{"line":70,"column":3}},"line":52},"5":{"name":"syncSongInPlaylist","decl":{"start":{"line":72,"column":11},"end":{"line":72,"column":29}},"loc":{"start":{"line":72,"column":39},"end":{"line":89,"column":3}},"line":72},"6":{"name":"resetTimes","decl":{"start":{"line":91,"column":11},"end":{"line":91,"column":21}},"loc":{"start":{"line":91,"column":24},"end":{"line":99,"column":3}},"line":91}},"branchMap":{"0":{"loc":{"start":{"line":28,"column":6},"end":{"line":30,"column":7}},"type":"if","locations":[{"start":{"line":28,"column":6},"end":{"line":30,"column":7}},{"start":{"line":28,"column":6},"end":{"line":30,"column":7}}],"line":28},"1":{"loc":{"start":{"line":28,"column":10},"end":{"line":28,"column":47}},"type":"binary-expr","locations":[{"start":{"line":28,"column":10},"end":{"line":28,"column":26}},{"start":{"line":28,"column":30},"end":{"line":28,"column":47}}],"line":28},"2":{"loc":{"start":{"line":46,"column":6},"end":{"line":48,"column":7}},"type":"if","locations":[{"start":{"line":46,"column":6},"end":{"line":48,"column":7}},{"start":{"line":46,"column":6},"end":{"line":48,"column":7}}],"line":46},"3":{"loc":{"start":{"line":53,"column":4},"end":{"line":69,"column":5}},"type":"if","locations":[{"start":{"line":53,"column":4},"end":{"line":69,"column":5}},{"start":{"line":53,"column":4},"end":{"line":69,"column":5}}],"line":53},"4":{"loc":{"start":{"line":65,"column":8},"end":{"line":67,"column":9}},"type":"if","locations":[{"start":{"line":65,"column":8},"end":{"line":67,"column":9}},{"start":{"line":65,"column":8},"end":{"line":67,"column":9}}],"line":65},"5":{"loc":{"start":{"line":74,"column":6},"end":{"line":76,"column":14}},"type":"cond-expr","locations":[{"start":{"line":75,"column":10},"end":{"line":75,"column":63}},{"start":{"line":76,"column":10},"end":{"line":76,"column":14}}],"line":74},"6":{"loc":{"start":{"line":74,"column":6},"end":{"line":74,"column":68}},"type":"binary-expr","locations":[{"start":{"line":74,"column":6},"end":{"line":74,"column":34}},{"start":{"line":74,"column":38},"end":{"line":74,"column":68}}],"line":74}},"s":{"0":16,"1":0,"2":0,"3":0,"4":0,"5":0,"6":0,"7":0,"8":0,"9":0,"10":0,"11":0,"12":0,"13":0,"14":0,"15":0,"16":0,"17":0,"18":0,"19":0,"20":0,"21":0,"22":0,"23":0,"24":0,"25":0,"26":127,"27":127,"28":0,"29":16},"f":{"0":16,"1":0,"2":0,"3":0,"4":0,"5":0,"6":127},"b":{"0":[0,0],"1":[0,0],"2":[0,0],"3":[0,0],"4":[0,0],"5":[0,0],"6":[0,0]},"_coverageSchema":"332fd63041d2c1bcb487cc26dd0d5f7d97098a6c","hash":"70e8118d39d3d51adc10b8a42b5934f00e08b45b"}
,"/Users/danpastori/Development/amplitude.dev/httpdocs/public/src/visual/time/durationTimeElements.js": {"path":"/Users/danpastori/Development/amplitude.dev/httpdocs/public/src/visual/time/durationTimeElements.js","statementMap":{"0":{"start":{"line":7,"column":27},"end":{"line":120,"column":4}},"1":{"start":{"line":9,"column":23},"end":{"line":9,"column":56}},"2":{"start":{"line":11,"column":4},"end":{"line":11,"column":29}},"3":{"start":{"line":12,"column":4},"end":{"line":12,"column":31}},"4":{"start":{"line":13,"column":4},"end":{"line":13,"column":27}},"5":{"start":{"line":14,"column":4},"end":{"line":14,"column":37}},"6":{"start":{"line":18,"column":32},"end":{"line":20,"column":5}},"7":{"start":{"line":22,"column":4},"end":{"line":33,"column":5}},"8":{"start":{"line":23,"column":21},"end":{"line":25,"column":7}},"9":{"start":{"line":26,"column":22},"end":{"line":28,"column":7}},"10":{"start":{"line":30,"column":6},"end":{"line":32,"column":7}},"11":{"start":{"line":31,"column":8},"end":{"line":31,"column":58}},"12":{"start":{"line":37,"column":32},"end":{"line":41,"column":5}},"13":{"start":{"line":43,"column":4},"end":{"line":51,"column":5}},"14":{"start":{"line":44,"column":22},"end":{"line":46,"column":7}},"15":{"start":{"line":48,"column":6},"end":{"line":50,"column":7}},"16":{"start":{"line":49,"column":8},"end":{"line":49,"column":58}},"17":{"start":{"line":55,"column":4},"end":{"line":71,"column":5}},"18":{"start":{"line":56,"column":34},"end":{"line":60,"column":7}},"19":{"start":{"line":62,"column":6},"end":{"line":70,"column":7}},"20":{"start":{"line":63,"column":23},"end":{"line":65,"column":9}},"21":{"start":{"line":67,"column":8},"end":{"line":69,"column":9}},"22":{"start":{"line":68,"column":10},"end":{"line":68,"column":60}},"23":{"start":{"line":76,"column":6},"end":{"line":78,"column":14}},"24":{"start":{"line":80,"column":32},"end":{"line":86,"column":5}},"25":{"start":{"line":88,"column":4},"end":{"line":90,"column":5}},"26":{"start":{"line":89,"column":6},"end":{"line":89,"column":56}},"27":{"start":{"line":94,"column":32},"end":{"line":96,"column":5}},"28":{"start":{"line":98,"column":4},"end":{"line":100,"column":5}},"29":{"start":{"line":99,"column":6},"end":{"line":99,"column":51}},"30":{"start":{"line":104,"column":23},"end":{"line":104,"column":30}},"31":{"start":{"line":106,"column":4},"end":{"line":111,"column":5}},"32":{"start":{"line":107,"column":6},"end":{"line":107,"column":71}},"33":{"start":{"line":108,"column":6},"end":{"line":110,"column":7}},"34":{"start":{"line":109,"column":8},"end":{"line":109,"column":63}},"35":{"start":{"line":113,"column":4},"end":{"line":113,"column":24}},"36":{"start":{"line":116,"column":2},"end":{"line":119,"column":4}}},"fnMap":{"0":{"name":"(anonymous_0)","decl":{"start":{"line":7,"column":28},"end":{"line":7,"column":29}},"loc":{"start":{"line":7,"column":39},"end":{"line":120,"column":1}},"line":7},"1":{"name":"sync","decl":{"start":{"line":8,"column":11},"end":{"line":8,"column":15}},"loc":{"start":{"line":8,"column":30},"end":{"line":15,"column":3}},"line":8},"2":{"name":"syncGlobal","decl":{"start":{"line":17,"column":11},"end":{"line":17,"column":21}},"loc":{"start":{"line":17,"column":36},"end":{"line":34,"column":3}},"line":17},"3":{"name":"syncPlaylist","decl":{"start":{"line":36,"column":11},"end":{"line":36,"column":23}},"loc":{"start":{"line":36,"column":38},"end":{"line":52,"column":3}},"line":36},"4":{"name":"syncSong","decl":{"start":{"line":54,"column":11},"end":{"line":54,"column":19}},"loc":{"start":{"line":54,"column":34},"end":{"line":72,"column":3}},"line":54},"5":{"name":"syncSongInPlaylist","decl":{"start":{"line":74,"column":11},"end":{"line":74,"column":29}},"loc":{"start":{"line":74,"column":44},"end":{"line":91,"column":3}},"line":74},"6":{"name":"resetTimes","decl":{"start":{"line":93,"column":11},"end":{"line":93,"column":21}},"loc":{"start":{"line":93,"column":24},"end":{"line":101,"column":3}},"line":93},"7":{"name":"computeDurationText","decl":{"start":{"line":103,"column":11},"end":{"line":103,"column":30}},"loc":{"start":{"line":103,"column":45},"end":{"line":114,"column":3}},"line":103}},"branchMap":{"0":{"loc":{"start":{"line":30,"column":6},"end":{"line":32,"column":7}},"type":"if","locations":[{"start":{"line":30,"column":6},"end":{"line":32,"column":7}},{"start":{"line":30,"column":6},"end":{"line":32,"column":7}}],"line":30},"1":{"loc":{"start":{"line":30,"column":10},"end":{"line":30,"column":47}},"type":"binary-expr","locations":[{"start":{"line":30,"column":10},"end":{"line":30,"column":26}},{"start":{"line":30,"column":30},"end":{"line":30,"column":47}}],"line":30},"2":{"loc":{"start":{"line":48,"column":6},"end":{"line":50,"column":7}},"type":"if","locations":[{"start":{"line":48,"column":6},"end":{"line":50,"column":7}},{"start":{"line":48,"column":6},"end":{"line":50,"column":7}}],"line":48},"3":{"loc":{"start":{"line":55,"column":4},"end":{"line":71,"column":5}},"type":"if","locations":[{"start":{"line":55,"column":4},"end":{"line":71,"column":5}},{"start":{"line":55,"column":4},"end":{"line":71,"column":5}}],"line":55},"4":{"loc":{"start":{"line":67,"column":8},"end":{"line":69,"column":9}},"type":"if","locations":[{"start":{"line":67,"column":8},"end":{"line":69,"column":9}},{"start":{"line":67,"column":8},"end":{"line":69,"column":9}}],"line":67},"5":{"loc":{"start":{"line":76,"column":6},"end":{"line":78,"column":14}},"type":"cond-expr","locations":[{"start":{"line":77,"column":10},"end":{"line":77,"column":63}},{"start":{"line":78,"column":10},"end":{"line":78,"column":14}}],"line":76},"6":{"loc":{"start":{"line":76,"column":6},"end":{"line":76,"column":68}},"type":"binary-expr","locations":[{"start":{"line":76,"column":6},"end":{"line":76,"column":34}},{"start":{"line":76,"column":38},"end":{"line":76,"column":68}}],"line":76},"7":{"loc":{"start":{"line":106,"column":4},"end":{"line":111,"column":5}},"type":"if","locations":[{"start":{"line":106,"column":4},"end":{"line":111,"column":5}},{"start":{"line":106,"column":4},"end":{"line":111,"column":5}}],"line":106},"8":{"loc":{"start":{"line":106,"column":8},"end":{"line":106,"column":68}},"type":"binary-expr","locations":[{"start":{"line":106,"column":8},"end":{"line":106,"column":36}},{"start":{"line":106,"column":40},"end":{"line":106,"column":68}}],"line":106},"9":{"loc":{"start":{"line":108,"column":6},"end":{"line":110,"column":7}},"type":"if","locations":[{"start":{"line":108,"column":6},"end":{"line":110,"column":7}},{"start":{"line":108,"column":6},"end":{"line":110,"column":7}}],"line":108},"10":{"loc":{"start":{"line":108,"column":10},"end":{"line":108,"column":62}},"type":"binary-expr","locations":[{"start":{"line":108,"column":10},"end":{"line":108,"column":36}},{"start":{"line":108,"column":40},"end":{"line":108,"column":62}}],"line":108}},"s":{"0":16,"1":0,"2":0,"3":0,"4":0,"5":0,"6":0,"7":0,"8":0,"9":0,"10":0,"11":0,"12":0,"13":0,"14":0,"15":0,"16":0,"17":0,"18":0,"19":0,"20":0,"21":0,"22":0,"23":0,"24":0,"25":0,"26":0,"27":127,"28":127,"29":0,"30":0,"31":0,"32":0,"33":0,"34":0,"35":0,"36":16},"f":{"0":16,"1":0,"2":0,"3":0,"4":0,"5":0,"6":127,"7":0},"b":{"0":[0,0],"1":[0,0],"2":[0,0],"3":[0,0],"4":[0,0],"5":[0,0],"6":[0,0],"7":[0,0],"8":[0,0],"9":[0,0],"10":[0,0]},"_coverageSchema":"332fd63041d2c1bcb487cc26dd0d5f7d97098a6c","hash":"76755a306fbaf2834e7d4ae540260d62dec604b2"}
,"/Users/danpastori/Development/amplitude.dev/httpdocs/public/tests/setup.js": {"path":"/Users/danpastori/Development/amplitude.dev/httpdocs/public/tests/setup.js","statementMap":{"0":{"start":{"line":1,"column":18},"end":{"line":1,"column":44}},"1":{"start":{"line":2,"column":36},"end":{"line":2,"column":87}},"2":{"start":{"line":3,"column":25},"end":{"line":3,"column":65}},"3":{"start":{"line":5,"column":15},"end":{"line":5,"column":42}},"4":{"start":{"line":7,"column":12},"end":{"line":332,"column":4}},"5":{"start":{"line":9,"column":4},"end":{"line":152,"column":7}},"6":{"start":{"line":26,"column":14},"end":{"line":26,"column":31}},"7":{"start":{"line":29,"column":14},"end":{"line":29,"column":31}},"8":{"start":{"line":32,"column":14},"end":{"line":32,"column":32}},"9":{"start":{"line":154,"column":4},"end":{"line":154,"column":34}},"10":{"start":{"line":158,"column":4},"end":{"line":158,"column":72}},"11":{"start":{"line":159,"column":4},"end":{"line":159,"column":76}},"12":{"start":{"line":159,"column":53},"end":{"line":159,"column":73}},"13":{"start":{"line":160,"column":4},"end":{"line":160,"column":76}},"14":{"start":{"line":160,"column":54},"end":{"line":160,"column":73}},"15":{"start":{"line":165,"column":4},"end":{"line":173,"column":7}},"16":{"start":{"line":167,"column":8},"end":{"line":167,"column":32}},"17":{"start":{"line":170,"column":8},"end":{"line":170,"column":36}},"18":{"start":{"line":178,"column":4},"end":{"line":183,"column":7}},"19":{"start":{"line":180,"column":8},"end":{"line":180,"column":19}},"20":{"start":{"line":188,"column":4},"end":{"line":196,"column":7}},"21":{"start":{"line":190,"column":8},"end":{"line":190,"column":33}},"22":{"start":{"line":193,"column":8},"end":{"line":193,"column":37}},"23":{"start":{"line":201,"column":4},"end":{"line":209,"column":7}},"24":{"start":{"line":203,"column":8},"end":{"line":203,"column":26}},"25":{"start":{"line":206,"column":8},"end":{"line":206,"column":30}},"26":{"start":{"line":214,"column":4},"end":{"line":222,"column":7}},"27":{"start":{"line":216,"column":8},"end":{"line":216,"column":27}},"28":{"start":{"line":219,"column":8},"end":{"line":219,"column":31}},"29":{"start":{"line":227,"column":4},"end":{"line":234,"column":7}},"30":{"start":{"line":229,"column":8},"end":{"line":229,"column":27}},"31":{"start":{"line":232,"column":8},"end":{"line":232,"column":31}},"32":{"start":{"line":238,"column":4},"end":{"line":238,"column":29}},"33":{"start":{"line":240,"column":4},"end":{"line":240,"column":31}},"34":{"start":{"line":242,"column":4},"end":{"line":242,"column":32}},"35":{"start":{"line":244,"column":4},"end":{"line":244,"column":29}},"36":{"start":{"line":246,"column":4},"end":{"line":246,"column":28}},"37":{"start":{"line":248,"column":4},"end":{"line":248,"column":32}},"38":{"start":{"line":250,"column":4},"end":{"line":250,"column":28}},"39":{"start":{"line":252,"column":4},"end":{"line":252,"column":32}},"40":{"start":{"line":254,"column":4},"end":{"line":254,"column":26}},"41":{"start":{"line":256,"column":4},"end":{"line":256,"column":22}},"42":{"start":{"line":258,"column":4},"end":{"line":258,"column":26}},"43":{"start":{"line":260,"column":4},"end":{"line":260,"column":27}},"44":{"start":{"line":262,"column":4},"end":{"line":262,"column":34}},"45":{"start":{"line":264,"column":4},"end":{"line":264,"column":39}},"46":{"start":{"line":266,"column":4},"end":{"line":266,"column":26}},"47":{"start":{"line":268,"column":4},"end":{"line":268,"column":31}},"48":{"start":{"line":270,"column":4},"end":{"line":270,"column":29}},"49":{"start":{"line":272,"column":4},"end":{"line":272,"column":30}},"50":{"start":{"line":274,"column":4},"end":{"line":274,"column":34}},"51":{"start":{"line":276,"column":4},"end":{"line":276,"column":37}},"52":{"start":{"line":278,"column":4},"end":{"line":278,"column":25}},"53":{"start":{"line":280,"column":4},"end":{"line":280,"column":24}},"54":{"start":{"line":282,"column":4},"end":{"line":282,"column":33}},"55":{"start":{"line":284,"column":4},"end":{"line":284,"column":32}},"56":{"start":{"line":286,"column":4},"end":{"line":286,"column":32}},"57":{"start":{"line":288,"column":4},"end":{"line":288,"column":34}},"58":{"start":{"line":290,"column":4},"end":{"line":290,"column":38}},"59":{"start":{"line":292,"column":4},"end":{"line":292,"column":37}},"60":{"start":{"line":294,"column":4},"end":{"line":294,"column":38}},"61":{"start":{"line":296,"column":4},"end":{"line":296,"column":35}},"62":{"start":{"line":298,"column":4},"end":{"line":298,"column":24}},"63":{"start":{"line":300,"column":4},"end":{"line":300,"column":25}},"64":{"start":{"line":302,"column":4},"end":{"line":302,"column":32}},"65":{"start":{"line":304,"column":4},"end":{"line":304,"column":21}},"66":{"start":{"line":306,"column":4},"end":{"line":306,"column":36}},"67":{"start":{"line":308,"column":4},"end":{"line":308,"column":43}},"68":{"start":{"line":310,"column":4},"end":{"line":310,"column":26}},"69":{"start":{"line":312,"column":4},"end":{"line":312,"column":25}},"70":{"start":{"line":314,"column":4},"end":{"line":314,"column":27}},"71":{"start":{"line":316,"column":4},"end":{"line":316,"column":41}},"72":{"start":{"line":318,"column":4},"end":{"line":318,"column":38}},"73":{"start":{"line":320,"column":4},"end":{"line":320,"column":38}},"74":{"start":{"line":322,"column":4},"end":{"line":322,"column":39}},"75":{"start":{"line":324,"column":4},"end":{"line":324,"column":32}},"76":{"start":{"line":327,"column":2},"end":{"line":331,"column":3}}},"fnMap":{"0":{"name":"(anonymous_0)","decl":{"start":{"line":7,"column":13},"end":{"line":7,"column":14}},"loc":{"start":{"line":7,"column":23},"end":{"line":332,"column":1}},"line":7},"1":{"name":"initializeAmplitude","decl":{"start":{"line":8,"column":11},"end":{"line":8,"column":30}},"loc":{"start":{"line":8,"column":32},"end":{"line":155,"column":3}},"line":8},"2":{"name":"(anonymous_2)","decl":{"start":{"line":25,"column":15},"end":{"line":25,"column":16}},"loc":{"start":{"line":25,"column":25},"end":{"line":27,"column":13}},"line":25},"3":{"name":"(anonymous_3)","decl":{"start":{"line":28,"column":15},"end":{"line":28,"column":16}},"loc":{"start":{"line":28,"column":25},"end":{"line":30,"column":13}},"line":28},"4":{"name":"(anonymous_4)","decl":{"start":{"line":31,"column":16},"end":{"line":31,"column":17}},"loc":{"start":{"line":31,"column":26},"end":{"line":33,"column":13}},"line":31},"5":{"name":"initializeTestingElement","decl":{"start":{"line":157,"column":11},"end":{"line":157,"column":35}},"loc":{"start":{"line":157,"column":37},"end":{"line":235,"column":3}},"line":157},"6":{"name":"(anonymous_6)","decl":{"start":{"line":158,"column":45},"end":{"line":158,"column":46}},"loc":{"start":{"line":158,"column":51},"end":{"line":158,"column":71}},"line":158},"7":{"name":"(anonymous_7)","decl":{"start":{"line":159,"column":45},"end":{"line":159,"column":46}},"loc":{"start":{"line":159,"column":51},"end":{"line":159,"column":75}},"line":159},"8":{"name":"(anonymous_8)","decl":{"start":{"line":160,"column":46},"end":{"line":160,"column":47}},"loc":{"start":{"line":160,"column":52},"end":{"line":160,"column":75}},"line":160},"9":{"name":"resetConfig","decl":{"start":{"line":237,"column":11},"end":{"line":237,"column":22}},"loc":{"start":{"line":237,"column":24},"end":{"line":325,"column":3}},"line":237}},"branchMap":{},"s":{"0":16,"1":16,"2":16,"3":16,"4":16,"5":102,"6":0,"7":0,"8":0,"9":102,"10":102,"11":102,"12":27,"13":102,"14":138,"15":102,"16":154,"17":212,"18":102,"19":4,"20":102,"21":4,"22":136,"23":102,"24":2,"25":133,"26":102,"27":6,"28":133,"29":102,"30":248,"31":12,"32":102,"33":102,"34":102,"35":102,"36":102,"37":102,"38":102,"39":102,"40":102,"41":102,"42":102,"43":102,"44":102,"45":102,"46":102,"47":102,"48":102,"49":102,"50":102,"51":102,"52":102,"53":102,"54":102,"55":102,"56":102,"57":102,"58":102,"59":102,"60":102,"61":102,"62":102,"63":102,"64":102,"65":102,"66":102,"67":102,"68":102,"69":102,"70":102,"71":102,"72":102,"73":102,"74":102,"75":102,"76":16},"f":{"0":16,"1":102,"2":0,"3":0,"4":0,"5":102,"6":0,"7":27,"8":138,"9":102},"b":{},"_coverageSchema":"332fd63041d2c1bcb487cc26dd0d5f7d97098a6c","hash":"7fb57d50d121650044308348e5eb2c1f393cd333"}
}
