TN:
SF:/Users/danpastori/Development/amplitude.dev/httpdocs/public/dist/visualizations/bar.js
FN:4,BarVisualization
FN:45,(anonymous_1)
FN:52,(anonymous_2)
FN:61,(anonymous_3)
FN:74,(anonymous_4)
FN:128,(anonymous_5)
FN:136,(anonymous_6)
FNF:7
FNH:0
FNDA:0,BarVisualization
FNDA:0,(anonymous_1)
FNDA:0,(anonymous_2)
FNDA:0,(anonymous_3)
FNDA:0,(anonymous_4)
FNDA:0,(anonymous_5)
FNDA:0,(anonymous_6)
DA:9,0
DA:10,0
DA:11,0
DA:16,0
DA:30,0
DA:36,0
DA:37,0
DA:38,0
DA:39,0
DA:40,0
DA:45,0
DA:46,0
DA:52,0
DA:53,0
DA:61,0
DA:62,0
DA:63,0
DA:64,0
DA:74,0
DA:78,0
DA:83,0
DA:88,0
DA:95,0
DA:96,0
DA:97,0
DA:103,0
DA:104,0
DA:109,0
DA:110,0
DA:116,0
DA:117,0
DA:122,0
DA:128,0
DA:129,0
DA:130,0
DA:136,0
DA:141,0
DA:146,0
DA:147,0
DA:152,0
DA:157,0
DA:158,0
DA:159,0
DA:165,0
DA:166,0
DA:168,0
LF:46
LH:0
BRDA:63,0,0,0
BRDA:63,0,1,0
BRDA:95,1,0,0
BRDA:95,1,1,0
BRF:4
BRH:0
end_of_record
TN:
SF:/Users/danpastori/Development/amplitude.dev/httpdocs/public/dist/visualizations/michaelbromley.js
FN:5,MichaelBromleyVisualization
FN:81,(anonymous_1)
FN:94,(anonymous_2)
FN:165,(anonymous_3)
FN:211,(anonymous_4)
FN:230,(anonymous_5)
FN:285,(anonymous_6)
FN:299,(anonymous_7)
FN:306,(anonymous_8)
FN:313,(anonymous_9)
FN:328,(anonymous_10)
FN:359,(anonymous_11)
FN:379,(anonymous_12)
FN:388,(anonymous_13)
FN:395,(anonymous_14)
FN:402,(anonymous_15)
FN:415,(anonymous_16)
FN:432,Polygon
FN:480,(anonymous_18)
FN:496,(anonymous_19)
FN:587,(anonymous_20)
FN:626,(anonymous_21)
FN:661,Star
FN:676,(anonymous_23)
FNF:24
FNH:0
FNDA:0,MichaelBromleyVisualization
FNDA:0,(anonymous_1)
FNDA:0,(anonymous_2)
FNDA:0,(anonymous_3)
FNDA:0,(anonymous_4)
FNDA:0,(anonymous_5)
FNDA:0,(anonymous_6)
FNDA:0,(anonymous_7)
FNDA:0,(anonymous_8)
FNDA:0,(anonymous_9)
FNDA:0,(anonymous_10)
FNDA:0,(anonymous_11)
FNDA:0,(anonymous_12)
FNDA:0,(anonymous_13)
FNDA:0,(anonymous_14)
FNDA:0,(anonymous_15)
FNDA:0,(anonymous_16)
FNDA:0,Polygon
FNDA:0,(anonymous_18)
FNDA:0,(anonymous_19)
FNDA:0,(anonymous_20)
FNDA:0,(anonymous_21)
FNDA:0,Star
FNDA:0,(anonymous_23)
DA:9,0
DA:10,0
DA:15,0
DA:20,0
DA:21,0
DA:31,0
DA:36,0
DA:37,0
DA:42,0
DA:43,0
DA:44,0
DA:49,0
DA:50,0
DA:55,0
DA:56,0
DA:61,0
DA:62,0
DA:67,0
DA:68,0
DA:69,0
DA:74,0
DA:81,0
DA:82,0
DA:83,0
DA:84,0
DA:94,0
DA:98,0
DA:99,0
DA:105,0
DA:106,0
DA:107,0
DA:113,0
DA:114,0
DA:115,0
DA:116,0
DA:121,0
DA:122,0
DA:123,0
DA:124,0
DA:129,0
DA:130,0
DA:131,0
DA:136,0
DA:137,0
DA:142,0
DA:143,0
DA:148,0
DA:153,0
DA:154,0
DA:159,0
DA:165,0
DA:169,0
DA:176,0
DA:181,0
DA:186,0
DA:191,0
DA:192,0
DA:193,0
DA:195,0
DA:196,0
DA:197,0
DA:198,0
DA:199,0
DA:201,0
DA:202,0
DA:203,0
DA:216,0
DA:217,0
DA:219,0
DA:220,0
DA:221,0
DA:222,0
DA:223,0
DA:231,0
DA:232,0
DA:236,0
DA:237,0
DA:238,0
DA:243,0
DA:244,0
DA:249,0
DA:250,0
DA:251,0
DA:256,0
DA:257,0
DA:258,0
DA:263,0
DA:264,0
DA:269,0
DA:270,0
DA:271,0
DA:273,0
DA:276,0
DA:277,0
DA:278,0
DA:289,0
DA:294,0
DA:299,0
DA:300,0
DA:306,0
DA:307,0
DA:313,0
DA:314,0
DA:315,0
DA:322,0
DA:329,0
DA:331,0
DA:333,0
DA:334,0
DA:335,0
DA:336,0
DA:337,0
DA:338,0
DA:342,0
DA:346,0
DA:347,0
DA:352,0
DA:353,0
DA:360,0
DA:365,0
DA:369,0
DA:370,0
DA:373,0
DA:380,0
DA:381,0
DA:389,0
DA:396,0
DA:403,0
DA:404,0
DA:405,0
DA:407,0
DA:409,0
DA:416,0
DA:433,0
DA:434,0
DA:435,0
DA:436,0
DA:437,0
DA:438,0
DA:443,0
DA:447,0
DA:451,0
DA:456,0
DA:458,0
DA:459,0
DA:460,0
DA:465,0
DA:466,0
DA:468,0
DA:469,0
DA:471,0
DA:474,0
DA:480,31
DA:484,0
DA:486,0
DA:487,0
DA:488,0
DA:489,0
DA:496,31
DA:497,0
DA:498,0
DA:499,0
DA:503,0
DA:504,0
DA:506,0
DA:507,0
DA:514,0
DA:515,0
DA:516,0
DA:517,0
DA:522,0
DA:523,0
DA:524,0
DA:527,0
DA:529,0
DA:530,0
DA:531,0
DA:532,0
DA:533,0
DA:534,0
DA:535,0
DA:536,0
DA:538,0
DA:539,0
DA:540,0
DA:543,0
DA:547,0
DA:550,0
DA:554,0
DA:560,0
DA:561,0
DA:563,0
DA:568,0
DA:573,0
DA:574,0
DA:575,0
DA:576,0
DA:577,0
DA:587,31
DA:588,0
DA:593,0
DA:597,0
DA:598,0
DA:601,0
DA:603,0
DA:609,0
DA:613,0
DA:615,0
DA:616,0
DA:617,0
DA:618,0
DA:619,0
DA:620,0
DA:626,31
DA:627,0
DA:631,0
DA:632,0
DA:637,0
DA:638,0
DA:640,0
DA:642,0
DA:643,0
DA:644,0
DA:645,0
DA:646,0
DA:647,0
DA:662,0
DA:663,0
DA:664,0
DA:665,0
DA:666,0
DA:667,0
DA:668,0
DA:669,0
DA:670,0
DA:676,31
DA:677,0
DA:678,0
DA:683,0
DA:687,0
DA:688,0
DA:691,0
DA:696,0
DA:697,0
DA:698,0
DA:699,0
DA:700,0
DA:701,0
DA:702,0
DA:703,0
DA:704,0
DA:705,0
DA:706,0
DA:707,0
DA:708,0
DA:713,0
DA:714,0
DA:715,0
DA:716,0
DA:719,0
DA:720,0
DA:721,0
DA:722,0
DA:724,0
DA:725,0
DA:726,0
DA:730,0
DA:731,0
DA:732,0
LF:269
LH:5
BRDA:83,0,0,0
BRDA:83,0,1,0
BRDA:105,1,0,0
BRDA:105,1,1,0
BRDA:231,2,0,0
BRDA:231,2,1,0
BRDA:232,3,0,0
BRDA:232,3,1,0
BRDA:273,4,0,0
BRDA:273,4,1,0
BRDA:314,5,0,0
BRDA:314,5,1,0
BRDA:451,6,0,0
BRDA:451,6,1,0
BRDA:486,7,0,0
BRDA:486,7,1,0
BRDA:499,8,0,0
BRDA:499,8,1,0
BRDA:503,9,0,0
BRDA:503,9,1,0
BRDA:514,10,0,0
BRDA:514,10,1,0
BRDA:529,11,0,0
BRDA:529,11,1,0
BRDA:533,12,0,0
BRDA:533,12,1,0
BRDA:543,13,0,0
BRDA:543,13,1,0
BRDA:550,14,0,0
BRDA:550,14,1,0
BRDA:573,15,0,0
BRDA:573,15,1,0
BRDA:618,16,0,0
BRDA:618,16,1,0
BRDA:619,17,0,0
BRDA:619,17,1,0
BRDA:704,18,0,0
BRDA:704,18,1,0
BRDA:705,19,0,0
BRDA:705,19,1,0
BRDA:715,20,0,0
BRDA:715,20,1,0
BRDA:721,21,0,0
BRDA:721,21,1,0
BRDA:722,22,0,0
BRDA:722,22,1,0
BRDA:726,23,0,0
BRDA:726,23,1,0
BRDA:726,24,0,0
BRDA:726,24,1,0
BRDA:726,24,2,0
BRDA:726,24,3,0
BRF:52
BRH:0
end_of_record
TN:
SF:/Users/danpastori/Development/amplitude.dev/httpdocs/public/src/config.js
FNF:0
FNH:0
DA:52,31
LF:1
LH:1
BRF:0
BRH:0
end_of_record
TN:
SF:/Users/danpastori/Development/amplitude.dev/httpdocs/public/src/index.js
FN:128,(anonymous_0)
FN:138,init
FN:145,getConfig
FN:156,bindNewElements
FN:167,getActivePlaylist
FN:178,getPlaybackSpeed
FN:189,getRepeat
FN:200,getRepeatPlaylist
FN:211,getShuffle
FN:223,getShufflePlaylist
FN:236,setShuffle
FN:251,setShufflePlaylist
FN:266,setRepeat
FN:280,setRepeatPlaylist
FN:293,setRepeatSong
FN:314,getDefaultAlbumArt
FN:326,setDefaultAlbumArt
FN:337,getSongPlayedPercentage
FN:351,getSongPlayedSeconds
FN:365,getSongDuration
FN:381,setSongPlayedPercentage
FN:401,setDebug
FN:417,getActiveSongMetadata
FN:429,getActivePlaylistMetadata
FN:442,getSongAtIndex
FN:456,getSongAtPlaylistIndex
FN:472,addSong
FN:500,addSongToPlaylist
FN:522,addPlaylist
FN:572,removeSong
FN:586,removeSongFromPlaylist
FN:602,playNow
FN:669,playSongAtIndex
FN:716,playPlaylistSongAtIndex
FN:768,play
FN:783,pause
FN:796,getAudio
FN:807,getAnalyser
FN:819,next
FN:848,prev
FN:877,getSongs
FN:889,getSongsInPlaylist
FN:901,getSongsState
FN:919,getSongsStatePlaylist
FN:934,getActiveIndex
FN:945,getVersion
FN:956,getBuffered
FN:970,skipTo
FN:1036,setSongMetaData
FN:1075,setPlaylistMetaData
FN:1105,setDelay
FN:1116,getDelay
FN:1125,getPlayerState
FN:1141,registerVisualization
FN:1151,setPlaylistVisualization
FN:1171,setSongVisualization
FN:1192,setSongInPlaylistVisualization
FN:1215,setGlobalVisualization
FNF:58
FNH:44
FNDA:31,(anonymous_0)
FNDA:159,init
FNDA:0,getConfig
FNDA:0,bindNewElements
FNDA:1,getActivePlaylist
FNDA:1,getPlaybackSpeed
FNDA:1,getRepeat
FNDA:1,getRepeatPlaylist
FNDA:1,getShuffle
FNDA:3,getShufflePlaylist
FNDA:7,setShuffle
FNDA:7,setShufflePlaylist
FNDA:1,setRepeat
FNDA:1,setRepeatPlaylist
FNDA:1,setRepeatSong
FNDA:1,getDefaultAlbumArt
FNDA:1,setDefaultAlbumArt
FNDA:1,getSongPlayedPercentage
FNDA:1,getSongPlayedSeconds
FNDA:1,getSongDuration
FNDA:1,setSongPlayedPercentage
FNDA:1,setDebug
FNDA:1,getActiveSongMetadata
FNDA:1,getActivePlaylistMetadata
FNDA:1,getSongAtIndex
FNDA:1,getSongAtPlaylistIndex
FNDA:1,addSong
FNDA:1,addSongToPlaylist
FNDA:2,addPlaylist
FNDA:1,removeSong
FNDA:1,removeSongFromPlaylist
FNDA:1,playNow
FNDA:6,playSongAtIndex
FNDA:9,playPlaylistSongAtIndex
FNDA:0,play
FNDA:0,pause
FNDA:0,getAudio
FNDA:0,getAnalyser
FNDA:0,next
FNDA:4,prev
FNDA:1,getSongs
FNDA:1,getSongsInPlaylist
FNDA:2,getSongsState
FNDA:2,getSongsStatePlaylist
FNDA:1,getActiveIndex
FNDA:1,getVersion
FNDA:0,getBuffered
FNDA:0,skipTo
FNDA:2,setSongMetaData
FNDA:1,setPlaylistMetaData
FNDA:2,setDelay
FNDA:1,getDelay
FNDA:1,getPlayerState
FNDA:0,registerVisualization
FNDA:0,setPlaylistVisualization
FNDA:0,setSongVisualization
FNDA:0,setSongInPlaylistVisualization
FNDA:0,setGlobalVisualization
DA:128,31
DA:139,159
DA:146,0
DA:157,0
DA:168,1
DA:179,1
DA:190,1
DA:201,1
DA:212,1
DA:224,3
DA:237,7
DA:239,7
DA:252,7
DA:254,7
DA:255,7
DA:267,1
DA:268,1
DA:281,1
DA:282,1
DA:294,1
DA:298,1
DA:303,1
DA:315,1
DA:327,1
DA:341,1
DA:355,1
DA:369,1
DA:385,1
DA:389,1
DA:405,1
DA:418,1
DA:430,1
DA:443,1
DA:457,1
DA:459,1
DA:476,1
DA:477,0
DA:480,1
DA:482,1
DA:483,0
DA:486,1
DA:501,1
DA:502,1
DA:504,1
DA:505,0
DA:508,1
DA:510,0
DA:511,0
DA:526,2
DA:530,1
DA:535,1
DA:541,1
DA:542,1
DA:543,1
DA:550,1
DA:551,1
DA:552,1
DA:553,1
DA:554,1
DA:556,1
DA:558,1
DA:559,1
DA:573,1
DA:587,1
DA:588,1
DA:607,1
DA:608,1
DA:609,1
DA:610,1
DA:616,0
DA:622,1
DA:627,1
DA:632,1
DA:638,1
DA:643,1
DA:648,1
DA:653,1
DA:658,1
DA:673,6
DA:678,6
DA:679,1
DA:681,1
DA:687,6
DA:688,4
DA:694,6
DA:699,6
DA:704,6
DA:717,9
DA:722,9
DA:723,9
DA:725,9
DA:735,9
DA:736,0
DA:746,9
DA:751,9
DA:756,9
DA:769,0
DA:771,0
DA:784,0
DA:786,0
DA:797,0
DA:808,0
DA:820,0
DA:825,0
DA:830,0
DA:831,0
DA:833,0
DA:836,0
DA:849,4
DA:855,4
DA:860,2
DA:861,2
DA:863,0
DA:866,2
DA:878,1
DA:890,1
DA:902,2
DA:903,1
DA:905,1
DA:920,2
DA:921,1
DA:923,1
DA:935,1
DA:946,1
DA:957,0
DA:971,0
DA:973,0
DA:977,0
DA:978,0
DA:985,0
DA:990,0
DA:995,0
DA:996,0
DA:997,0
DA:1002,0
DA:1008,0
DA:1009,0
DA:1014,0
DA:1015,0
DA:1020,0
DA:1040,2
DA:1048,1
DA:1049,2
DA:1050,2
DA:1051,2
DA:1059,1
DA:1060,2
DA:1061,2
DA:1062,2
DA:1071,2
DA:1072,2
DA:1076,1
DA:1081,1
DA:1083,1
DA:1084,2
DA:1085,2
DA:1086,2
DA:1091,1
DA:1093,0
DA:1106,2
DA:1117,1
DA:1126,1
DA:1142,0
DA:1152,0
DA:1153,0
DA:1154,0
DA:1156,0
DA:1161,0
DA:1172,0
DA:1173,0
DA:1174,0
DA:1176,0
DA:1181,0
DA:1197,0
DA:1198,0
DA:1199,0
DA:1203,0
DA:1208,0
DA:1216,0
DA:1217,0
DA:1219,0
DA:1228,31
LF:182
LH:124
BRDA:294,0,0,1
BRDA:294,0,1,0
BRDA:385,1,0,1
BRDA:385,1,1,0
BRDA:385,2,0,1
BRDA:385,2,1,1
BRDA:385,2,2,1
BRDA:476,3,0,0
BRDA:476,3,1,1
BRDA:482,4,0,0
BRDA:482,4,1,1
BRDA:501,5,0,1
BRDA:501,5,1,0
BRDA:504,6,0,0
BRDA:504,6,1,1
BRDA:526,7,0,1
BRDA:526,7,1,1
BRDA:542,8,0,1
BRDA:542,8,1,0
BRDA:587,9,0,1
BRDA:587,9,1,0
BRDA:607,10,0,1
BRDA:607,10,1,0
BRDA:678,11,0,1
BRDA:678,11,1,5
BRDA:687,12,0,4
BRDA:687,12,1,2
BRDA:722,13,0,9
BRDA:722,13,1,0
BRDA:735,14,0,0
BRDA:735,14,1,9
BRDA:819,15,0,0
BRDA:825,16,0,0
BRDA:825,16,1,0
BRDA:825,17,0,0
BRDA:825,17,1,0
BRDA:830,18,0,0
BRDA:830,18,1,0
BRDA:830,19,0,0
BRDA:830,19,1,0
BRDA:848,20,0,2
BRDA:855,21,0,2
BRDA:855,21,1,2
BRDA:855,22,0,4
BRDA:855,22,1,4
BRDA:860,23,0,2
BRDA:860,23,1,0
BRDA:860,24,0,2
BRDA:860,24,1,0
BRDA:902,25,0,1
BRDA:902,25,1,1
BRDA:920,26,0,1
BRDA:920,26,1,1
BRDA:970,27,0,0
BRDA:973,28,0,0
BRDA:973,28,1,0
BRDA:977,29,0,0
BRDA:977,29,1,0
BRDA:1036,30,0,1
BRDA:1040,31,0,1
BRDA:1040,31,1,1
BRDA:1041,32,0,2
BRDA:1041,32,1,2
BRDA:1041,32,2,1
BRDA:1049,33,0,2
BRDA:1049,33,1,0
BRDA:1050,34,0,2
BRDA:1050,34,1,0
BRDA:1050,35,0,2
BRDA:1050,35,1,2
BRDA:1050,35,2,2
BRDA:1050,35,3,2
BRDA:1060,36,0,2
BRDA:1060,36,1,0
BRDA:1061,37,0,2
BRDA:1061,37,1,0
BRDA:1061,38,0,2
BRDA:1061,38,1,2
BRDA:1061,38,2,2
BRDA:1061,38,3,2
BRDA:1076,39,0,1
BRDA:1076,39,1,0
BRDA:1084,40,0,2
BRDA:1084,40,1,0
BRDA:1085,41,0,2
BRDA:1085,41,1,0
BRDA:1152,42,0,0
BRDA:1152,42,1,0
BRDA:1153,43,0,0
BRDA:1153,43,1,0
BRDA:1172,44,0,0
BRDA:1172,44,1,0
BRDA:1173,45,0,0
BRDA:1173,45,1,0
BRDA:1197,46,0,0
BRDA:1197,46,1,0
BRDA:1198,47,0,0
BRDA:1198,47,1,0
BRDA:1216,48,0,0
BRDA:1216,48,1,0
BRF:100
BRH:52
end_of_record
TN:
SF:/Users/danpastori/Development/amplitude.dev/httpdocs/public/src/core/core.js
FN:35,(anonymous_0)
FN:44,play
FN:86,pause
FN:117,stop
FN:154,setVolume
FN:185,setSongLocation
FN:204,skipToLocation
FN:212,(anonymous_7)
FN:237,disconnectStream
FN:249,reconnectStream
FN:259,setPlaybackSpeed
FNF:11
FNH:8
FNDA:31,(anonymous_0)
FNDA:56,play
FNDA:12,pause
FNDA:227,stop
FNDA:193,setVolume
FNDA:1,setSongLocation
FNDA:2,skipToLocation
FNDA:0,(anonymous_7)
FNDA:0,disconnectStream
FNDA:0,reconnectStream
FNDA:169,setPlaybackSpeed
DA:35,31
DA:45,56
DA:46,56
DA:51,56
DA:52,0
DA:62,56
DA:68,0
DA:75,56
DA:76,56
DA:87,12
DA:92,12
DA:97,12
DA:103,12
DA:104,0
DA:118,227
DA:123,227
DA:124,169
DA:130,227
DA:135,227
DA:136,0
DA:142,227
DA:158,193
DA:159,7
DA:161,186
DA:167,193
DA:172,193
DA:190,1
DA:191,1
DA:210,2
DA:218,0
DA:219,0
DA:221,0
DA:238,0
DA:239,0
DA:250,0
DA:251,0
DA:263,169
DA:268,169
DA:274,31
LF:39
LH:28
BRDA:51,0,0,0
BRDA:51,0,1,56
BRDA:62,1,0,0
BRDA:62,1,1,56
BRDA:63,2,0,56
BRDA:63,2,1,0
BRDA:103,3,0,0
BRDA:103,3,1,12
BRDA:123,4,0,169
BRDA:123,4,1,58
BRDA:135,5,0,0
BRDA:135,5,1,227
BRDA:158,6,0,7
BRDA:158,6,1,186
BRDA:190,7,0,1
BRDA:190,7,1,0
BRDA:218,8,0,0
BRDA:218,8,1,0
BRDA:218,9,0,0
BRDA:218,9,1,0
BRF:20
BRH:10
end_of_record
TN:
SF:/Users/danpastori/Development/amplitude.dev/httpdocs/public/src/events/ended.js
FN:39,(anonymous_0)
FN:47,handle
FN:52,(anonymous_2)
FNF:3
FNH:1
FNDA:31,(anonymous_0)
FNDA:0,handle
FNDA:0,(anonymous_2)
DA:39,31
DA:52,0
DA:56,0
DA:61,0
DA:62,0
DA:64,0
DA:67,0
DA:71,0
DA:76,0
DA:85,31
LF:10
LH:2
BRDA:56,0,0,0
BRDA:56,0,1,0
BRDA:61,1,0,0
BRDA:61,1,1,0
BRDA:61,2,0,0
BRDA:61,2,1,0
BRDA:67,3,0,0
BRDA:67,3,1,0
BRF:8
BRH:0
end_of_record
TN:
SF:/Users/danpastori/Development/amplitude.dev/httpdocs/public/src/events/events.js
FN:46,(anonymous_0)
FN:52,initialize
FN:61,(anonymous_2)
FN:69,(anonymous_3)
FN:192,bindTimeUpdate
FN:213,bindKeyDownEventHandlers
FN:227,bindSongEnded
FN:239,bindProgress
FN:249,bindPlay
FN:280,bindPause
FN:311,bindPlayPause
FN:344,bindStop
FN:375,bindMute
FN:421,bindVolumeUp
FN:469,bindVolumeDown
FN:523,bindSongSlider
FN:557,bindVolumeSlider
FN:604,bindNext
FN:635,bindPrev
FN:666,bindShuffle
FN:704,bindRepeat
FN:742,bindRepeatSong
FN:785,bindPlaybackSpeed
FN:830,bindSkipTo
FN:861,bindCanPlayThrough
FNF:25
FNH:23
FNDA:31,(anonymous_0)
FNDA:159,initialize
FNDA:0,(anonymous_2)
FNDA:0,(anonymous_3)
FNDA:159,bindTimeUpdate
FNDA:159,bindKeyDownEventHandlers
FNDA:159,bindSongEnded
FNDA:159,bindProgress
FNDA:159,bindPlay
FNDA:159,bindPause
FNDA:159,bindPlayPause
FNDA:159,bindStop
FNDA:159,bindMute
FNDA:159,bindVolumeUp
FNDA:159,bindVolumeDown
FNDA:159,bindSongSlider
FNDA:159,bindVolumeSlider
FNDA:159,bindNext
FNDA:159,bindPrev
FNDA:159,bindShuffle
FNDA:159,bindRepeat
FNDA:159,bindRepeatSong
FNDA:159,bindPlaybackSpeed
FNDA:159,bindSkipTo
FNDA:159,bindCanPlayThrough
DA:46,31
DA:56,159
DA:61,159
DA:62,0
DA:69,159
DA:70,0
DA:71,0
DA:79,159
DA:84,159
DA:93,159
DA:98,159
DA:103,159
DA:108,159
DA:113,159
DA:118,159
DA:123,159
DA:128,159
DA:133,159
DA:138,159
DA:143,159
DA:148,159
DA:153,159
DA:158,159
DA:163,159
DA:168,159
DA:173,159
DA:178,159
DA:183,159
DA:196,159
DA:197,159
DA:202,159
DA:203,159
DA:214,159
DA:215,159
DA:228,159
DA:229,159
DA:240,159
DA:241,159
DA:253,159
DA:260,159
DA:261,16
DA:266,0
DA:267,0
DA:269,16
DA:270,16
DA:284,159
DA:291,159
DA:292,32
DA:297,0
DA:298,0
DA:300,32
DA:301,32
DA:315,159
DA:324,159
DA:325,40
DA:330,0
DA:331,0
DA:333,40
DA:334,40
DA:348,159
DA:355,159
DA:356,1
DA:361,0
DA:362,0
DA:364,1
DA:365,1
DA:379,159
DA:386,159
DA:392,1
DA:401,0
DA:402,0
DA:406,0
DA:407,0
DA:410,1
DA:411,1
DA:425,159
DA:434,159
DA:440,3
DA:449,0
DA:450,0
DA:454,0
DA:455,0
DA:458,3
DA:459,3
DA:473,159
DA:482,159
DA:488,2
DA:497,0
DA:498,0
DA:502,0
DA:506,0
DA:512,2
DA:513,2
DA:528,159
DA:529,159
DA:534,159
DA:541,159
DA:542,12
DA:543,0
DA:544,0
DA:546,12
DA:547,12
DA:562,159
DA:563,159
DA:568,159
DA:577,159
DA:583,1
DA:584,0
DA:588,1
DA:589,0
DA:590,0
DA:592,1
DA:593,1
DA:608,159
DA:615,159
DA:616,10
DA:621,0
DA:622,0
DA:624,10
DA:625,10
DA:639,159
DA:646,159
DA:647,8
DA:652,0
DA:653,0
DA:655,8
DA:656,8
DA:670,159
DA:677,159
DA:682,8
DA:683,8
DA:685,8
DA:690,0
DA:691,0
DA:693,8
DA:694,8
DA:708,159
DA:715,159
DA:720,10
DA:721,10
DA:723,10
DA:728,0
DA:729,0
DA:731,10
DA:732,10
DA:746,159
DA:755,159
DA:760,4
DA:761,4
DA:763,4
DA:768,0
DA:772,0
DA:774,4
DA:775,4
DA:789,159
DA:798,159
DA:799,4
DA:804,0
DA:808,0
DA:813,4
DA:817,4
DA:834,159
DA:841,159
DA:842,4
DA:847,0
DA:848,0
DA:850,4
DA:851,4
DA:862,159
DA:863,159
DA:869,31
LF:171
LH:129
BRDA:70,0,0,0
BRDA:70,0,1,0
BRDA:261,1,0,0
BRDA:261,1,1,16
BRDA:292,2,0,0
BRDA:292,2,1,32
BRDA:325,3,0,0
BRDA:325,3,1,40
BRDA:356,4,0,0
BRDA:356,4,1,1
BRDA:392,5,0,0
BRDA:392,5,1,1
BRDA:401,6,0,0
BRDA:401,6,1,0
BRDA:440,7,0,0
BRDA:440,7,1,3
BRDA:449,8,0,0
BRDA:449,8,1,0
BRDA:488,9,0,0
BRDA:488,9,1,2
BRDA:497,10,0,0
BRDA:497,10,1,0
BRDA:542,11,0,0
BRDA:542,11,1,12
BRDA:542,12,0,12
BRDA:542,12,1,12
BRDA:583,13,0,0
BRDA:583,13,1,1
BRDA:588,14,0,0
BRDA:588,14,1,1
BRDA:588,15,0,1
BRDA:588,15,1,1
BRDA:616,16,0,0
BRDA:616,16,1,10
BRDA:647,17,0,0
BRDA:647,17,1,8
BRDA:685,18,0,0
BRDA:685,18,1,8
BRDA:723,19,0,0
BRDA:723,19,1,10
BRDA:763,20,0,0
BRDA:763,20,1,4
BRDA:799,21,0,0
BRDA:799,21,1,4
BRDA:842,22,0,0
BRDA:842,22,1,4
BRF:46
BRH:21
end_of_record
TN:
SF:/Users/danpastori/Development/amplitude.dev/httpdocs/public/src/events/keydown.js
FN:52,(anonymous_0)
FN:62,handle
FN:72,runKeyEvent
FN:129,runPlayPauseKeyDownEvent
FN:151,runNextKeyDownEvent
FN:166,runPrevKeyDownEvent
FN:181,runStopKeyDownEvent
FN:196,runShuffleKeyDownEvent
FN:211,runRepeatKeyDownEvent
FNF:9
FNH:1
FNDA:31,(anonymous_0)
FNDA:0,handle
FNDA:0,runKeyEvent
FNDA:0,runPlayPauseKeyDownEvent
FNDA:0,runNextKeyDownEvent
FNDA:0,runPrevKeyDownEvent
FNDA:0,runStopKeyDownEvent
FNDA:0,runShuffleKeyDownEvent
FNDA:0,runRepeatKeyDownEvent
DA:52,31
DA:63,0
DA:76,0
DA:80,0
DA:85,0
DA:86,0
DA:92,0
DA:93,0
DA:99,0
DA:100,0
DA:106,0
DA:107,0
DA:113,0
DA:114,0
DA:120,0
DA:121,0
DA:134,0
DA:135,0
DA:137,0
DA:145,0
DA:156,0
DA:157,0
DA:159,0
DA:171,0
DA:172,0
DA:174,0
DA:185,0
DA:190,0
DA:201,0
DA:202,0
DA:204,0
DA:215,0
DA:220,0
DA:226,31
LF:34
LH:2
BRDA:76,0,0,0
BRDA:76,0,1,0
BRDA:80,1,0,0
BRDA:80,1,1,0
BRDA:80,1,2,0
BRDA:80,1,3,0
BRDA:80,1,4,0
BRDA:80,1,5,0
BRDA:134,2,0,0
BRDA:134,2,1,0
BRDA:156,3,0,0
BRDA:156,3,1,0
BRDA:156,4,0,0
BRDA:156,4,1,0
BRDA:171,5,0,0
BRDA:171,5,1,0
BRDA:171,6,0,0
BRDA:171,6,1,0
BRDA:201,7,0,0
BRDA:201,7,1,0
BRDA:201,8,0,0
BRDA:201,8,1,0
BRF:22
BRH:0
end_of_record
TN:
SF:/Users/danpastori/Development/amplitude.dev/httpdocs/public/src/events/mute.js
FN:32,(anonymous_0)
FN:40,handle
FNF:2
FNH:2
FNDA:31,(anonymous_0)
FNDA:5,handle
DA:32,31
DA:45,5
DA:54,5
DA:55,2
DA:57,3
DA:58,3
DA:64,5
DA:71,5
DA:78,31
LF:9
LH:9
BRDA:45,0,0,5
BRDA:45,0,1,0
BRDA:54,1,0,2
BRDA:54,1,1,3
BRDA:64,2,0,3
BRDA:64,2,1,2
BRF:6
BRH:5
end_of_record
TN:
SF:/Users/danpastori/Development/amplitude.dev/httpdocs/public/src/events/next.js
FN:28,(anonymous_0)
FN:39,handle
FN:71,handleGlobalNext
FN:90,handlePlaylistNext
FNF:4
FNH:3
FNDA:31,(anonymous_0)
FNDA:5,handle
FNDA:5,handleGlobalNext
FNDA:0,handlePlaylistNext
DA:28,31
DA:44,5
DA:48,5
DA:53,5
DA:54,5
DA:60,5
DA:61,0
DA:77,5
DA:78,2
DA:80,3
DA:95,0
DA:96,0
DA:98,0
DA:107,31
LF:14
LH:10
BRDA:44,0,0,5
BRDA:44,0,1,0
BRDA:53,1,0,5
BRDA:53,1,1,0
BRDA:60,2,0,0
BRDA:60,2,1,5
BRDA:77,3,0,2
BRDA:77,3,1,3
BRDA:77,4,0,5
BRDA:77,4,1,5
BRDA:95,5,0,0
BRDA:95,5,1,0
BRF:12
BRH:7
end_of_record
TN:
SF:/Users/danpastori/Development/amplitude.dev/httpdocs/public/src/events/pause.js
FN:27,(anonymous_0)
FN:40,handle
FN:94,handleGlobalPause
FN:112,handlePlaylistPause
FN:135,handleSongPause
FN:160,handleSongInPlaylistPause
FNF:6
FNH:6
FNDA:31,(anonymous_0)
FNDA:8,handle
FNDA:1,handleGlobalPause
FNDA:2,handlePlaylistPause
FNDA:2,handleSongPause
FNDA:3,handleSongInPlaylistPause
DA:27,31
DA:45,8
DA:53,8
DA:54,8
DA:59,8
DA:60,1
DA:66,8
DA:67,2
DA:73,8
DA:74,2
DA:80,8
DA:81,3
DA:84,8
DA:98,1
DA:103,1
DA:116,2
DA:120,1
DA:125,1
DA:140,2
DA:144,1
DA:149,1
DA:166,3
DA:173,1
DA:178,1
DA:185,31
LF:25
LH:25
BRDA:45,0,0,8
BRDA:45,0,1,0
BRDA:59,1,0,1
BRDA:59,1,1,7
BRDA:59,2,0,8
BRDA:59,2,1,3
BRDA:66,3,0,2
BRDA:66,3,1,6
BRDA:66,4,0,8
BRDA:66,4,1,5
BRDA:73,5,0,2
BRDA:73,5,1,6
BRDA:73,6,0,8
BRDA:73,6,1,3
BRDA:80,7,0,3
BRDA:80,7,1,5
BRDA:80,8,0,8
BRDA:80,8,1,5
BRDA:116,9,0,1
BRDA:116,9,1,1
BRDA:140,10,0,1
BRDA:140,10,1,1
BRDA:140,11,0,2
BRDA:140,11,1,2
BRDA:140,11,2,2
BRDA:166,12,0,1
BRDA:166,12,1,2
BRDA:167,13,0,3
BRDA:167,13,1,2
BRF:29
BRH:28
end_of_record
TN:
SF:/Users/danpastori/Development/amplitude.dev/httpdocs/public/src/events/play.js
FN:39,(anonymous_0)
FN:52,handle
FN:106,handleGlobalPlay
FN:124,handlePlaylistPlay
FN:174,handleSongPlay
FN:231,handleSongInPlaylistPlay
FNF:6
FNH:6
FNDA:31,(anonymous_0)
FNDA:4,handle
FNDA:1,handleGlobalPlay
FNDA:1,handlePlaylistPlay
FNDA:1,handleSongPlay
FNDA:1,handleSongInPlaylistPlay
DA:39,31
DA:57,4
DA:65,4
DA:66,4
DA:71,4
DA:72,1
DA:78,4
DA:79,1
DA:85,4
DA:86,1
DA:92,4
DA:93,1
DA:96,4
DA:110,1
DA:115,1
DA:128,1
DA:132,1
DA:141,1
DA:142,0
DA:148,1
DA:159,1
DA:165,1
DA:185,1
DA:190,1
DA:195,1
DA:204,1
DA:209,0
DA:215,1
DA:221,1
DA:242,1
DA:247,1
DA:252,1
DA:265,1
DA:270,0
DA:280,1
DA:287,1
DA:293,31
LF:37
LH:34
BRDA:57,0,0,4
BRDA:57,0,1,0
BRDA:71,1,0,1
BRDA:71,1,1,3
BRDA:71,2,0,4
BRDA:71,2,1,2
BRDA:78,3,0,1
BRDA:78,3,1,3
BRDA:78,4,0,4
BRDA:78,4,1,2
BRDA:85,5,0,1
BRDA:85,5,1,3
BRDA:85,6,0,4
BRDA:85,6,1,2
BRDA:92,7,0,1
BRDA:92,7,1,3
BRDA:92,8,0,4
BRDA:92,8,1,2
BRDA:128,9,0,1
BRDA:128,9,1,0
BRDA:141,10,0,0
BRDA:141,10,1,1
BRDA:185,11,0,1
BRDA:185,11,1,0
BRDA:204,12,0,0
BRDA:204,12,1,1
BRDA:242,13,0,1
BRDA:242,13,1,0
BRDA:265,14,0,0
BRDA:265,14,1,1
BRF:30
BRH:23
end_of_record
TN:
SF:/Users/danpastori/Development/amplitude.dev/httpdocs/public/src/events/playPause.js
FN:39,(anonymous_0)
FN:52,handle
FN:101,handleGlobalPlayPause
FN:125,handlePlaylistPlayPause
FN:182,handleSongPlayPause
FN:245,handleSongInPlaylistPlayPause
FNF:6
FNH:6
FNDA:31,(anonymous_0)
FNDA:18,handle
FNDA:4,handleGlobalPlayPause
FNDA:4,handlePlaylistPlayPause
FNDA:5,handleSongPlayPause
FNDA:5,handleSongInPlaylistPlayPause
DA:39,31
DA:57,18
DA:62,18
DA:63,18
DA:68,18
DA:69,4
DA:75,18
DA:76,4
DA:82,18
DA:83,5
DA:89,18
DA:90,5
DA:93,18
DA:106,4
DA:107,2
DA:109,2
DA:117,4
DA:131,4
DA:135,2
DA:144,2
DA:145,0
DA:151,2
DA:163,4
DA:164,2
DA:166,2
DA:174,4
DA:193,5
DA:198,0
DA:203,0
DA:212,5
DA:217,3
DA:224,5
DA:225,3
DA:227,2
DA:235,5
DA:256,5
DA:261,3
DA:266,3
DA:279,5
DA:284,0
DA:295,5
DA:296,3
DA:298,2
DA:306,5
DA:312,31
LF:45
LH:41
BRDA:57,0,0,18
BRDA:57,0,1,0
BRDA:68,1,0,4
BRDA:68,1,1,14
BRDA:68,2,0,18
BRDA:68,2,1,9
BRDA:75,3,0,4
BRDA:75,3,1,14
BRDA:75,4,0,18
BRDA:75,4,1,9
BRDA:82,5,0,5
BRDA:82,5,1,13
BRDA:82,6,0,18
BRDA:82,6,1,9
BRDA:89,7,0,5
BRDA:89,7,1,13
BRDA:89,8,0,18
BRDA:89,8,1,9
BRDA:106,9,0,2
BRDA:106,9,1,2
BRDA:131,10,0,2
BRDA:131,10,1,2
BRDA:144,11,0,0
BRDA:144,11,1,2
BRDA:163,12,0,2
BRDA:163,12,1,2
BRDA:193,13,0,0
BRDA:193,13,1,5
BRDA:212,14,0,3
BRDA:212,14,1,2
BRDA:224,15,0,3
BRDA:224,15,1,2
BRDA:256,16,0,3
BRDA:256,16,1,2
BRDA:279,17,0,0
BRDA:279,17,1,5
BRDA:295,18,0,3
BRDA:295,18,1,2
BRF:38
BRH:34
end_of_record
TN:
SF:/Users/danpastori/Development/amplitude.dev/httpdocs/public/src/events/playbackSpeed.js
FN:28,(anonymous_0)
FN:36,handle
FNF:2
FNH:2
FNDA:31,(anonymous_0)
FNDA:9,handle
DA:28,31
DA:37,9
DA:44,9
DA:46,4
DA:47,4
DA:49,3
DA:50,3
DA:52,2
DA:53,2
DA:59,9
DA:66,31
LF:11
LH:11
BRDA:37,0,0,9
BRDA:37,0,1,0
BRDA:44,1,0,4
BRDA:44,1,1,3
BRDA:44,1,2,2
BRF:5
BRH:4
end_of_record
TN:
SF:/Users/danpastori/Development/amplitude.dev/httpdocs/public/src/events/prev.js
FN:28,(anonymous_0)
FN:39,handle
FN:71,handleGlobalPrev
FN:90,handlePlaylistPrev
FNF:4
FNH:4
FNDA:31,(anonymous_0)
FNDA:4,handle
FNDA:2,handleGlobalPrev
FNDA:2,handlePlaylistPrev
DA:28,31
DA:44,4
DA:48,4
DA:53,4
DA:54,2
DA:60,4
DA:61,2
DA:77,2
DA:78,1
DA:80,1
DA:95,2
DA:96,1
DA:98,1
DA:107,31
LF:14
LH:14
BRDA:44,0,0,4
BRDA:44,0,1,0
BRDA:53,1,0,2
BRDA:53,1,1,2
BRDA:60,2,0,2
BRDA:60,2,1,2
BRDA:77,3,0,1
BRDA:77,3,1,1
BRDA:77,4,0,2
BRDA:77,4,1,2
BRDA:95,5,0,1
BRDA:95,5,1,1
BRF:12
BRH:11
end_of_record
TN:
SF:/Users/danpastori/Development/amplitude.dev/httpdocs/public/src/events/progress.js
FN:22,(anonymous_0)
FN:31,handle
FNF:2
FNH:1
FNDA:31,(anonymous_0)
FNDA:0,handle
DA:22,31
DA:35,0
DA:36,0
DA:39,0
DA:44,0
DA:50,0
DA:56,31
LF:7
LH:2
BRDA:35,0,0,0
BRDA:35,0,1,0
BRF:2
BRH:0
end_of_record
TN:
SF:/Users/danpastori/Development/amplitude.dev/httpdocs/public/src/events/repeat.js
FN:28,(anonymous_0)
FN:39,handle
FN:71,handleGlobalRepeat
FN:89,handlePlaylistRepeat
FNF:4
FNH:4
FNDA:31,(anonymous_0)
FNDA:8,handle
FNDA:4,handleGlobalRepeat
FNDA:4,handlePlaylistRepeat
DA:28,31
DA:44,8
DA:48,8
DA:53,8
DA:54,4
DA:60,8
DA:61,4
DA:75,4
DA:80,4
DA:93,4
DA:101,4
DA:107,31
LF:12
LH:12
BRDA:44,0,0,8
BRDA:44,0,1,0
BRDA:53,1,0,4
BRDA:53,1,1,4
BRDA:60,2,0,4
BRDA:60,2,1,4
BRF:6
BRH:5
end_of_record
TN:
SF:/Users/danpastori/Development/amplitude.dev/httpdocs/public/src/events/repeatSong.js
FN:28,(anonymous_0)
FN:36,handle
FNF:2
FNH:2
FNDA:31,(anonymous_0)
FNDA:4,handle
DA:28,31
DA:41,4
DA:45,4
DA:50,4
DA:57,31
LF:5
LH:5
BRDA:41,0,0,4
BRDA:41,0,1,0
BRF:2
BRH:1
end_of_record
TN:
SF:/Users/danpastori/Development/amplitude.dev/httpdocs/public/src/events/shuffle.js
FN:26,(anonymous_0)
FN:37,handle
FN:62,handleGlobalShuffle
FN:79,handlePlaylistShuffle
FNF:4
FNH:4
FNDA:31,(anonymous_0)
FNDA:8,handle
FNDA:4,handleGlobalShuffle
FNDA:4,handlePlaylistShuffle
DA:26,31
DA:42,8
DA:46,8
DA:51,8
DA:52,4
DA:54,4
DA:66,4
DA:71,4
DA:83,4
DA:88,4
DA:94,31
LF:11
LH:11
BRDA:42,0,0,8
BRDA:42,0,1,0
BRDA:51,1,0,4
BRDA:51,1,1,4
BRF:4
BRH:3
end_of_record
TN:
SF:/Users/danpastori/Development/amplitude.dev/httpdocs/public/src/events/skipTo.js
FN:43,(anonymous_0)
FN:54,handle
FN:114,handleSkipToSong
FN:142,handleSkipToPlaylist
FNF:4
FNH:4
FNDA:31,(anonymous_0)
FNDA:2,handle
FNDA:1,handleSkipToSong
FNDA:1,handleSkipToPlaylist
DA:43,31
DA:59,2
DA:63,2
DA:64,2
DA:65,2
DA:71,2
DA:72,0
DA:81,2
DA:82,0
DA:90,2
DA:94,2
DA:95,1
DA:97,1
DA:119,1
DA:120,1
DA:125,1
DA:126,1
DA:131,1
DA:146,1
DA:147,1
DA:154,1
DA:159,1
DA:164,1
DA:165,1
DA:166,1
DA:171,1
DA:177,31
LF:27
LH:25
BRDA:59,0,0,2
BRDA:59,0,1,0
BRDA:71,1,0,0
BRDA:71,1,1,2
BRDA:81,2,0,0
BRDA:81,2,1,2
BRDA:90,3,0,2
BRDA:90,3,1,0
BRDA:90,4,0,2
BRDA:90,4,1,2
BRDA:94,5,0,1
BRDA:94,5,1,1
BRDA:146,6,0,1
BRDA:146,6,1,0
BRF:14
BRH:9
end_of_record
TN:
SF:/Users/danpastori/Development/amplitude.dev/httpdocs/public/src/events/songSlider.js
FN:23,(anonymous_0)
FN:36,handle
FN:95,handleGlobalSongSlider
FN:121,handlePlaylistSongSlider
FN:157,handleSongSongSlider
FN:190,handleSongInPlaylistSongSlider
FNF:6
FNH:1
FNDA:31,(anonymous_0)
FNDA:0,handle
FNDA:0,handleGlobalSongSlider
FNDA:0,handlePlaylistSongSlider
FNDA:0,handleSongSongSlider
FNDA:0,handleSongInPlaylistSongSlider
DA:23,31
DA:40,0
DA:45,0
DA:50,0
DA:51,0
DA:56,0
DA:57,0
DA:63,0
DA:64,0
DA:70,0
DA:71,0
DA:78,0
DA:79,0
DA:99,0
DA:100,0
DA:105,0
DA:130,0
DA:134,0
DA:135,0
DA:140,0
DA:162,0
DA:166,0
DA:167,0
DA:172,0
DA:201,0
DA:208,0
DA:209,0
DA:214,0
DA:222,31
LF:29
LH:2
BRDA:56,0,0,0
BRDA:56,0,1,0
BRDA:56,1,0,0
BRDA:56,1,1,0
BRDA:63,2,0,0
BRDA:63,2,1,0
BRDA:63,3,0,0
BRDA:63,3,1,0
BRDA:70,4,0,0
BRDA:70,4,1,0
BRDA:70,5,0,0
BRDA:70,5,1,0
BRDA:78,6,0,0
BRDA:78,6,1,0
BRDA:78,7,0,0
BRDA:78,7,1,0
BRDA:99,8,0,0
BRDA:99,8,1,0
BRDA:130,9,0,0
BRDA:130,9,1,0
BRDA:134,10,0,0
BRDA:134,10,1,0
BRDA:162,11,0,0
BRDA:162,11,1,0
BRDA:162,12,0,0
BRDA:162,12,1,0
BRDA:166,13,0,0
BRDA:166,13,1,0
BRDA:201,14,0,0
BRDA:201,14,1,0
BRDA:202,15,0,0
BRDA:202,15,1,0
BRDA:208,16,0,0
BRDA:208,16,1,0
BRF:34
BRH:0
end_of_record
TN:
SF:/Users/danpastori/Development/amplitude.dev/httpdocs/public/src/events/stop.js
FN:30,(anonymous_0)
FN:38,handle
FNF:2
FNH:2
FNDA:31,(anonymous_0)
FNDA:1,handle
DA:30,31
DA:43,1
DA:47,1
DA:52,1
DA:54,1
DA:61,31
LF:6
LH:6
BRDA:43,0,0,1
BRDA:43,0,1,0
BRF:2
BRH:1
end_of_record
TN:
SF:/Users/danpastori/Development/amplitude.dev/httpdocs/public/src/events/timeUpdate.js
FN:39,(anonymous_0)
FN:47,handle
FN:72,computeBufferedTime
FN:90,updateTimeInformation
FN:134,runTimeCallbacks
FNF:5
FNH:1
FNDA:31,(anonymous_0)
FNDA:0,handle
FNDA:0,computeBufferedTime
FNDA:0,updateTimeInformation
FNDA:0,runTimeCallbacks
DA:39,31
DA:51,0
DA:56,0
DA:61,0
DA:66,0
DA:76,0
DA:77,0
DA:80,0
DA:82,0
DA:97,0
DA:101,0
DA:106,0
DA:111,0
DA:118,0
DA:120,0
DA:125,0
DA:127,0
DA:138,0
DA:143,0
DA:149,0
DA:150,0
DA:151,0
DA:160,0
DA:161,0
DA:162,0
DA:170,31
LF:26
LH:2
BRDA:76,0,0,0
BRDA:76,0,1,0
BRDA:97,1,0,0
BRDA:97,1,1,0
BRDA:143,2,0,0
BRDA:143,2,1,0
BRDA:143,3,0,0
BRDA:143,3,1,0
BRDA:149,4,0,0
BRDA:149,4,1,0
BRDA:161,5,0,0
BRDA:161,5,1,0
BRF:12
BRH:0
end_of_record
TN:
SF:/Users/danpastori/Development/amplitude.dev/httpdocs/public/src/events/volumeDown.js
FN:32,(anonymous_0)
FN:40,handle
FNF:2
FNH:2
FNDA:31,(anonymous_0)
FNDA:13,handle
DA:32,31
DA:45,13
DA:56,13
DA:58,13
DA:59,10
DA:61,3
DA:68,13
DA:73,13
DA:78,13
DA:85,31
LF:10
LH:10
BRDA:45,0,0,13
BRDA:45,0,1,0
BRDA:58,1,0,10
BRDA:58,1,1,3
BRDA:73,2,0,3
BRDA:73,2,1,10
BRF:6
BRH:5
end_of_record
TN:
SF:/Users/danpastori/Development/amplitude.dev/httpdocs/public/src/events/volumeSlider.js
FN:25,(anonymous_0)
FN:33,handle
FNF:2
FNH:1
FNDA:31,(anonymous_0)
FNDA:0,handle
DA:25,31
DA:38,0
DA:43,0
DA:48,0
DA:54,31
LF:5
LH:2
BRDA:43,0,0,0
BRDA:43,0,1,0
BRF:2
BRH:0
end_of_record
TN:
SF:/Users/danpastori/Development/amplitude.dev/httpdocs/public/src/events/volumeUp.js
FN:32,(anonymous_0)
FN:40,handle
FNF:2
FNH:2
FNDA:31,(anonymous_0)
FNDA:14,handle
DA:32,31
DA:45,14
DA:56,14
DA:58,14
DA:59,12
DA:61,2
DA:68,14
DA:73,14
DA:78,14
DA:85,31
LF:10
LH:10
BRDA:45,0,0,14
BRDA:45,0,1,0
BRDA:58,1,0,12
BRDA:58,1,1,2
BRDA:73,2,0,0
BRDA:73,2,1,14
BRF:6
BRH:4
end_of_record
TN:
SF:/Users/danpastori/Development/amplitude.dev/httpdocs/public/src/fx/fx.js
FN:14,(anonymous_0)
FN:18,configureWebAudioAPI
FN:75,webAudioAPIAvailable
FNF:3
FNH:2
FNDA:31,(anonymous_0)
FNDA:0,configureWebAudioAPI
FNDA:159,webAudioAPIAvailable
DA:14,31
DA:24,0
DA:34,0
DA:38,0
DA:43,0
DA:48,0
DA:53,0
DA:58,0
DA:64,0
DA:66,0
DA:81,159
DA:86,159
DA:91,159
DA:95,0
DA:96,0
DA:101,159
DA:102,159
DA:109,31
LF:18
LH:7
BRDA:24,0,0,0
BRDA:24,0,1,0
BRDA:24,0,2,0
BRDA:24,0,3,0
BRDA:24,0,4,0
BRDA:34,1,0,0
BRDA:34,1,1,0
BRDA:81,2,0,159
BRDA:81,2,1,159
BRDA:81,2,2,159
BRDA:81,2,3,159
BRDA:81,2,4,159
BRDA:91,3,0,0
BRDA:91,3,1,159
BRF:14
BRH:6
end_of_record
TN:
SF:/Users/danpastori/Development/amplitude.dev/httpdocs/public/src/fx/visualizations.js
FN:18,(anonymous_0)
FN:22,run
FN:103,runGlobalVisualization
FN:160,runPlaylistVisualization
FN:227,runSongVisualization
FN:280,runSongInPlaylistVisualization
FN:351,addToActiveVisualizations
FN:363,stop
FN:383,register
FN:408,displayBackups
FN:468,displayGlobalBackup
FN:479,displayPlaylistBackup
FN:492,displaySongBackup
FN:505,displaySongInPlaylistBackup
FNF:14
FNH:4
FNDA:31,(anonymous_0)
FNDA:56,run
FNDA:0,runGlobalVisualization
FNDA:0,runPlaylistVisualization
FNDA:0,runSongVisualization
FNDA:0,runSongInPlaylistVisualization
FNDA:0,addToActiveVisualizations
FNDA:295,stop
FNDA:0,register
FNDA:56,displayBackups
FNDA:0,displayGlobalBackup
FNDA:0,displayPlaylistBackup
FNDA:0,displaySongBackup
FNDA:0,displaySongInPlaylistBackup
DA:18,31
DA:26,56
DA:33,56
DA:38,0
DA:46,0
DA:51,0
DA:54,0
DA:61,0
DA:62,0
DA:69,0
DA:70,0
DA:76,0
DA:77,0
DA:84,0
DA:85,0
DA:94,56
DA:108,0
DA:110,0
DA:120,0
DA:124,0
DA:129,0
DA:133,0
DA:144,0
DA:148,0
DA:149,0
DA:164,0
DA:170,0
DA:174,0
DA:175,0
DA:180,0
DA:185,0
DA:190,0
DA:195,0
DA:200,0
DA:204,0
DA:210,0
DA:214,0
DA:215,0
DA:231,0
DA:236,0
DA:237,0
DA:242,0
DA:247,0
DA:252,0
DA:256,0
DA:262,0
DA:266,0
DA:267,0
DA:285,0
DA:294,0
DA:298,0
DA:299,0
DA:304,0
DA:309,0
DA:314,0
DA:319,0
DA:324,0
DA:328,0
DA:334,0
DA:338,0
DA:339,0
DA:352,0
DA:353,0
DA:356,0
DA:357,0
DA:367,295
DA:368,0
DA:374,295
DA:387,0
DA:396,0
DA:397,0
DA:400,0
DA:412,56
DA:416,56
DA:417,0
DA:422,0
DA:425,0
DA:432,0
DA:433,0
DA:440,0
DA:441,0
DA:447,0
DA:448,0
DA:455,0
DA:456,0
DA:469,0
DA:480,0
DA:481,0
DA:493,0
DA:494,0
DA:506,0
DA:510,0
DA:518,31
LF:93
LH:9
BRDA:33,0,0,0
BRDA:33,0,1,56
BRDA:38,1,0,0
BRDA:38,1,1,0
BRDA:39,2,0,0
BRDA:39,2,1,0
BRDA:61,3,0,0
BRDA:61,3,1,0
BRDA:61,4,0,0
BRDA:61,4,1,0
BRDA:69,5,0,0
BRDA:69,5,1,0
BRDA:69,6,0,0
BRDA:69,6,1,0
BRDA:76,7,0,0
BRDA:76,7,1,0
BRDA:76,8,0,0
BRDA:76,8,1,0
BRDA:84,9,0,0
BRDA:84,9,1,0
BRDA:84,10,0,0
BRDA:84,10,1,0
BRDA:110,11,0,0
BRDA:110,11,1,0
BRDA:120,12,0,0
BRDA:120,12,1,0
BRDA:121,13,0,0
BRDA:121,13,1,0
BRDA:129,14,0,0
BRDA:129,14,1,0
BRDA:130,15,0,0
BRDA:130,15,1,0
BRDA:144,16,0,0
BRDA:144,16,1,0
BRDA:148,17,0,0
BRDA:148,17,1,0
BRDA:164,18,0,0
BRDA:164,18,1,0
BRDA:180,19,0,0
BRDA:180,19,1,0
BRDA:181,20,0,0
BRDA:181,20,1,0
BRDA:190,21,0,0
BRDA:190,21,1,0
BRDA:191,22,0,0
BRDA:191,22,1,0
BRDA:200,23,0,0
BRDA:200,23,1,0
BRDA:201,24,0,0
BRDA:201,24,1,0
BRDA:210,25,0,0
BRDA:210,25,1,0
BRDA:214,26,0,0
BRDA:214,26,1,0
BRDA:231,27,0,0
BRDA:231,27,1,0
BRDA:242,28,0,0
BRDA:242,28,1,0
BRDA:243,29,0,0
BRDA:243,29,1,0
BRDA:252,30,0,0
BRDA:252,30,1,0
BRDA:253,31,0,0
BRDA:253,31,1,0
BRDA:262,32,0,0
BRDA:262,32,1,0
BRDA:266,33,0,0
BRDA:266,33,1,0
BRDA:285,34,0,0
BRDA:285,34,1,0
BRDA:286,35,0,0
BRDA:286,35,1,0
BRDA:304,36,0,0
BRDA:304,36,1,0
BRDA:305,37,0,0
BRDA:305,37,1,0
BRDA:314,38,0,0
BRDA:314,38,1,0
BRDA:315,39,0,0
BRDA:315,39,1,0
BRDA:324,40,0,0
BRDA:324,40,1,0
BRDA:325,41,0,0
BRDA:325,41,1,0
BRDA:334,42,0,0
BRDA:334,42,1,0
BRDA:338,43,0,0
BRDA:338,43,1,0
BRDA:416,44,0,0
BRDA:416,44,1,56
BRDA:432,45,0,0
BRDA:432,45,1,0
BRDA:432,46,0,0
BRDA:432,46,1,0
BRDA:440,47,0,0
BRDA:440,47,1,0
BRDA:440,48,0,0
BRDA:440,48,1,0
BRDA:447,49,0,0
BRDA:447,49,1,0
BRDA:447,50,0,0
BRDA:447,50,1,0
BRDA:455,51,0,0
BRDA:455,51,1,0
BRDA:455,52,0,0
BRDA:455,52,1,0
BRDA:480,53,0,0
BRDA:480,53,1,0
BRDA:493,54,0,0
BRDA:493,54,1,0
BRDA:506,55,0,0
BRDA:506,55,1,0
BRDA:507,56,0,0
BRDA:507,56,1,0
BRF:114
BRH:2
end_of_record
TN:
SF:/Users/danpastori/Development/amplitude.dev/httpdocs/public/src/fx/waveform.js
FN:12,(anonymous_0)
FN:17,init
FN:73,build
FN:82,(anonymous_3)
FN:104,(anonymous_4)
FN:118,(anonymous_5)
FN:144,(anonymous_6)
FN:162,process
FN:180,(anonymous_8)
FN:190,(anonymous_9)
FN:206,getPeaks
FN:285,displayWaveForms
FN:315,displayGlobalWaveform
FN:324,displayPlaylistWaveform
FN:335,displaySongWaveform
FN:346,displaySongInPlaylistWaveform
FNF:16
FNH:1
FNDA:31,(anonymous_0)
FNDA:0,init
FNDA:0,build
FNDA:0,(anonymous_3)
FNDA:0,(anonymous_4)
FNDA:0,(anonymous_5)
FNDA:0,(anonymous_6)
FNDA:0,process
FNDA:0,(anonymous_8)
FNDA:0,(anonymous_9)
FNDA:0,getPeaks
FNDA:0,displayWaveForms
FNDA:0,displayGlobalWaveform
FNDA:0,displayPlaylistWaveform
FNDA:0,displaySongWaveform
FNDA:0,displaySongInPlaylistWaveform
DA:12,31
DA:13,31
DA:14,31
DA:15,31
DA:21,0
DA:27,0
DA:31,0
DA:35,0
DA:40,0
DA:41,0
DA:42,0
DA:47,0
DA:48,0
DA:53,0
DA:57,0
DA:58,0
DA:60,0
DA:65,0
DA:74,0
DA:79,0
DA:83,0
DA:84,0
DA:92,0
DA:97,0
DA:98,0
DA:104,0
DA:109,0
DA:114,0
DA:118,0
DA:124,0
DA:129,0
DA:134,0
DA:139,0
DA:141,0
DA:145,0
DA:146,0
DA:166,0
DA:167,0
DA:169,0
DA:170,0
DA:171,0
DA:172,0
DA:174,0
DA:178,0
DA:181,0
DA:182,0
DA:187,0
DA:191,0
DA:192,0
DA:210,0
DA:211,0
DA:212,0
DA:213,0
DA:218,0
DA:227,0
DA:228,0
DA:233,0
DA:237,0
DA:238,0
DA:243,0
DA:244,0
DA:249,0
DA:254,0
DA:256,0
DA:257,0
DA:259,0
DA:260,0
DA:264,0
DA:265,0
DA:267,0
DA:268,0
DA:271,0
DA:272,0
DA:277,0
DA:286,0
DA:288,0
DA:289,0
DA:292,0
DA:294,0
DA:295,0
DA:298,0
DA:299,0
DA:302,0
DA:303,0
DA:306,0
DA:307,0
DA:316,0
DA:318,0
DA:325,0
DA:326,0
DA:328,0
DA:336,0
DA:337,0
DA:339,0
DA:347,0
DA:351,0
DA:353,0
DA:360,31
LF:98
LH:5
BRDA:27,0,0,0
BRDA:27,0,1,0
BRDA:74,1,0,0
BRDA:74,1,1,0
BRDA:79,2,0,0
BRDA:79,2,1,0
BRDA:109,3,0,0
BRDA:109,3,1,0
BRDA:114,4,0,0
BRDA:114,4,1,0
BRDA:166,5,0,0
BRDA:166,5,1,0
BRDA:171,6,0,0
BRDA:171,6,1,0
BRDA:211,7,0,0
BRDA:211,7,1,0
BRDA:256,8,0,0
BRDA:256,8,1,0
BRDA:259,9,0,0
BRDA:259,9,1,0
BRDA:267,10,0,0
BRDA:267,10,1,0
BRDA:267,11,0,0
BRDA:267,11,1,0
BRDA:271,12,0,0
BRDA:271,12,1,0
BRDA:271,13,0,0
BRDA:271,13,1,0
BRDA:294,14,0,0
BRDA:294,14,1,0
BRDA:294,15,0,0
BRDA:294,15,1,0
BRDA:298,16,0,0
BRDA:298,16,1,0
BRDA:298,17,0,0
BRDA:298,17,1,0
BRDA:302,18,0,0
BRDA:302,18,1,0
BRDA:302,19,0,0
BRDA:302,19,1,0
BRDA:306,20,0,0
BRDA:306,20,1,0
BRDA:306,21,0,0
BRDA:306,21,1,0
BRDA:325,22,0,0
BRDA:325,22,1,0
BRDA:336,23,0,0
BRDA:336,23,1,0
BRDA:347,24,0,0
BRDA:347,24,1,0
BRDA:348,25,0,0
BRDA:348,25,1,0
BRF:52
BRH:0
end_of_record
TN:
SF:/Users/danpastori/Development/amplitude.dev/httpdocs/public/src/init/init.js
FN:118,(anonymous_0)
FN:127,initialize
FN:293,rebindDisplay
FN:314,setConfig
FN:551,initializeElements
FN:602,countPlaylists
FN:636,initializeDefaultLiveSettings
FNF:7
FNH:6
FNDA:31,(anonymous_0)
FNDA:159,initialize
FNDA:0,rebindDisplay
FNDA:159,setConfig
FNDA:159,initializeElements
FNDA:159,countPlaylists
FNDA:159,initializeDefaultLiveSettings
DA:118,31
DA:128,159
DA:134,159
DA:141,159
DA:146,159
DA:152,159
DA:157,159
DA:161,159
DA:166,159
DA:170,159
DA:172,0
DA:175,0
DA:184,159
DA:185,0
DA:187,0
DA:191,0
DA:194,0
DA:200,0
DA:208,0
DA:209,0
DA:216,159
DA:225,159
DA:226,159
DA:232,159
DA:237,159
DA:242,159
DA:250,159
DA:262,159
DA:264,159
DA:265,0
DA:270,0
DA:276,159
DA:283,159
DA:284,159
DA:294,0
DA:295,0
DA:319,159
DA:323,0
DA:324,0
DA:329,0
DA:334,159
DA:337,159
DA:338,0
DA:339,0
DA:341,0
DA:349,159
DA:357,159
DA:363,159
DA:370,159
DA:378,159
DA:386,159
DA:395,159
DA:400,159
DA:407,159
DA:412,159
DA:421,159
DA:427,159
DA:428,159
DA:430,0
DA:437,159
DA:438,0
DA:440,159
DA:443,159
DA:449,159
DA:454,0
DA:455,0
DA:457,0
DA:463,0
DA:468,0
DA:475,159
DA:482,0
DA:487,0
DA:494,0
DA:502,0
DA:511,0
DA:517,0
DA:528,0
DA:536,0
DA:542,159
DA:555,159
DA:560,159
DA:565,159
DA:570,159
DA:575,159
DA:580,159
DA:585,159
DA:590,159
DA:607,159
DA:614,159
DA:615,477
DA:616,477
DA:623,159
DA:628,159
DA:637,159
DA:638,1749
DA:639,1749
DA:647,31
LF:97
LH:63
BRDA:152,0,0,159
BRDA:152,0,1,0
BRDA:157,1,0,159
BRDA:157,1,1,0
BRDA:161,2,0,159
BRDA:161,2,1,0
BRDA:184,3,0,0
BRDA:184,3,1,159
BRDA:187,4,0,0
BRDA:187,4,1,0
BRDA:188,5,0,0
BRDA:188,5,1,0
BRDA:200,6,0,0
BRDA:200,6,1,0
BRDA:201,7,0,0
BRDA:201,7,1,0
BRDA:225,8,0,159
BRDA:225,8,1,0
BRDA:225,9,0,159
BRDA:225,9,1,159
BRDA:237,10,0,159
BRDA:237,10,1,0
BRDA:243,11,0,0
BRDA:243,11,1,159
BRDA:251,12,0,0
BRDA:251,12,1,159
BRDA:264,13,0,0
BRDA:264,13,1,159
BRDA:319,14,0,0
BRDA:319,14,1,159
BRDA:323,15,0,0
BRDA:323,15,1,0
BRDA:337,16,0,0
BRDA:337,16,1,159
BRDA:337,17,0,159
BRDA:337,17,1,0
BRDA:350,18,0,0
BRDA:350,18,1,159
BRDA:358,19,0,0
BRDA:358,19,1,159
BRDA:371,20,0,0
BRDA:371,20,1,159
BRDA:379,21,0,0
BRDA:379,21,1,159
BRDA:387,22,0,159
BRDA:387,22,1,0
BRDA:395,23,0,0
BRDA:395,23,1,159
BRDA:400,24,0,0
BRDA:400,24,1,159
BRDA:408,25,0,0
BRDA:408,25,1,159
BRDA:413,26,0,0
BRDA:413,26,1,159
BRDA:427,27,0,159
BRDA:427,27,1,0
BRDA:437,28,0,0
BRDA:437,28,1,159
BRDA:449,29,0,0
BRDA:449,29,1,159
BRDA:454,30,0,0
BRDA:454,30,1,0
BRDA:475,31,0,0
BRDA:475,31,1,159
BRDA:476,32,0,159
BRDA:476,32,1,0
BRDA:487,33,0,0
BRDA:487,33,1,0
BRDA:488,34,0,0
BRDA:488,34,1,0
BRDA:494,35,0,0
BRDA:494,35,1,0
BRDA:560,36,0,0
BRDA:560,36,1,159
BRDA:615,37,0,477
BRDA:615,37,1,0
BRDA:638,38,0,1749
BRDA:638,38,1,0
BRF:78
BRH:31
end_of_record
TN:
SF:/Users/danpastori/Development/amplitude.dev/httpdocs/public/src/init/playlists.js
FN:13,(anonymous_0)
FN:14,initialize
FN:56,initializePlaylistActiveIndexes
FN:73,copySongsToPlaylists
FN:122,initializePlaylistShuffleStatuses
FN:139,initializePlaylistsRepeatStatuses
FN:156,initializePlaylistShuffleLists
FN:172,initializeFirstSongInPlaylistMetaData
FNF:8
FNH:8
FNDA:31,(anonymous_0)
FNDA:159,initialize
FNDA:159,initializePlaylistActiveIndexes
FNDA:159,copySongsToPlaylists
FNDA:159,initializePlaylistShuffleStatuses
FNDA:159,initializePlaylistsRepeatStatuses
FNDA:159,initializePlaylistShuffleLists
FNDA:159,initializeFirstSongInPlaylistMetaData
DA:13,31
DA:18,159
DA:23,159
DA:28,159
DA:33,159
DA:38,159
DA:43,159
DA:48,159
DA:61,159
DA:62,477
DA:77,159
DA:81,477
DA:85,477
DA:89,477
DA:90,1749
DA:91,1749
DA:98,1749
DA:102,0
DA:128,159
DA:129,477
DA:145,159
DA:146,477
DA:162,159
DA:163,477
DA:177,159
DA:178,477
DA:188,31
LF:27
LH:26
BRDA:81,0,0,477
BRDA:81,0,1,0
BRDA:85,1,0,477
BRDA:85,1,1,0
BRDA:90,2,0,1749
BRDA:90,2,1,0
BRDA:98,3,0,0
BRDA:98,3,1,1749
BRDA:99,4,0,1749
BRDA:99,4,1,0
BRF:10
BRH:5
end_of_record
TN:
SF:/Users/danpastori/Development/amplitude.dev/httpdocs/public/src/soundcloud/soundcloud.js
FN:20,(anonymous_0)
FN:35,loadSoundCloud
FN:68,initSoundcloud
FN:95,getStreamableURLs
FN:123,resolveStreamable
FN:124,(anonymous_5)
FNF:6
FNH:1
FNDA:31,(anonymous_0)
FNDA:0,loadSoundCloud
FNDA:0,initSoundcloud
FNDA:0,getStreamableURLs
FNDA:0,resolveStreamable
FNDA:0,(anonymous_5)
DA:20,31
DA:25,31
DA:40,0
DA:45,0
DA:46,0
DA:48,0
DA:53,0
DA:54,0
DA:55,0
DA:60,0
DA:74,0
DA:84,0
DA:99,0
DA:101,0
DA:107,0
DA:108,0
DA:109,0
DA:124,0
DA:130,0
DA:131,0
DA:138,0
DA:139,0
DA:147,0
DA:154,0
DA:164,0
DA:170,0
DA:171,0
DA:179,31
LF:28
LH:3
BRDA:107,0,0,0
BRDA:107,0,1,0
BRDA:130,1,0,0
BRDA:130,1,1,0
BRDA:138,2,0,0
BRDA:138,2,1,0
BRDA:170,3,0,0
BRDA:170,3,1,0
BRF:8
BRH:0
end_of_record
TN:
SF:/Users/danpastori/Development/amplitude.dev/httpdocs/public/src/utilities/audioNavigation.js
FN:25,(anonymous_0)
FN:33,setNext
FN:143,setNextPlaylist
FN:253,setPrevious
FN:329,setPreviousPlaylist
FN:413,changeSong
FN:441,changeSongPlaylist
FN:469,prepareSongChange
FN:496,afterSongChange
FN:513,setActivePlaylist
FNF:10
FNH:10
FNDA:31,(anonymous_0)
FNDA:5,setNext
FNDA:6,setNextPlaylist
FNDA:6,setPrevious
FNDA:7,setPreviousPlaylist
FNDA:180,changeSong
FNDA:30,changeSongPlaylist
FNDA:210,prepareSongChange
FNDA:210,afterSongChange
FNDA:32,setActivePlaylist
DA:25,31
DA:38,5
DA:39,5
DA:44,5
DA:50,5
DA:54,1
DA:55,0
DA:56,0
DA:58,1
DA:59,1
DA:66,4
DA:72,2
DA:76,2
DA:78,0
DA:79,0
DA:82,2
DA:89,2
DA:90,2
DA:92,0
DA:93,0
DA:99,2
DA:106,5
DA:111,5
DA:116,5
DA:117,5
DA:125,5
DA:126,5
DA:131,5
DA:132,1
DA:147,6
DA:148,6
DA:153,6
DA:158,6
DA:162,1
DA:163,0
DA:164,0
DA:166,1
DA:167,1
DA:173,5
DA:178,2
DA:185,2
DA:187,0
DA:188,0
DA:191,2
DA:197,3
DA:201,3
DA:203,0
DA:204,0
DA:210,3
DA:217,6
DA:222,6
DA:227,6
DA:229,6
DA:230,6
DA:237,6
DA:238,6
DA:243,6
DA:244,1
DA:257,6
DA:258,6
DA:263,6
DA:267,1
DA:268,0
DA:269,0
DA:271,1
DA:272,1
DA:279,5
DA:280,0
DA:282,5
DA:288,5
DA:292,2
DA:297,3
DA:303,6
DA:305,6
DA:311,6
DA:312,6
DA:317,6
DA:318,1
DA:333,7
DA:334,7
DA:339,7
DA:343,1
DA:344,0
DA:345,0
DA:347,1
DA:348,1
DA:355,6
DA:356,1
DA:358,5
DA:364,6
DA:368,2
DA:373,4
DA:380,7
DA:385,7
DA:390,7
DA:395,7
DA:396,7
DA:401,7
DA:402,1
DA:417,180
DA:422,180
DA:423,180
DA:424,180
DA:425,180
DA:430,180
DA:445,30
DA:450,30
DA:451,30
DA:452,30
DA:453,30
DA:455,30
DA:460,30
DA:473,210
DA:478,210
DA:479,210
DA:480,210
DA:481,210
DA:486,210
DA:487,210
DA:497,210
DA:498,210
DA:499,210
DA:504,210
DA:518,32
DA:519,19
DA:524,19
DA:526,19
DA:527,17
DA:535,31
LF:129
LH:112
BRDA:33,0,0,5
BRDA:50,1,0,1
BRDA:50,1,1,4
BRDA:54,2,0,0
BRDA:54,2,1,1
BRDA:66,3,0,2
BRDA:66,3,1,2
BRDA:72,4,0,2
BRDA:72,4,1,0
BRDA:89,5,0,2
BRDA:89,5,1,0
BRDA:111,6,0,0
BRDA:111,6,1,5
BRDA:111,7,0,5
BRDA:111,7,1,0
BRDA:116,8,0,5
BRDA:116,8,1,0
BRDA:116,9,0,5
BRDA:116,9,1,0
BRDA:116,9,2,0
BRDA:131,10,0,1
BRDA:131,10,1,4
BRDA:143,11,0,6
BRDA:158,12,0,1
BRDA:158,12,1,5
BRDA:162,13,0,0
BRDA:162,13,1,1
BRDA:173,14,0,2
BRDA:173,14,1,3
BRDA:178,15,0,2
BRDA:178,15,1,0
BRDA:197,16,0,3
BRDA:197,16,1,0
BRDA:227,17,0,0
BRDA:227,17,1,6
BRDA:227,18,0,6
BRDA:227,18,1,0
BRDA:229,19,0,6
BRDA:229,19,1,0
BRDA:229,20,0,6
BRDA:229,20,1,0
BRDA:229,20,2,0
BRDA:243,21,0,1
BRDA:243,21,1,5
BRDA:263,22,0,1
BRDA:263,22,1,5
BRDA:267,23,0,0
BRDA:267,23,1,1
BRDA:279,24,0,0
BRDA:279,24,1,5
BRDA:288,25,0,2
BRDA:288,25,1,3
BRDA:317,26,0,1
BRDA:317,26,1,5
BRDA:339,27,0,1
BRDA:339,27,1,6
BRDA:343,28,0,0
BRDA:343,28,1,1
BRDA:355,29,0,1
BRDA:355,29,1,5
BRDA:364,30,0,2
BRDA:364,30,1,4
BRDA:401,31,0,1
BRDA:401,31,1,6
BRDA:486,32,0,210
BRDA:486,32,1,0
BRDA:518,33,0,19
BRDA:518,33,1,13
BRDA:526,34,0,17
BRDA:526,34,1,2
BRF:70
BRH:50
end_of_record
TN:
SF:/Users/danpastori/Development/amplitude.dev/httpdocs/public/src/utilities/callbacks.js
FN:18,(anonymous_0)
FN:19,initialize
FN:24,(anonymous_2)
FN:32,(anonymous_3)
FN:40,(anonymous_4)
FN:48,(anonymous_5)
FN:56,(anonymous_6)
FN:64,(anonymous_7)
FN:72,(anonymous_8)
FN:80,(anonymous_9)
FN:88,(anonymous_10)
FN:96,(anonymous_11)
FN:104,(anonymous_12)
FN:112,(anonymous_13)
FN:120,(anonymous_14)
FN:128,(anonymous_15)
FN:136,(anonymous_16)
FN:144,(anonymous_17)
FN:152,(anonymous_18)
FN:160,(anonymous_19)
FN:168,(anonymous_20)
FN:176,(anonymous_21)
FN:184,(anonymous_22)
FN:197,run
FNF:24
FNH:3
FNDA:31,(anonymous_0)
FNDA:159,initialize
FNDA:0,(anonymous_2)
FNDA:0,(anonymous_3)
FNDA:0,(anonymous_4)
FNDA:0,(anonymous_5)
FNDA:0,(anonymous_6)
FNDA:0,(anonymous_7)
FNDA:0,(anonymous_8)
FNDA:0,(anonymous_9)
FNDA:0,(anonymous_10)
FNDA:0,(anonymous_11)
FNDA:0,(anonymous_12)
FNDA:0,(anonymous_13)
FNDA:0,(anonymous_14)
FNDA:0,(anonymous_15)
FNDA:0,(anonymous_16)
FNDA:0,(anonymous_17)
FNDA:0,(anonymous_18)
FNDA:0,(anonymous_19)
FNDA:0,(anonymous_20)
FNDA:0,(anonymous_21)
FNDA:0,(anonymous_22)
FNDA:853,run
DA:18,31
DA:24,159
DA:25,0
DA:32,159
DA:33,0
DA:40,159
DA:41,0
DA:48,159
DA:49,0
DA:56,159
DA:57,0
DA:64,159
DA:65,0
DA:72,159
DA:73,0
DA:80,159
DA:81,0
DA:88,159
DA:89,0
DA:96,159
DA:97,0
DA:104,159
DA:105,0
DA:112,159
DA:113,0
DA:120,159
DA:121,0
DA:128,159
DA:129,0
DA:136,159
DA:137,0
DA:144,159
DA:145,0
DA:152,159
DA:153,0
DA:160,159
DA:161,0
DA:168,159
DA:169,0
DA:176,159
DA:177,0
DA:184,159
DA:185,0
DA:202,853
DA:206,0
DA:211,0
DA:216,0
DA:217,0
DA:219,0
DA:220,0
DA:222,0
DA:228,31
LF:52
LH:24
BRDA:202,0,0,0
BRDA:202,0,1,853
BRDA:219,1,0,0
BRDA:219,1,1,0
BRF:4
BRH:1
end_of_record
TN:
SF:/Users/danpastori/Development/amplitude.dev/httpdocs/public/src/utilities/checks.js
FN:12,(anonymous_0)
FN:25,newSong
FN:70,newAlbum
FN:87,newPlaylist
FN:104,isURL
FN:122,isInt
FNF:6
FNH:6
FNDA:31,(anonymous_0)
FNDA:31,newSong
FNDA:212,newAlbum
FNDA:35,newPlaylist
FNDA:2,isURL
FNDA:3500,isInt
DA:12,31
DA:29,31
DA:30,0
DA:35,31
DA:39,14
DA:40,8
DA:42,6
DA:49,17
DA:53,1
DA:55,16
DA:71,212
DA:72,211
DA:74,1
DA:88,35
DA:89,20
DA:91,15
DA:108,2
DA:110,2
DA:123,3500
DA:131,31
LF:20
LH:19
BRDA:29,0,0,0
BRDA:29,0,1,31
BRDA:35,1,0,14
BRDA:35,1,1,17
BRDA:35,2,0,31
BRDA:35,2,1,14
BRDA:39,3,0,8
BRDA:39,3,1,6
BRDA:49,4,0,1
BRDA:49,4,1,16
BRDA:50,5,0,17
BRDA:50,5,1,17
BRDA:71,6,0,211
BRDA:71,6,1,1
BRDA:88,7,0,20
BRDA:88,7,1,15
BRDA:124,8,0,3500
BRDA:124,8,1,1750
BRDA:124,8,2,1750
BRF:19
BRH:18
end_of_record
TN:
SF:/Users/danpastori/Development/amplitude.dev/httpdocs/public/src/utilities/configState.js
FN:3,(anonymous_0)
FN:12,resetConfig
FN:43,setPlayerState
FNF:3
FNH:3
FNDA:31,(anonymous_0)
FNDA:160,resetConfig
FNDA:50,setPlayerState
DA:3,31
DA:13,160
DA:14,160
DA:15,160
DA:16,160
DA:17,160
DA:18,160
DA:19,160
DA:20,160
DA:21,160
DA:22,160
DA:23,160
DA:24,160
DA:25,160
DA:26,160
DA:27,160
DA:28,160
DA:29,160
DA:30,160
DA:31,160
DA:32,160
DA:33,160
DA:34,160
DA:35,160
DA:36,160
DA:37,160
DA:38,160
DA:39,160
DA:40,160
DA:44,50
DA:45,8
DA:48,50
DA:49,7
DA:52,50
DA:53,35
DA:60,31
LF:36
LH:36
BRDA:44,0,0,8
BRDA:44,0,1,42
BRDA:44,1,0,50
BRDA:44,1,1,15
BRDA:48,2,0,7
BRDA:48,2,1,43
BRDA:48,3,0,50
BRDA:48,3,1,15
BRDA:52,4,0,35
BRDA:52,4,1,15
BRF:10
BRH:10
end_of_record
TN:
SF:/Users/danpastori/Development/amplitude.dev/httpdocs/public/src/utilities/debug.js
FN:7,(anonymous_0)
FN:16,writeMessage
FNF:2
FNH:2
FNDA:31,(anonymous_0)
FNDA:797,writeMessage
DA:7,31
DA:21,797
DA:22,0
DA:29,31
LF:4
LH:3
BRDA:21,0,0,0
BRDA:21,0,1,797
BRF:2
BRH:1
end_of_record
TN:
SF:/Users/danpastori/Development/amplitude.dev/httpdocs/public/src/utilities/repeater.js
FN:16,(anonymous_0)
FN:23,setRepeat
FN:37,setRepeatPlaylist
FN:50,setRepeatSong
FNF:4
FNH:4
FNDA:31,(anonymous_0)
FNDA:7,setRepeat
FNDA:7,setRepeatPlaylist
FNDA:7,setRepeatSong
DA:16,31
DA:27,7
DA:41,7
DA:51,7
DA:57,31
LF:5
LH:5
BRF:0
BRH:0
end_of_record
TN:
SF:/Users/danpastori/Development/amplitude.dev/httpdocs/public/src/utilities/shuffler.js
FN:17,(anonymous_0)
FN:24,setShuffle
FN:39,toggleShuffle
FN:60,setShufflePlaylist
FN:76,toggleShufflePlaylist
FN:98,shuffleSongs
FN:134,shufflePlaylistSongs
FN:172,shuffleSwap
FNF:8
FNH:8
FNDA:31,(anonymous_0)
FNDA:9,setShuffle
FNDA:6,toggleShuffle
FNDA:9,setShufflePlaylist
FNDA:6,toggleShufflePlaylist
FNDA:12,shuffleSongs
FNDA:12,shufflePlaylistSongs
FNDA:171,shuffleSwap
DA:17,31
DA:25,9
DA:27,9
DA:28,8
DA:30,1
DA:44,6
DA:45,3
DA:46,3
DA:48,3
DA:49,3
DA:61,9
DA:63,9
DA:64,8
DA:66,1
DA:81,6
DA:82,3
DA:83,3
DA:85,3
DA:86,3
DA:102,12
DA:107,12
DA:108,132
DA:115,12
DA:116,120
DA:117,120
DA:123,12
DA:138,12
DA:143,12
DA:144,63
DA:151,12
DA:152,51
DA:155,51
DA:161,12
DA:173,171
DA:174,171
DA:175,171
DA:181,31
LF:37
LH:37
BRDA:27,0,0,8
BRDA:27,0,1,1
BRDA:44,1,0,3
BRDA:44,1,1,3
BRDA:63,2,0,8
BRDA:63,2,1,1
BRDA:81,3,0,3
BRDA:81,3,1,3
BRF:8
BRH:8
end_of_record
TN:
SF:/Users/danpastori/Development/amplitude.dev/httpdocs/public/src/utilities/time.js
FN:11,(anonymous_0)
FN:18,computeCurrentTimes
FN:81,computeSongDuration
FN:147,computeSongCompletionPercentage
FN:156,setCurrentTime
FNF:5
FNH:5
FNDA:31,(anonymous_0)
FNDA:3,computeCurrentTimes
FNDA:3,computeSongDuration
FNDA:1,computeSongCompletionPercentage
FNDA:1,setCurrentTime
DA:11,31
DA:22,3
DA:28,3
DA:34,3
DA:39,3
DA:44,3
DA:45,2
DA:52,3
DA:53,1
DA:54,1
DA:60,1
DA:61,1
DA:68,3
DA:69,3
DA:70,3
DA:72,3
DA:85,3
DA:91,3
DA:97,3
DA:102,3
DA:107,3
DA:108,2
DA:115,3
DA:116,1
DA:117,1
DA:123,1
DA:124,1
DA:131,3
DA:134,3
DA:137,3
DA:139,3
DA:148,1
DA:160,1
DA:164,1
DA:165,1
DA:173,31
LF:36
LH:36
BRDA:28,0,0,2
BRDA:28,0,1,1
BRDA:44,1,0,2
BRDA:44,1,1,1
BRDA:52,2,0,1
BRDA:52,2,1,2
BRDA:60,3,0,1
BRDA:60,3,1,0
BRDA:91,4,0,2
BRDA:91,4,1,1
BRDA:107,5,0,2
BRDA:107,5,1,1
BRDA:115,6,0,1
BRDA:115,6,1,2
BRDA:123,7,0,1
BRDA:123,7,1,0
BRDA:131,8,0,0
BRDA:131,8,1,3
BRDA:134,9,0,0
BRDA:134,9,1,3
BRDA:137,10,0,0
BRDA:137,10,1,3
BRDA:160,11,0,1
BRDA:160,11,1,0
BRDA:164,12,0,1
BRDA:164,12,1,0
BRF:26
BRH:19
end_of_record
TN:
SF:/Users/danpastori/Development/amplitude.dev/httpdocs/public/src/visual/bufferedProgressElements.js
FN:12,(anonymous_0)
FN:18,sync
FN:25,syncGlobal
FN:53,syncPlaylist
FN:80,syncSong
FN:107,syncSongInPlaylist
FN:140,reset
FNF:7
FNH:1
FNDA:31,(anonymous_0)
FNDA:0,sync
FNDA:0,syncGlobal
FNDA:0,syncPlaylist
FNDA:0,syncSong
FNDA:0,syncSongInPlaylist
FNDA:0,reset
DA:12,31
DA:19,0
DA:20,0
DA:21,0
DA:22,0
DA:29,0
DA:37,0
DA:38,0
DA:41,0
DA:45,0
DA:46,0
DA:57,0
DA:67,0
DA:68,0
DA:72,0
DA:73,0
DA:84,0
DA:94,0
DA:95,0
DA:99,0
DA:100,0
DA:109,0
DA:116,0
DA:128,0
DA:129,0
DA:144,0
DA:152,0
DA:153,0
DA:160,31
LF:29
LH:2
BRDA:45,0,0,0
BRDA:45,0,1,0
BRDA:45,1,0,0
BRDA:45,1,1,0
BRDA:72,2,0,0
BRDA:72,2,1,0
BRDA:99,3,0,0
BRDA:99,3,1,0
BRDA:109,4,0,0
BRDA:109,4,1,0
BRDA:109,5,0,0
BRDA:109,5,1,0
BRF:12
BRH:0
end_of_record
TN:
SF:/Users/danpastori/Development/amplitude.dev/httpdocs/public/src/visual/containerElements.js
FN:3,(anonymous_0)
FN:11,setActive
FNF:2
FNH:2
FNDA:31,(anonymous_0)
FNDA:210,setActive
DA:3,31
DA:12,210
DA:19,210
DA:20,12
DA:27,210
DA:28,180
DA:35,180
DA:41,180
DA:42,3
DA:43,1
DA:49,30
DA:53,30
DA:62,30
DA:70,30
DA:71,1
DA:77,31
LF:16
LH:16
BRDA:27,0,0,180
BRDA:27,0,1,30
BRDA:27,1,0,210
BRDA:27,1,1,210
BRDA:28,2,0,180
BRDA:28,2,1,0
BRDA:42,3,0,1
BRDA:42,3,1,2
BRDA:49,4,0,30
BRDA:49,4,1,0
BRDA:49,5,0,30
BRDA:49,5,1,30
BRDA:53,6,0,30
BRDA:53,6,1,0
BRF:14
BRH:11
end_of_record
TN:
SF:/Users/danpastori/Development/amplitude.dev/httpdocs/public/src/visual/metaDataElements.js
FN:14,(anonymous_0)
FN:23,displayMetaData
FN:110,displayPlaylistMetaData
FN:180,setFirstSongInPlaylist
FN:257,syncMetaData
FNF:5
FNH:5
FNDA:31,(anonymous_0)
FNDA:213,displayMetaData
FNDA:162,displayPlaylistMetaData
FNDA:477,setFirstSongInPlaylist
FNDA:161,syncMetaData
DA:14,31
DA:28,213
DA:37,213
DA:46,213
DA:51,2
DA:56,2
DA:59,2
DA:70,2
DA:80,0
DA:81,0
DA:82,0
DA:87,0
DA:96,0
DA:97,0
DA:98,0
DA:100,0
DA:103,0
DA:115,162
DA:120,162
DA:129,162
DA:134,0
DA:137,0
DA:141,0
DA:142,0
DA:143,0
DA:148,0
DA:157,0
DA:158,0
DA:159,0
DA:164,0
DA:167,0
DA:185,477
DA:194,477
DA:203,477
DA:208,0
DA:213,0
DA:221,0
DA:227,0
DA:228,0
DA:229,0
DA:231,0
DA:240,0
DA:241,0
DA:242,0
DA:244,0
DA:247,0
DA:262,161
DA:271,161
DA:280,161
DA:281,2
DA:284,2
DA:288,2
DA:289,2
DA:294,2
DA:299,2
DA:300,0
DA:305,2
DA:310,2
DA:311,0
DA:313,0
DA:314,0
DA:315,0
DA:320,0
DA:327,161
DA:333,31
LF:65
LH:27
BRDA:70,0,0,0
BRDA:70,0,1,2
BRDA:71,1,0,2
BRDA:71,1,1,0
BRDA:71,1,2,0
BRDA:71,1,3,0
BRDA:80,2,0,0
BRDA:80,2,1,0
BRDA:81,3,0,0
BRDA:81,3,1,0
BRDA:96,4,0,0
BRDA:96,4,1,0
BRDA:97,5,0,0
BRDA:97,5,1,0
BRDA:141,6,0,0
BRDA:141,6,1,0
BRDA:142,7,0,0
BRDA:142,7,1,0
BRDA:157,8,0,0
BRDA:157,8,1,0
BRDA:158,9,0,0
BRDA:158,9,1,0
BRDA:221,10,0,0
BRDA:221,10,1,0
BRDA:227,11,0,0
BRDA:227,11,1,0
BRDA:228,12,0,0
BRDA:228,12,1,0
BRDA:240,13,0,0
BRDA:240,13,1,0
BRDA:241,14,0,0
BRDA:241,14,1,0
BRDA:288,15,0,2
BRDA:288,15,1,0
BRDA:288,16,0,2
BRDA:288,16,1,2
BRDA:294,17,0,2
BRDA:294,17,1,0
BRDA:299,18,0,0
BRDA:299,18,1,2
BRDA:310,19,0,0
BRDA:310,19,1,2
BRDA:310,20,0,2
BRDA:310,20,1,2
BRDA:313,21,0,0
BRDA:313,21,1,0
BRDA:314,22,0,0
BRDA:314,22,1,0
BRF:48
BRH:10
end_of_record
TN:
SF:/Users/danpastori/Development/amplitude.dev/httpdocs/public/src/visual/muteElements.js
FN:1,(anonymous_0)
FN:9,setMuted
FNF:2
FNH:2
FNDA:31,(anonymous_0)
FNDA:191,setMuted
DA:1,31
DA:13,191
DA:20,191
DA:21,3
DA:22,2
DA:23,2
DA:25,1
DA:26,1
DA:31,31
LF:9
LH:9
BRDA:21,0,0,2
BRDA:21,0,1,1
BRF:2
BRH:2
end_of_record
TN:
SF:/Users/danpastori/Development/amplitude.dev/httpdocs/public/src/visual/playPauseElements.js
FN:11,(anonymous_0)
FN:17,sync
FN:29,syncGlobal
FN:82,syncPlaylist
FN:132,syncSong
FN:182,syncSongInPlaylist
FN:228,syncToPause
FN:249,setElementPlay
FN:261,setElementPause
FNF:9
FNH:9
FNDA:31,(anonymous_0)
FNDA:66,sync
FNDA:68,syncGlobal
FNDA:67,syncPlaylist
FNDA:68,syncSong
FNDA:66,syncSongInPlaylist
FNDA:370,syncToPause
FNDA:35,setElementPlay
FNDA:143,setElementPause
DA:11,31
DA:18,66
DA:19,66
DA:20,66
DA:21,66
DA:33,68
DA:38,68
DA:46,68
DA:50,80
DA:53,80
DA:60,80
DA:65,18
DA:67,10
DA:68,10
DA:70,8
DA:71,8
DA:83,67
DA:88,67
DA:97,67
DA:101,35
DA:110,35
DA:115,15
DA:117,8
DA:118,8
DA:120,7
DA:121,7
DA:133,68
DA:139,68
DA:148,68
DA:152,25
DA:159,25
DA:164,16
DA:166,9
DA:167,9
DA:169,7
DA:170,7
DA:183,66
DA:186,66
DA:195,66
DA:207,66
DA:212,14
DA:214,8
DA:215,8
DA:217,6
DA:218,6
DA:232,370
DA:237,370
DA:238,115
DA:250,35
DA:251,35
DA:262,143
DA:263,143
DA:269,31
LF:53
LH:53
BRDA:33,0,0,27
BRDA:33,0,1,41
BRDA:60,1,0,18
BRDA:60,1,1,62
BRDA:60,2,0,80
BRDA:60,2,1,44
BRDA:65,3,0,10
BRDA:65,3,1,8
BRDA:83,4,0,27
BRDA:83,4,1,40
BRDA:110,5,0,15
BRDA:110,5,1,20
BRDA:115,6,0,8
BRDA:115,6,1,7
BRDA:133,7,0,27
BRDA:133,7,1,41
BRDA:159,8,0,16
BRDA:159,8,1,9
BRDA:164,9,0,9
BRDA:164,9,1,7
BRDA:183,10,0,27
BRDA:183,10,1,39
BRDA:186,11,0,35
BRDA:186,11,1,31
BRDA:186,12,0,66
BRDA:186,12,1,66
BRDA:212,13,0,8
BRDA:212,13,1,6
BRF:28
BRH:28
end_of_record
TN:
SF:/Users/danpastori/Development/amplitude.dev/httpdocs/public/src/visual/playbackSpeedElements.js
FN:11,(anonymous_0)
FN:19,sync
FNF:2
FNH:2
FNDA:31,(anonymous_0)
FNDA:168,sync
DA:11,31
DA:23,168
DA:31,168
DA:35,13
DA:36,13
DA:37,13
DA:43,13
DA:45,6
DA:46,6
DA:48,4
DA:49,4
DA:51,3
DA:52,3
DA:60,31
LF:14
LH:14
BRDA:43,0,0,6
BRDA:43,0,1,4
BRDA:43,0,2,3
BRF:3
BRH:3
end_of_record
TN:
SF:/Users/danpastori/Development/amplitude.dev/httpdocs/public/src/visual/repeatElements.js
FN:7,(anonymous_0)
FN:14,syncRepeat
FN:42,syncRepeatPlaylist
FN:82,syncRepeatSong
FNF:4
FNH:4
FNDA:31,(anonymous_0)
FNDA:5,syncRepeat
FNDA:5,syncRepeatPlaylist
FNDA:164,syncRepeatSong
DA:7,31
DA:18,5
DA:26,5
DA:27,8
DA:28,4
DA:29,4
DA:31,4
DA:32,4
DA:46,5
DA:51,5
DA:56,8
DA:65,4
DA:66,2
DA:67,2
DA:69,2
DA:70,2
DA:86,164
DA:96,164
DA:97,8
DA:98,2
DA:99,2
DA:101,6
DA:102,6
DA:107,31
LF:24
LH:24
BRDA:27,0,0,4
BRDA:27,0,1,4
BRDA:56,1,0,4
BRDA:56,1,1,4
BRDA:65,2,0,2
BRDA:65,2,1,2
BRDA:97,3,0,2
BRDA:97,3,1,6
BRF:8
BRH:8
end_of_record
TN:
SF:/Users/danpastori/Development/amplitude.dev/httpdocs/public/src/visual/shuffleElements.js
FN:11,(anonymous_0)
FN:17,syncMain
FN:55,syncPlaylist
FNF:3
FNH:3
FNDA:31,(anonymous_0)
FNDA:177,syncMain
FNDA:11,syncPlaylist
DA:11,31
DA:21,177
DA:26,177
DA:31,16
DA:38,8
DA:39,2
DA:40,2
DA:42,6
DA:43,6
DA:59,11
DA:66,11
DA:73,4
DA:74,2
DA:75,2
DA:77,2
DA:78,2
DA:86,31
LF:17
LH:17
BRDA:31,0,0,8
BRDA:31,0,1,8
BRDA:38,1,0,2
BRDA:38,1,1,6
BRDA:73,2,0,2
BRDA:73,2,1,2
BRF:6
BRH:6
end_of_record
TN:
SF:/Users/danpastori/Development/amplitude.dev/httpdocs/public/src/visual/songPlayedProgressElements.js
FN:3,(anonymous_0)
FN:10,sync
FN:24,syncGlobal
FN:60,syncPlaylist
FN:95,syncSong
FN:132,syncSongInPlaylist
FN:175,resetElements
FNF:7
FNH:2
FNDA:31,(anonymous_0)
FNDA:0,sync
FNDA:0,syncGlobal
FNDA:0,syncPlaylist
FNDA:0,syncSong
FNDA:0,syncSongInPlaylist
FNDA:211,resetElements
DA:3,31
DA:11,0
DA:12,0
DA:13,0
DA:14,0
DA:28,0
DA:32,0
DA:36,0
DA:37,0
DA:40,0
DA:44,0
DA:45,0
DA:47,0
DA:64,0
DA:68,0
DA:74,0
DA:75,0
DA:79,0
DA:80,0
DA:82,0
DA:96,0
DA:100,0
DA:104,0
DA:110,0
DA:111,0
DA:115,0
DA:116,0
DA:118,0
DA:136,0
DA:138,0
DA:145,0
DA:153,0
DA:154,0
DA:157,0
DA:161,0
DA:162,0
DA:164,0
DA:176,211
DA:180,211
DA:181,0
DA:185,31
LF:41
LH:4
BRDA:28,0,0,0
BRDA:28,0,1,0
BRDA:44,1,0,0
BRDA:44,1,1,0
BRDA:44,2,0,0
BRDA:44,2,1,0
BRDA:64,3,0,0
BRDA:64,3,1,0
BRDA:79,4,0,0
BRDA:79,4,1,0
BRDA:96,5,0,0
BRDA:96,5,1,0
BRDA:100,6,0,0
BRDA:100,6,1,0
BRDA:115,7,0,0
BRDA:115,7,1,0
BRDA:136,8,0,0
BRDA:136,8,1,0
BRDA:138,9,0,0
BRDA:138,9,1,0
BRDA:138,10,0,0
BRDA:138,10,1,0
BRDA:161,11,0,0
BRDA:161,11,1,0
BRDA:161,12,0,0
BRDA:161,12,1,0
BRF:26
BRH:0
end_of_record
TN:
SF:/Users/danpastori/Development/amplitude.dev/httpdocs/public/src/visual/songSliderElements.js
FN:10,(anonymous_0)
FN:19,sync
FN:32,syncMain
FN:72,syncPlaylist
FN:118,syncSong
FN:169,syncSongInPlaylist
FN:206,resetElements
FNF:7
FNH:7
FNDA:31,(anonymous_0)
FNDA:3,sync
FNDA:3,syncMain
FNDA:3,syncPlaylist
FNDA:3,syncSong
FNDA:3,syncSongInPlaylist
FNDA:211,resetElements
DA:10,31
DA:20,3
DA:21,3
DA:22,3
DA:23,3
DA:36,3
DA:41,3
DA:47,3
DA:51,12
DA:52,12
DA:59,12
DA:60,3
DA:76,3
DA:81,3
DA:89,3
DA:93,6
DA:96,6
DA:105,6
DA:106,3
DA:122,3
DA:126,2
DA:131,2
DA:139,2
DA:143,2
DA:146,2
DA:155,2
DA:156,1
DA:173,3
DA:176,3
DA:183,3
DA:195,3
DA:196,3
DA:207,211
DA:213,211
DA:214,20
DA:221,31
LF:36
LH:36
BRDA:36,0,0,3
BRDA:36,0,1,0
BRDA:59,1,0,3
BRDA:59,1,1,9
BRDA:59,2,0,12
BRDA:59,2,1,6
BRDA:76,3,0,3
BRDA:76,3,1,0
BRDA:105,4,0,3
BRDA:105,4,1,3
BRDA:105,5,0,6
BRDA:105,5,1,6
BRDA:122,6,0,2
BRDA:122,6,1,1
BRDA:126,7,0,2
BRDA:126,7,1,0
BRDA:155,8,0,1
BRDA:155,8,1,1
BRDA:155,9,0,2
BRDA:155,9,1,1
BRDA:173,10,0,3
BRDA:173,10,1,0
BRDA:176,11,0,1
BRDA:176,11,1,2
BRDA:176,12,0,3
BRDA:176,12,1,3
BRF:26
BRH:22
end_of_record
TN:
SF:/Users/danpastori/Development/amplitude.dev/httpdocs/public/src/visual/timeElements.js
FN:60,(anonymous_0)
FN:61,resetCurrentTimes
FN:68,syncCurrentTimes
FN:75,resetDurationTimes
FN:83,syncDurationTimes
FNF:5
FNH:3
FNDA:31,(anonymous_0)
FNDA:370,resetCurrentTimes
FNDA:0,syncCurrentTimes
FNDA:211,resetDurationTimes
FNDA:0,syncDurationTimes
DA:60,31
DA:62,370
DA:63,370
DA:64,370
DA:65,370
DA:69,0
DA:70,0
DA:71,0
DA:72,0
DA:76,211
DA:77,211
DA:78,211
DA:79,211
DA:80,211
DA:84,0
DA:85,0
DA:86,0
DA:87,0
DA:88,0
DA:91,31
LF:20
LH:11
BRF:0
BRH:0
end_of_record
TN:
SF:/Users/danpastori/Development/amplitude.dev/httpdocs/public/src/visual/volumeSliderElements.js
FN:7,(anonymous_0)
FN:14,sync
FNF:2
FNH:2
FNDA:31,(anonymous_0)
FNDA:191,sync
DA:7,31
DA:15,191
DA:23,191
DA:24,2
DA:31,31
LF:5
LH:5
BRF:0
BRH:0
end_of_record
TN:
SF:/Users/danpastori/Development/amplitude.dev/httpdocs/public/src/visual/time/currentHourElements.js
FN:7,(anonymous_0)
FN:8,sync
FN:21,syncGlobal
FN:49,syncPlaylist
FN:76,syncSong
FN:105,syncSongInPlaylist
FN:129,resetTimes
FNF:7
FNH:2
FNDA:31,(anonymous_0)
FNDA:0,sync
FNDA:0,syncGlobal
FNDA:0,syncPlaylist
FNDA:0,syncSong
FNDA:0,syncSongInPlaylist
FNDA:370,resetTimes
DA:7,31
DA:9,0
DA:10,0
DA:11,0
DA:12,0
DA:25,0
DA:32,0
DA:33,0
DA:36,0
DA:43,0
DA:44,0
DA:53,0
DA:62,0
DA:63,0
DA:70,0
DA:71,0
DA:77,0
DA:81,0
DA:90,0
DA:91,0
DA:98,0
DA:99,0
DA:107,0
DA:113,0
DA:124,0
DA:125,0
DA:133,370
DA:139,370
DA:140,0
DA:144,31
LF:30
LH:4
BRDA:43,0,0,0
BRDA:43,0,1,0
BRDA:43,1,0,0
BRDA:43,1,1,0
BRDA:70,2,0,0
BRDA:70,2,1,0
BRDA:77,3,0,0
BRDA:77,3,1,0
BRDA:98,4,0,0
BRDA:98,4,1,0
BRDA:107,5,0,0
BRDA:107,5,1,0
BRDA:107,6,0,0
BRDA:107,6,1,0
BRF:14
BRH:0
end_of_record
TN:
SF:/Users/danpastori/Development/amplitude.dev/httpdocs/public/src/visual/time/currentMinuteElements.js
FN:7,(anonymous_0)
FN:8,sync
FN:15,syncGlobal
FN:43,syncPlaylist
FN:70,syncSong
FN:99,syncSongInPlaylist
FN:124,resetTimes
FNF:7
FNH:2
FNDA:31,(anonymous_0)
FNDA:0,sync
FNDA:0,syncGlobal
FNDA:0,syncPlaylist
FNDA:0,syncSong
FNDA:0,syncSongInPlaylist
FNDA:370,resetTimes
DA:7,31
DA:9,0
DA:10,0
DA:11,0
DA:12,0
DA:19,0
DA:26,0
DA:27,0
DA:30,0
DA:37,0
DA:38,0
DA:47,0
DA:56,0
DA:57,0
DA:64,0
DA:65,0
DA:71,0
DA:75,0
DA:84,0
DA:85,0
DA:92,0
DA:93,0
DA:101,0
DA:108,0
DA:119,0
DA:120,0
DA:128,370
DA:136,370
DA:137,0
DA:141,31
LF:30
LH:4
BRDA:37,0,0,0
BRDA:37,0,1,0
BRDA:37,1,0,0
BRDA:37,1,1,0
BRDA:64,2,0,0
BRDA:64,2,1,0
BRDA:71,3,0,0
BRDA:71,3,1,0
BRDA:92,4,0,0
BRDA:92,4,1,0
BRDA:101,5,0,0
BRDA:101,5,1,0
BRDA:101,6,0,0
BRDA:101,6,1,0
BRF:14
BRH:0
end_of_record
TN:
SF:/Users/danpastori/Development/amplitude.dev/httpdocs/public/src/visual/time/currentSecondElements.js
FN:7,(anonymous_0)
FN:8,sync
FN:15,syncGlobal
FN:43,syncPlaylist
FN:70,syncSong
FN:99,syncSongInPlaylist
FN:123,resetTimes
FNF:7
FNH:2
FNDA:31,(anonymous_0)
FNDA:0,sync
FNDA:0,syncGlobal
FNDA:0,syncPlaylist
FNDA:0,syncSong
FNDA:0,syncSongInPlaylist
FNDA:370,resetTimes
DA:7,31
DA:9,0
DA:10,0
DA:11,0
DA:12,0
DA:19,0
DA:26,0
DA:27,0
DA:30,0
DA:37,0
DA:38,0
DA:47,0
DA:56,0
DA:57,0
DA:64,0
DA:65,0
DA:71,0
DA:75,0
DA:84,0
DA:85,0
DA:92,0
DA:93,0
DA:101,0
DA:107,0
DA:118,0
DA:119,0
DA:127,370
DA:135,370
DA:136,0
DA:140,31
LF:30
LH:4
BRDA:37,0,0,0
BRDA:37,0,1,0
BRDA:37,1,0,0
BRDA:37,1,1,0
BRDA:64,2,0,0
BRDA:64,2,1,0
BRDA:71,3,0,0
BRDA:71,3,1,0
BRDA:92,4,0,0
BRDA:92,4,1,0
BRDA:101,5,0,0
BRDA:101,5,1,0
BRDA:101,6,0,0
BRDA:101,6,1,0
BRF:14
BRH:0
end_of_record
TN:
SF:/Users/danpastori/Development/amplitude.dev/httpdocs/public/src/visual/time/currentTimeElements.js
FN:13,(anonymous_0)
FN:21,sync
FN:38,syncGlobal
FN:77,syncPlaylist
FN:115,syncSong
FN:155,syncSongInPlaylist
FN:191,resetTimes
FNF:7
FNH:2
FNDA:31,(anonymous_0)
FNDA:0,sync
FNDA:0,syncGlobal
FNDA:0,syncPlaylist
FNDA:0,syncSong
FNDA:0,syncSongInPlaylist
FNDA:370,resetTimes
DA:13,31
DA:25,0
DA:26,0
DA:27,0
DA:28,0
DA:42,0
DA:50,0
DA:52,0
DA:53,0
DA:56,0
DA:57,0
DA:60,0
DA:64,0
DA:65,0
DA:81,0
DA:91,0
DA:93,0
DA:94,0
DA:97,0
DA:98,0
DA:102,0
DA:103,0
DA:116,0
DA:120,0
DA:130,0
DA:132,0
DA:133,0
DA:136,0
DA:137,0
DA:141,0
DA:142,0
DA:157,0
DA:163,0
DA:175,0
DA:177,0
DA:178,0
DA:181,0
DA:182,0
DA:195,370
DA:201,370
DA:202,0
DA:206,31
LF:42
LH:4
BRDA:52,0,0,0
BRDA:52,0,1,0
BRDA:64,1,0,0
BRDA:64,1,1,0
BRDA:64,2,0,0
BRDA:64,2,1,0
BRDA:93,3,0,0
BRDA:93,3,1,0
BRDA:102,4,0,0
BRDA:102,4,1,0
BRDA:116,5,0,0
BRDA:116,5,1,0
BRDA:132,6,0,0
BRDA:132,6,1,0
BRDA:141,7,0,0
BRDA:141,7,1,0
BRDA:157,8,0,0
BRDA:157,8,1,0
BRDA:157,9,0,0
BRDA:157,9,1,0
BRDA:177,10,0,0
BRDA:177,10,1,0
BRF:22
BRH:0
end_of_record
TN:
SF:/Users/danpastori/Development/amplitude.dev/httpdocs/public/src/visual/time/durationCountDownTimeElements.js
FN:7,(anonymous_0)
FN:8,sync
FN:17,syncGlobal
FN:36,syncPlaylist
FN:54,syncSong
FN:74,syncSongInPlaylist
FN:93,resetTimes
FN:103,computeTimeRemaining
FNF:8
FNH:2
FNDA:31,(anonymous_0)
FNDA:0,sync
FNDA:0,syncGlobal
FNDA:0,syncPlaylist
FNDA:0,syncSong
FNDA:0,syncSongInPlaylist
FNDA:211,resetTimes
FNDA:0,computeTimeRemaining
DA:7,31
DA:9,0
DA:11,0
DA:12,0
DA:13,0
DA:14,0
DA:18,0
DA:22,0
DA:23,0
DA:26,0
DA:30,0
DA:31,0
DA:37,0
DA:43,0
DA:44,0
DA:48,0
DA:49,0
DA:55,0
DA:56,0
DA:62,0
DA:63,0
DA:67,0
DA:68,0
DA:76,0
DA:80,0
DA:88,0
DA:89,0
DA:94,211
DA:98,211
DA:99,0
DA:104,0
DA:110,0
DA:114,0
DA:121,0
DA:126,0
DA:128,0
DA:129,0
DA:133,0
DA:137,0
DA:142,0
DA:143,0
DA:147,0
DA:150,31
LF:43
LH:4
BRDA:30,0,0,0
BRDA:30,0,1,0
BRDA:30,1,0,0
BRDA:30,1,1,0
BRDA:48,2,0,0
BRDA:48,2,1,0
BRDA:55,3,0,0
BRDA:55,3,1,0
BRDA:67,4,0,0
BRDA:67,4,1,0
BRDA:76,5,0,0
BRDA:76,5,1,0
BRDA:76,6,0,0
BRDA:76,6,1,0
BRDA:121,7,0,0
BRDA:121,7,1,0
BRDA:121,8,0,0
BRDA:121,8,1,0
BRDA:138,9,0,0
BRDA:138,9,1,0
BRDA:140,10,0,0
BRDA:140,10,1,0
BRDA:142,11,0,0
BRDA:142,11,1,0
BRF:24
BRH:0
end_of_record
TN:
SF:/Users/danpastori/Development/amplitude.dev/httpdocs/public/src/visual/time/durationHourElements.js
FN:7,(anonymous_0)
FN:8,sync
FN:15,syncGlobal
FN:34,syncPlaylist
FN:52,syncSong
FN:72,syncSongInPlaylist
FN:91,resetTimes
FNF:7
FNH:2
FNDA:31,(anonymous_0)
FNDA:0,sync
FNDA:0,syncGlobal
FNDA:0,syncPlaylist
FNDA:0,syncSong
FNDA:0,syncSongInPlaylist
FNDA:211,resetTimes
DA:7,31
DA:9,0
DA:10,0
DA:11,0
DA:12,0
DA:16,0
DA:20,0
DA:21,0
DA:24,0
DA:28,0
DA:29,0
DA:35,0
DA:41,0
DA:42,0
DA:46,0
DA:47,0
DA:53,0
DA:54,0
DA:60,0
DA:61,0
DA:65,0
DA:66,0
DA:74,0
DA:78,0
DA:86,0
DA:87,0
DA:92,211
DA:96,211
DA:97,0
DA:101,31
LF:30
LH:4
BRDA:28,0,0,0
BRDA:28,0,1,0
BRDA:28,1,0,0
BRDA:28,1,1,0
BRDA:46,2,0,0
BRDA:46,2,1,0
BRDA:53,3,0,0
BRDA:53,3,1,0
BRDA:65,4,0,0
BRDA:65,4,1,0
BRDA:74,5,0,0
BRDA:74,5,1,0
BRDA:74,6,0,0
BRDA:74,6,1,0
BRF:14
BRH:0
end_of_record
TN:
SF:/Users/danpastori/Development/amplitude.dev/httpdocs/public/src/visual/time/durationMinuteElements.js
FN:7,(anonymous_0)
FN:8,sync
FN:15,syncGlobal
FN:34,syncPlaylist
FN:52,syncSong
FN:72,syncSongInPlaylist
FN:91,resetTimes
FNF:7
FNH:2
FNDA:31,(anonymous_0)
FNDA:0,sync
FNDA:0,syncGlobal
FNDA:0,syncPlaylist
FNDA:0,syncSong
FNDA:0,syncSongInPlaylist
FNDA:211,resetTimes
DA:7,31
DA:9,0
DA:10,0
DA:11,0
DA:12,0
DA:16,0
DA:20,0
DA:21,0
DA:24,0
DA:28,0
DA:29,0
DA:35,0
DA:41,0
DA:42,0
DA:46,0
DA:47,0
DA:53,0
DA:54,0
DA:60,0
DA:61,0
DA:65,0
DA:66,0
DA:74,0
DA:78,0
DA:86,0
DA:87,0
DA:92,211
DA:96,211
DA:97,0
DA:101,31
LF:30
LH:4
BRDA:28,0,0,0
BRDA:28,0,1,0
BRDA:28,1,0,0
BRDA:28,1,1,0
BRDA:46,2,0,0
BRDA:46,2,1,0
BRDA:53,3,0,0
BRDA:53,3,1,0
BRDA:65,4,0,0
BRDA:65,4,1,0
BRDA:74,5,0,0
BRDA:74,5,1,0
BRDA:74,6,0,0
BRDA:74,6,1,0
BRF:14
BRH:0
end_of_record
TN:
SF:/Users/danpastori/Development/amplitude.dev/httpdocs/public/src/visual/time/durationSecondElements.js
FN:7,(anonymous_0)
FN:8,sync
FN:15,syncGlobal
FN:34,syncPlaylist
FN:52,syncSong
FN:72,syncSongInPlaylist
FN:91,resetTimes
FNF:7
FNH:2
FNDA:31,(anonymous_0)
FNDA:0,sync
FNDA:0,syncGlobal
FNDA:0,syncPlaylist
FNDA:0,syncSong
FNDA:0,syncSongInPlaylist
FNDA:211,resetTimes
DA:7,31
DA:9,0
DA:10,0
DA:11,0
DA:12,0
DA:16,0
DA:20,0
DA:21,0
DA:24,0
DA:28,0
DA:29,0
DA:35,0
DA:41,0
DA:42,0
DA:46,0
DA:47,0
DA:53,0
DA:54,0
DA:60,0
DA:61,0
DA:65,0
DA:66,0
DA:74,0
DA:78,0
DA:86,0
DA:87,0
DA:92,211
DA:96,211
DA:97,0
DA:101,31
LF:30
LH:4
BRDA:28,0,0,0
BRDA:28,0,1,0
BRDA:28,1,0,0
BRDA:28,1,1,0
BRDA:46,2,0,0
BRDA:46,2,1,0
BRDA:53,3,0,0
BRDA:53,3,1,0
BRDA:65,4,0,0
BRDA:65,4,1,0
BRDA:74,5,0,0
BRDA:74,5,1,0
BRDA:74,6,0,0
BRDA:74,6,1,0
BRF:14
BRH:0
end_of_record
TN:
SF:/Users/danpastori/Development/amplitude.dev/httpdocs/public/src/visual/time/durationTimeElements.js
FN:7,(anonymous_0)
FN:8,sync
FN:17,syncGlobal
FN:36,syncPlaylist
FN:54,syncSong
FN:74,syncSongInPlaylist
FN:93,resetTimes
FN:103,computeDurationText
FNF:8
FNH:2
FNDA:31,(anonymous_0)
FNDA:0,sync
FNDA:0,syncGlobal
FNDA:0,syncPlaylist
FNDA:0,syncSong
FNDA:0,syncSongInPlaylist
FNDA:211,resetTimes
FNDA:0,computeDurationText
DA:7,31
DA:9,0
DA:11,0
DA:12,0
DA:13,0
DA:14,0
DA:18,0
DA:22,0
DA:23,0
DA:26,0
DA:30,0
DA:31,0
DA:37,0
DA:43,0
DA:44,0
DA:48,0
DA:49,0
DA:55,0
DA:56,0
DA:62,0
DA:63,0
DA:67,0
DA:68,0
DA:76,0
DA:80,0
DA:88,0
DA:89,0
DA:94,211
DA:98,211
DA:99,0
DA:104,0
DA:106,0
DA:107,0
DA:108,0
DA:109,0
DA:113,0
DA:116,31
LF:37
LH:4
BRDA:30,0,0,0
BRDA:30,0,1,0
BRDA:30,1,0,0
BRDA:30,1,1,0
BRDA:48,2,0,0
BRDA:48,2,1,0
BRDA:55,3,0,0
BRDA:55,3,1,0
BRDA:67,4,0,0
BRDA:67,4,1,0
BRDA:76,5,0,0
BRDA:76,5,1,0
BRDA:76,6,0,0
BRDA:76,6,1,0
BRDA:106,7,0,0
BRDA:106,7,1,0
BRDA:106,8,0,0
BRDA:106,8,1,0
BRDA:108,9,0,0
BRDA:108,9,1,0
BRDA:108,10,0,0
BRDA:108,10,1,0
BRF:22
BRH:0
end_of_record
TN:
SF:/Users/danpastori/Development/amplitude.dev/httpdocs/public/tests/setup.js
FN:7,(anonymous_0)
FN:8,initializeAmplitude
FN:25,(anonymous_2)
FN:28,(anonymous_3)
FN:31,(anonymous_4)
FN:158,initializeTestingElement
FN:159,(anonymous_6)
FN:160,(anonymous_7)
FN:161,(anonymous_8)
FN:241,resetConfig
FNF:10
FNH:6
FNDA:31,(anonymous_0)
FNDA:159,initializeAmplitude
FNDA:0,(anonymous_2)
FNDA:0,(anonymous_3)
FNDA:0,(anonymous_4)
FNDA:159,initializeTestingElement
FNDA:0,(anonymous_6)
FNDA:56,(anonymous_7)
FNDA:239,(anonymous_8)
FNDA:159,resetConfig
DA:1,31
DA:2,31
DA:3,31
DA:5,31
DA:7,31
DA:9,159
DA:26,0
DA:29,0
DA:32,0
DA:154,159
DA:155,159
DA:159,159
DA:160,159
DA:161,239
DA:166,159
DA:168,277
DA:171,338
DA:179,159
DA:181,14
DA:184,161
DA:192,159
DA:194,4
DA:197,225
DA:205,159
DA:207,2
DA:210,193
DA:218,159
DA:220,8
DA:223,193
DA:231,159
DA:233,460
DA:236,13
DA:242,159
DA:244,159
DA:246,159
DA:248,159
DA:250,159
DA:252,159
DA:254,159
DA:256,159
DA:258,159
DA:260,159
DA:262,159
DA:264,159
DA:266,159
DA:268,159
DA:270,159
DA:272,159
DA:274,159
DA:276,159
DA:278,159
DA:280,159
DA:282,159
DA:284,159
DA:286,159
DA:288,159
DA:290,159
DA:292,159
DA:294,159
DA:296,159
DA:298,159
DA:300,159
DA:302,159
DA:304,159
DA:306,159
DA:308,159
DA:310,159
DA:312,159
DA:314,159
DA:316,159
DA:318,159
DA:320,159
DA:322,159
DA:324,159
DA:326,159
DA:328,159
DA:331,31
LF:77
LH:74
BRF:0
BRH:0
end_of_record
